{
  "contracts/interfaces/callback/ITimeswapBorrowCallback.sol": {
    "l": {},
    "path": "/Users/dsukhani/Desktop/code/Timeswap-V1-Core/contracts/interfaces/callback/ITimeswapBorrowCallback.sol",
    "s": {},
    "b": {},
    "f": {},
    "fnMap": {},
    "statementMap": {},
    "branchMap": {}
  },
  "contracts/interfaces/callback/ITimeswapLendCallback.sol": {
    "l": {},
    "path": "/Users/dsukhani/Desktop/code/Timeswap-V1-Core/contracts/interfaces/callback/ITimeswapLendCallback.sol",
    "s": {},
    "b": {},
    "f": {},
    "fnMap": {},
    "statementMap": {},
    "branchMap": {}
  },
  "contracts/interfaces/callback/ITimeswapMintCallback.sol": {
    "l": {},
    "path": "/Users/dsukhani/Desktop/code/Timeswap-V1-Core/contracts/interfaces/callback/ITimeswapMintCallback.sol",
    "s": {},
    "b": {},
    "f": {},
    "fnMap": {},
    "statementMap": {},
    "branchMap": {}
  },
  "contracts/interfaces/callback/ITimeswapPayCallback.sol": {
    "l": {},
    "path": "/Users/dsukhani/Desktop/code/Timeswap-V1-Core/contracts/interfaces/callback/ITimeswapPayCallback.sol",
    "s": {},
    "b": {},
    "f": {},
    "fnMap": {},
    "statementMap": {},
    "branchMap": {}
  },
  "contracts/interfaces/IFactory.sol": {
    "l": {},
    "path": "/Users/dsukhani/Desktop/code/Timeswap-V1-Core/contracts/interfaces/IFactory.sol",
    "s": {},
    "b": {},
    "f": {},
    "fnMap": {},
    "statementMap": {},
    "branchMap": {}
  },
  "contracts/interfaces/IPair.sol": {
    "l": {},
    "path": "/Users/dsukhani/Desktop/code/Timeswap-V1-Core/contracts/interfaces/IPair.sol",
    "s": {},
    "b": {},
    "f": {},
    "fnMap": {},
    "statementMap": {},
    "branchMap": {}
  },
  "contracts/libraries/Array.sol": {
    "l": { "8": 74, "10": 74 },
    "path": "/Users/dsukhani/Desktop/code/Timeswap-V1-Core/contracts/libraries/Array.sol",
    "s": { "1": 74, "2": 74 },
    "b": {},
    "f": { "1": 74 },
    "fnMap": {
      "1": {
        "name": "insert",
        "line": 7,
        "loc": { "start": { "line": 7, "column": 4 }, "end": { "line": 12, "column": 4 } }
      }
    },
    "statementMap": {
      "1": { "start": { "line": 8, "column": 8 }, "end": { "line": 8, "column": 23 } },
      "2": { "start": { "line": 10, "column": 8 }, "end": { "line": 10, "column": 24 } }
    },
    "branchMap": {}
  },
  "contracts/libraries/BlockNumber.sol": {
    "l": { "10": 74 },
    "path": "/Users/dsukhani/Desktop/code/Timeswap-V1-Core/contracts/libraries/BlockNumber.sol",
    "s": { "1": 74 },
    "b": {},
    "f": { "1": 74 },
    "fnMap": {
      "1": {
        "name": "get",
        "line": 9,
        "loc": { "start": { "line": 9, "column": 4 }, "end": { "line": 11, "column": 4 } }
      }
    },
    "statementMap": { "1": { "start": { "line": 10, "column": 8 }, "end": { "line": 10, "column": 45 } } },
    "branchMap": {}
  },
  "contracts/libraries/BorrowMath.sol": {
    "l": {
      "24": 14,
      "25": 14,
      "26": 8,
      "27": 8,
      "28": 8,
      "30": 8,
      "31": 8,
      "32": 8,
      "33": 8,
      "34": 8,
      "35": 8,
      "36": 8,
      "44": 16,
      "45": 16,
      "46": 16,
      "54": 7,
      "55": 7,
      "56": 7,
      "57": 7,
      "58": 7,
      "59": 7,
      "68": 7,
      "69": 7,
      "70": 7,
      "71": 7,
      "72": 7,
      "73": 7,
      "74": 7,
      "75": 7,
      "76": 7,
      "77": 7,
      "78": 7
    },
    "path": "/Users/dsukhani/Desktop/code/Timeswap-V1-Core/contracts/libraries/BorrowMath.sol",
    "s": {
      "1": 14,
      "2": 14,
      "3": 8,
      "4": 8,
      "5": 8,
      "6": 8,
      "7": 8,
      "8": 8,
      "9": 8,
      "10": 8,
      "11": 8,
      "12": 8,
      "13": 16,
      "14": 16,
      "15": 16,
      "16": 7,
      "17": 7,
      "18": 7,
      "19": 7,
      "20": 7,
      "21": 7,
      "22": 7,
      "23": 7,
      "24": 7,
      "25": 7,
      "26": 7,
      "27": 7,
      "28": 7,
      "29": 7,
      "30": 7,
      "31": 7,
      "32": 7
    },
    "b": { "1": [7, 1] },
    "f": { "1": 14, "2": 16, "3": 7, "4": 7 },
    "fnMap": {
      "1": {
        "name": "check",
        "line": 17,
        "loc": { "start": { "line": 17, "column": 4 }, "end": { "line": 37, "column": 4 } }
      },
      "2": {
        "name": "adjust",
        "line": 39,
        "loc": { "start": { "line": 39, "column": 4 }, "end": { "line": 47, "column": 4 } }
      },
      "3": {
        "name": "getDebt",
        "line": 49,
        "loc": { "start": { "line": 49, "column": 4 }, "end": { "line": 60, "column": 4 } }
      },
      "4": {
        "name": "getCollateral",
        "line": 62,
        "loc": { "start": { "line": 62, "column": 4 }, "end": { "line": 79, "column": 4 } }
      }
    },
    "statementMap": {
      "1": { "start": { "line": 24, "column": 8 }, "end": { "line": 24, "column": 39 } },
      "2": { "start": { "line": 25, "column": 8 }, "end": { "line": 25, "column": 46 } },
      "3": { "start": { "line": 26, "column": 8 }, "end": { "line": 26, "column": 63 } },
      "4": { "start": { "line": 27, "column": 8 }, "end": { "line": 27, "column": 63 } },
      "5": { "start": { "line": 28, "column": 8 }, "end": { "line": 28, "column": 65 } },
      "6": { "start": { "line": 30, "column": 8 }, "end": { "line": 30, "column": 35 } },
      "7": { "start": { "line": 31, "column": 8 }, "end": { "line": 31, "column": 25 } },
      "8": { "start": { "line": 32, "column": 8 }, "end": { "line": 32, "column": 21 } },
      "9": { "start": { "line": 33, "column": 8 }, "end": { "line": 33, "column": 38 } },
      "10": { "start": { "line": 34, "column": 8 }, "end": { "line": 34, "column": 29 } },
      "11": { "start": { "line": 35, "column": 8 }, "end": { "line": 35, "column": 43 } },
      "12": { "start": { "line": 36, "column": 8 }, "end": { "line": 36, "column": 44 } },
      "13": { "start": { "line": 44, "column": 8 }, "end": { "line": 44, "column": 25 } },
      "14": { "start": { "line": 45, "column": 8 }, "end": { "line": 45, "column": 22 } },
      "15": { "start": { "line": 46, "column": 8 }, "end": { "line": 46, "column": 37 } },
      "16": { "start": { "line": 54, "column": 8 }, "end": { "line": 54, "column": 34 } },
      "17": { "start": { "line": 55, "column": 8 }, "end": { "line": 55, "column": 33 } },
      "18": { "start": { "line": 56, "column": 8 }, "end": { "line": 56, "column": 27 } },
      "19": { "start": { "line": 57, "column": 8 }, "end": { "line": 57, "column": 41 } },
      "20": { "start": { "line": 58, "column": 8 }, "end": { "line": 58, "column": 27 } },
      "21": { "start": { "line": 59, "column": 8 }, "end": { "line": 59, "column": 35 } },
      "22": { "start": { "line": 68, "column": 8 }, "end": { "line": 68, "column": 40 } },
      "23": { "start": { "line": 69, "column": 8 }, "end": { "line": 69, "column": 39 } },
      "24": { "start": { "line": 70, "column": 8 }, "end": { "line": 70, "column": 33 } },
      "25": { "start": { "line": 71, "column": 8 }, "end": { "line": 71, "column": 53 } },
      "26": { "start": { "line": 72, "column": 8 }, "end": { "line": 72, "column": 33 } },
      "27": { "start": { "line": 73, "column": 8 }, "end": { "line": 73, "column": 27 } },
      "28": { "start": { "line": 74, "column": 8 }, "end": { "line": 74, "column": 37 } },
      "29": { "start": { "line": 75, "column": 8 }, "end": { "line": 75, "column": 31 } },
      "30": { "start": { "line": 76, "column": 8 }, "end": { "line": 76, "column": 43 } },
      "31": { "start": { "line": 77, "column": 8 }, "end": { "line": 77, "column": 31 } },
      "32": { "start": { "line": 78, "column": 8 }, "end": { "line": 78, "column": 47 } }
    },
    "branchMap": {
      "1": {
        "line": 36,
        "type": "if",
        "locations": [
          { "start": { "line": 36, "column": 8 }, "end": { "line": 36, "column": 8 } },
          { "start": { "line": 36, "column": 8 }, "end": { "line": 36, "column": 8 } }
        ]
      }
    }
  },
  "contracts/libraries/BurnMath.sol": {
    "l": {
      "20": 4,
      "21": 2,
      "22": 2,
      "23": 2,
      "24": 2,
      "35": 4,
      "36": 4,
      "37": 3,
      "38": 3,
      "40": 1,
      "41": 1,
      "42": 1,
      "43": 1,
      "44": 1,
      "45": 1,
      "46": 1,
      "47": 1,
      "48": 1
    },
    "path": "/Users/dsukhani/Desktop/code/Timeswap-V1-Core/contracts/libraries/BurnMath.sol",
    "s": {
      "1": 4,
      "2": 2,
      "3": 2,
      "4": 2,
      "5": 2,
      "6": 2,
      "7": 4,
      "8": 4,
      "9": 3,
      "10": 3,
      "11": 1,
      "12": 1,
      "13": 1,
      "14": 0,
      "15": 1,
      "16": 1,
      "17": 1,
      "18": 1,
      "19": 1,
      "20": 1
    },
    "b": { "1": [2, 2], "2": [3, 1], "3": [0, 1] },
    "f": { "1": 4, "2": 4 },
    "fnMap": {
      "1": {
        "name": "getAsset",
        "line": 19,
        "loc": { "start": { "line": 19, "column": 4 }, "end": { "line": 25, "column": 4 } }
      },
      "2": {
        "name": "getCollateral",
        "line": 30,
        "loc": { "start": { "line": 30, "column": 4 }, "end": { "line": 49, "column": 4 } }
      }
    },
    "statementMap": {
      "1": { "start": { "line": 20, "column": 8 }, "end": { "line": 20, "column": 75 } },
      "2": { "start": { "line": 20, "column": 60 }, "end": { "line": 20, "column": 75 } },
      "3": { "start": { "line": 21, "column": 8 }, "end": { "line": 21, "column": 48 } },
      "4": { "start": { "line": 22, "column": 8 }, "end": { "line": 22, "column": 42 } },
      "5": { "start": { "line": 23, "column": 8 }, "end": { "line": 23, "column": 70 } },
      "6": { "start": { "line": 24, "column": 8 }, "end": { "line": 24, "column": 39 } },
      "7": { "start": { "line": 35, "column": 8 }, "end": { "line": 35, "column": 58 } },
      "8": { "start": { "line": 36, "column": 8 }, "end": { "line": 36, "column": 1372 } },
      "9": { "start": { "line": 37, "column": 12 }, "end": { "line": 37, "column": 84 } },
      "10": { "start": { "line": 38, "column": 12 }, "end": { "line": 38, "column": 61 } },
      "11": { "start": { "line": 40, "column": 8 }, "end": { "line": 40, "column": 48 } },
      "12": { "start": { "line": 41, "column": 8 }, "end": { "line": 41, "column": 38 } },
      "13": { "start": { "line": 42, "column": 8 }, "end": { "line": 42, "column": 134 } },
      "14": { "start": { "line": 42, "column": 114 }, "end": { "line": 42, "column": 134 } },
      "15": { "start": { "line": 43, "column": 8 }, "end": { "line": 43, "column": 36 } },
      "16": { "start": { "line": 44, "column": 8 }, "end": { "line": 44, "column": 48 } },
      "17": { "start": { "line": 45, "column": 8 }, "end": { "line": 45, "column": 60 } },
      "18": { "start": { "line": 46, "column": 8 }, "end": { "line": 46, "column": 35 } },
      "19": { "start": { "line": 47, "column": 8 }, "end": { "line": 47, "column": 80 } },
      "20": { "start": { "line": 48, "column": 8 }, "end": { "line": 48, "column": 49 } }
    },
    "branchMap": {
      "1": {
        "line": 20,
        "type": "if",
        "locations": [
          { "start": { "line": 20, "column": 8 }, "end": { "line": 20, "column": 8 } },
          { "start": { "line": 20, "column": 8 }, "end": { "line": 20, "column": 8 } }
        ]
      },
      "2": {
        "line": 36,
        "type": "if",
        "locations": [
          { "start": { "line": 36, "column": 8 }, "end": { "line": 36, "column": 8 } },
          { "start": { "line": 36, "column": 8 }, "end": { "line": 36, "column": 8 } }
        ]
      },
      "3": {
        "line": 42,
        "type": "if",
        "locations": [
          { "start": { "line": 42, "column": 8 }, "end": { "line": 42, "column": 8 } },
          { "start": { "line": 42, "column": 8 }, "end": { "line": 42, "column": 8 } }
        ]
      }
    }
  },
  "contracts/libraries/Callback.sol": {
    "l": {
      "24": 68,
      "25": 68,
      "26": 68,
      "27": 68,
      "28": 68,
      "29": 68,
      "30": 68,
      "38": 16,
      "39": 16,
      "40": 16,
      "41": 16,
      "49": 7,
      "50": 7,
      "51": 7,
      "52": 7,
      "60": 1,
      "61": 1,
      "62": 1,
      "63": 1
    },
    "path": "/Users/dsukhani/Desktop/code/Timeswap-V1-Core/contracts/libraries/Callback.sol",
    "s": {
      "1": 68,
      "2": 68,
      "3": 68,
      "4": 68,
      "5": 68,
      "6": 68,
      "7": 68,
      "8": 16,
      "9": 16,
      "10": 16,
      "11": 16,
      "12": 7,
      "13": 7,
      "14": 7,
      "15": 7,
      "16": 1,
      "17": 1,
      "18": 1,
      "19": 1
    },
    "b": { "1": [68, 0], "2": [68, 0], "3": [16, 0], "4": [7, 0], "5": [1, 0] },
    "f": { "1": 68, "2": 16, "3": 7, "4": 1 },
    "fnMap": {
      "1": {
        "name": "mint",
        "line": 17,
        "loc": { "start": { "line": 17, "column": 4 }, "end": { "line": 31, "column": 4 } }
      },
      "2": {
        "name": "lend",
        "line": 33,
        "loc": { "start": { "line": 33, "column": 4 }, "end": { "line": 42, "column": 4 } }
      },
      "3": {
        "name": "borrow",
        "line": 44,
        "loc": { "start": { "line": 44, "column": 4 }, "end": { "line": 53, "column": 4 } }
      },
      "4": {
        "name": "pay",
        "line": 55,
        "loc": { "start": { "line": 55, "column": 4 }, "end": { "line": 64, "column": 4 } }
      }
    },
    "statementMap": {
      "1": { "start": { "line": 24, "column": 8 }, "end": { "line": 24, "column": 50 } },
      "2": { "start": { "line": 25, "column": 8 }, "end": { "line": 25, "column": 60 } },
      "3": { "start": { "line": 26, "column": 8 }, "end": { "line": 26, "column": 90 } },
      "4": { "start": { "line": 27, "column": 8 }, "end": { "line": 27, "column": 51 } },
      "5": { "start": { "line": 28, "column": 8 }, "end": { "line": 28, "column": 61 } },
      "6": { "start": { "line": 29, "column": 8 }, "end": { "line": 29, "column": 63 } },
      "7": { "start": { "line": 30, "column": 8 }, "end": { "line": 30, "column": 78 } },
      "8": { "start": { "line": 38, "column": 8 }, "end": { "line": 38, "column": 50 } },
      "9": { "start": { "line": 39, "column": 8 }, "end": { "line": 39, "column": 76 } },
      "10": { "start": { "line": 40, "column": 8 }, "end": { "line": 40, "column": 51 } },
      "11": { "start": { "line": 41, "column": 8 }, "end": { "line": 41, "column": 63 } },
      "12": { "start": { "line": 49, "column": 8 }, "end": { "line": 49, "column": 60 } },
      "13": { "start": { "line": 50, "column": 8 }, "end": { "line": 50, "column": 85 } },
      "14": { "start": { "line": 51, "column": 8 }, "end": { "line": 51, "column": 61 } },
      "15": { "start": { "line": 52, "column": 8 }, "end": { "line": 52, "column": 78 } },
      "16": { "start": { "line": 60, "column": 8 }, "end": { "line": 60, "column": 50 } },
      "17": { "start": { "line": 61, "column": 8 }, "end": { "line": 61, "column": 74 } },
      "18": { "start": { "line": 62, "column": 8 }, "end": { "line": 62, "column": 51 } },
      "19": { "start": { "line": 63, "column": 8 }, "end": { "line": 63, "column": 63 } }
    },
    "branchMap": {
      "1": {
        "line": 29,
        "type": "if",
        "locations": [
          { "start": { "line": 29, "column": 8 }, "end": { "line": 29, "column": 8 } },
          { "start": { "line": 29, "column": 8 }, "end": { "line": 29, "column": 8 } }
        ]
      },
      "2": {
        "line": 30,
        "type": "if",
        "locations": [
          { "start": { "line": 30, "column": 8 }, "end": { "line": 30, "column": 8 } },
          { "start": { "line": 30, "column": 8 }, "end": { "line": 30, "column": 8 } }
        ]
      },
      "3": {
        "line": 41,
        "type": "if",
        "locations": [
          { "start": { "line": 41, "column": 8 }, "end": { "line": 41, "column": 8 } },
          { "start": { "line": 41, "column": 8 }, "end": { "line": 41, "column": 8 } }
        ]
      },
      "4": {
        "line": 52,
        "type": "if",
        "locations": [
          { "start": { "line": 52, "column": 8 }, "end": { "line": 52, "column": 8 } },
          { "start": { "line": 52, "column": 8 }, "end": { "line": 52, "column": 8 } }
        ]
      },
      "5": {
        "line": 63,
        "type": "if",
        "locations": [
          { "start": { "line": 63, "column": 8 }, "end": { "line": 63, "column": 8 } },
          { "start": { "line": 63, "column": 8 }, "end": { "line": 63, "column": 8 } }
        ]
      }
    }
  },
  "contracts/libraries/ConstantProduct.sol": {
    "l": { "16": 27, "17": 27, "19": 27, "20": 27 },
    "path": "/Users/dsukhani/Desktop/code/Timeswap-V1-Core/contracts/libraries/ConstantProduct.sol",
    "s": { "1": 27, "2": 27, "3": 27, "4": 27, "5": 10 },
    "b": { "1": [27, 0], "2": [10, 17], "3": [9, 1] },
    "f": { "1": 27 },
    "fnMap": {
      "1": {
        "name": "checkConstantProduct",
        "line": 10,
        "loc": { "start": { "line": 10, "column": 4 }, "end": { "line": 21, "column": 4 } }
      }
    },
    "statementMap": {
      "1": { "start": { "line": 16, "column": 8 }, "end": { "line": 16, "column": 90 } },
      "2": { "start": { "line": 17, "column": 8 }, "end": { "line": 17, "column": 95 } },
      "3": { "start": { "line": 19, "column": 8 }, "end": { "line": 19, "column": 39 } },
      "4": { "start": { "line": 20, "column": 8 }, "end": { "line": 20, "column": 61 } },
      "5": { "start": { "line": 20, "column": 29 }, "end": { "line": 20, "column": 60 } }
    },
    "branchMap": {
      "1": {
        "line": 19,
        "type": "if",
        "locations": [
          { "start": { "line": 19, "column": 8 }, "end": { "line": 19, "column": 8 } },
          { "start": { "line": 19, "column": 8 }, "end": { "line": 19, "column": 8 } }
        ]
      },
      "2": {
        "line": 20,
        "type": "if",
        "locations": [
          { "start": { "line": 20, "column": 8 }, "end": { "line": 20, "column": 8 } },
          { "start": { "line": 20, "column": 8 }, "end": { "line": 20, "column": 8 } }
        ]
      },
      "3": {
        "line": 20,
        "type": "if",
        "locations": [
          { "start": { "line": 20, "column": 29 }, "end": { "line": 20, "column": 29 } },
          { "start": { "line": 20, "column": 29 }, "end": { "line": 20, "column": 29 } }
        ]
      }
    }
  },
  "contracts/libraries/FullMath.sol": {
    "l": { "11": 182, "29": 128, "123": 0, "124": 0 },
    "path": "/Users/dsukhani/Desktop/code/Timeswap-V1-Core/contracts/libraries/FullMath.sol",
    "s": { "1": 0, "2": 0 },
    "b": { "1": [0, 0] },
    "f": { "1": 182, "2": 128, "3": 0 },
    "fnMap": {
      "1": {
        "name": "mul512",
        "line": 5,
        "loc": { "start": { "line": 5, "column": 4 }, "end": { "line": 16, "column": 4 } }
      },
      "2": {
        "name": "mulDiv",
        "line": 24,
        "loc": { "start": { "line": 24, "column": 4 }, "end": { "line": 111, "column": 4 } }
      },
      "3": {
        "name": "mulDivUp",
        "line": 118,
        "loc": { "start": { "line": 118, "column": 4 }, "end": { "line": 125, "column": 4 } }
      }
    },
    "statementMap": {
      "1": { "start": { "line": 123, "column": 8 }, "end": { "line": 123, "column": 41 } },
      "2": { "start": { "line": 124, "column": 8 }, "end": { "line": 124, "column": 51 } }
    },
    "branchMap": {
      "1": {
        "line": 124,
        "type": "if",
        "locations": [
          { "start": { "line": 124, "column": 8 }, "end": { "line": 124, "column": 8 } },
          { "start": { "line": 124, "column": 8 }, "end": { "line": 124, "column": 8 } }
        ]
      }
    }
  },
  "contracts/libraries/LendMath.sol": {
    "l": {
      "21": 18,
      "22": 18,
      "23": 18,
      "24": 18,
      "25": 17,
      "27": 17,
      "28": 17,
      "29": 17,
      "30": 17,
      "31": 17,
      "32": 17,
      "33": 17,
      "41": 36,
      "42": 36,
      "43": 36,
      "51": 16,
      "52": 16,
      "53": 16,
      "54": 16,
      "55": 16,
      "56": 16,
      "65": 16,
      "66": 16,
      "67": 16,
      "68": 16,
      "69": 16,
      "70": 16,
      "71": 16,
      "72": 16,
      "73": 16,
      "74": 16,
      "75": 16
    },
    "path": "/Users/dsukhani/Desktop/code/Timeswap-V1-Core/contracts/libraries/LendMath.sol",
    "s": {
      "1": 18,
      "2": 18,
      "3": 18,
      "4": 18,
      "5": 17,
      "6": 17,
      "7": 17,
      "8": 17,
      "9": 17,
      "10": 17,
      "11": 17,
      "12": 17,
      "13": 36,
      "14": 36,
      "15": 36,
      "16": 16,
      "17": 16,
      "18": 16,
      "19": 16,
      "20": 16,
      "21": 16,
      "22": 16,
      "23": 16,
      "24": 16,
      "25": 16,
      "26": 16,
      "27": 16,
      "28": 16,
      "29": 16,
      "30": 16,
      "31": 16,
      "32": 16
    },
    "b": { "1": [16, 1] },
    "f": { "1": 18, "2": 36, "3": 16, "4": 16 },
    "fnMap": {
      "1": {
        "name": "check",
        "line": 14,
        "loc": { "start": { "line": 14, "column": 4 }, "end": { "line": 34, "column": 4 } }
      },
      "2": {
        "name": "adjust",
        "line": 36,
        "loc": { "start": { "line": 36, "column": 4 }, "end": { "line": 44, "column": 4 } }
      },
      "3": {
        "name": "getBond",
        "line": 46,
        "loc": { "start": { "line": 46, "column": 4 }, "end": { "line": 57, "column": 4 } }
      },
      "4": {
        "name": "getInsurance",
        "line": 59,
        "loc": { "start": { "line": 59, "column": 4 }, "end": { "line": 76, "column": 4 } }
      }
    },
    "statementMap": {
      "1": { "start": { "line": 21, "column": 8 }, "end": { "line": 21, "column": 39 } },
      "2": { "start": { "line": 22, "column": 8 }, "end": { "line": 22, "column": 46 } },
      "3": { "start": { "line": 23, "column": 8 }, "end": { "line": 23, "column": 63 } },
      "4": { "start": { "line": 24, "column": 8 }, "end": { "line": 24, "column": 63 } },
      "5": { "start": { "line": 25, "column": 8 }, "end": { "line": 25, "column": 65 } },
      "6": { "start": { "line": 27, "column": 8 }, "end": { "line": 27, "column": 35 } },
      "7": { "start": { "line": 28, "column": 8 }, "end": { "line": 28, "column": 25 } },
      "8": { "start": { "line": 29, "column": 8 }, "end": { "line": 29, "column": 21 } },
      "9": { "start": { "line": 30, "column": 8 }, "end": { "line": 30, "column": 38 } },
      "10": { "start": { "line": 31, "column": 8 }, "end": { "line": 31, "column": 29 } },
      "11": { "start": { "line": 32, "column": 8 }, "end": { "line": 32, "column": 29 } },
      "12": { "start": { "line": 33, "column": 8 }, "end": { "line": 33, "column": 44 } },
      "13": { "start": { "line": 41, "column": 8 }, "end": { "line": 41, "column": 25 } },
      "14": { "start": { "line": 42, "column": 8 }, "end": { "line": 42, "column": 22 } },
      "15": { "start": { "line": 43, "column": 8 }, "end": { "line": 43, "column": 37 } },
      "16": { "start": { "line": 51, "column": 8 }, "end": { "line": 51, "column": 35 } },
      "17": { "start": { "line": 52, "column": 8 }, "end": { "line": 52, "column": 34 } },
      "18": { "start": { "line": 53, "column": 8 }, "end": { "line": 53, "column": 28 } },
      "19": { "start": { "line": 54, "column": 8 }, "end": { "line": 54, "column": 22 } },
      "20": { "start": { "line": 55, "column": 8 }, "end": { "line": 55, "column": 28 } },
      "21": { "start": { "line": 56, "column": 8 }, "end": { "line": 56, "column": 37 } },
      "22": { "start": { "line": 65, "column": 8 }, "end": { "line": 65, "column": 40 } },
      "23": { "start": { "line": 66, "column": 8 }, "end": { "line": 66, "column": 39 } },
      "24": { "start": { "line": 67, "column": 8 }, "end": { "line": 67, "column": 33 } },
      "25": { "start": { "line": 68, "column": 8 }, "end": { "line": 68, "column": 27 } },
      "26": { "start": { "line": 69, "column": 8 }, "end": { "line": 69, "column": 33 } },
      "27": { "start": { "line": 70, "column": 8 }, "end": { "line": 70, "column": 27 } },
      "28": { "start": { "line": 71, "column": 8 }, "end": { "line": 71, "column": 37 } },
      "29": { "start": { "line": 72, "column": 8 }, "end": { "line": 72, "column": 31 } },
      "30": { "start": { "line": 73, "column": 8 }, "end": { "line": 73, "column": 29 } },
      "31": { "start": { "line": 74, "column": 8 }, "end": { "line": 74, "column": 31 } },
      "32": { "start": { "line": 75, "column": 8 }, "end": { "line": 75, "column": 47 } }
    },
    "branchMap": {
      "1": {
        "line": 33,
        "type": "if",
        "locations": [
          { "start": { "line": 33, "column": 8 }, "end": { "line": 33, "column": 8 } },
          { "start": { "line": 33, "column": 8 }, "end": { "line": 33, "column": 8 } }
        ]
      }
    }
  },
  "contracts/libraries/Math.sol": {
    "l": { "6": 16, "7": 16, "11": 150, "12": 150 },
    "path": "/Users/dsukhani/Desktop/code/Timeswap-V1-Core/contracts/libraries/Math.sol",
    "s": { "1": 16, "2": 16, "3": 150, "4": 150 },
    "b": { "1": [16, 0], "2": [150, 0] },
    "f": { "1": 16, "2": 150 },
    "fnMap": {
      "1": {
        "name": "divUp",
        "line": 5,
        "loc": { "start": { "line": 5, "column": 4 }, "end": { "line": 8, "column": 4 } }
      },
      "2": {
        "name": "shiftRightUp",
        "line": 10,
        "loc": { "start": { "line": 10, "column": 4 }, "end": { "line": 13, "column": 4 } }
      }
    },
    "statementMap": {
      "1": { "start": { "line": 6, "column": 8 }, "end": { "line": 6, "column": 16 } },
      "2": { "start": { "line": 7, "column": 8 }, "end": { "line": 7, "column": 26 } },
      "3": { "start": { "line": 11, "column": 8 }, "end": { "line": 11, "column": 17 } },
      "4": { "start": { "line": 12, "column": 8 }, "end": { "line": 12, "column": 28 } }
    },
    "branchMap": {
      "1": {
        "line": 7,
        "type": "if",
        "locations": [
          { "start": { "line": 7, "column": 8 }, "end": { "line": 7, "column": 8 } },
          { "start": { "line": 7, "column": 8 }, "end": { "line": 7, "column": 8 } }
        ]
      },
      "2": {
        "line": 12,
        "type": "if",
        "locations": [
          { "start": { "line": 12, "column": 8 }, "end": { "line": 12, "column": 8 } },
          { "start": { "line": 12, "column": 8 }, "end": { "line": 12, "column": 8 } }
        ]
      }
    }
  },
  "contracts/libraries/MintMath.sol": {
    "l": {
      "20": 52,
      "21": 52,
      "34": 18,
      "50": 68,
      "51": 68,
      "52": 68,
      "53": 68,
      "54": 68,
      "63": 18,
      "64": 6,
      "66": 5,
      "68": 7,
      "81": 68,
      "82": 68,
      "83": 68,
      "84": 68,
      "85": 68,
      "86": 68,
      "96": 68,
      "97": 68,
      "98": 68,
      "99": 68,
      "100": 68,
      "101": 68
    },
    "path": "/Users/dsukhani/Desktop/code/Timeswap-V1-Core/contracts/libraries/MintMath.sol",
    "s": {
      "1": 52,
      "2": 52,
      "3": 18,
      "4": 68,
      "5": 68,
      "6": 68,
      "7": 68,
      "8": 68,
      "9": 18,
      "10": 6,
      "11": 12,
      "12": 5,
      "13": 7,
      "14": 68,
      "15": 68,
      "16": 68,
      "17": 68,
      "18": 68,
      "19": 68,
      "20": 68,
      "21": 68,
      "22": 68,
      "23": 68,
      "24": 68,
      "25": 68
    },
    "b": { "1": [6, 12], "2": [5, 7] },
    "f": { "1": 52, "2": 18, "3": 68, "4": 18, "5": 68, "6": 68 },
    "fnMap": {
      "1": {
        "name": "getLiquidityTotal",
        "line": 19,
        "loc": { "start": { "line": 19, "column": 4 }, "end": { "line": 22, "column": 4 } }
      },
      "2": {
        "name": "getLiquidityTotal",
        "line": 28,
        "loc": { "start": { "line": 28, "column": 4 }, "end": { "line": 39, "column": 4 } }
      },
      "3": {
        "name": "getLiquidity",
        "line": 45,
        "loc": { "start": { "line": 45, "column": 4 }, "end": { "line": 55, "column": 4 } }
      },
      "4": {
        "name": "min",
        "line": 58,
        "loc": { "start": { "line": 58, "column": 4 }, "end": { "line": 70, "column": 4 } }
      },
      "5": {
        "name": "getDebt",
        "line": 76,
        "loc": { "start": { "line": 76, "column": 4 }, "end": { "line": 87, "column": 4 } }
      },
      "6": {
        "name": "getCollateral",
        "line": 92,
        "loc": { "start": { "line": 92, "column": 4 }, "end": { "line": 102, "column": 4 } }
      }
    },
    "statementMap": {
      "1": { "start": { "line": 20, "column": 8 }, "end": { "line": 20, "column": 33 } },
      "2": { "start": { "line": 21, "column": 8 }, "end": { "line": 21, "column": 28 } },
      "3": { "start": { "line": 34, "column": 8 }, "end": { "line": 34, "column": 1132 } },
      "4": { "start": { "line": 50, "column": 8 }, "end": { "line": 50, "column": 38 } },
      "5": { "start": { "line": 51, "column": 8 }, "end": { "line": 51, "column": 37 } },
      "6": { "start": { "line": 52, "column": 8 }, "end": { "line": 52, "column": 33 } },
      "7": { "start": { "line": 53, "column": 8 }, "end": { "line": 53, "column": 35 } },
      "8": { "start": { "line": 54, "column": 8 }, "end": { "line": 54, "column": 71 } },
      "9": { "start": { "line": 63, "column": 8 }, "end": { "line": 63, "column": 2183 } },
      "10": { "start": { "line": 64, "column": 12 }, "end": { "line": 64, "column": 16 } },
      "11": { "start": { "line": 65, "column": 15 }, "end": { "line": 65, "column": 2241 } },
      "12": { "start": { "line": 66, "column": 12 }, "end": { "line": 66, "column": 16 } },
      "13": { "start": { "line": 68, "column": 12 }, "end": { "line": 68, "column": 16 } },
      "14": { "start": { "line": 81, "column": 8 }, "end": { "line": 81, "column": 34 } },
      "15": { "start": { "line": 82, "column": 8 }, "end": { "line": 82, "column": 33 } },
      "16": { "start": { "line": 83, "column": 8 }, "end": { "line": 83, "column": 27 } },
      "17": { "start": { "line": 84, "column": 8 }, "end": { "line": 84, "column": 41 } },
      "18": { "start": { "line": 85, "column": 8 }, "end": { "line": 85, "column": 27 } },
      "19": { "start": { "line": 86, "column": 8 }, "end": { "line": 86, "column": 35 } },
      "20": { "start": { "line": 96, "column": 8 }, "end": { "line": 96, "column": 40 } },
      "21": { "start": { "line": 97, "column": 8 }, "end": { "line": 97, "column": 39 } },
      "22": { "start": { "line": 98, "column": 8 }, "end": { "line": 98, "column": 33 } },
      "23": { "start": { "line": 99, "column": 8 }, "end": { "line": 99, "column": 53 } },
      "24": { "start": { "line": 100, "column": 8 }, "end": { "line": 100, "column": 33 } },
      "25": { "start": { "line": 101, "column": 8 }, "end": { "line": 101, "column": 47 } }
    },
    "branchMap": {
      "1": {
        "line": 63,
        "type": "if",
        "locations": [
          { "start": { "line": 63, "column": 8 }, "end": { "line": 63, "column": 8 } },
          { "start": { "line": 63, "column": 8 }, "end": { "line": 63, "column": 8 } }
        ]
      },
      "2": {
        "line": 65,
        "type": "if",
        "locations": [
          { "start": { "line": 65, "column": 15 }, "end": { "line": 65, "column": 15 } },
          { "start": { "line": 65, "column": 15 }, "end": { "line": 65, "column": 15 } }
        ]
      }
    }
  },
  "contracts/libraries/PayMath.sol": {
    "l": { "12": 3 },
    "path": "/Users/dsukhani/Desktop/code/Timeswap-V1-Core/contracts/libraries/PayMath.sol",
    "s": { "1": 3 },
    "b": { "1": [2, 1] },
    "f": { "1": 3 },
    "fnMap": {
      "1": {
        "name": "checkProportional",
        "line": 7,
        "loc": { "start": { "line": 7, "column": 4 }, "end": { "line": 13, "column": 4 } }
      }
    },
    "statementMap": { "1": { "start": { "line": 12, "column": 8 }, "end": { "line": 12, "column": 94 } } },
    "branchMap": {
      "1": {
        "line": 12,
        "type": "if",
        "locations": [
          { "start": { "line": 12, "column": 8 }, "end": { "line": 12, "column": 8 } },
          { "start": { "line": 12, "column": 8 }, "end": { "line": 12, "column": 8 } }
        ]
      }
    }
  },
  "contracts/libraries/SafeBalance.sol": {
    "l": { "13": 322, "18": 322 },
    "path": "/Users/dsukhani/Desktop/code/Timeswap-V1-Core/contracts/libraries/SafeBalance.sol",
    "s": { "1": 322, "2": 322 },
    "b": {},
    "f": { "1": 322 },
    "fnMap": {
      "1": {
        "name": "safeBalance",
        "line": 10,
        "loc": { "start": { "line": 10, "column": 4 }, "end": { "line": 19, "column": 4 } }
      }
    },
    "statementMap": {
      "1": { "start": { "line": 13, "column": 8 }, "end": { "line": 13, "column": 359 } },
      "2": { "start": { "line": 18, "column": 8 }, "end": { "line": 18, "column": 42 } }
    },
    "branchMap": {}
  },
  "contracts/libraries/SafeCast.sol": {
    "l": { "6": 75, "10": 151, "14": 41, "18": 1, "19": 0 },
    "path": "/Users/dsukhani/Desktop/code/Timeswap-V1-Core/contracts/libraries/SafeCast.sol",
    "s": { "1": 75, "2": 151, "3": 41, "4": 1, "5": 1, "6": 0 },
    "b": { "1": [151, 0], "2": [41, 0], "3": [1, 0] },
    "f": { "1": 75, "2": 151, "3": 41, "4": 1 },
    "fnMap": {
      "1": {
        "name": "modUint32",
        "line": 5,
        "loc": { "start": { "line": 5, "column": 4 }, "end": { "line": 7, "column": 4 } }
      },
      "2": {
        "name": "toUint112",
        "line": 9,
        "loc": { "start": { "line": 9, "column": 4 }, "end": { "line": 11, "column": 4 } }
      },
      "3": {
        "name": "toUint128",
        "line": 13,
        "loc": { "start": { "line": 13, "column": 4 }, "end": { "line": 15, "column": 4 } }
      },
      "4": {
        "name": "truncateUint112",
        "line": 17,
        "loc": { "start": { "line": 17, "column": 4 }, "end": { "line": 20, "column": 4 } }
      }
    },
    "statementMap": {
      "1": { "start": { "line": 6, "column": 8 }, "end": { "line": 6, "column": 34 } },
      "2": { "start": { "line": 10, "column": 8 }, "end": { "line": 10, "column": 37 } },
      "3": { "start": { "line": 14, "column": 8 }, "end": { "line": 14, "column": 37 } },
      "4": { "start": { "line": 18, "column": 8 }, "end": { "line": 18, "column": 63 } },
      "5": { "start": { "line": 18, "column": 35 }, "end": { "line": 18, "column": 63 } },
      "6": { "start": { "line": 19, "column": 8 }, "end": { "line": 19, "column": 21 } }
    },
    "branchMap": {
      "1": {
        "line": 10,
        "type": "if",
        "locations": [
          { "start": { "line": 10, "column": 8 }, "end": { "line": 10, "column": 8 } },
          { "start": { "line": 10, "column": 8 }, "end": { "line": 10, "column": 8 } }
        ]
      },
      "2": {
        "line": 14,
        "type": "if",
        "locations": [
          { "start": { "line": 14, "column": 8 }, "end": { "line": 14, "column": 8 } },
          { "start": { "line": 14, "column": 8 }, "end": { "line": 14, "column": 8 } }
        ]
      },
      "3": {
        "line": 18,
        "type": "if",
        "locations": [
          { "start": { "line": 18, "column": 8 }, "end": { "line": 18, "column": 8 } },
          { "start": { "line": 18, "column": 8 }, "end": { "line": 18, "column": 8 } }
        ]
      }
    }
  },
  "contracts/libraries/SafeTransfer.sol": {
    "l": { "15": 20 },
    "path": "/Users/dsukhani/Desktop/code/Timeswap-V1-Core/contracts/libraries/SafeTransfer.sol",
    "s": { "1": 20 },
    "b": {},
    "f": { "1": 20 },
    "fnMap": {
      "1": {
        "name": "safeTransfer",
        "line": 10,
        "loc": { "start": { "line": 10, "column": 4 }, "end": { "line": 16, "column": 4 } }
      }
    },
    "statementMap": { "1": { "start": { "line": 15, "column": 8 }, "end": { "line": 15, "column": 46 } } },
    "branchMap": {}
  },
  "contracts/libraries/WithdrawMath.sol": {
    "l": {
      "16": 6,
      "17": 1,
      "18": 1,
      "19": 1,
      "20": 1,
      "31": 6,
      "32": 1,
      "33": 1,
      "34": 1,
      "35": 1,
      "36": 1,
      "37": 1,
      "38": 1,
      "40": 0,
      "41": 0,
      "42": 0,
      "43": 0
    },
    "path": "/Users/dsukhani/Desktop/code/Timeswap-V1-Core/contracts/libraries/WithdrawMath.sol",
    "s": {
      "1": 6,
      "2": 5,
      "3": 1,
      "4": 1,
      "5": 1,
      "6": 1,
      "7": 6,
      "8": 5,
      "9": 1,
      "10": 1,
      "11": 1,
      "12": 1,
      "13": 1,
      "14": 1,
      "15": 1,
      "16": 0,
      "17": 0,
      "18": 0,
      "19": 0
    },
    "b": { "1": [5, 1], "2": [5, 1], "3": [1, 0] },
    "f": { "1": 6, "2": 6 },
    "fnMap": {
      "1": {
        "name": "getAsset",
        "line": 15,
        "loc": { "start": { "line": 15, "column": 4 }, "end": { "line": 21, "column": 4 } }
      },
      "2": {
        "name": "getCollateral",
        "line": 26,
        "loc": { "start": { "line": 26, "column": 4 }, "end": { "line": 44, "column": 4 } }
      }
    },
    "statementMap": {
      "1": { "start": { "line": 16, "column": 8 }, "end": { "line": 16, "column": 84 } },
      "2": { "start": { "line": 16, "column": 60 }, "end": { "line": 16, "column": 84 } },
      "3": { "start": { "line": 17, "column": 8 }, "end": { "line": 17, "column": 34 } },
      "4": { "start": { "line": 18, "column": 8 }, "end": { "line": 18, "column": 40 } },
      "5": { "start": { "line": 19, "column": 8 }, "end": { "line": 19, "column": 42 } },
      "6": { "start": { "line": 20, "column": 8 }, "end": { "line": 20, "column": 39 } },
      "7": { "start": { "line": 31, "column": 8 }, "end": { "line": 31, "column": 80 } },
      "8": { "start": { "line": 31, "column": 60 }, "end": { "line": 31, "column": 80 } },
      "9": { "start": { "line": 32, "column": 8 }, "end": { "line": 32, "column": 48 } },
      "10": { "start": { "line": 33, "column": 8 }, "end": { "line": 33, "column": 38 } },
      "11": { "start": { "line": 34, "column": 8 }, "end": { "line": 34, "column": 1313 } },
      "12": { "start": { "line": 35, "column": 12 }, "end": { "line": 35, "column": 44 } },
      "13": { "start": { "line": 36, "column": 12 }, "end": { "line": 36, "column": 40 } },
      "14": { "start": { "line": 37, "column": 12 }, "end": { "line": 37, "column": 51 } },
      "15": { "start": { "line": 38, "column": 12 }, "end": { "line": 38, "column": 61 } },
      "16": { "start": { "line": 40, "column": 8 }, "end": { "line": 40, "column": 59 } },
      "17": { "start": { "line": 41, "column": 8 }, "end": { "line": 41, "column": 37 } },
      "18": { "start": { "line": 42, "column": 8 }, "end": { "line": 42, "column": 53 } },
      "19": { "start": { "line": 43, "column": 8 }, "end": { "line": 43, "column": 50 } }
    },
    "branchMap": {
      "1": {
        "line": 16,
        "type": "if",
        "locations": [
          { "start": { "line": 16, "column": 8 }, "end": { "line": 16, "column": 8 } },
          { "start": { "line": 16, "column": 8 }, "end": { "line": 16, "column": 8 } }
        ]
      },
      "2": {
        "line": 31,
        "type": "if",
        "locations": [
          { "start": { "line": 31, "column": 8 }, "end": { "line": 31, "column": 8 } },
          { "start": { "line": 31, "column": 8 }, "end": { "line": 31, "column": 8 } }
        ]
      },
      "3": {
        "line": 34,
        "type": "if",
        "locations": [
          { "start": { "line": 34, "column": 8 }, "end": { "line": 34, "column": 8 } },
          { "start": { "line": 34, "column": 8 }, "end": { "line": 34, "column": 8 } }
        ]
      }
    }
  },
  "contracts/test/libraries/ArrayTest.sol": {
    "l": { "16": 1, "18": 1, "19": 2, "22": 1 },
    "path": "/Users/dsukhani/Desktop/code/Timeswap-V1-Core/contracts/test/libraries/ArrayTest.sol",
    "s": { "1": 1, "2": 1, "3": 2, "4": 1 },
    "b": {},
    "f": { "1": 1 },
    "fnMap": {
      "1": {
        "name": "insert",
        "line": 12,
        "loc": { "start": { "line": 12, "column": 4 }, "end": { "line": 23, "column": 4 } }
      }
    },
    "statementMap": {
      "1": { "start": { "line": 16, "column": 8 }, "end": { "line": 16, "column": 68 } },
      "2": { "start": { "line": 18, "column": 8 }, "end": { "line": 18, "column": 475 } },
      "3": { "start": { "line": 19, "column": 12 }, "end": { "line": 19, "column": 36 } },
      "4": { "start": { "line": 22, "column": 8 }, "end": { "line": 22, "column": 41 } }
    },
    "branchMap": {}
  },
  "contracts/test/libraries/BlockNumberTest.sol": {
    "l": { "8": 1 },
    "path": "/Users/dsukhani/Desktop/code/Timeswap-V1-Core/contracts/test/libraries/BlockNumberTest.sol",
    "s": { "1": 1 },
    "b": {},
    "f": { "1": 1 },
    "fnMap": {
      "1": {
        "name": "get",
        "line": 7,
        "loc": { "start": { "line": 7, "column": 4 }, "end": { "line": 9, "column": 4 } }
      }
    },
    "statementMap": { "1": { "start": { "line": 8, "column": 8 }, "end": { "line": 8, "column": 32 } } },
    "branchMap": {}
  },
  "contracts/test/libraries/BorrowMathTest.sol": {
    "l": { "17": 2, "23": 1, "31": 1, "44": 1 },
    "path": "/Users/dsukhani/Desktop/code/Timeswap-V1-Core/contracts/test/libraries/BorrowMathTest.sol",
    "s": { "1": 2, "2": 1, "3": 1, "4": 1 },
    "b": {},
    "f": { "1": 2, "2": 1, "3": 1 },
    "fnMap": {
      "1": {
        "name": "check",
        "line": 10,
        "loc": { "start": { "line": 10, "column": 4 }, "end": { "line": 24, "column": 4 } }
      },
      "2": {
        "name": "getDebt",
        "line": 26,
        "loc": { "start": { "line": 26, "column": 4 }, "end": { "line": 36, "column": 4 } }
      },
      "3": {
        "name": "getCollateral",
        "line": 38,
        "loc": { "start": { "line": 38, "column": 4 }, "end": { "line": 50, "column": 4 } }
      }
    },
    "statementMap": {
      "1": { "start": { "line": 17, "column": 8 }, "end": { "line": 17, "column": 440 } },
      "2": { "start": { "line": 23, "column": 8 }, "end": { "line": 23, "column": 19 } },
      "3": { "start": { "line": 31, "column": 8 }, "end": { "line": 31, "column": 734 } },
      "4": { "start": { "line": 44, "column": 8 }, "end": { "line": 44, "column": 1048 } }
    },
    "branchMap": {}
  },
  "contracts/test/libraries/BurnMathTest.sol": {
    "l": { "12": 1, "22": 1 },
    "path": "/Users/dsukhani/Desktop/code/Timeswap-V1-Core/contracts/test/libraries/BurnMathTest.sol",
    "s": { "1": 1, "2": 1 },
    "b": {},
    "f": { "1": 1, "2": 1 },
    "fnMap": {
      "1": {
        "name": "getAsset",
        "line": 8,
        "loc": { "start": { "line": 8, "column": 4 }, "end": { "line": 16, "column": 4 } }
      },
      "2": {
        "name": "getCollateral",
        "line": 18,
        "loc": { "start": { "line": 18, "column": 4 }, "end": { "line": 26, "column": 4 } }
      }
    },
    "statementMap": {
      "1": { "start": { "line": 12, "column": 8 }, "end": { "line": 12, "column": 339 } },
      "2": { "start": { "line": 22, "column": 8 }, "end": { "line": 22, "column": 578 } }
    },
    "branchMap": {}
  },
  "contracts/test/libraries/CallbackTest.sol": {
    "l": { "15": 1, "29": 1, "41": 1, "53": 1 },
    "path": "/Users/dsukhani/Desktop/code/Timeswap-V1-Core/contracts/test/libraries/CallbackTest.sol",
    "s": { "1": 1, "2": 1, "3": 1, "4": 1 },
    "b": {},
    "f": { "1": 1, "2": 1, "3": 1, "4": 1 },
    "fnMap": {
      "1": {
        "name": "mint",
        "line": 8,
        "loc": { "start": { "line": 8, "column": 4 }, "end": { "line": 22, "column": 4 } }
      },
      "2": {
        "name": "lend",
        "line": 24,
        "loc": { "start": { "line": 24, "column": 4 }, "end": { "line": 34, "column": 4 } }
      },
      "3": {
        "name": "borrow",
        "line": 36,
        "loc": { "start": { "line": 36, "column": 4 }, "end": { "line": 46, "column": 4 } }
      },
      "4": {
        "name": "pay",
        "line": 48,
        "loc": { "start": { "line": 48, "column": 4 }, "end": { "line": 58, "column": 4 } }
      }
    },
    "statementMap": {
      "1": { "start": { "line": 15, "column": 8 }, "end": { "line": 15, "column": 393 } },
      "2": { "start": { "line": 29, "column": 8 }, "end": { "line": 29, "column": 652 } },
      "3": { "start": { "line": 41, "column": 8 }, "end": { "line": 41, "column": 873 } },
      "4": { "start": { "line": 53, "column": 8 }, "end": { "line": 53, "column": 1093 } }
    },
    "branchMap": {}
  },
  "contracts/test/libraries/CallbackTestCallee.sol": {
    "l": { "15": 3, "25": 1, "32": 1, "40": 1, "45": 1, "53": 1, "58": 1, "66": 1, "71": 1 },
    "path": "/Users/dsukhani/Desktop/code/Timeswap-V1-Core/contracts/test/libraries/CallbackTestCallee.sol",
    "s": { "1": 3, "2": 1, "3": 1, "4": 1, "5": 1, "6": 1, "7": 1, "8": 1, "9": 1 },
    "b": {},
    "f": { "1": 3, "2": 1, "3": 1, "4": 1, "5": 1, "6": 1, "7": 1, "8": 1, "9": 1 },
    "fnMap": {
      "1": {
        "name": "constructor",
        "line": 14,
        "loc": { "start": { "line": 14, "column": 4 }, "end": { "line": 16, "column": 4 } }
      },
      "2": {
        "name": "mint",
        "line": 18,
        "loc": { "start": { "line": 18, "column": 4 }, "end": { "line": 33, "column": 4 } }
      },
      "3": {
        "name": "lend",
        "line": 35,
        "loc": { "start": { "line": 35, "column": 4 }, "end": { "line": 46, "column": 4 } }
      },
      "4": {
        "name": "borrow",
        "line": 48,
        "loc": { "start": { "line": 48, "column": 4 }, "end": { "line": 59, "column": 4 } }
      },
      "5": {
        "name": "pay",
        "line": 61,
        "loc": { "start": { "line": 61, "column": 4 }, "end": { "line": 72, "column": 4 } }
      },
      "6": {
        "name": "timeswapMintCallback",
        "line": 74,
        "loc": { "start": { "line": 74, "column": 4 }, "end": { "line": 78, "column": 16 } }
      },
      "7": {
        "name": "timeswapLendCallback",
        "line": 80,
        "loc": { "start": { "line": 80, "column": 4 }, "end": { "line": 83, "column": 16 } }
      },
      "8": {
        "name": "timeswapBorrowCallback",
        "line": 85,
        "loc": { "start": { "line": 85, "column": 4 }, "end": { "line": 88, "column": 16 } }
      },
      "9": {
        "name": "timeswapPayCallback",
        "line": 90,
        "loc": { "start": { "line": 90, "column": 4 }, "end": { "line": 93, "column": 16 } }
      }
    },
    "statementMap": {
      "1": { "start": { "line": 15, "column": 8 }, "end": { "line": 15, "column": 56 } },
      "2": { "start": { "line": 25, "column": 8 }, "end": { "line": 25, "column": 937 } },
      "3": { "start": { "line": 32, "column": 8 }, "end": { "line": 32, "column": 19 } },
      "4": { "start": { "line": 40, "column": 8 }, "end": { "line": 40, "column": 1244 } },
      "5": { "start": { "line": 45, "column": 8 }, "end": { "line": 45, "column": 19 } },
      "6": { "start": { "line": 53, "column": 8 }, "end": { "line": 53, "column": 1513 } },
      "7": { "start": { "line": 58, "column": 8 }, "end": { "line": 58, "column": 19 } },
      "8": { "start": { "line": 66, "column": 8 }, "end": { "line": 66, "column": 1781 } },
      "9": { "start": { "line": 71, "column": 8 }, "end": { "line": 71, "column": 19 } }
    },
    "branchMap": {}
  },
  "contracts/test/libraries/ConstantProductTest.sol": {
    "l": { "16": 2, "21": 1 },
    "path": "/Users/dsukhani/Desktop/code/Timeswap-V1-Core/contracts/test/libraries/ConstantProductTest.sol",
    "s": { "1": 2, "2": 1 },
    "b": {},
    "f": { "1": 2 },
    "fnMap": {
      "1": {
        "name": "checkConstantProduct",
        "line": 10,
        "loc": { "start": { "line": 10, "column": 4 }, "end": { "line": 22, "column": 4 } }
      }
    },
    "statementMap": {
      "1": { "start": { "line": 16, "column": 8 }, "end": { "line": 16, "column": 452 } },
      "2": { "start": { "line": 21, "column": 8 }, "end": { "line": 21, "column": 19 } }
    },
    "branchMap": {}
  },
  "contracts/test/libraries/FullMathTest.sol": {
    "l": { "8": 0, "16": 0, "24": 0 },
    "path": "/Users/dsukhani/Desktop/code/Timeswap-V1-Core/contracts/test/libraries/FullMathTest.sol",
    "s": { "1": 0, "2": 0, "3": 0 },
    "b": {},
    "f": { "1": 0, "2": 0, "3": 0 },
    "fnMap": {
      "1": {
        "name": "mul512",
        "line": 7,
        "loc": { "start": { "line": 7, "column": 4 }, "end": { "line": 9, "column": 4 } }
      },
      "2": {
        "name": "mulDiv",
        "line": 11,
        "loc": { "start": { "line": 11, "column": 4 }, "end": { "line": 17, "column": 4 } }
      },
      "3": {
        "name": "mulDivUp",
        "line": 19,
        "loc": { "start": { "line": 19, "column": 4 }, "end": { "line": 25, "column": 4 } }
      }
    },
    "statementMap": {
      "1": { "start": { "line": 8, "column": 8 }, "end": { "line": 8, "column": 36 } },
      "2": { "start": { "line": 16, "column": 8 }, "end": { "line": 16, "column": 49 } },
      "3": { "start": { "line": 24, "column": 8 }, "end": { "line": 24, "column": 51 } }
    },
    "branchMap": {}
  },
  "contracts/test/libraries/LendMathTest.sol": {
    "l": { "17": 2, "23": 1, "31": 1, "44": 1 },
    "path": "/Users/dsukhani/Desktop/code/Timeswap-V1-Core/contracts/test/libraries/LendMathTest.sol",
    "s": { "1": 2, "2": 1, "3": 1, "4": 1 },
    "b": {},
    "f": { "1": 2, "2": 1, "3": 1 },
    "fnMap": {
      "1": {
        "name": "check",
        "line": 10,
        "loc": { "start": { "line": 10, "column": 4 }, "end": { "line": 24, "column": 4 } }
      },
      "2": {
        "name": "getBond",
        "line": 26,
        "loc": { "start": { "line": 26, "column": 4 }, "end": { "line": 36, "column": 4 } }
      },
      "3": {
        "name": "getInsurance",
        "line": 38,
        "loc": { "start": { "line": 38, "column": 4 }, "end": { "line": 50, "column": 4 } }
      }
    },
    "statementMap": {
      "1": { "start": { "line": 17, "column": 8 }, "end": { "line": 17, "column": 432 } },
      "2": { "start": { "line": 23, "column": 8 }, "end": { "line": 23, "column": 19 } },
      "3": { "start": { "line": 31, "column": 8 }, "end": { "line": 31, "column": 727 } },
      "4": { "start": { "line": 44, "column": 8 }, "end": { "line": 44, "column": 1038 } }
    },
    "branchMap": {}
  },
  "contracts/test/libraries/MathTest.sol": {
    "l": { "8": 0, "12": 0 },
    "path": "/Users/dsukhani/Desktop/code/Timeswap-V1-Core/contracts/test/libraries/MathTest.sol",
    "s": { "1": 0, "2": 0 },
    "b": {},
    "f": { "1": 0, "2": 0 },
    "fnMap": {
      "1": {
        "name": "divUp",
        "line": 7,
        "loc": { "start": { "line": 7, "column": 4 }, "end": { "line": 9, "column": 4 } }
      },
      "2": {
        "name": "shiftRightUp",
        "line": 11,
        "loc": { "start": { "line": 11, "column": 4 }, "end": { "line": 13, "column": 4 } }
      }
    },
    "statementMap": {
      "1": { "start": { "line": 8, "column": 8 }, "end": { "line": 8, "column": 31 } },
      "2": { "start": { "line": 12, "column": 8 }, "end": { "line": 12, "column": 38 } }
    },
    "branchMap": {}
  },
  "contracts/test/libraries/MintMathTest.sol": {
    "l": { "11": 1, "20": 2, "33": 1, "45": 1, "56": 1 },
    "path": "/Users/dsukhani/Desktop/code/Timeswap-V1-Core/contracts/test/libraries/MintMathTest.sol",
    "s": { "1": 1, "2": 2, "3": 1, "4": 1, "5": 1 },
    "b": {},
    "f": { "1": 1, "2": 2, "3": 1, "4": 1, "5": 1 },
    "fnMap": {
      "1": {
        "name": "getLiquidityTotal1",
        "line": 8,
        "loc": { "start": { "line": 8, "column": 4 }, "end": { "line": 12, "column": 4 } }
      },
      "2": {
        "name": "getLiquidityTotal2",
        "line": 14,
        "loc": { "start": { "line": 14, "column": 4 }, "end": { "line": 26, "column": 4 } }
      },
      "3": {
        "name": "getLiquidity",
        "line": 28,
        "loc": { "start": { "line": 28, "column": 4 }, "end": { "line": 38, "column": 4 } }
      },
      "4": {
        "name": "getDebt",
        "line": 40,
        "loc": { "start": { "line": 40, "column": 4 }, "end": { "line": 50, "column": 4 } }
      },
      "5": {
        "name": "getCollateral",
        "line": 52,
        "loc": { "start": { "line": 52, "column": 4 }, "end": { "line": 60, "column": 4 } }
      }
    },
    "statementMap": {
      "1": { "start": { "line": 11, "column": 8 }, "end": { "line": 11, "column": 52 } },
      "2": { "start": { "line": 20, "column": 8 }, "end": { "line": 20, "column": 582 } },
      "3": { "start": { "line": 33, "column": 8 }, "end": { "line": 33, "column": 895 } },
      "4": { "start": { "line": 45, "column": 8 }, "end": { "line": 45, "column": 1173 } },
      "5": { "start": { "line": 56, "column": 8 }, "end": { "line": 56, "column": 1424 } }
    },
    "branchMap": {}
  },
  "contracts/test/libraries/PayMathTest.sol": {
    "l": { "13": 3, "14": 2 },
    "path": "/Users/dsukhani/Desktop/code/Timeswap-V1-Core/contracts/test/libraries/PayMathTest.sol",
    "s": { "1": 3, "2": 2 },
    "b": {},
    "f": { "1": 3 },
    "fnMap": {
      "1": {
        "name": "checkProportional",
        "line": 8,
        "loc": { "start": { "line": 8, "column": 4 }, "end": { "line": 15, "column": 4 } }
      }
    },
    "statementMap": {
      "1": { "start": { "line": 13, "column": 8 }, "end": { "line": 13, "column": 61 } },
      "2": { "start": { "line": 14, "column": 8 }, "end": { "line": 14, "column": 19 } }
    },
    "branchMap": {}
  },
  "contracts/test/libraries/SafeBalanceTest.sol": {
    "l": { "11": 2 },
    "path": "/Users/dsukhani/Desktop/code/Timeswap-V1-Core/contracts/test/libraries/SafeBalanceTest.sol",
    "s": { "1": 2 },
    "b": {},
    "f": { "1": 2 },
    "fnMap": {
      "1": {
        "name": "safeBalance",
        "line": 8,
        "loc": { "start": { "line": 8, "column": 4 }, "end": { "line": 12, "column": 4 } }
      }
    },
    "statementMap": { "1": { "start": { "line": 11, "column": 8 }, "end": { "line": 11, "column": 45 } } },
    "branchMap": {}
  },
  "contracts/test/libraries/SafeCastTest.sol": {
    "l": { "8": 1, "12": 1, "16": 1, "20": 1 },
    "path": "/Users/dsukhani/Desktop/code/Timeswap-V1-Core/contracts/test/libraries/SafeCastTest.sol",
    "s": { "1": 1, "2": 1, "3": 1, "4": 1 },
    "b": {},
    "f": { "1": 1, "2": 1, "3": 1, "4": 1 },
    "fnMap": {
      "1": {
        "name": "modUint32",
        "line": 7,
        "loc": { "start": { "line": 7, "column": 4 }, "end": { "line": 9, "column": 4 } }
      },
      "2": {
        "name": "toUint112",
        "line": 11,
        "loc": { "start": { "line": 11, "column": 4 }, "end": { "line": 13, "column": 4 } }
      },
      "3": {
        "name": "toUint128",
        "line": 15,
        "loc": { "start": { "line": 15, "column": 4 }, "end": { "line": 17, "column": 4 } }
      },
      "4": {
        "name": "truncateUint112",
        "line": 19,
        "loc": { "start": { "line": 19, "column": 4 }, "end": { "line": 21, "column": 4 } }
      }
    },
    "statementMap": {
      "1": { "start": { "line": 8, "column": 8 }, "end": { "line": 8, "column": 36 } },
      "2": { "start": { "line": 12, "column": 8 }, "end": { "line": 12, "column": 36 } },
      "3": { "start": { "line": 16, "column": 8 }, "end": { "line": 16, "column": 36 } },
      "4": { "start": { "line": 20, "column": 8 }, "end": { "line": 20, "column": 42 } }
    },
    "branchMap": {}
  },
  "contracts/test/libraries/SafeTransferTest.sol": {
    "l": { "15": 3 },
    "path": "/Users/dsukhani/Desktop/code/Timeswap-V1-Core/contracts/test/libraries/SafeTransferTest.sol",
    "s": { "1": 3 },
    "b": {},
    "f": { "1": 3 },
    "fnMap": {
      "1": {
        "name": "safeTransfer",
        "line": 10,
        "loc": { "start": { "line": 10, "column": 4 }, "end": { "line": 16, "column": 4 } }
      }
    },
    "statementMap": { "1": { "start": { "line": 15, "column": 8 }, "end": { "line": 15, "column": 46 } } },
    "branchMap": {}
  },
  "contracts/test/libraries/WithdrawMathTest.sol": {
    "l": { "12": 1, "22": 1 },
    "path": "/Users/dsukhani/Desktop/code/Timeswap-V1-Core/contracts/test/libraries/WithdrawMathTest.sol",
    "s": { "1": 1, "2": 1 },
    "b": {},
    "f": { "1": 1, "2": 1 },
    "fnMap": {
      "1": {
        "name": "getAsset",
        "line": 8,
        "loc": { "start": { "line": 8, "column": 4 }, "end": { "line": 16, "column": 4 } }
      },
      "2": {
        "name": "getCollateral",
        "line": 18,
        "loc": { "start": { "line": 18, "column": 4 }, "end": { "line": 26, "column": 4 } }
      }
    },
    "statementMap": {
      "1": { "start": { "line": 12, "column": 8 }, "end": { "line": 12, "column": 346 } },
      "2": { "start": { "line": 22, "column": 8 }, "end": { "line": 22, "column": 584 } }
    },
    "branchMap": {}
  },
  "contracts/test/TestToken.sol": {
    "l": { "12": 399 },
    "path": "/Users/dsukhani/Desktop/code/Timeswap-V1-Core/contracts/test/TestToken.sol",
    "s": { "1": 399 },
    "b": {},
    "f": { "1": 399 },
    "fnMap": {
      "1": {
        "name": "constructor",
        "line": 11,
        "loc": { "start": { "line": 7, "column": 4 }, "end": { "line": 13, "column": 4 } }
      }
    },
    "statementMap": { "1": { "start": { "line": 12, "column": 8 }, "end": { "line": 12, "column": 32 } } },
    "branchMap": {}
  },
  "contracts/test/TimeswapPairCallee.sol": {
    "l": {
      "20": 180,
      "21": 180,
      "37": 28,
      "41": 67,
      "58": 67,
      "76": 16,
      "95": 12,
      "114": 0,
      "130": 67,
      "134": 67,
      "136": 67,
      "137": 67,
      "138": 67,
      "142": 15,
      "146": 15,
      "148": 15,
      "149": 15,
      "153": 6,
      "157": 6,
      "159": 6,
      "160": 6,
      "167": 0,
      "171": 0,
      "172": 0
    },
    "path": "/Users/dsukhani/Desktop/code/Timeswap-V1-Core/contracts/test/TimeswapPairCallee.sol",
    "s": {
      "1": 180,
      "2": 180,
      "3": 28,
      "4": 67,
      "5": 67,
      "6": 16,
      "7": 12,
      "8": 0,
      "9": 67,
      "10": 67,
      "11": 67,
      "12": 67,
      "13": 67,
      "14": 15,
      "15": 15,
      "16": 15,
      "17": 15,
      "18": 6,
      "19": 6,
      "20": 6,
      "21": 6,
      "22": 0,
      "23": 0,
      "24": 0
    },
    "b": { "1": [67, 0], "2": [15, 0], "3": [6, 0] },
    "f": { "1": 180, "2": 28, "3": 67, "4": 67, "5": 16, "6": 12, "7": 0, "8": 67, "9": 15, "10": 6, "11": 0 },
    "fnMap": {
      "1": {
        "name": "constructor",
        "line": 19,
        "loc": { "start": { "line": 19, "column": 4 }, "end": { "line": 22, "column": 4 } }
      },
      "2": {
        "name": "getData",
        "line": 36,
        "loc": { "start": { "line": 36, "column": 4 }, "end": { "line": 38, "column": 4 } }
      },
      "3": {
        "name": "getDataMint",
        "line": 40,
        "loc": { "start": { "line": 40, "column": 4 }, "end": { "line": 42, "column": 4 } }
      },
      "4": {
        "name": "mint",
        "line": 44,
        "loc": { "start": { "line": 44, "column": 4 }, "end": { "line": 66, "column": 4 } }
      },
      "5": {
        "name": "lend",
        "line": 68,
        "loc": { "start": { "line": 68, "column": 4 }, "end": { "line": 85, "column": 4 } }
      },
      "6": {
        "name": "borrow",
        "line": 87,
        "loc": { "start": { "line": 87, "column": 4 }, "end": { "line": 104, "column": 4 } }
      },
      "7": {
        "name": "pay",
        "line": 106,
        "loc": { "start": { "line": 106, "column": 4 }, "end": { "line": 123, "column": 4 } }
      },
      "8": {
        "name": "timeswapMintCallback",
        "line": 125,
        "loc": { "start": { "line": 125, "column": 4 }, "end": { "line": 139, "column": 4 } }
      },
      "9": {
        "name": "timeswapLendCallback",
        "line": 141,
        "loc": { "start": { "line": 141, "column": 4 }, "end": { "line": 150, "column": 4 } }
      },
      "10": {
        "name": "timeswapBorrowCallback",
        "line": 152,
        "loc": { "start": { "line": 152, "column": 4 }, "end": { "line": 161, "column": 4 } }
      },
      "11": {
        "name": "timeswapPayCallback",
        "line": 163,
        "loc": { "start": { "line": 163, "column": 4 }, "end": { "line": 174, "column": 4 } }
      }
    },
    "statementMap": {
      "1": { "start": { "line": 20, "column": 8 }, "end": { "line": 20, "column": 33 } },
      "2": { "start": { "line": 21, "column": 8 }, "end": { "line": 21, "column": 46 } },
      "3": { "start": { "line": 37, "column": 8 }, "end": { "line": 37, "column": 93 } },
      "4": { "start": { "line": 41, "column": 8 }, "end": { "line": 41, "column": 103 } },
      "5": { "start": { "line": 58, "column": 8 }, "end": { "line": 58, "column": 1813 } },
      "6": { "start": { "line": 76, "column": 8 }, "end": { "line": 76, "column": 2265 } },
      "7": { "start": { "line": 95, "column": 8 }, "end": { "line": 95, "column": 2722 } },
      "8": { "start": { "line": 114, "column": 8 }, "end": { "line": 114, "column": 3196 } },
      "9": { "start": { "line": 130, "column": 8 }, "end": { "line": 130, "column": 3538 } },
      "10": { "start": { "line": 134, "column": 8 }, "end": { "line": 134, "column": 63 } },
      "11": { "start": { "line": 136, "column": 8 }, "end": { "line": 136, "column": 61 } },
      "12": { "start": { "line": 137, "column": 8 }, "end": { "line": 137, "column": 60 } },
      "13": { "start": { "line": 138, "column": 8 }, "end": { "line": 138, "column": 75 } },
      "14": { "start": { "line": 142, "column": 8 }, "end": { "line": 142, "column": 4074 } },
      "15": { "start": { "line": 146, "column": 8 }, "end": { "line": 146, "column": 63 } },
      "16": { "start": { "line": 148, "column": 8 }, "end": { "line": 148, "column": 61 } },
      "17": { "start": { "line": 149, "column": 8 }, "end": { "line": 149, "column": 55 } },
      "18": { "start": { "line": 153, "column": 8 }, "end": { "line": 153, "column": 4496 } },
      "19": { "start": { "line": 157, "column": 8 }, "end": { "line": 157, "column": 63 } },
      "20": { "start": { "line": 159, "column": 8 }, "end": { "line": 159, "column": 61 } },
      "21": { "start": { "line": 160, "column": 8 }, "end": { "line": 160, "column": 65 } },
      "22": { "start": { "line": 167, "column": 8 }, "end": { "line": 167, "column": 4946 } },
      "23": { "start": { "line": 171, "column": 8 }, "end": { "line": 171, "column": 63 } },
      "24": { "start": { "line": 172, "column": 8 }, "end": { "line": 172, "column": 55 } }
    },
    "branchMap": {
      "1": {
        "line": 136,
        "type": "if",
        "locations": [
          { "start": { "line": 136, "column": 8 }, "end": { "line": 136, "column": 8 } },
          { "start": { "line": 136, "column": 8 }, "end": { "line": 136, "column": 8 } }
        ]
      },
      "2": {
        "line": 148,
        "type": "if",
        "locations": [
          { "start": { "line": 148, "column": 8 }, "end": { "line": 148, "column": 8 } },
          { "start": { "line": 148, "column": 8 }, "end": { "line": 148, "column": 8 } }
        ]
      },
      "3": {
        "line": 159,
        "type": "if",
        "locations": [
          { "start": { "line": 159, "column": 8 }, "end": { "line": 159, "column": 8 } },
          { "start": { "line": 159, "column": 8 }, "end": { "line": 159, "column": 8 } }
        ]
      }
    }
  },
  "contracts/TimeswapFactory.sol": {
    "l": {
      "38": 202,
      "39": 201,
      "40": 201,
      "41": 201,
      "48": 67,
      "49": 66,
      "50": 64,
      "52": 63,
      "54": 63,
      "56": 63,
      "61": 4,
      "62": 3,
      "63": 2,
      "65": 2,
      "70": 2,
      "71": 1,
      "73": 1
    },
    "path": "/Users/dsukhani/Desktop/code/Timeswap-V1-Core/contracts/TimeswapFactory.sol",
    "s": {
      "1": 202,
      "2": 201,
      "3": 201,
      "4": 201,
      "5": 67,
      "6": 66,
      "7": 64,
      "8": 63,
      "9": 63,
      "10": 63,
      "11": 4,
      "12": 3,
      "13": 2,
      "14": 2,
      "15": 2,
      "16": 1,
      "17": 1
    },
    "b": { "1": [201, 1], "2": [66, 1], "3": [64, 2], "4": [63, 1], "5": [3, 1], "6": [2, 1], "7": [1, 1] },
    "f": { "1": 202, "2": 67, "3": 4, "4": 2 },
    "fnMap": {
      "1": {
        "name": "constructor",
        "line": 33,
        "loc": { "start": { "line": 33, "column": 4 }, "end": { "line": 42, "column": 4 } }
      },
      "2": {
        "name": "createPair",
        "line": 47,
        "loc": { "start": { "line": 47, "column": 4 }, "end": { "line": 57, "column": 4 } }
      },
      "3": {
        "name": "setOwner",
        "line": 60,
        "loc": { "start": { "line": 60, "column": 4 }, "end": { "line": 66, "column": 4 } }
      },
      "4": {
        "name": "acceptOwner",
        "line": 69,
        "loc": { "start": { "line": 69, "column": 4 }, "end": { "line": 74, "column": 4 } }
      }
    },
    "statementMap": {
      "1": { "start": { "line": 38, "column": 8 }, "end": { "line": 38, "column": 44 } },
      "2": { "start": { "line": 39, "column": 8 }, "end": { "line": 39, "column": 21 } },
      "3": { "start": { "line": 40, "column": 8 }, "end": { "line": 40, "column": 17 } },
      "4": { "start": { "line": 41, "column": 8 }, "end": { "line": 41, "column": 33 } },
      "5": { "start": { "line": 48, "column": 8 }, "end": { "line": 48, "column": 43 } },
      "6": { "start": { "line": 49, "column": 8 }, "end": { "line": 49, "column": 87 } },
      "7": { "start": { "line": 50, "column": 8 }, "end": { "line": 50, "column": 71 } },
      "8": { "start": { "line": 52, "column": 8 }, "end": { "line": 52, "column": 115 } },
      "9": { "start": { "line": 54, "column": 8 }, "end": { "line": 54, "column": 40 } },
      "10": { "start": { "line": 56, "column": 8 }, "end": { "line": 56, "column": 48 } },
      "11": { "start": { "line": 61, "column": 8 }, "end": { "line": 61, "column": 43 } },
      "12": { "start": { "line": 62, "column": 8 }, "end": { "line": 62, "column": 51 } },
      "13": { "start": { "line": 63, "column": 8 }, "end": { "line": 63, "column": 35 } },
      "14": { "start": { "line": 65, "column": 8 }, "end": { "line": 65, "column": 36 } },
      "15": { "start": { "line": 70, "column": 8 }, "end": { "line": 70, "column": 50 } },
      "16": { "start": { "line": 71, "column": 8 }, "end": { "line": 71, "column": 25 } },
      "17": { "start": { "line": 73, "column": 8 }, "end": { "line": 73, "column": 36 } }
    },
    "branchMap": {
      "1": {
        "line": 38,
        "type": "if",
        "locations": [
          { "start": { "line": 38, "column": 8 }, "end": { "line": 38, "column": 8 } },
          { "start": { "line": 38, "column": 8 }, "end": { "line": 38, "column": 8 } }
        ]
      },
      "2": {
        "line": 48,
        "type": "if",
        "locations": [
          { "start": { "line": 48, "column": 8 }, "end": { "line": 48, "column": 8 } },
          { "start": { "line": 48, "column": 8 }, "end": { "line": 48, "column": 8 } }
        ]
      },
      "3": {
        "line": 49,
        "type": "if",
        "locations": [
          { "start": { "line": 49, "column": 8 }, "end": { "line": 49, "column": 8 } },
          { "start": { "line": 49, "column": 8 }, "end": { "line": 49, "column": 8 } }
        ]
      },
      "4": {
        "line": 50,
        "type": "if",
        "locations": [
          { "start": { "line": 50, "column": 8 }, "end": { "line": 50, "column": 8 } },
          { "start": { "line": 50, "column": 8 }, "end": { "line": 50, "column": 8 } }
        ]
      },
      "5": {
        "line": 61,
        "type": "if",
        "locations": [
          { "start": { "line": 61, "column": 8 }, "end": { "line": 61, "column": 8 } },
          { "start": { "line": 61, "column": 8 }, "end": { "line": 61, "column": 8 } }
        ]
      },
      "6": {
        "line": 62,
        "type": "if",
        "locations": [
          { "start": { "line": 62, "column": 8 }, "end": { "line": 62, "column": 8 } },
          { "start": { "line": 62, "column": 8 }, "end": { "line": 62, "column": 8 } }
        ]
      },
      "7": {
        "line": 70,
        "type": "if",
        "locations": [
          { "start": { "line": 70, "column": 8 }, "end": { "line": 70, "column": 8 } },
          { "start": { "line": 70, "column": 8 }, "end": { "line": 70, "column": 8 } }
        ]
      }
    }
  },
  "contracts/TimeswapPair.sol": {
    "l": {
      "58": 136,
      "59": 136,
      "64": 38,
      "69": 66,
      "74": 38,
      "79": 38,
      "84": 38,
      "89": 38,
      "94": 47,
      "111": 63,
      "112": 63,
      "113": 63,
      "114": 63,
      "115": 63,
      "122": 103,
      "123": 103,
      "124": 103,
      "125": 84,
      "149": 67,
      "150": 67,
      "151": 67,
      "152": 67,
      "153": 67,
      "155": 67,
      "157": 67,
      "158": 51,
      "159": 51,
      "161": 51,
      "162": 51,
      "164": 16,
      "165": 16,
      "167": 16,
      "168": 16,
      "170": 67,
      "171": 67,
      "173": 67,
      "174": 67,
      "175": 67,
      "177": 67,
      "179": 67,
      "181": 67,
      "182": 67,
      "183": 67,
      "185": 67,
      "186": 55,
      "187": 55,
      "189": 55,
      "190": 55,
      "200": 3,
      "201": 3,
      "202": 3,
      "203": 3,
      "205": 3,
      "207": 3,
      "208": 3,
      "210": 3,
      "212": 3,
      "214": 3,
      "215": 3,
      "217": 3,
      "218": 3,
      "220": 3,
      "233": 16,
      "234": 16,
      "235": 16,
      "236": 16,
      "238": 16,
      "239": 16,
      "241": 16,
      "243": 15,
      "244": 15,
      "246": 15,
      "248": 15,
      "249": 15,
      "251": 15,
      "252": 15,
      "254": 15,
      "256": 15,
      "257": 15,
      "258": 15,
      "260": 15,
      "261": 15,
      "271": 5,
      "272": 5,
      "273": 5,
      "274": 5,
      "276": 5,
      "278": 5,
      "279": 5,
      "281": 5,
      "282": 5,
      "284": 5,
      "286": 5,
      "287": 5,
      "289": 5,
      "290": 5,
      "292": 5,
      "293": 5,
      "295": 5,
      "308": 12,
      "309": 12,
      "310": 12,
      "311": 12,
      "313": 12,
      "314": 12,
      "316": 12,
      "318": 6,
      "319": 6,
      "320": 6,
      "322": 6,
      "324": 6,
      "326": 6,
      "327": 6,
      "328": 6,
      "330": 6,
      "331": 6,
      "332": 6,
      "334": 6,
      "336": 6,
      "337": 6,
      "350": 0,
      "351": 0,
      "352": 0,
      "353": 0,
      "355": 0,
      "357": 0,
      "359": 0,
      "360": 0,
      "361": 0,
      "362": 0,
      "363": 0,
      "364": 0,
      "365": 0,
      "366": 0,
      "367": 0,
      "369": 0,
      "371": 0,
      "372": 0,
      "374": 0,
      "376": 0
    },
    "path": "/Users/dsukhani/Desktop/code/Timeswap-V1-Core/contracts/TimeswapPair.sol",
    "s": {
      "1": 136,
      "2": 136,
      "3": 38,
      "4": 66,
      "5": 38,
      "6": 38,
      "7": 38,
      "8": 38,
      "9": 47,
      "10": 63,
      "11": 63,
      "12": 63,
      "13": 63,
      "14": 63,
      "15": 103,
      "16": 103,
      "17": 84,
      "18": 67,
      "19": 67,
      "20": 67,
      "21": 67,
      "22": 67,
      "23": 67,
      "24": 67,
      "25": 51,
      "26": 51,
      "27": 51,
      "28": 51,
      "29": 16,
      "30": 16,
      "31": 16,
      "32": 16,
      "33": 67,
      "34": 67,
      "35": 67,
      "36": 67,
      "37": 67,
      "38": 67,
      "39": 67,
      "40": 67,
      "41": 67,
      "42": 67,
      "43": 67,
      "44": 55,
      "45": 55,
      "46": 55,
      "47": 55,
      "48": 3,
      "49": 3,
      "50": 3,
      "51": 3,
      "52": 3,
      "53": 3,
      "54": 3,
      "55": 3,
      "56": 3,
      "57": 3,
      "58": 3,
      "59": 3,
      "60": 2,
      "61": 3,
      "62": 3,
      "63": 3,
      "64": 16,
      "65": 16,
      "66": 16,
      "67": 16,
      "68": 16,
      "69": 16,
      "70": 16,
      "71": 15,
      "72": 15,
      "73": 15,
      "74": 15,
      "75": 15,
      "76": 15,
      "77": 15,
      "78": 15,
      "79": 15,
      "80": 15,
      "81": 15,
      "82": 15,
      "83": 15,
      "84": 5,
      "85": 5,
      "86": 5,
      "87": 5,
      "88": 5,
      "89": 5,
      "90": 5,
      "91": 5,
      "92": 5,
      "93": 5,
      "94": 5,
      "95": 5,
      "96": 5,
      "97": 5,
      "98": 5,
      "99": 5,
      "100": 5,
      "101": 1,
      "102": 5,
      "103": 12,
      "104": 12,
      "105": 12,
      "106": 12,
      "107": 12,
      "108": 12,
      "109": 12,
      "110": 6,
      "111": 6,
      "112": 6,
      "113": 6,
      "114": 6,
      "115": 6,
      "116": 6,
      "117": 6,
      "118": 6,
      "119": 6,
      "120": 6,
      "121": 6,
      "122": 6,
      "123": 6,
      "124": 0,
      "125": 0,
      "126": 0,
      "127": 0,
      "128": 0,
      "129": 0,
      "130": 0,
      "131": 0,
      "132": 0,
      "133": 0,
      "134": 0,
      "135": 0,
      "136": 0,
      "137": 0,
      "138": 0,
      "139": 0,
      "140": 0,
      "141": 0,
      "142": 0,
      "143": 0,
      "144": 0,
      "145": 0,
      "146": 0
    },
    "b": {
      "1": [103, 0],
      "2": [67, 0],
      "3": [67, 0],
      "4": [67, 0],
      "5": [67, 0],
      "6": [67, 0],
      "7": [51, 16],
      "8": [67, 0],
      "9": [3, 0],
      "10": [3, 0],
      "11": [3, 0],
      "12": [3, 0],
      "13": [2, 1],
      "14": [3, 0],
      "15": [16, 0],
      "16": [16, 0],
      "17": [16, 0],
      "18": [16, 0],
      "19": [16, 0],
      "20": [5, 0],
      "21": [5, 0],
      "22": [5, 0],
      "23": [5, 0],
      "24": [5, 0],
      "25": [1, 4],
      "26": [12, 0],
      "27": [12, 0],
      "28": [12, 0],
      "29": [12, 0],
      "30": [12, 0],
      "31": [0, 0],
      "32": [0, 0],
      "33": [0, 0],
      "34": [0, 0],
      "35": [0, 0],
      "36": [0, 0],
      "37": [0, 0],
      "38": [0, 0],
      "39": [0, 0]
    },
    "f": {
      "1": 136,
      "2": 38,
      "3": 66,
      "4": 38,
      "5": 38,
      "6": 38,
      "7": 38,
      "8": 47,
      "9": 63,
      "10": 103,
      "11": 67,
      "12": 3,
      "13": 16,
      "14": 5,
      "15": 12,
      "16": 0
    },
    "fnMap": {
      "1": {
        "name": "constantProduct",
        "line": 48,
        "loc": { "start": { "line": 48, "column": 4 }, "end": { "line": 60, "column": 4 } }
      },
      "2": {
        "name": "totalReserves",
        "line": 63,
        "loc": { "start": { "line": 63, "column": 4 }, "end": { "line": 65, "column": 4 } }
      },
      "3": {
        "name": "totalLiquidity",
        "line": 68,
        "loc": { "start": { "line": 68, "column": 4 }, "end": { "line": 70, "column": 4 } }
      },
      "4": {
        "name": "liquidityOf",
        "line": 73,
        "loc": { "start": { "line": 73, "column": 4 }, "end": { "line": 75, "column": 4 } }
      },
      "5": {
        "name": "totalClaims",
        "line": 78,
        "loc": { "start": { "line": 78, "column": 4 }, "end": { "line": 80, "column": 4 } }
      },
      "6": {
        "name": "claimsOf",
        "line": 83,
        "loc": { "start": { "line": 83, "column": 4 }, "end": { "line": 85, "column": 4 } }
      },
      "7": {
        "name": "totalDebtCreated",
        "line": 88,
        "loc": { "start": { "line": 88, "column": 4 }, "end": { "line": 90, "column": 4 } }
      },
      "8": {
        "name": "dueOf",
        "line": 93,
        "loc": { "start": { "line": 93, "column": 4 }, "end": { "line": 95, "column": 4 } }
      },
      "9": {
        "name": "constructor",
        "line": 105,
        "loc": { "start": { "line": 105, "column": 4 }, "end": { "line": 116, "column": 4 } }
      },
      "10": {
        "name": "lock",
        "line": 121,
        "loc": { "start": { "line": 121, "column": 4 }, "end": { "line": 126, "column": 4 } }
      },
      "11": {
        "name": "mint",
        "line": 142,
        "loc": { "start": { "line": 131, "column": 4 }, "end": { "line": 191, "column": 4 } }
      },
      "12": {
        "name": "burn",
        "line": 199,
        "loc": { "start": { "line": 194, "column": 4 }, "end": { "line": 221, "column": 4 } }
      },
      "13": {
        "name": "lend",
        "line": 232,
        "loc": { "start": { "line": 224, "column": 4 }, "end": { "line": 262, "column": 4 } }
      },
      "14": {
        "name": "withdraw",
        "line": 270,
        "loc": { "start": { "line": 265, "column": 4 }, "end": { "line": 296, "column": 4 } }
      },
      "15": {
        "name": "borrow",
        "line": 307,
        "loc": { "start": { "line": 299, "column": 4 }, "end": { "line": 338, "column": 4 } }
      },
      "16": {
        "name": "pay",
        "line": 349,
        "loc": { "start": { "line": 341, "column": 4 }, "end": { "line": 377, "column": 4 } }
      }
    },
    "statementMap": {
      "1": { "start": { "line": 58, "column": 8 }, "end": { "line": 58, "column": 50 } },
      "2": { "start": { "line": 59, "column": 8 }, "end": { "line": 59, "column": 42 } },
      "3": { "start": { "line": 64, "column": 8 }, "end": { "line": 64, "column": 45 } },
      "4": { "start": { "line": 69, "column": 8 }, "end": { "line": 69, "column": 51 } },
      "5": { "start": { "line": 74, "column": 8 }, "end": { "line": 74, "column": 49 } },
      "6": { "start": { "line": 79, "column": 8 }, "end": { "line": 79, "column": 48 } },
      "7": { "start": { "line": 84, "column": 8 }, "end": { "line": 84, "column": 44 } },
      "8": { "start": { "line": 89, "column": 8 }, "end": { "line": 89, "column": 53 } },
      "9": { "start": { "line": 94, "column": 8 }, "end": { "line": 94, "column": 46 } },
      "10": { "start": { "line": 111, "column": 8 }, "end": { "line": 111, "column": 37 } },
      "11": { "start": { "line": 112, "column": 8 }, "end": { "line": 112, "column": 21 } },
      "12": { "start": { "line": 113, "column": 8 }, "end": { "line": 113, "column": 31 } },
      "13": { "start": { "line": 114, "column": 8 }, "end": { "line": 114, "column": 17 } },
      "14": { "start": { "line": 115, "column": 8 }, "end": { "line": 115, "column": 33 } },
      "15": { "start": { "line": 122, "column": 8 }, "end": { "line": 122, "column": 35 } },
      "16": { "start": { "line": 123, "column": 8 }, "end": { "line": 123, "column": 17 } },
      "17": { "start": { "line": 125, "column": 8 }, "end": { "line": 125, "column": 17 } },
      "18": { "start": { "line": 149, "column": 8 }, "end": { "line": 149, "column": 50 } },
      "19": { "start": { "line": 150, "column": 8 }, "end": { "line": 150, "column": 64 } },
      "20": { "start": { "line": 151, "column": 8 }, "end": { "line": 151, "column": 72 } },
      "21": { "start": { "line": 152, "column": 8 }, "end": { "line": 152, "column": 78 } },
      "22": { "start": { "line": 153, "column": 8 }, "end": { "line": 153, "column": 71 } },
      "23": { "start": { "line": 155, "column": 8 }, "end": { "line": 155, "column": 43 } },
      "24": { "start": { "line": 157, "column": 8 }, "end": { "line": 157, "column": 4978 } },
      "25": { "start": { "line": 158, "column": 12 }, "end": { "line": 158, "column": 74 } },
      "26": { "start": { "line": 159, "column": 12 }, "end": { "line": 159, "column": 86 } },
      "27": { "start": { "line": 161, "column": 12 }, "end": { "line": 161, "column": 54 } },
      "28": { "start": { "line": 162, "column": 12 }, "end": { "line": 162, "column": 77 } },
      "29": { "start": { "line": 164, "column": 12 }, "end": { "line": 164, "column": 108 } },
      "30": { "start": { "line": 165, "column": 12 }, "end": { "line": 165, "column": 86 } },
      "31": { "start": { "line": 167, "column": 12 }, "end": { "line": 167, "column": 54 } },
      "32": { "start": { "line": 168, "column": 12 }, "end": { "line": 168, "column": 77 } },
      "33": { "start": { "line": 170, "column": 8 }, "end": { "line": 170, "column": 40 } },
[...]
      "50": { "start": { "line": 202, "column": 8 }, "end": { "line": 202, "column": 81 } },
      "51": { "start": { "line": 203, "column": 8 }, "end": { "line": 203, "column": 39 } },
      "52": { "start": { "line": 205, "column": 8 }, "end": { "line": 205, "column": 43 } },
      "53": { "start": { "line": 207, "column": 8 }, "end": { "line": 207, "column": 67 } },
      "54": { "start": { "line": 208, "column": 8 }, "end": { "line": 208, "column": 77 } },
      "55": { "start": { "line": 210, "column": 8 }, "end": { "line": 210, "column": 47 } },
      "56": { "start": { "line": 212, "column": 8 }, "end": { "line": 212, "column": 50 } },
      "57": { "start": { "line": 214, "column": 8 }, "end": { "line": 214, "column": 51 } },
      "58": { "start": { "line": 215, "column": 8 }, "end": { "line": 215, "column": 61 } },
      "59": { "start": { "line": 217, "column": 8 }, "end": { "line": 217, "column": 77 } },
      "60": { "start": { "line": 217, "column": 33 }, "end": { "line": 217, "column": 76 } },
      "61": { "start": { "line": 218, "column": 8 }, "end": { "line": 218, "column": 97 } },
      "62": { "start": { "line": 218, "column": 38 }, "end": { "line": 218, "column": 96 } },
      "63": { "start": { "line": 220, "column": 8 }, "end": { "line": 220, "column": 86 } },
      "64": { "start": { "line": 233, "column": 8 }, "end": { "line": 233, "column": 50 } },
      "65": { "start": { "line": 234, "column": 8 }, "end": { "line": 234, "column": 73 } },
      "66": { "start": { "line": 235, "column": 8 }, "end": { "line": 235, "column": 79 } },
      "67": { "start": { "line": 236, "column": 8 }, "end": { "line": 236, "column": 37 } },
      "68": { "start": { "line": 238, "column": 8 }, "end": { "line": 238, "column": 43 } },
      "69": { "start": { "line": 239, "column": 8 }, "end": { "line": 239, "column": 53 } },
      "70": { "start": { "line": 241, "column": 8 }, "end": { "line": 241, "column": 71 } },
      "71": { "start": { "line": 243, "column": 8 }, "end": { "line": 243, "column": 72 } },
      "72": { "start": { "line": 244, "column": 8 }, "end": { "line": 244, "column": 94 } },
      "73": { "start": { "line": 246, "column": 8 }, "end": { "line": 246, "column": 44 } },
      "74": { "start": { "line": 248, "column": 8 }, "end": { "line": 248, "column": 52 } },
      "75": { "start": { "line": 249, "column": 8 }, "end": { "line": 249, "column": 62 } },
      "76": { "start": { "line": 251, "column": 8 }, "end": { "line": 251, "column": 49 } },
      "77": { "start": { "line": 252, "column": 8 }, "end": { "line": 252, "column": 64 } },
      "78": { "start": { "line": 254, "column": 8 }, "end": { "line": 254, "column": 45 } },
      "79": { "start": { "line": 256, "column": 8 }, "end": { "line": 256, "column": 32 } },
      "80": { "start": { "line": 257, "column": 8 }, "end": { "line": 257, "column": 32 } },
      "81": { "start": { "line": 258, "column": 8 }, "end": { "line": 258, "column": 32 } },
      "82": { "start": { "line": 260, "column": 8 }, "end": { "line": 260, "column": 69 } },
      "83": { "start": { "line": 261, "column": 8 }, "end": { "line": 261, "column": 82 } },
      "84": { "start": { "line": 271, "column": 8 }, "end": { "line": 271, "column": 51 } },
      "85": { "start": { "line": 272, "column": 8 }, "end": { "line": 272, "column": 75 } },
      "86": { "start": { "line": 273, "column": 8 }, "end": { "line": 273, "column": 81 } },
      "87": { "start": { "line": 274, "column": 8 }, "end": { "line": 274, "column": 67 } },
      "88": { "start": { "line": 276, "column": 8 }, "end": { "line": 276, "column": 43 } },
      "89": { "start": { "line": 278, "column": 8 }, "end": { "line": 278, "column": 73 } },
      "90": { "start": { "line": 279, "column": 8 }, "end": { "line": 279, "column": 88 } },
      "91": { "start": { "line": 281, "column": 8 }, "end": { "line": 281, "column": 51 } },
      "92": { "start": { "line": 282, "column": 8 }, "end": { "line": 282, "column": 61 } },
      "93": { "start": { "line": 284, "column": 8 }, "end": { "line": 284, "column": 55 } },
      "94": { "start": { "line": 286, "column": 8 }, "end": { "line": 286, "column": 35 } },
      "95": { "start": { "line": 287, "column": 8 }, "end": { "line": 287, "column": 45 } },
      "96": { "start": { "line": 289, "column": 8 }, "end": { "line": 289, "column": 51 } },
      "97": { "start": { "line": 290, "column": 8 }, "end": { "line": 290, "column": 61 } },
      "98": { "start": { "line": 292, "column": 8 }, "end": { "line": 292, "column": 77 } },
      "99": { "start": { "line": 292, "column": 33 }, "end": { "line": 292, "column": 76 } },
      "100": { "start": { "line": 293, "column": 8 }, "end": { "line": 293, "column": 97 } },
      "101": { "start": { "line": 293, "column": 38 }, "end": { "line": 293, "column": 96 } },
      "102": { "start": { "line": 295, "column": 8 }, "end": { "line": 295, "column": 87 } },
      "103": { "start": { "line": 308, "column": 8 }, "end": { "line": 308, "column": 50 } },
      "104": { "start": { "line": 309, "column": 8 }, "end": { "line": 309, "column": 68 } },
      "105": { "start": { "line": 310, "column": 8 }, "end": { "line": 310, "column": 74 } },
      "106": { "start": { "line": 311, "column": 8 }, "end": { "line": 311, "column": 37 } },
      "107": { "start": { "line": 313, "column": 8 }, "end": { "line": 313, "column": 43 } },
      "108": { "start": { "line": 314, "column": 8 }, "end": { "line": 314, "column": 53 } },
      "109": { "start": { "line": 316, "column": 8 }, "end": { "line": 316, "column": 73 } },
      "110": { "start": { "line": 318, "column": 8 }, "end": { "line": 318, "column": 71 } },
      "111": { "start": { "line": 319, "column": 8 }, "end": { "line": 319, "column": 95 } },
      "112": { "start": { "line": 320, "column": 8 }, "end": { "line": 320, "column": 44 } },
      "113": { "start": { "line": 322, "column": 8 }, "end": { "line": 322, "column": 59 } },
      "114": { "start": { "line": 324, "column": 8 }, "end": { "line": 324, "column": 43 } },
      "115": { "start": { "line": 326, "column": 8 }, "end": { "line": 326, "column": 45 } },
      "116": { "start": { "line": 327, "column": 8 }, "end": { "line": 327, "column": 58 } },
      "117": { "start": { "line": 328, "column": 8 }, "end": { "line": 328, "column": 49 } },
      "118": { "start": { "line": 330, "column": 8 }, "end": { "line": 330, "column": 32 } },
      "119": { "start": { "line": 331, "column": 8 }, "end": { "line": 331, "column": 32 } },
      "120": { "start": { "line": 332, "column": 8 }, "end": { "line": 332, "column": 32 } },
      "121": { "start": { "line": 334, "column": 8 }, "end": { "line": 334, "column": 45 } },
      "122": { "start": { "line": 336, "column": 8 }, "end": { "line": 336, "column": 69 } },
      "123": { "start": { "line": 337, "column": 8 }, "end": { "line": 337, "column": 80 } },
      "124": { "start": { "line": 350, "column": 8 }, "end": { "line": 350, "column": 50 } },
      "125": { "start": { "line": 351, "column": 8 }, "end": { "line": 351, "column": 92 } },
      "126": { "start": { "line": 352, "column": 8 }, "end": { "line": 352, "column": 40 } },
      "127": { "start": { "line": 353, "column": 8 }, "end": { "line": 353, "column": 43 } },
      "128": { "start": { "line": 355, "column": 8 }, "end": { "line": 355, "column": 43 } },
      "129": { "start": { "line": 357, "column": 8 }, "end": { "line": 357, "column": 45 } },
      "130": { "start": { "line": 359, "column": 8 }, "end": { "line": 359, "column": 12805 } },
      "131": { "start": { "line": 360, "column": 12 }, "end": { "line": 360, "column": 42 } },
      "132": { "start": { "line": 361, "column": 12 }, "end": { "line": 361, "column": 63 } },
      "133": { "start": { "line": 362, "column": 12 }, "end": { "line": 362, "column": 76 } },
      "134": { "start": { "line": 362, "column": 37 }, "end": { "line": 362, "column": 75 } },
      "135": { "start": { "line": 363, "column": 12 }, "end": { "line": 363, "column": 73 } },
      "136": { "start": { "line": 364, "column": 12 }, "end": { "line": 364, "column": 34 } },
      "137": { "start": { "line": 365, "column": 12 }, "end": { "line": 365, "column": 46 } },
      "138": { "start": { "line": 366, "column": 12 }, "end": { "line": 366, "column": 33 } },
      "139": { "start": { "line": 367, "column": 12 }, "end": { "line": 367, "column": 45 } },
      "140": { "start": { "line": 369, "column": 8 }, "end": { "line": 369, "column": 59 } },
      "141": { "start": { "line": 369, "column": 25 }, "end": { "line": 369, "column": 58 } },
      "142": { "start": { "line": 371, "column": 8 }, "end": { "line": 371, "column": 43 } },
      "143": { "start": { "line": 372, "column": 8 }, "end": { "line": 372, "column": 54 } },
      "144": { "start": { "line": 374, "column": 8 }, "end": { "line": 374, "column": 73 } },
      "145": { "start": { "line": 374, "column": 31 }, "end": { "line": 374, "column": 72 } },
      "146": { "start": { "line": 376, "column": 8 }, "end": { "line": 376, "column": 104 } }
    },
    "branchMap": {
      "1": {
        "line": 122,
        "type": "if",
        "locations": [
          { "start": { "line": 122, "column": 8 }, "end": { "line": 122, "column": 8 } },
          { "start": { "line": 122, "column": 8 }, "end": { "line": 122, "column": 8 } }
        ]
      },
      "2": {
        "line": 149,
        "type": "if",
        "locations": [
          { "start": { "line": 149, "column": 8 }, "end": { "line": 149, "column": 8 } },
          { "start": { "line": 149, "column": 8 }, "end": { "line": 149, "column": 8 } }
        ]
      },
      "3": {
        "line": 150,
        "type": "if",
        "locations": [
          { "start": { "line": 150, "column": 8 }, "end": { "line": 150, "column": 8 } },
          { "start": { "line": 150, "column": 8 }, "end": { "line": 150, "column": 8 } }
        ]
      },
      "4": {
        "line": 151,
        "type": "if",
        "locations": [
          { "start": { "line": 151, "column": 8 }, "end": { "line": 151, "column": 8 } },
          { "start": { "line": 151, "column": 8 }, "end": { "line": 151, "column": 8 } }
        ]
      },
      "5": {
        "line": 152,
        "type": "if",
        "locations": [
          { "start": { "line": 152, "column": 8 }, "end": { "line": 152, "column": 8 } },
          { "start": { "line": 152, "column": 8 }, "end": { "line": 152, "column": 8 } }
        ]
      },
      "6": {
        "line": 153,
        "type": "if",
        "locations": [
          { "start": { "line": 153, "column": 8 }, "end": { "line": 153, "column": 8 } },
          { "start": { "line": 153, "column": 8 }, "end": { "line": 153, "column": 8 } }
        ]
      },
      "7": {
        "line": 157,
        "type": "if",
        "locations": [
          { "start": { "line": 157, "column": 8 }, "end": { "line": 157, "column": 8 } },
          { "start": { "line": 157, "column": 8 }, "end": { "line": 157, "column": 8 } }
        ]
      },
      "8": {
        "line": 170,
        "type": "if",
        "locations": [
          { "start": { "line": 170, "column": 8 }, "end": { "line": 170, "column": 8 } },
          { "start": { "line": 170, "column": 8 }, "end": { "line": 170, "column": 8 } }
        ]
      },
      "9": {
        "line": 200,
        "type": "if",
        "locations": [
          { "start": { "line": 200, "column": 8 }, "end": { "line": 200, "column": 8 } },
          { "start": { "line": 200, "column": 8 }, "end": { "line": 200, "column": 8 } }
        ]
      },
      "10": {
        "line": 201,
        "type": "if",
        "locations": [
          { "start": { "line": 201, "column": 8 }, "end": { "line": 201, "column": 8 } },
          { "start": { "line": 201, "column": 8 }, "end": { "line": 201, "column": 8 } }
        ]
      },
      "11": {
        "line": 202,
        "type": "if",
        "locations": [
          { "start": { "line": 202, "column": 8 }, "end": { "line": 202, "column": 8 } },
          { "start": { "line": 202, "column": 8 }, "end": { "line": 202, "column": 8 } }
        ]
      },
      "12": {
        "line": 203,
        "type": "if",
        "locations": [
          { "start": { "line": 203, "column": 8 }, "end": { "line": 203, "column": 8 } },
          { "start": { "line": 203, "column": 8 }, "end": { "line": 203, "column": 8 } }
        ]
      },
      "13": {
        "line": 217,
        "type": "if",
        "locations": [
          { "start": { "line": 217, "column": 8 }, "end": { "line": 217, "column": 8 } },
          { "start": { "line": 217, "column": 8 }, "end": { "line": 217, "column": 8 } }
        ]
      },
      "14": {
        "line": 218,
        "type": "if",
        "locations": [
          { "start": { "line": 218, "column": 8 }, "end": { "line": 218, "column": 8 } },
          { "start": { "line": 218, "column": 8 }, "end": { "line": 218, "column": 8 } }
        ]
      },
      "15": {
        "line": 233,
        "type": "if",
        "locations": [
          { "start": { "line": 233, "column": 8 }, "end": { "line": 233, "column": 8 } },
          { "start": { "line": 233, "column": 8 }, "end": { "line": 233, "column": 8 } }
        ]
      },
      "16": {
        "line": 234,
        "type": "if",
        "locations": [
          { "start": { "line": 234, "column": 8 }, "end": { "line": 234, "column": 8 } },
          { "start": { "line": 234, "column": 8 }, "end": { "line": 234, "column": 8 } }
        ]
      },
      "17": {
        "line": 235,
        "type": "if",
        "locations": [
          { "start": { "line": 235, "column": 8 }, "end": { "line": 235, "column": 8 } },
          { "start": { "line": 235, "column": 8 }, "end": { "line": 235, "column": 8 } }
        ]
      },
      "18": {
        "line": 236,
        "type": "if",
        "locations": [
          { "start": { "line": 236, "column": 8 }, "end": { "line": 236, "column": 8 } },
          { "start": { "line": 236, "column": 8 }, "end": { "line": 236, "column": 8 } }
        ]
      },
      "19": {
        "line": 239,
        "type": "if",
        "locations": [
          { "start": { "line": 239, "column": 8 }, "end": { "line": 239, "column": 8 } },
          { "start": { "line": 239, "column": 8 }, "end": { "line": 239, "column": 8 } }
        ]
      },
      "20": {
        "line": 271,
        "type": "if",
        "locations": [
          { "start": { "line": 271, "column": 8 }, "end": { "line": 271, "column": 8 } },
          { "start": { "line": 271, "column": 8 }, "end": { "line": 271, "column": 8 } }
        ]
      },
      "21": {
        "line": 272,
        "type": "if",
        "locations": [
          { "start": { "line": 272, "column": 8 }, "end": { "line": 272, "column": 8 } },
          { "start": { "line": 272, "column": 8 }, "end": { "line": 272, "column": 8 } }
        ]
      },
      "22": {
        "line": 273,
        "type": "if",
        "locations": [
          { "start": { "line": 273, "column": 8 }, "end": { "line": 273, "column": 8 } },
          { "start": { "line": 273, "column": 8 }, "end": { "line": 273, "column": 8 } }
        ]
      },
      "23": {
        "line": 274,
        "type": "if",
        "locations": [
          { "start": { "line": 274, "column": 8 }, "end": { "line": 274, "column": 8 } },
          { "start": { "line": 274, "column": 8 }, "end": { "line": 274, "column": 8 } }
        ]
      },
      "24": {
        "line": 292,
        "type": "if",
        "locations": [
          { "start": { "line": 292, "column": 8 }, "end": { "line": 292, "column": 8 } },
          { "start": { "line": 292, "column": 8 }, "end": { "line": 292, "column": 8 } }
        ]
      },
      "25": {
        "line": 293,
        "type": "if",
        "locations": [
          { "start": { "line": 293, "column": 8 }, "end": { "line": 293, "column": 8 } },
          { "start": { "line": 293, "column": 8 }, "end": { "line": 293, "column": 8 } }
        ]
      },
      "26": {
        "line": 308,
        "type": "if",
        "locations": [
          { "start": { "line": 308, "column": 8 }, "end": { "line": 308, "column": 8 } },
          { "start": { "line": 308, "column": 8 }, "end": { "line": 308, "column": 8 } }
        ]
      },
      "27": {
        "line": 309,
        "type": "if",
        "locations": [
          { "start": { "line": 309, "column": 8 }, "end": { "line": 309, "column": 8 } },
          { "start": { "line": 309, "column": 8 }, "end": { "line": 309, "column": 8 } }
        ]
      },
      "28": {
        "line": 310,
        "type": "if",
        "locations": [
          { "start": { "line": 310, "column": 8 }, "end": { "line": 310, "column": 8 } },
          { "start": { "line": 310, "column": 8 }, "end": { "line": 310, "column": 8 } }
        ]
      },
      "29": {
        "line": 311,
        "type": "if",
        "locations": [
          { "start": { "line": 311, "column": 8 }, "end": { "line": 311, "column": 8 } },
          { "start": { "line": 311, "column": 8 }, "end": { "line": 311, "column": 8 } }
        ]
      },
      "30": {
        "line": 314,
        "type": "if",
        "locations": [
          { "start": { "line": 314, "column": 8 }, "end": { "line": 314, "column": 8 } },
          { "start": { "line": 314, "column": 8 }, "end": { "line": 314, "column": 8 } }
        ]
      },
      "31": {
        "line": 350,
        "type": "if",
        "locations": [
          { "start": { "line": 350, "column": 8 }, "end": { "line": 350, "column": 8 } },
          { "start": { "line": 350, "column": 8 }, "end": { "line": 350, "column": 8 } }
        ]
      },
      "32": {
        "line": 351,
        "type": "if",
        "locations": [
          { "start": { "line": 351, "column": 8 }, "end": { "line": 351, "column": 8 } },
          { "start": { "line": 351, "column": 8 }, "end": { "line": 351, "column": 8 } }
        ]
      },
      "33": {
        "line": 352,
        "type": "if",
        "locations": [
          { "start": { "line": 352, "column": 8 }, "end": { "line": 352, "column": 8 } },
          { "start": { "line": 352, "column": 8 }, "end": { "line": 352, "column": 8 } }
        ]
      },
      "34": {
        "line": 353,
        "type": "if",
        "locations": [
          { "start": { "line": 353, "column": 8 }, "end": { "line": 353, "column": 8 } },
          { "start": { "line": 353, "column": 8 }, "end": { "line": 353, "column": 8 } }
        ]
      },
      "35": {
        "line": 361,
        "type": "if",
        "locations": [
          { "start": { "line": 361, "column": 12 }, "end": { "line": 361, "column": 12 } },
          { "start": { "line": 361, "column": 12 }, "end": { "line": 361, "column": 12 } }
        ]
      },
      "36": {
        "line": 362,
        "type": "if",
        "locations": [
          { "start": { "line": 362, "column": 12 }, "end": { "line": 362, "column": 12 } },
          { "start": { "line": 362, "column": 12 }, "end": { "line": 362, "column": 12 } }
        ]
      },
      "37": {
        "line": 362,
        "type": "if",
        "locations": [
          { "start": { "line": 362, "column": 37 }, "end": { "line": 362, "column": 37 } },
          { "start": { "line": 362, "column": 37 }, "end": { "line": 362, "column": 37 } }
        ]
      },
      "38": {
        "line": 369,
        "type": "if",
        "locations": [
          { "start": { "line": 369, "column": 8 }, "end": { "line": 369, "column": 8 } },
          { "start": { "line": 369, "column": 8 }, "end": { "line": 369, "column": 8 } }
        ]
      },
      "39": {
        "line": 374,
        "type": "if",
        "locations": [
          { "start": { "line": 374, "column": 8 }, "end": { "line": 374, "column": 8 } },
          { "start": { "line": 374, "column": 8 }, "end": { "line": 374, "column": 8 } }
        ]
      }
    }
  }
}
