{"contracts/facets/Gov.sol":{"l":{"30":309,"31":296,"39":3,"43":3,"47":7,"51":40,"55":12,"56":12,"58":12,"62":6,"64":6,"68":2,"72":2,"76":8,"80":8,"84":4,"89":5,"93":5,"101":19,"103":19,"104":18,"105":17,"107":15,"111":5,"112":4,"113":3,"117":26,"119":26,"120":25,"121":24,"125":16,"126":15,"130":10,"131":9,"140":32,"141":32,"142":31,"144":31,"145":28,"153":37,"154":35,"155":33,"157":31,"158":31,"161":30,"162":30,"170":37,"171":36,"173":35,"174":35,"176":34,"177":39,"178":39,"179":37,"181":36,"182":36,"187":7,"188":7,"190":5,"191":5,"193":5,"195":5,"196":4,"198":3,"199":3,"200":3,"209":81,"210":81,"211":81,"213":80,"214":65,"216":80,"218":79,"219":60,"220":57,"221":56,"223":55,"224":48,"226":54,"228":57,"229":56,"230":55,"231":55,"233":1,"237":74,"238":50,"239":49,"240":49,"245":15,"246":15,"247":15,"248":13,"250":12,"253":12,"254":12,"258":10,"259":10,"260":10,"261":8,"263":7,"265":6,"266":6,"267":6,"276":9,"277":8,"278":7,"279":7,"286":6,"287":5,"288":4,"290":3,"299":3,"300":2,"302":2,"305":2,"306":2,"308":1,"309":1,"310":1,"313":2,"314":2,"315":1,"316":1,"319":2,"320":2,"321":1,"322":1,"325":2,"326":2,"330":11,"331":11,"332":9,"333":8,"334":7,"335":6,"337":5,"339":4,"340":4,"341":4,"342":4,"343":4,"351":4},"path":"/home/evert/sherlock/sherlock-v1-core/contracts/facets/Gov.sol","s":{"1":309,"2":3,"3":3,"4":7,"5":40,"6":12,"7":12,"8":12,"9":6,"10":6,"11":2,"12":2,"13":8,"14":8,"15":4,"16":5,"17":5,"18":19,"19":19,"20":18,"21":17,"22":15,"23":5,"24":4,"25":3,"26":26,"27":26,"28":25,"29":24,"30":16,"31":15,"32":10,"33":9,"34":32,"35":32,"36":31,"37":31,"38":28,"39":37,"40":35,"41":33,"42":31,"43":31,"44":30,"45":30,"46":37,"47":36,"48":35,"49":35,"50":34,"51":39,"52":39,"53":37,"54":36,"55":36,"56":7,"57":7,"58":5,"59":5,"60":5,"61":5,"62":4,"63":81,"64":81,"65":81,"66":80,"67":65,"68":80,"69":79,"70":60,"71":57,"72":56,"73":55,"74":48,"75":54,"76":57,"77":56,"78":55,"79":55,"80":1,"81":74,"82":50,"83":49,"84":49,"85":15,"86":15,"87":15,"88":13,"89":12,"90":12,"91":10,"92":10,"93":10,"94":8,"95":7,"96":6,"97":6,"98":9,"99":8,"100":7,"101":7,"102":6,"103":5,"104":4,"105":3,"106":3,"107":2,"108":2,"109":2,"110":2,"111":1,"112":1,"113":1,"114":2,"115":2,"116":1,"117":2,"118":2,"119":1,"120":11,"121":11,"122":9,"123":8,"124":7,"125":6,"126":5},"b":{"1":[296,13],"2":[18,1],"3":[17,1],"4":[15,2],"5":[4,1],"6":[3,1],"7":[25,1],"8":[24,1],"9":[15,1],"10":[9,1],"11":[31,1],"12":[35,2],"13":[33,2],"14":[31,2],"15":[30,1],"16":[36,1],"17":[35,1],"18":[34,1],"19":[37,2],"20":[36,1],"21":[5,2],"22":[4,1],"23":[3,1],"24":[80,1],"25":[65,15],"26":[79,1],"27":[60,19],"28":[57,3],"29":[56,1],"30":[55,1],"31":[48,7],"32":[47,1],"33":[56,1],"34":[55,1],"35":[50,24],"36":[49,1],"37":[13,2],"38":[12,1],"39":[8,2],"40":[7,1],"41":[6,1],"42":[8,1],"43":[7,1],"44":[6,1],"45":[5,1],"46":[4,1],"47":[3,1],"48":[2,1],"49":[1,1],"50":[1,1],"51":[1,1],"52":[9,2],"53":[8,1],"54":[7,1],"55":[6,1],"56":[5,1],"57":[4,1]},"f":{"1":309,"2":3,"3":3,"4":7,"5":40,"6":12,"7":6,"8":2,"9":2,"10":8,"11":8,"12":4,"13":5,"14":5,"15":19,"16":5,"17":26,"18":16,"19":10,"20":32,"21":37,"22":37,"23":7,"24":81,"25":15,"26":10,"27":9,"28":11},"fnMap":{"1":{"name":"onlyGovMain","line":29,"loc":{"start":{"line":29,"column":2},"end":{"line":32,"column":2}}},"2":{"name":"getGovMain","line":38,"loc":{"start":{"line":38,"column":2},"end":{"line":40,"column":2}}},"3":{"name":"getWatsons","line":42,"loc":{"start":{"line":42,"column":2},"end":{"line":44,"column":2}}},"4":{"name":"getWatsonsSherXWeight","line":46,"loc":{"start":{"line":46,"column":2},"end":{"line":48,"column":2}}},"5":{"name":"getWatsonsSherxLastAccrued","line":50,"loc":{"start":{"line":50,"column":2},"end":{"line":52,"column":2}}},"6":{"name":"getWatsonsSherXPerBlock","line":54,"loc":{"start":{"line":54,"column":2},"end":{"line":59,"column":2}}},"7":{"name":"getWatsonsUnmintedSherX","line":61,"loc":{"start":{"line":61,"column":2},"end":{"line":65,"column":2}}},"8":{"name":"getUnstakeWindow","line":67,"loc":{"start":{"line":67,"column":2},"end":{"line":69,"column":2}}},"9":{"name":"getCooldown","line":71,"loc":{"start":{"line":71,"column":2},"end":{"line":73,"column":2}}},"10":{"name":"getTokensStaker","line":75,"loc":{"start":{"line":75,"column":2},"end":{"line":77,"column":2}}},"11":{"name":"getTokensSherX","line":79,"loc":{"start":{"line":79,"column":2},"end":{"line":81,"column":2}}},"12":{"name":"getProtocolIsCovered","line":83,"loc":{"start":{"line":83,"column":2},"end":{"line":85,"column":2}}},"13":{"name":"getProtocolManager","line":87,"loc":{"start":{"line":87,"column":2},"end":{"line":90,"column":2}}},"14":{"name":"getProtocolAgent","line":92,"loc":{"start":{"line":92,"column":2},"end":{"line":94,"column":2}}},"15":{"name":"setInitialGovMain","line":100,"loc":{"start":{"line":100,"column":2},"end":{"line":108,"column":2}}},"16":{"name":"transferGovMain","line":110,"loc":{"start":{"line":110,"column":2},"end":{"line":114,"column":2}}},"17":{"name":"setWatsonsAddress","line":116,"loc":{"start":{"line":116,"column":2},"end":{"line":122,"column":2}}},"18":{"name":"setUnstakeWindow","line":124,"loc":{"start":{"line":124,"column":2},"end":{"line":127,"column":2}}},"19":{"name":"setCooldown","line":129,"loc":{"start":{"line":129,"column":2},"end":{"line":132,"column":2}}},"20":{"name":"protocolAdd","line":139,"loc":{"start":{"line":134,"column":2},"end":{"line":146,"column":2}}},"21":{"name":"protocolUpdate","line":152,"loc":{"start":{"line":148,"column":2},"end":{"line":163,"column":2}}},"22":{"name":"protocolDepositAdd","line":168,"loc":{"start":{"line":165,"column":2},"end":{"line":184,"column":2}}},"23":{"name":"protocolRemove","line":186,"loc":{"start":{"line":186,"column":2},"end":{"line":201,"column":2}}},"24":{"name":"tokenInit","line":208,"loc":{"start":{"line":203,"column":2},"end":{"line":242,"column":2}}},"25":{"name":"tokenDisableStakers","line":244,"loc":{"start":{"line":244,"column":2},"end":{"line":255,"column":2}}},"26":{"name":"tokenDisableProtocol","line":257,"loc":{"start":{"line":257,"column":2},"end":{"line":268,"column":2}}},"27":{"name":"tokenUnload","line":275,"loc":{"start":{"line":271,"column":2},"end":{"line":327,"column":2}}},"28":{"name":"tokenRemove","line":329,"loc":{"start":{"line":329,"column":2},"end":{"line":352,"column":2}}}},"statementMap":{"1":{"start":{"line":30,"column":4},"end":{"line":30,"column":65}},"2":{"start":{"line":39,"column":4},"end":{"line":39,"column":34}},"3":{"start":{"line":43,"column":4},"end":{"line":43,"column":41}},"4":{"start":{"line":47,"column":4},"end":{"line":47,"column":45}},"5":{"start":{"line":51,"column":4},"end":{"line":51,"column":50}},"6":{"start":{"line":55,"column":4},"end":{"line":55,"column":48}},"7":{"start":{"line":56,"column":4},"end":{"line":56,"column":52}},"8":{"start":{"line":58,"column":4},"end":{"line":58,"column":70}},"9":{"start":{"line":62,"column":4},"end":{"line":62,"column":48}},"10":{"start":{"line":64,"column":4},"end":{"line":64,"column":86}},"11":{"start":{"line":68,"column":4},"end":{"line":68,"column":40}},"12":{"start":{"line":72,"column":4},"end":{"line":72,"column":42}},"13":{"start":{"line":76,"column":4},"end":{"line":76,"column":39}},"14":{"start":{"line":80,"column":4},"end":{"line":80,"column":38}},"15":{"start":{"line":84,"column":4},"end":{"line":84,"column":55}},"16":{"start":{"line":89,"column":4},"end":{"line":89,"column":54}},"17":{"start":{"line":93,"column":4},"end":{"line":93,"column":52}},"18":{"start":{"line":101,"column":4},"end":{"line":101,"column":48}},"19":{"start":{"line":103,"column":4},"end":{"line":103,"column":46}},"20":{"start":{"line":104,"column":4},"end":{"line":104,"column":63}},"21":{"start":{"line":105,"column":4},"end":{"line":105,"column":51}},"22":{"start":{"line":107,"column":4},"end":{"line":107,"column":24}},"23":{"start":{"line":111,"column":4},"end":{"line":111,"column":46}},"24":{"start":{"line":112,"column":4},"end":{"line":112,"column":59}},"25":{"start":{"line":113,"column":4},"end":{"line":113,"column":37}},"26":{"start":{"line":117,"column":4},"end":{"line":117,"column":48}},"27":{"start":{"line":119,"column":4},"end":{"line":119,"column":47}},"28":{"start":{"line":120,"column":4},"end":{"line":120,"column":54}},"29":{"start":{"line":121,"column":4},"end":{"line":121,"column":31}},"30":{"start":{"line":125,"column":4},"end":{"line":125,"column":44}},"31":{"start":{"line":126,"column":4},"end":{"line":126,"column":49}},"32":{"start":{"line":130,"column":4},"end":{"line":130,"column":37}},"33":{"start":{"line":131,"column":4},"end":{"line":131,"column":44}},"34":{"start":{"line":140,"column":4},"end":{"line":140,"column":48}},"35":{"start":{"line":141,"column":4},"end":{"line":141,"column":55}},"36":{"start":{"line":142,"column":4},"end":{"line":142,"column":41}},"37":{"start":{"line":144,"column":4},"end":{"line":144,"column":60}},"38":{"start":{"line":145,"column":4},"end":{"line":145,"column":41}},"39":{"start":{"line":153,"column":4},"end":{"line":153,"column":52}},"40":{"start":{"line":154,"column":4},"end":{"line":154,"column":57}},"41":{"start":{"line":155,"column":4},"end":{"line":155,"column":53}},"42":{"start":{"line":157,"column":4},"end":{"line":157,"column":48}},"43":{"start":{"line":158,"column":4},"end":{"line":158,"column":58}},"44":{"start":{"line":161,"column":4},"end":{"line":161,"column":47}},"45":{"start":{"line":162,"column":4},"end":{"line":162,"column":51}},"46":{"start":{"line":170,"column":4},"end":{"line":170,"column":52}},"47":{"start":{"line":171,"column":4},"end":{"line":171,"column":38}},"48":{"start":{"line":173,"column":4},"end":{"line":173,"column":48}},"49":{"start":{"line":174,"column":4},"end":{"line":174,"column":58}},"50":{"start":{"line":176,"column":4},"end":{"line":176,"column":5508}},"51":{"start":{"line":177,"column":6},"end":{"line":177,"column":62}},"52":{"start":{"line":178,"column":6},"end":{"line":178,"column":33}},"53":{"start":{"line":179,"column":6},"end":{"line":179,"column":56}},"54":{"start":{"line":181,"column":6},"end":{"line":181,"column":36}},"55":{"start":{"line":182,"column":6},"end":{"line":182,"column":33}},"56":{"start":{"line":187,"column":4},"end":{"line":187,"column":48}},"57":{"start":{"line":188,"column":4},"end":{"line":188,"column":58}},"58":{"start":{"line":190,"column":4},"end":{"line":190,"column":5990}},"59":{"start":{"line":191,"column":6},"end":{"line":191,"column":38}},"60":{"start":{"line":193,"column":6},"end":{"line":193,"column":57}},"61":{"start":{"line":195,"column":6},"end":{"line":195,"column":56}},"62":{"start":{"line":196,"column":6},"end":{"line":196,"column":56}},"63":{"start":{"line":209,"column":4},"end":{"line":209,"column":48}},"64":{"start":{"line":210,"column":4},"end":{"line":210,"column":56}},"65":{"start":{"line":211,"column":4},"end":{"line":211,"column":55}},"66":{"start":{"line":213,"column":4},"end":{"line":213,"column":6808}},"67":{"start":{"line":214,"column":6},"end":{"line":214,"column":26}},"68":{"start":{"line":216,"column":4},"end":{"line":216,"column":48}},"69":{"start":{"line":218,"column":4},"end":{"line":218,"column":6929}},"70":{"start":{"line":219,"column":6},"end":{"line":219,"column":6973}},"71":{"start":{"line":220,"column":8},"end":{"line":220,"column":58}},"72":{"start":{"line":221,"column":8},"end":{"line":221,"column":50}},"73":{"start":{"line":223,"column":8},"end":{"line":223,"column":7209}},"74":{"start":{"line":224,"column":10},"end":{"line":224,"column":60}},"75":{"start":{"line":226,"column":8},"end":{"line":226,"column":27}},"76":{"start":{"line":228,"column":6},"end":{"line":228,"column":7364}},"77":{"start":{"line":229,"column":8},"end":{"line":229,"column":40}},"78":{"start":{"line":230,"column":8},"end":{"line":230,"column":23}},"79":{"start":{"line":231,"column":8},"end":{"line":231,"column":35}},"80":{"start":{"line":233,"column":8},"end":{"line":233,"column":27}},"81":{"start":{"line":237,"column":4},"end":{"line":237,"column":7580}},"82":{"start":{"line":238,"column":6},"end":{"line":238,"column":42}},"83":{"start":{"line":239,"column":6},"end":{"line":239,"column":23}},"84":{"start":{"line":240,"column":6},"end":{"line":240,"column":32}},"85":{"start":{"line":245,"column":4},"end":{"line":245,"column":48}},"86":{"start":{"line":246,"column":4},"end":{"line":246,"column":56}},"87":{"start":{"line":247,"column":4},"end":{"line":247,"column":54}},"88":{"start":{"line":248,"column":4},"end":{"line":248,"column":48}},"89":{"start":{"line":253,"column":4},"end":{"line":253,"column":72}},"90":{"start":{"line":254,"column":4},"end":{"line":254,"column":24}},"91":{"start":{"line":258,"column":4},"end":{"line":258,"column":48}},"92":{"start":{"line":259,"column":4},"end":{"line":259,"column":56}},"93":{"start":{"line":260,"column":4},"end":{"line":260,"column":53}},"94":{"start":{"line":261,"column":4},"end":{"line":261,"column":58}},"95":{"start":{"line":263,"column":4},"end":{"line":263,"column":51}},"96":{"start":{"line":266,"column":4},"end":{"line":266,"column":69}},"97":{"start":{"line":267,"column":4},"end":{"line":267,"column":23}},"98":{"start":{"line":276,"column":4},"end":{"line":276,"column":57}},"99":{"start":{"line":277,"column":4},"end":{"line":277,"column":51}},"100":{"start":{"line":278,"column":4},"end":{"line":278,"column":56}},"101":{"start":{"line":279,"column":4},"end":{"line":279,"column":45}},"102":{"start":{"line":286,"column":4},"end":{"line":286,"column":36}},"103":{"start":{"line":287,"column":4},"end":{"line":287,"column":58}},"104":{"start":{"line":288,"column":4},"end":{"line":288,"column":65}},"105":{"start":{"line":290,"column":4},"end":{"line":290,"column":65}},"106":{"start":{"line":299,"column":4},"end":{"line":299,"column":10308}},"107":{"start":{"line":300,"column":6},"end":{"line":300,"column":49}},"108":{"start":{"line":302,"column":6},"end":{"line":302,"column":10451}},"109":{"start":{"line":305,"column":6},"end":{"line":305,"column":61}},"110":{"start":{"line":306,"column":6},"end":{"line":306,"column":53}},"111":{"start":{"line":308,"column":6},"end":{"line":308,"column":52}},"112":{"start":{"line":309,"column":6},"end":{"line":309,"column":54}},"113":{"start":{"line":310,"column":6},"end":{"line":310,"column":70}},"114":{"start":{"line":313,"column":4},"end":{"line":313,"column":42}},"115":{"start":{"line":314,"column":4},"end":{"line":314,"column":10882}},"116":{"start":{"line":315,"column":6},"end":{"line":315,"column":61}},"117":{"start":{"line":319,"column":4},"end":{"line":319,"column":59}},"118":{"start":{"line":320,"column":4},"end":{"line":320,"column":11072}},"119":{"start":{"line":321,"column":6},"end":{"line":321,"column":45}},"120":{"start":{"line":330,"column":4},"end":{"line":330,"column":56}},"121":{"start":{"line":331,"column":4},"end":{"line":331,"column":45}},"122":{"start":{"line":332,"column":4},"end":{"line":332,"column":36}},"123":{"start":{"line":333,"column":4},"end":{"line":333,"column":40}},"124":{"start":{"line":334,"column":4},"end":{"line":334,"column":56}},"125":{"start":{"line":335,"column":4},"end":{"line":335,"column":47}},"126":{"start":{"line":337,"column":4},"end":{"line":337,"column":49}}},"branchMap":{"1":{"line":30,"type":"if","locations":[{"start":{"line":30,"column":4},"end":{"line":30,"column":4}},{"start":{"line":30,"column":4},"end":{"line":30,"column":4}}]},"2":{"line":103,"type":"if","locations":[{"start":{"line":103,"column":4},"end":{"line":103,"column":4}},{"start":{"line":103,"column":4},"end":{"line":103,"column":4}}]},"3":{"line":104,"type":"if","locations":[{"start":{"line":104,"column":4},"end":{"line":104,"column":4}},{"start":{"line":104,"column":4},"end":{"line":104,"column":4}}]},"4":{"line":105,"type":"if","locations":[{"start":{"line":105,"column":4},"end":{"line":105,"column":4}},{"start":{"line":105,"column":4},"end":{"line":105,"column":4}}]},"5":{"line":111,"type":"if","locations":[{"start":{"line":111,"column":4},"end":{"line":111,"column":4}},{"start":{"line":111,"column":4},"end":{"line":111,"column":4}}]},"6":{"line":112,"type":"if","locations":[{"start":{"line":112,"column":4},"end":{"line":112,"column":4}},{"start":{"line":112,"column":4},"end":{"line":112,"column":4}}]},"7":{"line":119,"type":"if","locations":[{"start":{"line":119,"column":4},"end":{"line":119,"column":4}},{"start":{"line":119,"column":4},"end":{"line":119,"column":4}}]},"8":{"line":120,"type":"if","locations":[{"start":{"line":120,"column":4},"end":{"line":120,"column":4}},{"start":{"line":120,"column":4},"end":{"line":120,"column":4}}]},"9":{"line":125,"type":"if","locations":[{"start":{"line":125,"column":4},"end":{"line":125,"column":4}},{"start":{"line":125,"column":4},"end":{"line":125,"column":4}}]},"10":{"line":130,"type":"if","locations":[{"start":{"line":130,"column":4},"end":{"line":130,"column":4}},{"start":{"line":130,"column":4},"end":{"line":130,"column":4}}]},"11":{"line":141,"type":"if","locations":[{"start":{"line":141,"column":4},"end":{"line":141,"column":4}},{"start":{"line":141,"column":4},"end":{"line":141,"column":4}}]},"12":{"line":153,"type":"if","locations":[{"start":{"line":153,"column":4},"end":{"line":153,"column":4}},{"start":{"line":153,"column":4},"end":{"line":153,"column":4}}]},"13":{"line":154,"type":"if","locations":[{"start":{"line":154,"column":4},"end":{"line":154,"column":4}},{"start":{"line":154,"column":4},"end":{"line":154,"column":4}}]},"14":{"line":155,"type":"if","locations":[{"start":{"line":155,"column":4},"end":{"line":155,"column":4}},{"start":{"line":155,"column":4},"end":{"line":155,"column":4}}]},"15":{"line":158,"type":"if","locations":[{"start":{"line":158,"column":4},"end":{"line":158,"column":4}},{"start":{"line":158,"column":4},"end":{"line":158,"column":4}}]},"16":{"line":170,"type":"if","locations":[{"start":{"line":170,"column":4},"end":{"line":170,"column":4}},{"start":{"line":170,"column":4},"end":{"line":170,"column":4}}]},"17":{"line":171,"type":"if","locations":[{"start":{"line":171,"column":4},"end":{"line":171,"column":4}},{"start":{"line":171,"column":4},"end":{"line":171,"column":4}}]},"18":{"line":174,"type":"if","locations":[{"start":{"line":174,"column":4},"end":{"line":174,"column":4}},{"start":{"line":174,"column":4},"end":{"line":174,"column":4}}]},"19":{"line":178,"type":"if","locations":[{"start":{"line":178,"column":6},"end":{"line":178,"column":6}},{"start":{"line":178,"column":6},"end":{"line":178,"column":6}}]},"20":{"line":179,"type":"if","locations":[{"start":{"line":179,"column":6},"end":{"line":179,"column":6}},{"start":{"line":179,"column":6},"end":{"line":179,"column":6}}]},"21":{"line":188,"type":"if","locations":[{"start":{"line":188,"column":4},"end":{"line":188,"column":4}},{"start":{"line":188,"column":4},"end":{"line":188,"column":4}}]},"22":{"line":195,"type":"if","locations":[{"start":{"line":195,"column":6},"end":{"line":195,"column":6}},{"start":{"line":195,"column":6},"end":{"line":195,"column":6}}]},"23":{"line":196,"type":"if","locations":[{"start":{"line":196,"column":6},"end":{"line":196,"column":6}},{"start":{"line":196,"column":6},"end":{"line":196,"column":6}}]},"24":{"line":211,"type":"if","locations":[{"start":{"line":211,"column":4},"end":{"line":211,"column":4}},{"start":{"line":211,"column":4},"end":{"line":211,"column":4}}]},"25":{"line":213,"type":"if","locations":[{"start":{"line":213,"column":4},"end":{"line":213,"column":4}},{"start":{"line":213,"column":4},"end":{"line":213,"column":4}}]},"26":{"line":216,"type":"if","locations":[{"start":{"line":216,"column":4},"end":{"line":216,"column":4}},{"start":{"line":216,"column":4},"end":{"line":216,"column":4}}]},"27":{"line":218,"type":"if","locations":[{"start":{"line":218,"column":4},"end":{"line":218,"column":4}},{"start":{"line":218,"column":4},"end":{"line":218,"column":4}}]},"28":{"line":219,"type":"if","locations":[{"start":{"line":219,"column":6},"end":{"line":219,"column":6}},{"start":{"line":219,"column":6},"end":{"line":219,"column":6}}]},"29":{"line":220,"type":"if","locations":[{"start":{"line":220,"column":8},"end":{"line":220,"column":8}},{"start":{"line":220,"column":8},"end":{"line":220,"column":8}}]},"30":{"line":221,"type":"if","locations":[{"start":{"line":221,"column":8},"end":{"line":221,"column":8}},{"start":{"line":221,"column":8},"end":{"line":221,"column":8}}]},"31":{"line":223,"type":"if","locations":[{"start":{"line":223,"column":8},"end":{"line":223,"column":8}},{"start":{"line":223,"column":8},"end":{"line":223,"column":8}}]},"32":{"line":224,"type":"if","locations":[{"start":{"line":224,"column":10},"end":{"line":224,"column":10}},{"start":{"line":224,"column":10},"end":{"line":224,"column":10}}]},"33":{"line":228,"type":"if","locations":[{"start":{"line":228,"column":6},"end":{"line":228,"column":6}},{"start":{"line":228,"column":6},"end":{"line":228,"column":6}}]},"34":{"line":229,"type":"if","locations":[{"start":{"line":229,"column":8},"end":{"line":229,"column":8}},{"start":{"line":229,"column":8},"end":{"line":229,"column":8}}]},"35":{"line":237,"type":"if","locations":[{"start":{"line":237,"column":4},"end":{"line":237,"column":4}},{"start":{"line":237,"column":4},"end":{"line":237,"column":4}}]},"36":{"line":238,"type":"if","locations":[{"start":{"line":238,"column":6},"end":{"line":238,"column":6}},{"start":{"line":238,"column":6},"end":{"line":238,"column":6}}]},"37":{"line":247,"type":"if","locations":[{"start":{"line":247,"column":4},"end":{"line":247,"column":4}},{"start":{"line":247,"column":4},"end":{"line":247,"column":4}}]},"38":{"line":248,"type":"if","locations":[{"start":{"line":248,"column":4},"end":{"line":248,"column":4}},{"start":{"line":248,"column":4},"end":{"line":248,"column":4}}]},"39":{"line":260,"type":"if","locations":[{"start":{"line":260,"column":4},"end":{"line":260,"column":4}},{"start":{"line":260,"column":4},"end":{"line":260,"column":4}}]},"40":{"line":261,"type":"if","locations":[{"start":{"line":261,"column":4},"end":{"line":261,"column":4}},{"start":{"line":261,"column":4},"end":{"line":261,"column":4}}]},"41":{"line":263,"type":"if","locations":[{"start":{"line":263,"column":4},"end":{"line":263,"column":4}},{"start":{"line":263,"column":4},"end":{"line":263,"column":4}}]},"42":{"line":276,"type":"if","locations":[{"start":{"line":276,"column":4},"end":{"line":276,"column":4}},{"start":{"line":276,"column":4},"end":{"line":276,"column":4}}]},"43":{"line":277,"type":"if","locations":[{"start":{"line":277,"column":4},"end":{"line":277,"column":4}},{"start":{"line":277,"column":4},"end":{"line":277,"column":4}}]},"44":{"line":279,"type":"if","locations":[{"start":{"line":279,"column":4},"end":{"line":279,"column":4}},{"start":{"line":279,"column":4},"end":{"line":279,"column":4}}]},"45":{"line":286,"type":"if","locations":[{"start":{"line":286,"column":4},"end":{"line":286,"column":4}},{"start":{"line":286,"column":4},"end":{"line":286,"column":4}}]},"46":{"line":287,"type":"if","locations":[{"start":{"line":287,"column":4},"end":{"line":287,"column":4}},{"start":{"line":287,"column":4},"end":{"line":287,"column":4}}]},"47":{"line":288,"type":"if","locations":[{"start":{"line":288,"column":4},"end":{"line":288,"column":4}},{"start":{"line":288,"column":4},"end":{"line":288,"column":4}}]},"48":{"line":299,"type":"if","locations":[{"start":{"line":299,"column":4},"end":{"line":299,"column":4}},{"start":{"line":299,"column":4},"end":{"line":299,"column":4}}]},"49":{"line":306,"type":"if","locations":[{"start":{"line":306,"column":6},"end":{"line":306,"column":6}},{"start":{"line":306,"column":6},"end":{"line":306,"column":6}}]},"50":{"line":314,"type":"if","locations":[{"start":{"line":314,"column":4},"end":{"line":314,"column":4}},{"start":{"line":314,"column":4},"end":{"line":314,"column":4}}]},"51":{"line":320,"type":"if","locations":[{"start":{"line":320,"column":4},"end":{"line":320,"column":4}},{"start":{"line":320,"column":4},"end":{"line":320,"column":4}}]},"52":{"line":331,"type":"if","locations":[{"start":{"line":331,"column":4},"end":{"line":331,"column":4}},{"start":{"line":331,"column":4},"end":{"line":331,"column":4}}]},"53":{"line":332,"type":"if","locations":[{"start":{"line":332,"column":4},"end":{"line":332,"column":4}},{"start":{"line":332,"column":4},"end":{"line":332,"column":4}}]},"54":{"line":333,"type":"if","locations":[{"start":{"line":333,"column":4},"end":{"line":333,"column":4}},{"start":{"line":333,"column":4},"end":{"line":333,"column":4}}]},"55":{"line":334,"type":"if","locations":[{"start":{"line":334,"column":4},"end":{"line":334,"column":4}},{"start":{"line":334,"column":4},"end":{"line":334,"column":4}}]},"56":{"line":335,"type":"if","locations":[{"start":{"line":335,"column":4},"end":{"line":335,"column":4}},{"start":{"line":335,"column":4},"end":{"line":335,"column":4}}]},"57":{"line":337,"type":"if","locations":[{"start":{"line":337,"column":4},"end":{"line":337,"column":4}},{"start":{"line":337,"column":4},"end":{"line":337,"column":4}}]}}},"contracts/facets/GovDev.sol":{"l":{"16":4,"20":5,"21":4,"22":3,"30":2,"31":1},"path":"/home/evert/sherlock/sherlock-v1-core/contracts/facets/GovDev.sol","s":{"1":4,"2":5,"3":4,"4":3,"5":2,"6":1},"b":{"1":[4,1],"2":[3,1],"3":[1,1]},"f":{"1":4,"2":5,"3":2},"fnMap":{"1":{"name":"getGovDev","line":15,"loc":{"start":{"line":15,"column":2},"end":{"line":17,"column":2}}},"2":{"name":"transferGovDev","line":19,"loc":{"start":{"line":19,"column":2},"end":{"line":23,"column":2}}},"3":{"name":"updateSolution","line":25,"loc":{"start":{"line":25,"column":2},"end":{"line":32,"column":2}}}},"statementMap":{"1":{"start":{"line":16,"column":4},"end":{"line":16,"column":37}},"2":{"start":{"line":20,"column":4},"end":{"line":20,"column":63}},"3":{"start":{"line":21,"column":4},"end":{"line":21,"column":61}},"4":{"start":{"line":22,"column":4},"end":{"line":22,"column":39}},"5":{"start":{"line":30,"column":4},"end":{"line":30,"column":63}},"6":{"start":{"line":31,"column":4},"end":{"line":31,"column":63}}},"branchMap":{"1":{"line":20,"type":"if","locations":[{"start":{"line":20,"column":4},"end":{"line":20,"column":4}},{"start":{"line":20,"column":4},"end":{"line":20,"column":4}}]},"2":{"line":21,"type":"if","locations":[{"start":{"line":21,"column":4},"end":{"line":21,"column":4}},{"start":{"line":21,"column":4},"end":{"line":21,"column":4}}]},"3":{"line":30,"type":"if","locations":[{"start":{"line":30,"column":4},"end":{"line":30,"column":4}},{"start":{"line":30,"column":4},"end":{"line":30,"column":4}}]}}},"contracts/facets/Manager.sol":{"l":{"25":112,"26":103,"31":120,"32":111,"40":5,"41":5,"42":5,"43":3,"51":6,"53":5,"54":5,"55":8,"56":8,"58":3,"66":6,"67":6,"68":6,"69":3,"77":7,"79":6,"81":6,"82":9,"83":9,"91":3,"99":9,"100":8,"102":7,"104":7,"105":10,"106":9,"107":12,"108":12,"117":3,"126":26,"127":26,"129":26,"137":23,"146":25,"147":24,"149":23,"151":23,"152":35,"153":35,"162":20,"171":8,"172":7,"173":7,"174":5,"176":5,"177":5,"178":5,"180":5,"182":5,"183":9,"186":8,"187":8,"189":4,"190":4,"199":4,"208":11,"209":11,"210":10,"211":9,"213":8,"214":11,"215":10,"216":9,"217":12,"218":12,"228":3,"244":13,"245":13,"247":9,"248":9,"249":9,"258":9,"266":81,"268":81,"270":81,"271":68,"290":27,"291":27,"292":27,"294":21,"296":18,"297":18,"306":18,"320":88,"322":82,"326":82,"328":82,"330":82,"350":73,"351":73,"353":67,"354":67,"355":64,"364":64,"371":94,"372":94,"373":94,"397":95,"400":95,"405":95,"406":10,"408":85,"412":95,"418":46,"419":19,"421":3,"425":95,"432":65,"433":65,"435":65,"437":65,"439":65,"441":30,"444":23,"446":12,"448":65,"449":65,"451":65,"452":65,"453":65},"path":"/home/evert/sherlock/sherlock-v1-core/contracts/facets/Manager.sol","s":{"1":112,"2":120,"3":111,"4":5,"5":5,"6":5,"7":3,"8":6,"9":5,"10":5,"11":8,"12":8,"13":3,"14":6,"15":6,"16":6,"17":3,"18":7,"19":6,"20":6,"21":9,"22":9,"23":3,"24":9,"25":8,"26":7,"27":7,"28":10,"29":9,"30":12,"31":12,"32":3,"33":26,"34":26,"35":26,"36":23,"37":25,"38":24,"39":23,"40":23,"41":35,"42":35,"43":20,"44":8,"45":7,"46":7,"47":5,"48":5,"49":5,"50":5,"51":5,"52":5,"53":9,"54":8,"55":8,"56":4,"57":4,"58":4,"59":11,"60":11,"61":10,"62":9,"63":8,"64":11,"65":10,"66":9,"67":12,"68":12,"69":3,"70":13,"71":13,"72":9,"73":9,"74":9,"75":9,"76":81,"77":81,"78":81,"79":68,"80":27,"81":27,"82":27,"83":21,"84":18,"85":18,"86":18,"87":88,"88":82,"89":82,"90":82,"91":82,"92":73,"93":73,"94":67,"95":67,"96":64,"97":64,"98":94,"99":94,"100":94,"101":95,"102":95,"103":95,"104":10,"105":85,"106":95,"107":46,"108":19,"109":27,"110":3,"111":95,"112":65,"113":65,"114":65,"115":65,"116":65,"117":30,"118":35,"119":23,"120":12,"121":65,"122":65,"123":65,"124":65,"125":65},"b":{"1":[103,9],"2":[111,9],"3":[102,9],"4":[5,1],"5":[6,1],"6":[8,1],"7":[7,1],"8":[9,1],"9":[24,1],"10":[23,1],"11":[7,1],"12":[8,1],"13":[10,1],"14":[9,1],"15":[8,1],"16":[10,1],"17":[9,1],"18":[68,13],"19":[82,6],"20":[10,85],"21":[46,49],"22":[19,27],"23":[3,24],"24":[30,35],"25":[23,12]},"f":{"1":112,"2":120,"3":5,"4":6,"5":6,"6":7,"7":9,"8":26,"9":25,"10":8,"11":11,"12":13,"13":81,"14":27,"15":88,"16":73,"17":94,"18":95,"19":65},"fnMap":{"1":{"name":"onlyGovMain","line":24,"loc":{"start":{"line":24,"column":2},"end":{"line":27,"column":2}}},"2":{"name":"onlyValidToken","line":30,"loc":{"start":{"line":30,"column":2},"end":{"line":33,"column":2}}},"3":{"name":"setTokenPrice","line":39,"loc":{"start":{"line":39,"column":2},"end":{"line":44,"column":2}}},"4":{"name":"setTokenPrice","line":49,"loc":{"start":{"line":46,"column":2},"end":{"line":59,"column":2}}},"5":{"name":"setProtocolPremium","line":65,"loc":{"start":{"line":61,"column":2},"end":{"line":70,"column":2}}},"6":{"name":"setProtocolPremium","line":76,"loc":{"start":{"line":72,"column":2},"end":{"line":92,"column":2}}},"7":{"name":"setProtocolPremium","line":98,"loc":{"start":{"line":94,"column":2},"end":{"line":118,"column":2}}},"8":{"name":"setProtocolPremiumAndTokenPrice","line":125,"loc":{"start":{"line":120,"column":2},"end":{"line":138,"column":2}}},"9":{"name":"setProtocolPremiumAndTokenPrice","line":145,"loc":{"start":{"line":140,"column":2},"end":{"line":163,"column":2}}},"10":{"name":"setProtocolPremiumAndTokenPrice","line":170,"loc":{"start":{"line":165,"column":2},"end":{"line":200,"column":2}}},"11":{"name":"setProtocolPremiumAndTokenPrice","line":207,"loc":{"start":{"line":202,"column":2},"end":{"line":229,"column":2}}},"12":{"name":"_setTokenPrice","line":238,"loc":{"start":{"line":238,"column":2},"end":{"line":259,"column":2}}},"13":{"name":"_setTokenPrice","line":265,"loc":{"start":{"line":265,"column":2},"end":{"line":273,"column":2}}},"14":{"name":"_setProtocolPremium","line":283,"loc":{"start":{"line":283,"column":2},"end":{"line":307,"column":2}}},"15":{"name":"_setProtocolPremium","line":315,"loc":{"start":{"line":315,"column":2},"end":{"line":331,"column":2}}},"16":{"name":"_setProtocolPremiumAndTokenPrice","line":342,"loc":{"start":{"line":342,"column":2},"end":{"line":365,"column":2}}},"17":{"name":"_getData","line":370,"loc":{"start":{"line":370,"column":2},"end":{"line":374,"column":2}}},"18":{"name":"_updateData","line":386,"loc":{"start":{"line":386,"column":2},"end":{"line":426,"column":2}}},"19":{"name":"_setData","line":431,"loc":{"start":{"line":431,"column":2},"end":{"line":454,"column":2}}}},"statementMap":{"1":{"start":{"line":25,"column":4},"end":{"line":25,"column":65}},"2":{"start":{"line":31,"column":4},"end":{"line":31,"column":53}},"3":{"start":{"line":32,"column":4},"end":{"line":32,"column":36}},"4":{"start":{"line":40,"column":4},"end":{"line":40,"column":32}},"5":{"start":{"line":41,"column":4},"end":{"line":41,"column":55}},"6":{"start":{"line":42,"column":4},"end":{"line":42,"column":81}},"7":{"start":{"line":43,"column":4},"end":{"line":43,"column":33}},"8":{"start":{"line":51,"column":4},"end":{"line":51,"column":53}},"9":{"start":{"line":53,"column":4},"end":{"line":53,"column":55}},"10":{"start":{"line":54,"column":4},"end":{"line":54,"column":1570}},"11":{"start":{"line":55,"column":6},"end":{"line":55,"column":37}},"12":{"start":{"line":56,"column":6},"end":{"line":56,"column":89}},"13":{"start":{"line":58,"column":4},"end":{"line":58,"column":33}},"14":{"start":{"line":66,"column":4},"end":{"line":66,"column":32}},"15":{"start":{"line":67,"column":4},"end":{"line":67,"column":55}},"16":{"start":{"line":68,"column":4},"end":{"line":68,"column":98}},"17":{"start":{"line":69,"column":4},"end":{"line":69,"column":33}},"18":{"start":{"line":77,"column":4},"end":{"line":77,"column":54}},"19":{"start":{"line":79,"column":4},"end":{"line":79,"column":55}},"20":{"start":{"line":81,"column":4},"end":{"line":81,"column":2423}},"21":{"start":{"line":82,"column":6},"end":{"line":82,"column":37}},"22":{"start":{"line":83,"column":6},"end":{"line":83,"column":2513}},"23":{"start":{"line":91,"column":4},"end":{"line":91,"column":33}},"24":{"start":{"line":99,"column":4},"end":{"line":99,"column":57}},"25":{"start":{"line":100,"column":4},"end":{"line":100,"column":59}},"26":{"start":{"line":102,"column":4},"end":{"line":102,"column":55}},"27":{"start":{"line":104,"column":4},"end":{"line":104,"column":3055}},"28":{"start":{"line":105,"column":6},"end":{"line":105,"column":64}},"29":{"start":{"line":106,"column":6},"end":{"line":106,"column":3175}},"30":{"start":{"line":107,"column":8},"end":{"line":107,"column":42}},"31":{"start":{"line":108,"column":8},"end":{"line":108,"column":3275}},"32":{"start":{"line":117,"column":4},"end":{"line":117,"column":33}},"33":{"start":{"line":126,"column":4},"end":{"line":126,"column":32}},"34":{"start":{"line":127,"column":4},"end":{"line":127,"column":55}},"35":{"start":{"line":129,"column":4},"end":{"line":129,"column":3759}},"36":{"start":{"line":137,"column":4},"end":{"line":137,"column":33}},"37":{"start":{"line":146,"column":4},"end":{"line":146,"column":56}},"38":{"start":{"line":147,"column":4},"end":{"line":147,"column":55}},"39":{"start":{"line":149,"column":4},"end":{"line":149,"column":55}},"40":{"start":{"line":151,"column":4},"end":{"line":151,"column":4332}},"41":{"start":{"line":152,"column":6},"end":{"line":152,"column":37}},"42":{"start":{"line":153,"column":6},"end":{"line":153,"column":4422}},"43":{"start":{"line":162,"column":4},"end":{"line":162,"column":33}},"44":{"start":{"line":171,"column":4},"end":{"line":171,"column":57}},"45":{"start":{"line":172,"column":4},"end":{"line":172,"column":56}},"46":{"start":{"line":173,"column":4},"end":{"line":173,"column":29}},"47":{"start":{"line":174,"column":4},"end":{"line":174,"column":32}},"48":{"start":{"line":176,"column":4},"end":{"line":176,"column":48}},"49":{"start":{"line":177,"column":4},"end":{"line":177,"column":35}},"50":{"start":{"line":178,"column":4},"end":{"line":178,"column":55}},"51":{"start":{"line":180,"column":4},"end":{"line":180,"column":52}},"52":{"start":{"line":182,"column":4},"end":{"line":182,"column":5223}},"53":{"start":{"line":183,"column":6},"end":{"line":183,"column":57}},"54":{"start":{"line":186,"column":6},"end":{"line":186,"column":83}},"55":{"start":{"line":187,"column":6},"end":{"line":187,"column":51}},"56":{"start":{"line":189,"column":4},"end":{"line":189,"column":39}},"57":{"start":{"line":190,"column":4},"end":{"line":190,"column":5652}},"58":{"start":{"line":199,"column":4},"end":{"line":199,"column":33}},"59":{"start":{"line":208,"column":4},"end":{"line":208,"column":55}},"60":{"start":{"line":209,"column":4},"end":{"line":209,"column":57}},"61":{"start":{"line":210,"column":4},"end":{"line":210,"column":59}},"62":{"start":{"line":211,"column":4},"end":{"line":211,"column":58}},"63":{"start":{"line":213,"column":4},"end":{"line":213,"column":6297}},"64":{"start":{"line":214,"column":6},"end":{"line":214,"column":64}},"65":{"start":{"line":215,"column":6},"end":{"line":215,"column":63}},"66":{"start":{"line":216,"column":6},"end":{"line":216,"column":6483}},"67":{"start":{"line":217,"column":8},"end":{"line":217,"column":42}},"68":{"start":{"line":218,"column":8},"end":{"line":218,"column":6583}},"69":{"start":{"line":228,"column":4},"end":{"line":228,"column":33}},"70":{"start":{"line":244,"column":4},"end":{"line":244,"column":56}},"71":{"start":{"line":245,"column":4},"end":{"line":245,"column":29}},"72":{"start":{"line":247,"column":4},"end":{"line":247,"column":52}},"73":{"start":{"line":248,"column":4},"end":{"line":248,"column":45}},"74":{"start":{"line":249,"column":4},"end":{"line":249,"column":7668}},"75":{"start":{"line":258,"column":4},"end":{"line":258,"column":33}},"76":{"start":{"line":266,"column":4},"end":{"line":266,"column":52}},"77":{"start":{"line":268,"column":4},"end":{"line":268,"column":31}},"78":{"start":{"line":270,"column":4},"end":{"line":270,"column":8327}},"79":{"start":{"line":271,"column":6},"end":{"line":271,"column":34}},"80":{"start":{"line":290,"column":4},"end":{"line":290,"column":52}},"81":{"start":{"line":291,"column":4},"end":{"line":291,"column":56}},"82":{"start":{"line":292,"column":4},"end":{"line":292,"column":29}},"83":{"start":{"line":294,"column":4},"end":{"line":294,"column":91}},"84":{"start":{"line":296,"column":4},"end":{"line":296,"column":37}},"85":{"start":{"line":297,"column":4},"end":{"line":297,"column":9398}},"86":{"start":{"line":306,"column":4},"end":{"line":306,"column":33}},"87":{"start":{"line":320,"column":4},"end":{"line":320,"column":52}},"88":{"start":{"line":322,"column":4},"end":{"line":322,"column":39}},"89":{"start":{"line":326,"column":4},"end":{"line":326,"column":75}},"90":{"start":{"line":328,"column":4},"end":{"line":328,"column":39}},"91":{"start":{"line":330,"column":4},"end":{"line":330,"column":43}},"92":{"start":{"line":350,"column":4},"end":{"line":350,"column":56}},"93":{"start":{"line":351,"column":4},"end":{"line":351,"column":29}},"94":{"start":{"line":353,"column":4},"end":{"line":353,"column":52}},"95":{"start":{"line":354,"column":4},"end":{"line":354,"column":91}},"96":{"start":{"line":355,"column":4},"end":{"line":355,"column":11760}},"97":{"start":{"line":364,"column":4},"end":{"line":364,"column":33}},"98":{"start":{"line":371,"column":4},"end":{"line":371,"column":52}},"99":{"start":{"line":372,"column":4},"end":{"line":372,"column":36}},"100":{"start":{"line":373,"column":4},"end":{"line":373,"column":41}},"101":{"start":{"line":397,"column":4},"end":{"line":397,"column":42}},"102":{"start":{"line":400,"column":4},"end":{"line":400,"column":42}},"103":{"start":{"line":405,"column":4},"end":{"line":405,"column":13887}},"104":{"start":{"line":406,"column":6},"end":{"line":406,"column":60}},"105":{"start":{"line":408,"column":6},"end":{"line":408,"column":60}},"106":{"start":{"line":412,"column":4},"end":{"line":412,"column":14124}},"107":{"start":{"line":418,"column":6},"end":{"line":418,"column":14475}},"108":{"start":{"line":419,"column":8},"end":{"line":419,"column":86}},"109":{"start":{"line":420,"column":13},"end":{"line":420,"column":14602}},"110":{"start":{"line":421,"column":8},"end":{"line":421,"column":86}},"111":{"start":{"line":425,"column":4},"end":{"line":425,"column":33}},"112":{"start":{"line":432,"column":4},"end":{"line":432,"column":52}},"113":{"start":{"line":433,"column":4},"end":{"line":433,"column":66}},"114":{"start":{"line":435,"column":4},"end":{"line":435,"column":25}},"115":{"start":{"line":437,"column":4},"end":{"line":437,"column":50}},"116":{"start":{"line":439,"column":4},"end":{"line":439,"column":15256}},"117":{"start":{"line":441,"column":6},"end":{"line":441,"column":30}},"118":{"start":{"line":442,"column":11},"end":{"line":442,"column":15399}},"119":{"start":{"line":444,"column":6},"end":{"line":444,"column":73}},"120":{"start":{"line":446,"column":6},"end":{"line":446,"column":25}},"121":{"start":{"line":448,"column":4},"end":{"line":448,"column":47}},"122":{"start":{"line":449,"column":4},"end":{"line":449,"column":47}},"123":{"start":{"line":451,"column":4},"end":{"line":451,"column":36}},"124":{"start":{"line":452,"column":4},"end":{"line":452,"column":28}},"125":{"start":{"line":453,"column":4},"end":{"line":453,"column":40}}},"branchMap":{"1":{"line":25,"type":"if","locations":[{"start":{"line":25,"column":4},"end":{"line":25,"column":4}},{"start":{"line":25,"column":4},"end":{"line":25,"column":4}}]},"2":{"line":31,"type":"if","locations":[{"start":{"line":31,"column":4},"end":{"line":31,"column":4}},{"start":{"line":31,"column":4},"end":{"line":31,"column":4}}]},"3":{"line":32,"type":"if","locations":[{"start":{"line":32,"column":4},"end":{"line":32,"column":4}},{"start":{"line":32,"column":4},"end":{"line":32,"column":4}}]},"4":{"line":51,"type":"if","locations":[{"start":{"line":51,"column":4},"end":{"line":51,"column":4}},{"start":{"line":51,"column":4},"end":{"line":51,"column":4}}]},"5":{"line":77,"type":"if","locations":[{"start":{"line":77,"column":4},"end":{"line":77,"column":4}},{"start":{"line":77,"column":4},"end":{"line":77,"column":4}}]},"6":{"line":99,"type":"if","locations":[{"start":{"line":99,"column":4},"end":{"line":99,"column":4}},{"start":{"line":99,"column":4},"end":{"line":99,"column":4}}]},"7":{"line":100,"type":"if","locations":[{"start":{"line":100,"column":4},"end":{"line":100,"column":4}},{"start":{"line":100,"column":4},"end":{"line":100,"column":4}}]},"8":{"line":105,"type":"if","locations":[{"start":{"line":105,"column":6},"end":{"line":105,"column":6}},{"start":{"line":105,"column":6},"end":{"line":105,"column":6}}]},"9":{"line":146,"type":"if","locations":[{"start":{"line":146,"column":4},"end":{"line":146,"column":4}},{"start":{"line":146,"column":4},"end":{"line":146,"column":4}}]},"10":{"line":147,"type":"if","locations":[{"start":{"line":147,"column":4},"end":{"line":147,"column":4}},{"start":{"line":147,"column":4},"end":{"line":147,"column":4}}]},"11":{"line":171,"type":"if","locations":[{"start":{"line":171,"column":4},"end":{"line":171,"column":4}},{"start":{"line":171,"column":4},"end":{"line":171,"column":4}}]},"12":{"line":183,"type":"if","locations":[{"start":{"line":183,"column":6},"end":{"line":183,"column":6}},{"start":{"line":183,"column":6},"end":{"line":183,"column":6}}]},"13":{"line":209,"type":"if","locations":[{"start":{"line":209,"column":4},"end":{"line":209,"column":4}},{"start":{"line":209,"column":4},"end":{"line":209,"column":4}}]},"14":{"line":210,"type":"if","locations":[{"start":{"line":210,"column":4},"end":{"line":210,"column":4}},{"start":{"line":210,"column":4},"end":{"line":210,"column":4}}]},"15":{"line":211,"type":"if","locations":[{"start":{"line":211,"column":4},"end":{"line":211,"column":4}},{"start":{"line":211,"column":4},"end":{"line":211,"column":4}}]},"16":{"line":214,"type":"if","locations":[{"start":{"line":214,"column":6},"end":{"line":214,"column":6}},{"start":{"line":214,"column":6},"end":{"line":214,"column":6}}]},"17":{"line":215,"type":"if","locations":[{"start":{"line":215,"column":6},"end":{"line":215,"column":6}},{"start":{"line":215,"column":6},"end":{"line":215,"column":6}}]},"18":{"line":270,"type":"if","locations":[{"start":{"line":270,"column":4},"end":{"line":270,"column":4}},{"start":{"line":270,"column":4},"end":{"line":270,"column":4}}]},"19":{"line":320,"type":"if","locations":[{"start":{"line":320,"column":4},"end":{"line":320,"column":4}},{"start":{"line":320,"column":4},"end":{"line":320,"column":4}}]},"20":{"line":405,"type":"if","locations":[{"start":{"line":405,"column":4},"end":{"line":405,"column":4}},{"start":{"line":405,"column":4},"end":{"line":405,"column":4}}]},"21":{"line":412,"type":"if","locations":[{"start":{"line":412,"column":4},"end":{"line":412,"column":4}},{"start":{"line":412,"column":4},"end":{"line":412,"column":4}}]},"22":{"line":418,"type":"if","locations":[{"start":{"line":418,"column":6},"end":{"line":418,"column":6}},{"start":{"line":418,"column":6},"end":{"line":418,"column":6}}]},"23":{"line":420,"type":"if","locations":[{"start":{"line":420,"column":13},"end":{"line":420,"column":13}},{"start":{"line":420,"column":13},"end":{"line":420,"column":13}}]},"24":{"line":439,"type":"if","locations":[{"start":{"line":439,"column":4},"end":{"line":439,"column":4}},{"start":{"line":439,"column":4},"end":{"line":439,"column":4}}]},"25":{"line":442,"type":"if","locations":[{"start":{"line":442,"column":11},"end":{"line":442,"column":11}},{"start":{"line":442,"column":11},"end":{"line":442,"column":11}}]}}},"contracts/facets/Payout.sol":{"l":{"27":5,"28":4,"32":16,"33":15,"41":1,"49":18,"51":18,"52":17,"53":16,"55":15,"59":4,"61":4,"62":3,"63":2,"78":3,"80":3,"81":3,"83":3,"84":5,"87":5,"88":1,"91":5,"93":1,"96":4,"99":4,"101":4,"105":3,"121":15,"122":14,"123":13,"124":12,"125":11,"127":10,"129":10,"130":10,"132":10,"133":10,"134":10,"135":10,"136":10,"138":10,"139":10,"140":9,"142":8,"144":1,"146":1,"148":1,"151":8,"152":8,"153":2,"155":6,"156":2,"158":6,"160":6,"162":2,"166":4,"170":8,"172":1,"174":8,"175":5,"180":3,"181":3,"184":3,"187":3,"189":3,"190":3},"path":"/home/evert/sherlock/sherlock-v1-core/contracts/facets/Payout.sol","s":{"1":5,"2":16,"3":1,"4":18,"5":18,"6":17,"7":16,"8":15,"9":4,"10":4,"11":3,"12":2,"13":3,"14":3,"15":3,"16":3,"17":5,"18":5,"19":1,"20":5,"21":1,"22":4,"23":4,"24":4,"25":3,"26":15,"27":14,"28":13,"29":12,"30":11,"31":10,"32":10,"33":10,"34":10,"35":10,"36":10,"37":10,"38":10,"39":10,"40":10,"41":9,"42":8,"43":1,"44":1,"45":1,"46":8,"47":8,"48":6,"49":2,"50":6,"51":6,"52":2,"53":4,"54":8,"55":1,"56":8,"57":5,"58":3,"59":3,"60":3,"61":3,"62":3,"63":3},"b":{"1":[4,1],"2":[15,1],"3":[17,1],"4":[16,1],"5":[15,1],"6":[3,1],"7":[2,1],"8":[1,4],"9":[1,4],"10":[14,1],"11":[13,1],"12":[12,1],"13":[11,1],"14":[10,1],"15":[9,1],"16":[8,1],"17":[1,7],"18":[2,6],"19":[2,4],"20":[2,4],"21":[1,7],"22":[5,3]},"f":{"1":5,"2":16,"3":1,"4":18,"5":4,"6":3,"7":15},"fnMap":{"1":{"name":"onlyGovMain","line":26,"loc":{"start":{"line":26,"column":2},"end":{"line":29,"column":2}}},"2":{"name":"onlyGovPayout","line":31,"loc":{"start":{"line":31,"column":2},"end":{"line":34,"column":2}}},"3":{"name":"getGovPayout","line":40,"loc":{"start":{"line":40,"column":2},"end":{"line":42,"column":2}}},"4":{"name":"setInitialGovPayout","line":48,"loc":{"start":{"line":48,"column":2},"end":{"line":56,"column":2}}},"5":{"name":"transferGovPayout","line":58,"loc":{"start":{"line":58,"column":2},"end":{"line":64,"column":2}}},"6":{"name":"_doSherX","line":72,"loc":{"start":{"line":72,"column":2},"end":{"line":106,"column":2}}},"7":{"name":"payout","line":115,"loc":{"start":{"line":108,"column":2},"end":{"line":191,"column":2}}}},"statementMap":{"1":{"start":{"line":27,"column":4},"end":{"line":27,"column":65}},"2":{"start":{"line":32,"column":4},"end":{"line":32,"column":69}},"3":{"start":{"line":41,"column":4},"end":{"line":41,"column":39}},"4":{"start":{"line":49,"column":4},"end":{"line":49,"column":54}},"5":{"start":{"line":51,"column":4},"end":{"line":51,"column":63}},"6":{"start":{"line":52,"column":4},"end":{"line":52,"column":48}},"7":{"start":{"line":53,"column":4},"end":{"line":53,"column":53}},"8":{"start":{"line":55,"column":4},"end":{"line":55,"column":28}},"9":{"start":{"line":59,"column":4},"end":{"line":59,"column":54}},"10":{"start":{"line":61,"column":4},"end":{"line":61,"column":48}},"11":{"start":{"line":62,"column":4},"end":{"line":62,"column":50}},"12":{"start":{"line":63,"column":4},"end":{"line":63,"column":28}},"13":{"start":{"line":78,"column":4},"end":{"line":78,"column":52}},"14":{"start":{"line":80,"column":4},"end":{"line":80,"column":92}},"15":{"start":{"line":81,"column":4},"end":{"line":81,"column":22}},"16":{"start":{"line":83,"column":4},"end":{"line":83,"column":2525}},"17":{"start":{"line":84,"column":6},"end":{"line":84,"column":61}},"18":{"start":{"line":87,"column":6},"end":{"line":87,"column":2704}},"19":{"start":{"line":88,"column":8},"end":{"line":88,"column":39}},"20":{"start":{"line":91,"column":6},"end":{"line":91,"column":2800}},"21":{"start":{"line":93,"column":8},"end":{"line":93,"column":55}},"22":{"start":{"line":96,"column":8},"end":{"line":96,"column":62}},"23":{"start":{"line":99,"column":8},"end":{"line":99,"column":86}},"24":{"start":{"line":101,"column":8},"end":{"line":101,"column":50}},"25":{"start":{"line":105,"column":4},"end":{"line":105,"column":52}},"26":{"start":{"line":121,"column":4},"end":{"line":121,"column":54}},"27":{"start":{"line":122,"column":4},"end":{"line":122,"column":57}},"28":{"start":{"line":123,"column":4},"end":{"line":123,"column":63}},"29":{"start":{"line":124,"column":4},"end":{"line":124,"column":57}},"30":{"start":{"line":125,"column":4},"end":{"line":125,"column":66}},"31":{"start":{"line":127,"column":4},"end":{"line":127,"column":25}},"32":{"start":{"line":129,"column":4},"end":{"line":129,"column":33}},"33":{"start":{"line":130,"column":4},"end":{"line":130,"column":22}},"34":{"start":{"line":132,"column":4},"end":{"line":132,"column":4640}},"35":{"start":{"line":133,"column":6},"end":{"line":133,"column":31}},"36":{"start":{"line":134,"column":6},"end":{"line":134,"column":47}},"37":{"start":{"line":135,"column":6},"end":{"line":135,"column":35}},"38":{"start":{"line":136,"column":6},"end":{"line":136,"column":53}},"39":{"start":{"line":138,"column":6},"end":{"line":138,"column":57}},"40":{"start":{"line":139,"column":6},"end":{"line":139,"column":46}},"41":{"start":{"line":140,"column":6},"end":{"line":140,"column":72}},"42":{"start":{"line":142,"column":6},"end":{"line":142,"column":5050}},"43":{"start":{"line":144,"column":8},"end":{"line":144,"column":52}},"44":{"start":{"line":146,"column":8},"end":{"line":146,"column":70}},"45":{"start":{"line":148,"column":8},"end":{"line":148,"column":74}},"46":{"start":{"line":151,"column":6},"end":{"line":151,"column":48}},"47":{"start":{"line":152,"column":6},"end":{"line":152,"column":5606}},"48":{"start":{"line":155,"column":6},"end":{"line":155,"column":5656}},"49":{"start":{"line":156,"column":8},"end":{"line":156,"column":61}},"50":{"start":{"line":158,"column":6},"end":{"line":158,"column":49}},"51":{"start":{"line":160,"column":6},"end":{"line":160,"column":5812}},"52":{"start":{"line":162,"column":8},"end":{"line":162,"column":25}},"53":{"start":{"line":166,"column":8},"end":{"line":166,"column":41}},"54":{"start":{"line":170,"column":4},"end":{"line":170,"column":6163}},"55":{"start":{"line":172,"column":6},"end":{"line":172,"column":55}},"56":{"start":{"line":174,"column":4},"end":{"line":174,"column":6349}},"57":{"start":{"line":175,"column":6},"end":{"line":175,"column":12}},"58":{"start":{"line":180,"column":4},"end":{"line":180,"column":58}},"59":{"start":{"line":181,"column":4},"end":{"line":181,"column":81}},"60":{"start":{"line":184,"column":4},"end":{"line":184,"column":6784}},"61":{"start":{"line":187,"column":4},"end":{"line":187,"column":50}},"62":{"start":{"line":189,"column":4},"end":{"line":189,"column":48}},"63":{"start":{"line":190,"column":4},"end":{"line":190,"column":44}}},"branchMap":{"1":{"line":27,"type":"if","locations":[{"start":{"line":27,"column":4},"end":{"line":27,"column":4}},{"start":{"line":27,"column":4},"end":{"line":27,"column":4}}]},"2":{"line":32,"type":"if","locations":[{"start":{"line":32,"column":4},"end":{"line":32,"column":4}},{"start":{"line":32,"column":4},"end":{"line":32,"column":4}}]},"3":{"line":51,"type":"if","locations":[{"start":{"line":51,"column":4},"end":{"line":51,"column":4}},{"start":{"line":51,"column":4},"end":{"line":51,"column":4}}]},"4":{"line":52,"type":"if","locations":[{"start":{"line":52,"column":4},"end":{"line":52,"column":4}},{"start":{"line":52,"column":4},"end":{"line":52,"column":4}}]},"5":{"line":53,"type":"if","locations":[{"start":{"line":53,"column":4},"end":{"line":53,"column":4}},{"start":{"line":53,"column":4},"end":{"line":53,"column":4}}]},"6":{"line":61,"type":"if","locations":[{"start":{"line":61,"column":4},"end":{"line":61,"column":4}},{"start":{"line":61,"column":4},"end":{"line":61,"column":4}}]},"7":{"line":62,"type":"if","locations":[{"start":{"line":62,"column":4},"end":{"line":62,"column":4}},{"start":{"line":62,"column":4},"end":{"line":62,"column":4}}]},"8":{"line":87,"type":"if","locations":[{"start":{"line":87,"column":6},"end":{"line":87,"column":6}},{"start":{"line":87,"column":6},"end":{"line":87,"column":6}}]},"9":{"line":91,"type":"if","locations":[{"start":{"line":91,"column":6},"end":{"line":91,"column":6}},{"start":{"line":91,"column":6},"end":{"line":91,"column":6}}]},"10":{"line":121,"type":"if","locations":[{"start":{"line":121,"column":4},"end":{"line":121,"column":4}},{"start":{"line":121,"column":4},"end":{"line":121,"column":4}}]},"11":{"line":122,"type":"if","locations":[{"start":{"line":122,"column":4},"end":{"line":122,"column":4}},{"start":{"line":122,"column":4},"end":{"line":122,"column":4}}]},"12":{"line":123,"type":"if","locations":[{"start":{"line":123,"column":4},"end":{"line":123,"column":4}},{"start":{"line":123,"column":4},"end":{"line":123,"column":4}}]},"13":{"line":124,"type":"if","locations":[{"start":{"line":124,"column":4},"end":{"line":124,"column":4}},{"start":{"line":124,"column":4},"end":{"line":124,"column":4}}]},"14":{"line":125,"type":"if","locations":[{"start":{"line":125,"column":4},"end":{"line":125,"column":4}},{"start":{"line":125,"column":4},"end":{"line":125,"column":4}}]},"15":{"line":139,"type":"if","locations":[{"start":{"line":139,"column":6},"end":{"line":139,"column":6}},{"start":{"line":139,"column":6},"end":{"line":139,"column":6}}]},"16":{"line":140,"type":"if","locations":[{"start":{"line":140,"column":6},"end":{"line":140,"column":6}},{"start":{"line":140,"column":6},"end":{"line":140,"column":6}}]},"17":{"line":142,"type":"if","locations":[{"start":{"line":142,"column":6},"end":{"line":142,"column":6}},{"start":{"line":142,"column":6},"end":{"line":142,"column":6}}]},"18":{"line":152,"type":"if","locations":[{"start":{"line":152,"column":6},"end":{"line":152,"column":6}},{"start":{"line":152,"column":6},"end":{"line":152,"column":6}}]},"19":{"line":155,"type":"if","locations":[{"start":{"line":155,"column":6},"end":{"line":155,"column":6}},{"start":{"line":155,"column":6},"end":{"line":155,"column":6}}]},"20":{"line":160,"type":"if","locations":[{"start":{"line":160,"column":6},"end":{"line":160,"column":6}},{"start":{"line":160,"column":6},"end":{"line":160,"column":6}}]},"21":{"line":170,"type":"if","locations":[{"start":{"line":170,"column":4},"end":{"line":170,"column":4}},{"start":{"line":170,"column":4},"end":{"line":170,"column":4}}]},"22":{"line":174,"type":"if","locations":[{"start":{"line":174,"column":4},"end":{"line":174,"column":4}},{"start":{"line":174,"column":4},"end":{"line":174,"column":4}}]}}},"contracts/facets/PoolBase.sol":{"l":{"26":2,"30":9,"34":8,"38":8,"42":7,"51":14,"60":119,"64":7,"68":9,"72":7,"80":8,"84":3,"85":3,"89":27,"98":6,"99":6,"103":64,"107":72,"111":23,"120":13,"129":13,"130":13,"131":13,"132":12,"133":7,"135":5,"139":2,"141":3,"143":10,"147":6,"151":57,"160":10,"161":10,"162":1,"164":9,"171":8,"172":8,"176":32,"180":24,"189":7,"190":7,"194":12,"198":4,"202":9,"203":9,"204":1,"206":8,"214":4,"219":42,"223":3,"227":6,"228":6,"229":6,"230":6,"231":2,"233":4,"237":3,"241":6,"242":6,"243":6,"244":6,"245":2,"247":4,"255":8,"257":7,"265":39,"266":38,"267":37,"268":36,"270":35,"271":34,"280":9,"281":7,"282":6,"283":5,"285":4,"287":4,"288":1,"291":4,"292":2,"296":23,"297":22,"299":21,"300":19,"301":19,"304":4,"305":4,"307":4,"310":19,"314":19,"318":6,"319":5,"321":5,"322":3,"324":2,"328":1,"329":1,"337":6,"338":5,"340":5,"341":4,"343":3,"347":1,"348":1,"356":17,"357":16,"358":15,"359":15,"360":13,"362":12,"363":11,"367":10,"369":10,"370":10,"371":10,"372":10,"376":3,"377":2,"387":15,"388":14,"390":13,"391":11,"396":10,"397":10,"398":7,"400":3,"404":8,"405":1,"406":1,"410":8,"411":4,"412":4,"416":8,"418":8,"419":8,"421":8,"422":2,"423":2,"428":734,"429":734,"434":734,"435":734,"438":734},"path":"/home/evert/sherlock/sherlock-v1-core/contracts/facets/PoolBase.sol","s":{"1":2,"2":9,"3":8,"4":8,"5":7,"6":14,"7":119,"8":7,"9":9,"10":7,"11":8,"12":3,"13":3,"14":27,"15":6,"16":6,"17":64,"18":72,"19":23,"20":13,"21":13,"22":13,"23":13,"24":12,"25":5,"26":3,"27":10,"28":6,"29":57,"30":10,"31":10,"32":1,"33":9,"34":8,"35":8,"36":32,"37":24,"38":7,"39":7,"40":12,"41":4,"42":9,"43":9,"44":1,"45":8,"46":4,"47":42,"48":3,"49":6,"50":6,"51":6,"52":6,"53":2,"54":4,"55":3,"56":6,"57":6,"58":6,"59":6,"60":2,"61":4,"62":8,"63":7,"64":39,"65":38,"66":37,"67":36,"68":35,"69":34,"70":9,"71":7,"72":6,"73":5,"74":4,"75":4,"76":1,"77":4,"78":2,"79":23,"80":22,"81":21,"82":19,"83":19,"84":4,"85":4,"86":4,"87":19,"88":19,"89":6,"90":5,"91":5,"92":3,"93":2,"94":1,"95":6,"96":5,"97":5,"98":4,"99":3,"100":1,"101":17,"102":16,"103":15,"104":15,"105":13,"106":12,"107":11,"108":10,"109":10,"110":10,"111":10,"112":3,"113":2,"114":15,"115":14,"116":13,"117":11,"118":10,"119":10,"120":7,"121":3,"122":8,"123":1,"124":8,"125":4,"126":8,"127":8,"128":8,"129":8,"130":2,"131":734,"132":734,"133":734,"134":734},"b":{"1":[7,5],"2":[2,3],"3":[1,9],"4":[1,8],"5":[2,4],"6":[2,4],"7":[7,1],"8":[38,1],"9":[37,1],"10":[35,1],"11":[7,2],"12":[6,1],"13":[5,1],"14":[1,3],"15":[22,1],"16":[4,15],"17":[2,1],"18":[1,1],"19":[3,1],"20":[1,2],"21":[15,1],"22":[12,1],"23":[11,1],"24":[10,1],"25":[14,1],"26":[13,1],"27":[10,1],"28":[7,3],"29":[6,1],"30":[2,1],"31":[1,7],"32":[4,4],"33":[2,6],"34":[723,11]},"f":{"1":2,"2":9,"3":8,"4":8,"5":7,"6":14,"7":119,"8":7,"9":9,"10":7,"11":8,"12":3,"13":27,"14":6,"15":64,"16":72,"17":23,"18":13,"19":13,"20":6,"21":57,"22":10,"23":8,"24":32,"25":24,"26":7,"27":12,"28":4,"29":9,"30":4,"31":42,"32":3,"33":6,"34":3,"35":6,"36":8,"37":39,"38":9,"39":23,"40":6,"41":6,"42":17,"43":3,"44":15,"45":734,"46":734},"fnMap":{"1":{"name":"getCooldownFee","line":25,"loc":{"start":{"line":25,"column":2},"end":{"line":27,"column":2}}},"2":{"name":"getSherXWeight","line":29,"loc":{"start":{"line":29,"column":2},"end":{"line":31,"column":2}}},"3":{"name":"getGovPool","line":33,"loc":{"start":{"line":33,"column":2},"end":{"line":35,"column":2}}},"4":{"name":"isPremium","line":37,"loc":{"start":{"line":37,"column":2},"end":{"line":39,"column":2}}},"5":{"name":"isStake","line":41,"loc":{"start":{"line":41,"column":2},"end":{"line":43,"column":2}}},"6":{"name":"getProtocolBalance","line":45,"loc":{"start":{"line":45,"column":2},"end":{"line":52,"column":2}}},"7":{"name":"getProtocolPremium","line":54,"loc":{"start":{"line":54,"column":2},"end":{"line":61,"column":2}}},"8":{"name":"getLockToken","line":63,"loc":{"start":{"line":63,"column":2},"end":{"line":65,"column":2}}},"9":{"name":"isProtocol","line":67,"loc":{"start":{"line":67,"column":2},"end":{"line":69,"column":2}}},"10":{"name":"getProtocols","line":71,"loc":{"start":{"line":71,"column":2},"end":{"line":73,"column":2}}},"11":{"name":"getUnstakeEntry","line":75,"loc":{"start":{"line":75,"column":2},"end":{"line":81,"column":2}}},"12":{"name":"getTotalAccruedDebt","line":83,"loc":{"start":{"line":83,"column":2},"end":{"line":86,"column":2}}},"13":{"name":"getFirstMoneyOut","line":88,"loc":{"start":{"line":88,"column":2},"end":{"line":90,"column":2}}},"14":{"name":"getAccruedDebt","line":92,"loc":{"start":{"line":92,"column":2},"end":{"line":100,"column":2}}},"15":{"name":"getTotalPremiumPerBlock","line":102,"loc":{"start":{"line":102,"column":2},"end":{"line":104,"column":2}}},"16":{"name":"getPremiumLastPaid","line":106,"loc":{"start":{"line":106,"column":2},"end":{"line":108,"column":2}}},"17":{"name":"getSherXUnderlying","line":110,"loc":{"start":{"line":110,"column":2},"end":{"line":112,"column":2}}},"18":{"name":"getUnstakeEntrySize","line":114,"loc":{"start":{"line":114,"column":2},"end":{"line":121,"column":2}}},"19":{"name":"getInitialUnstakeEntry","line":123,"loc":{"start":{"line":123,"column":2},"end":{"line":144,"column":2}}},"20":{"name":"getUnactivatedStakersPoolBalance","line":146,"loc":{"start":{"line":146,"column":2},"end":{"line":148,"column":2}}},"21":{"name":"getStakersPoolBalance","line":150,"loc":{"start":{"line":150,"column":2},"end":{"line":152,"column":2}}},"22":{"name":"getStakerPoolBalance","line":154,"loc":{"start":{"line":154,"column":2},"end":{"line":168,"column":2}}},"23":{"name":"getTotalUnmintedSherX","line":170,"loc":{"start":{"line":170,"column":2},"end":{"line":173,"column":2}}},"24":{"name":"getUnallocatedSherXStored","line":175,"loc":{"start":{"line":175,"column":2},"end":{"line":177,"column":2}}},"25":{"name":"getUnallocatedSherXTotal","line":179,"loc":{"start":{"line":179,"column":2},"end":{"line":181,"column":2}}},"26":{"name":"getUnallocatedSherXFor","line":183,"loc":{"start":{"line":183,"column":2},"end":{"line":191,"column":2}}},"27":{"name":"getTotalSherXPerBlock","line":193,"loc":{"start":{"line":193,"column":2},"end":{"line":195,"column":2}}},"28":{"name":"getSherXPerBlock","line":197,"loc":{"start":{"line":197,"column":2},"end":{"line":199,"column":2}}},"29":{"name":"getSherXPerBlock","line":201,"loc":{"start":{"line":201,"column":2},"end":{"line":210,"column":2}}},"30":{"name":"getSherXPerBlock","line":212,"loc":{"start":{"line":212,"column":2},"end":{"line":216,"column":2}}},"31":{"name":"getSherXLastAccrued","line":218,"loc":{"start":{"line":218,"column":2},"end":{"line":220,"column":2}}},"32":{"name":"LockToTokenXRate","line":222,"loc":{"start":{"line":222,"column":2},"end":{"line":224,"column":2}}},"33":{"name":"LockToToken","line":226,"loc":{"start":{"line":226,"column":2},"end":{"line":234,"column":2}}},"34":{"name":"TokenToLockXRate","line":236,"loc":{"start":{"line":236,"column":2},"end":{"line":238,"column":2}}},"35":{"name":"TokenToLock","line":240,"loc":{"start":{"line":240,"column":2},"end":{"line":248,"column":2}}},"36":{"name":"setCooldownFee","line":254,"loc":{"start":{"line":254,"column":2},"end":{"line":258,"column":2}}},"37":{"name":"depositProtocolBalance","line":260,"loc":{"start":{"line":260,"column":2},"end":{"line":272,"column":2}}},"38":{"name":"withdrawProtocolBalance","line":274,"loc":{"start":{"line":274,"column":2},"end":{"line":293,"column":2}}},"39":{"name":"activateCooldown","line":295,"loc":{"start":{"line":295,"column":2},"end":{"line":315,"column":2}}},"40":{"name":"cancelCooldown","line":317,"loc":{"start":{"line":317,"column":2},"end":{"line":330,"column":2}}},"41":{"name":"unstakeWindowExpiry","line":332,"loc":{"start":{"line":332,"column":2},"end":{"line":349,"column":2}}},"42":{"name":"unstake","line":351,"loc":{"start":{"line":351,"column":2},"end":{"line":373,"column":2}}},"43":{"name":"payOffDebtAll","line":375,"loc":{"start":{"line":375,"column":2},"end":{"line":378,"column":2}}},"44":{"name":"cleanProtocol","line":380,"loc":{"start":{"line":380,"column":2},"end":{"line":425,"column":2}}},"45":{"name":"baseData","line":427,"loc":{"start":{"line":427,"column":2},"end":{"line":430,"column":2}}},"46":{"name":"bps","line":432,"loc":{"start":{"line":432,"column":2},"end":{"line":442,"column":2}}}},"statementMap":{"1":{"start":{"line":26,"column":4},"end":{"line":26,"column":41}},"2":{"start":{"line":30,"column":4},"end":{"line":30,"column":33}},"3":{"start":{"line":34,"column":4},"end":{"line":34,"column":29}},"4":{"start":{"line":38,"column":4},"end":{"line":38,"column":30}},"5":{"start":{"line":42,"column":4},"end":{"line":42,"column":28}},"6":{"start":{"line":51,"column":4},"end":{"line":51,"column":48}},"7":{"start":{"line":60,"column":4},"end":{"line":60,"column":48}},"8":{"start":{"line":64,"column":4},"end":{"line":64,"column":31}},"9":{"start":{"line":68,"column":4},"end":{"line":68,"column":43}},"10":{"start":{"line":72,"column":4},"end":{"line":72,"column":31}},"11":{"start":{"line":80,"column":4},"end":{"line":80,"column":50}},"12":{"start":{"line":84,"column":4},"end":{"line":84,"column":13}},"13":{"start":{"line":85,"column":4},"end":{"line":85,"column":46}},"14":{"start":{"line":89,"column":4},"end":{"line":89,"column":35}},"15":{"start":{"line":98,"column":4},"end":{"line":98,"column":13}},"16":{"start":{"line":99,"column":4},"end":{"line":99,"column":49}},"17":{"start":{"line":103,"column":4},"end":{"line":103,"column":42}},"18":{"start":{"line":107,"column":4},"end":{"line":107,"column":42}},"19":{"start":{"line":111,"column":4},"end":{"line":111,"column":37}},"20":{"start":{"line":120,"column":4},"end":{"line":120,"column":52}},"21":{"start":{"line":129,"column":4},"end":{"line":129,"column":44}},"22":{"start":{"line":130,"column":4},"end":{"line":130,"column":48}},"23":{"start":{"line":131,"column":4},"end":{"line":131,"column":3490}},"24":{"start":{"line":132,"column":6},"end":{"line":132,"column":3564}},"25":{"start":{"line":135,"column":6},"end":{"line":135,"column":3653}},"26":{"start":{"line":141,"column":6},"end":{"line":141,"column":14}},"27":{"start":{"line":143,"column":4},"end":{"line":143,"column":44}},"28":{"start":{"line":147,"column":4},"end":{"line":147,"column":34}},"29":{"start":{"line":151,"column":4},"end":{"line":151,"column":43}},"30":{"start":{"line":160,"column":4},"end":{"line":160,"column":44}},"31":{"start":{"line":161,"column":4},"end":{"line":161,"column":4345}},"32":{"start":{"line":162,"column":6},"end":{"line":162,"column":14}},"33":{"start":{"line":164,"column":4},"end":{"line":164,"column":4413}},"34":{"start":{"line":171,"column":4},"end":{"line":171,"column":13}},"35":{"start":{"line":172,"column":4},"end":{"line":172,"column":48}},"36":{"start":{"line":176,"column":4},"end":{"line":176,"column":38}},"37":{"start":{"line":180,"column":4},"end":{"line":180,"column":87}},"38":{"start":{"line":189,"column":4},"end":{"line":189,"column":13}},"39":{"start":{"line":190,"column":4},"end":{"line":190,"column":56}},"40":{"start":{"line":194,"column":4},"end":{"line":194,"column":86}},"41":{"start":{"line":198,"column":4},"end":{"line":198,"column":47}},"42":{"start":{"line":202,"column":4},"end":{"line":202,"column":44}},"43":{"start":{"line":203,"column":4},"end":{"line":203,"column":5705}},"44":{"start":{"line":204,"column":6},"end":{"line":204,"column":14}},"45":{"start":{"line":206,"column":4},"end":{"line":206,"column":5773}},"46":{"start":{"line":214,"column":4},"end":{"line":214,"column":6139}},"47":{"start":{"line":219,"column":4},"end":{"line":219,"column":38}},"48":{"start":{"line":223,"column":4},"end":{"line":223,"column":38}},"49":{"start":{"line":227,"column":4},"end":{"line":227,"column":44}},"50":{"start":{"line":228,"column":4},"end":{"line":228,"column":46}},"51":{"start":{"line":229,"column":4},"end":{"line":229,"column":50}},"52":{"start":{"line":230,"column":4},"end":{"line":230,"column":6667}},"53":{"start":{"line":231,"column":6},"end":{"line":231,"column":22}},"54":{"start":{"line":233,"column":4},"end":{"line":233,"column":46}},"55":{"start":{"line":237,"column":4},"end":{"line":237,"column":38}},"56":{"start":{"line":241,"column":4},"end":{"line":241,"column":44}},"57":{"start":{"line":242,"column":4},"end":{"line":242,"column":46}},"58":{"start":{"line":243,"column":4},"end":{"line":243,"column":50}},"59":{"start":{"line":244,"column":4},"end":{"line":244,"column":7166}},"60":{"start":{"line":245,"column":6},"end":{"line":245,"column":19}},"61":{"start":{"line":247,"column":4},"end":{"line":247,"column":46}},"62":{"start":{"line":255,"column":4},"end":{"line":255,"column":65}},"63":{"start":{"line":257,"column":4},"end":{"line":257,"column":40}},"64":{"start":{"line":265,"column":4},"end":{"line":265,"column":33}},"65":{"start":{"line":266,"column":4},"end":{"line":266,"column":68}},"66":{"start":{"line":267,"column":4},"end":{"line":267,"column":44}},"67":{"start":{"line":268,"column":4},"end":{"line":268,"column":50}},"68":{"start":{"line":270,"column":4},"end":{"line":270,"column":62}},"69":{"start":{"line":271,"column":4},"end":{"line":271,"column":77}},"70":{"start":{"line":280,"column":4},"end":{"line":280,"column":77}},"71":{"start":{"line":281,"column":4},"end":{"line":281,"column":33}},"72":{"start":{"line":282,"column":4},"end":{"line":282,"column":47}},"73":{"start":{"line":283,"column":4},"end":{"line":283,"column":44}},"74":{"start":{"line":285,"column":4},"end":{"line":285,"column":32}},"75":{"start":{"line":287,"column":4},"end":{"line":287,"column":8390}},"76":{"start":{"line":288,"column":6},"end":{"line":288,"column":44}},"77":{"start":{"line":291,"column":4},"end":{"line":291,"column":42}},"78":{"start":{"line":292,"column":4},"end":{"line":292,"column":77}},"79":{"start":{"line":296,"column":4},"end":{"line":296,"column":33}},"80":{"start":{"line":297,"column":4},"end":{"line":297,"column":44}},"81":{"start":{"line":299,"column":4},"end":{"line":299,"column":68}},"82":{"start":{"line":300,"column":4},"end":{"line":300,"column":69}},"83":{"start":{"line":301,"column":4},"end":{"line":301,"column":8931}},"84":{"start":{"line":304,"column":6},"end":{"line":304,"column":93}},"85":{"start":{"line":305,"column":6},"end":{"line":305,"column":57}},"86":{"start":{"line":307,"column":6},"end":{"line":307,"column":42}},"87":{"start":{"line":310,"column":4},"end":{"line":310,"column":9264}},"88":{"start":{"line":314,"column":4},"end":{"line":314,"column":51}},"89":{"start":{"line":318,"column":4},"end":{"line":318,"column":44}},"90":{"start":{"line":319,"column":4},"end":{"line":319,"column":48}},"91":{"start":{"line":321,"column":4},"end":{"line":321,"column":81}},"92":{"start":{"line":322,"column":4},"end":{"line":322,"column":63}},"93":{"start":{"line":324,"column":4},"end":{"line":324,"column":9762}},"94":{"start":{"line":329,"column":4},"end":{"line":329,"column":55}},"95":{"start":{"line":337,"column":4},"end":{"line":337,"column":44}},"96":{"start":{"line":338,"column":4},"end":{"line":338,"column":48}},"97":{"start":{"line":340,"column":4},"end":{"line":340,"column":79}},"98":{"start":{"line":341,"column":4},"end":{"line":341,"column":63}},"99":{"start":{"line":343,"column":4},"end":{"line":343,"column":10351}},"100":{"start":{"line":348,"column":4},"end":{"line":348,"column":53}},"101":{"start":{"line":356,"column":4},"end":{"line":356,"column":44}},"102":{"start":{"line":357,"column":4},"end":{"line":357,"column":47}},"103":{"start":{"line":358,"column":4},"end":{"line":358,"column":48}},"104":{"start":{"line":359,"column":4},"end":{"line":359,"column":81}},"105":{"start":{"line":360,"column":4},"end":{"line":360,"column":63}},"106":{"start":{"line":362,"column":4},"end":{"line":362,"column":98}},"107":{"start":{"line":363,"column":4},"end":{"line":363,"column":11156}},"108":{"start":{"line":367,"column":4},"end":{"line":367,"column":87}},"109":{"start":{"line":369,"column":4},"end":{"line":369,"column":48}},"110":{"start":{"line":371,"column":4},"end":{"line":371,"column":50}},"111":{"start":{"line":372,"column":4},"end":{"line":372,"column":41}},"112":{"start":{"line":376,"column":4},"end":{"line":376,"column":13}},"113":{"start":{"line":377,"column":4},"end":{"line":377,"column":32}},"114":{"start":{"line":387,"column":4},"end":{"line":387,"column":65}},"115":{"start":{"line":388,"column":4},"end":{"line":388,"column":47}},"116":{"start":{"line":390,"column":4},"end":{"line":390,"column":44}},"117":{"start":{"line":391,"column":4},"end":{"line":391,"column":54}},"118":{"start":{"line":396,"column":4},"end":{"line":396,"column":60}},"119":{"start":{"line":397,"column":4},"end":{"line":397,"column":12370}},"120":{"start":{"line":398,"column":6},"end":{"line":398,"column":66}},"121":{"start":{"line":400,"column":6},"end":{"line":400,"column":72}},"122":{"start":{"line":404,"column":4},"end":{"line":404,"column":12632}},"123":{"start":{"line":405,"column":6},"end":{"line":405,"column":79}},"124":{"start":{"line":410,"column":4},"end":{"line":410,"column":12858}},"125":{"start":{"line":411,"column":6},"end":{"line":411,"column":66}},"126":{"start":{"line":416,"column":4},"end":{"line":416,"column":63}},"127":{"start":{"line":418,"column":4},"end":{"line":418,"column":21}},"128":{"start":{"line":419,"column":4},"end":{"line":419,"column":35}},"129":{"start":{"line":421,"column":4},"end":{"line":421,"column":13281}},"130":{"start":{"line":422,"column":6},"end":{"line":422,"column":89}},"131":{"start":{"line":428,"column":4},"end":{"line":428,"column":29}},"132":{"start":{"line":429,"column":4},"end":{"line":429,"column":53}},"133":{"start":{"line":434,"column":4},"end":{"line":434,"column":33}},"134":{"start":{"line":435,"column":4},"end":{"line":435,"column":35}}},"branchMap":{"1":{"line":132,"type":"if","locations":[{"start":{"line":132,"column":6},"end":{"line":132,"column":6}},{"start":{"line":132,"column":6},"end":{"line":132,"column":6}}]},"2":{"line":135,"type":"if","locations":[{"start":{"line":135,"column":6},"end":{"line":135,"column":6}},{"start":{"line":135,"column":6},"end":{"line":135,"column":6}}]},"3":{"line":161,"type":"if","locations":[{"start":{"line":161,"column":4},"end":{"line":161,"column":4}},{"start":{"line":161,"column":4},"end":{"line":161,"column":4}}]},"4":{"line":203,"type":"if","locations":[{"start":{"line":203,"column":4},"end":{"line":203,"column":4}},{"start":{"line":203,"column":4},"end":{"line":203,"column":4}}]},"5":{"line":230,"type":"if","locations":[{"start":{"line":230,"column":4},"end":{"line":230,"column":4}},{"start":{"line":230,"column":4},"end":{"line":230,"column":4}}]},"6":{"line":244,"type":"if","locations":[{"start":{"line":244,"column":4},"end":{"line":244,"column":4}},{"start":{"line":244,"column":4},"end":{"line":244,"column":4}}]},"7":{"line":255,"type":"if","locations":[{"start":{"line":255,"column":4},"end":{"line":255,"column":4}},{"start":{"line":255,"column":4},"end":{"line":255,"column":4}}]},"8":{"line":265,"type":"if","locations":[{"start":{"line":265,"column":4},"end":{"line":265,"column":4}},{"start":{"line":265,"column":4},"end":{"line":265,"column":4}}]},"9":{"line":266,"type":"if","locations":[{"start":{"line":266,"column":4},"end":{"line":266,"column":4}},{"start":{"line":266,"column":4},"end":{"line":266,"column":4}}]},"10":{"line":268,"type":"if","locations":[{"start":{"line":268,"column":4},"end":{"line":268,"column":4}},{"start":{"line":268,"column":4},"end":{"line":268,"column":4}}]},"11":{"line":280,"type":"if","locations":[{"start":{"line":280,"column":4},"end":{"line":280,"column":4}},{"start":{"line":280,"column":4},"end":{"line":280,"column":4}}]},"12":{"line":281,"type":"if","locations":[{"start":{"line":281,"column":4},"end":{"line":281,"column":4}},{"start":{"line":281,"column":4},"end":{"line":281,"column":4}}]},"13":{"line":282,"type":"if","locations":[{"start":{"line":282,"column":4},"end":{"line":282,"column":4}},{"start":{"line":282,"column":4},"end":{"line":282,"column":4}}]},"14":{"line":287,"type":"if","locations":[{"start":{"line":287,"column":4},"end":{"line":287,"column":4}},{"start":{"line":287,"column":4},"end":{"line":287,"column":4}}]},"15":{"line":296,"type":"if","locations":[{"start":{"line":296,"column":4},"end":{"line":296,"column":4}},{"start":{"line":296,"column":4},"end":{"line":296,"column":4}}]},"16":{"line":301,"type":"if","locations":[{"start":{"line":301,"column":4},"end":{"line":301,"column":4}},{"start":{"line":301,"column":4},"end":{"line":301,"column":4}}]},"17":{"line":322,"type":"if","locations":[{"start":{"line":322,"column":4},"end":{"line":322,"column":4}},{"start":{"line":322,"column":4},"end":{"line":322,"column":4}}]},"18":{"line":324,"type":"if","locations":[{"start":{"line":324,"column":4},"end":{"line":324,"column":4}},{"start":{"line":324,"column":4},"end":{"line":324,"column":4}}]},"19":{"line":341,"type":"if","locations":[{"start":{"line":341,"column":4},"end":{"line":341,"column":4}},{"start":{"line":341,"column":4},"end":{"line":341,"column":4}}]},"20":{"line":343,"type":"if","locations":[{"start":{"line":343,"column":4},"end":{"line":343,"column":4}},{"start":{"line":343,"column":4},"end":{"line":343,"column":4}}]},"21":{"line":357,"type":"if","locations":[{"start":{"line":357,"column":4},"end":{"line":357,"column":4}},{"start":{"line":357,"column":4},"end":{"line":357,"column":4}}]},"22":{"line":360,"type":"if","locations":[{"start":{"line":360,"column":4},"end":{"line":360,"column":4}},{"start":{"line":360,"column":4},"end":{"line":360,"column":4}}]},"23":{"line":362,"type":"if","locations":[{"start":{"line":362,"column":4},"end":{"line":362,"column":4}},{"start":{"line":362,"column":4},"end":{"line":362,"column":4}}]},"24":{"line":363,"type":"if","locations":[{"start":{"line":363,"column":4},"end":{"line":363,"column":4}},{"start":{"line":363,"column":4},"end":{"line":363,"column":4}}]},"25":{"line":387,"type":"if","locations":[{"start":{"line":387,"column":4},"end":{"line":387,"column":4}},{"start":{"line":387,"column":4},"end":{"line":387,"column":4}}]},"26":{"line":388,"type":"if","locations":[{"start":{"line":388,"column":4},"end":{"line":388,"column":4}},{"start":{"line":388,"column":4},"end":{"line":388,"column":4}}]},"27":{"line":391,"type":"if","locations":[{"start":{"line":391,"column":4},"end":{"line":391,"column":4}},{"start":{"line":391,"column":4},"end":{"line":391,"column":4}}]},"28":{"line":397,"type":"if","locations":[{"start":{"line":397,"column":4},"end":{"line":397,"column":4}},{"start":{"line":397,"column":4},"end":{"line":397,"column":4}}]},"29":{"line":398,"type":"if","locations":[{"start":{"line":398,"column":6},"end":{"line":398,"column":6}},{"start":{"line":398,"column":6},"end":{"line":398,"column":6}}]},"30":{"line":400,"type":"if","locations":[{"start":{"line":400,"column":6},"end":{"line":400,"column":6}},{"start":{"line":400,"column":6},"end":{"line":400,"column":6}}]},"31":{"line":404,"type":"if","locations":[{"start":{"line":404,"column":4},"end":{"line":404,"column":4}},{"start":{"line":404,"column":4},"end":{"line":404,"column":4}}]},"32":{"line":410,"type":"if","locations":[{"start":{"line":410,"column":4},"end":{"line":410,"column":4}},{"start":{"line":410,"column":4},"end":{"line":410,"column":4}}]},"33":{"line":421,"type":"if","locations":[{"start":{"line":421,"column":4},"end":{"line":421,"column":4}},{"start":{"line":421,"column":4},"end":{"line":421,"column":4}}]},"34":{"line":429,"type":"if","locations":[{"start":{"line":429,"column":4},"end":{"line":429,"column":4}},{"start":{"line":429,"column":4},"end":{"line":429,"column":4}}]}}},"contracts/facets/PoolDevOnly.sol":{"l":{"20":2,"21":1},"path":"/home/evert/sherlock/sherlock-v1-core/contracts/facets/PoolDevOnly.sol","s":{"1":2,"2":1},"b":{"1":[1,1]},"f":{"1":2},"fnMap":{"1":{"name":"stake","line":15,"loc":{"start":{"line":15,"column":2},"end":{"line":22,"column":2}}}},"statementMap":{"1":{"start":{"line":20,"column":4},"end":{"line":20,"column":64}},"2":{"start":{"line":21,"column":4},"end":{"line":21,"column":45}}},"branchMap":{"1":{"line":20,"type":"if","locations":[{"start":{"line":20,"column":4},"end":{"line":20,"column":4}},{"start":{"line":20,"column":4},"end":{"line":20,"column":4}}]}}},"contracts/facets/PoolOpen.sol":{"l":{"24":37,"32":38,"33":37,"34":36,"35":35,"36":33,"38":32,"42":36,"43":36,"48":36,"49":36,"52":36},"path":"/home/evert/sherlock/sherlock-v1-core/contracts/facets/PoolOpen.sol","s":{"1":37,"2":38,"3":37,"4":36,"5":35,"6":33,"7":32,"8":36,"9":36,"10":36,"11":36},"b":{"1":[37,1],"2":[36,1],"3":[33,2],"4":[35,1]},"f":{"1":37,"2":38,"3":36,"4":36},"fnMap":{"1":{"name":"stake","line":19,"loc":{"start":{"line":19,"column":2},"end":{"line":25,"column":2}}},"2":{"name":"_stake","line":27,"loc":{"start":{"line":27,"column":2},"end":{"line":39,"column":2}}},"3":{"name":"baseData","line":41,"loc":{"start":{"line":41,"column":2},"end":{"line":44,"column":2}}},"4":{"name":"bps","line":46,"loc":{"start":{"line":46,"column":2},"end":{"line":56,"column":2}}}},"statementMap":{"1":{"start":{"line":24,"column":4},"end":{"line":24,"column":45}},"2":{"start":{"line":32,"column":4},"end":{"line":32,"column":33}},"3":{"start":{"line":33,"column":4},"end":{"line":33,"column":47}},"4":{"start":{"line":34,"column":4},"end":{"line":34,"column":44}},"5":{"start":{"line":35,"column":4},"end":{"line":35,"column":34}},"6":{"start":{"line":36,"column":4},"end":{"line":36,"column":62}
[...]
Map":{},"branchMap":{}},"contracts/interfaces/aaveV2/IGovernanceV2Helper.sol":{"l":{},"path":"/home/evert/sherlock/sherlock-v1-core/contracts/interfaces/aaveV2/IGovernanceV2Helper.sol","s":{},"b":{},"f":{},"fnMap":{},"statementMap":{},"branchMap":{}},"contracts/interfaces/aaveV2/ILendingPool.sol":{"l":{},"path":"/home/evert/sherlock/sherlock-v1-core/contracts/interfaces/aaveV2/ILendingPool.sol","s":{},"b":{},"f":{},"fnMap":{},"statementMap":{},"branchMap":{}},"contracts/interfaces/aaveV2/ILendingPoolAddressesProvider.sol":{"l":{},"path":"/home/evert/sherlock/sherlock-v1-core/contracts/interfaces/aaveV2/ILendingPoolAddressesProvider.sol","s":{},"b":{},"f":{},"fnMap":{},"statementMap":{},"branchMap":{}},"contracts/interfaces/aaveV2/IProposalValidator.sol":{"l":{},"path":"/home/evert/sherlock/sherlock-v1-core/contracts/interfaces/aaveV2/IProposalValidator.sol","s":{},"b":{},"f":{},"fnMap":{},"statementMap":{},"branchMap":{}},"contracts/interfaces/aaveV2/IStakeAave.sol":{"l":{},"path":"/home/evert/sherlock/sherlock-v1-core/contracts/interfaces/aaveV2/IStakeAave.sol","s":{},"b":{},"f":{},"fnMap":{},"statementMap":{},"branchMap":{}},"contracts/interfaces/aaveV2/MockAave.sol":{"l":{},"path":"/home/evert/sherlock/sherlock-v1-core/contracts/interfaces/aaveV2/MockAave.sol","s":{},"b":{},"f":{},"fnMap":{},"statementMap":{},"branchMap":{}},"contracts/interfaces/IGov.sol":{"l":{},"path":"/home/evert/sherlock/sherlock-v1-core/contracts/interfaces/IGov.sol","s":{},"b":{},"f":{},"fnMap":{},"statementMap":{},"branchMap":{}},"contracts/interfaces/IGovDev.sol":{"l":{},"path":"/home/evert/sherlock/sherlock-v1-core/contracts/interfaces/IGovDev.sol","s":{},"b":{},"f":{},"fnMap":{},"statementMap":{},"branchMap":{}},"contracts/interfaces/ILock.sol":{"l":{},"path":"/home/evert/sherlock/sherlock-v1-core/contracts/interfaces/ILock.sol","s":{},"b":{},"f":{},"fnMap":{},"statementMap":{},"branchMap":{}},"contracts/interfaces/IManager.sol":{"l":{},"path":"/home/evert/sherlock/sherlock-v1-core/contracts/interfaces/IManager.sol","s":{},"b":{},"f":{},"fnMap":{},"statementMap":{},"branchMap":{}},"contracts/interfaces/IPayout.sol":{"l":{},"path":"/home/evert/sherlock/sherlock-v1-core/contracts/interfaces/IPayout.sol","s":{},"b":{},"f":{},"fnMap":{},"statementMap":{},"branchMap":{}},"contracts/interfaces/IPoolBase.sol":{"l":{},"path":"/home/evert/sherlock/sherlock-v1-core/contracts/interfaces/IPoolBase.sol","s":{},"b":{},"f":{},"fnMap":{},"statementMap":{},"branchMap":{}},"contracts/interfaces/IPoolStake.sol":{"l":{},"path":"/home/evert/sherlock/sherlock-v1-core/contracts/interfaces/IPoolStake.sol","s":{},"b":{},"f":{},"fnMap":{},"statementMap":{},"branchMap":{}},"contracts/interfaces/IPoolStrategy.sol":{"l":{},"path":"/home/evert/sherlock/sherlock-v1-core/contracts/interfaces/IPoolStrategy.sol","s":{},"b":{},"f":{},"fnMap":{},"statementMap":{},"branchMap":{}},"contracts/interfaces/IRemove.sol":{"l":{},"path":"/home/evert/sherlock/sherlock-v1-core/contracts/interfaces/IRemove.sol","s":{},"b":{},"f":{},"fnMap":{},"statementMap":{},"branchMap":{}},"contracts/interfaces/ISherlock.sol":{"l":{},"path":"/home/evert/sherlock/sherlock-v1-core/contracts/interfaces/ISherlock.sol","s":{},"b":{},"f":{},"fnMap":{},"statementMap":{},"branchMap":{}},"contracts/interfaces/ISherX.sol":{"l":{},"path":"/home/evert/sherlock/sherlock-v1-core/contracts/interfaces/ISherX.sol","s":{},"b":{},"f":{},"fnMap":{},"statementMap":{},"branchMap":{}},"contracts/interfaces/ISherXERC20.sol":{"l":{},"path":"/home/evert/sherlock/sherlock-v1-core/contracts/interfaces/ISherXERC20.sol","s":{},"b":{},"f":{},"fnMap":{},"statementMap":{},"branchMap":{}},"contracts/interfaces/IStrategy.sol":{"l":{},"path":"/home/evert/sherlock/sherlock-v1-core/contracts/interfaces/IStrategy.sol","s":{},"b":{},"f":{},"fnMap":{},"statementMap":{},"branchMap":{}},"contracts/libraries/LibPool.sol":{"l":{"22":85,"24":85,"25":6,"28":85,"32":16,"33":16,"37":64,"38":64,"42":56,"43":56,"44":56,"54":57,"56":57,"57":57,"58":57,"59":33,"62":24,"64":24,"72":42,"73":42,"75":40,"78":2,"80":42,"81":42,"85":127,"86":127,"88":127,"89":127,"90":166,"93":127,"94":127,"102":166,"103":166,"111":182,"119":64},"path":"/home/evert/sherlock/sherlock-v1-core/contracts/libraries/LibPool.sol","s":{"1":85,"2":85,"3":6,"4":85,"5":16,"6":16,"7":64,"8":64,"9":56,"10":56,"11":56,"12":57,"13":57,"14":57,"15":57,"16":33,"17":24,"18":24,"19":42,"20":42,"21":40,"22":2,"23":42,"24":42,"25":127,"26":127,"27":127,"28":127,"29":166,"30":127,"31":127,"32":166,"33":166,"34":182,"35":64},"b":{"1":[6,79],"2":[33,24],"3":[40,2]},"f":{"1":85,"2":16,"3":64,"4":56,"5":57,"6":42,"7":127,"8":166,"9":182,"10":64},"fnMap":{"1":{"name":"stakeBalance","line":21,"loc":{"start":{"line":21,"column":2},"end":{"line":29,"column":2}}},"2":{"name":"accruedDebt","line":31,"loc":{"start":{"line":31,"column":2},"end":{"line":34,"column":2}}},"3":{"name":"getTotalAccruedDebt","line":36,"loc":{"start":{"line":36,"column":2},"end":{"line":39,"column":2}}},"4":{"name":"getTotalUnmintedSherX","line":41,"loc":{"start":{"line":41,"column":2},"end":{"line":47,"column":2}}},"5":{"name":"getUnallocatedSherXFor","line":49,"loc":{"start":{"line":49,"column":2},"end":{"line":65,"column":2}}},"6":{"name":"stake","line":67,"loc":{"start":{"line":67,"column":2},"end":{"line":82,"column":2}}},"7":{"name":"payOffDebtAll","line":84,"loc":{"start":{"line":84,"column":2},"end":{"line":95,"column":2}}},"8":{"name":"_payOffDebt","line":97,"loc":{"start":{"line":97,"column":2},"end":{"line":104,"column":2}}},"9":{"name":"_accruedDebt","line":106,"loc":{"start":{"line":106,"column":2},"end":{"line":112,"column":2}}},"10":{"name":"_getTotalAccruedDebt","line":114,"loc":{"start":{"line":114,"column":2},"end":{"line":120,"column":2}}}},"statementMap":{"1":{"start":{"line":22,"column":4},"end":{"line":22,"column":37}},"2":{"start":{"line":24,"column":4},"end":{"line":24,"column":833}},"3":{"start":{"line":25,"column":6},"end":{"line":25,"column":51}},"4":{"start":{"line":28,"column":4},"end":{"line":28,"column":40}},"5":{"start":{"line":32,"column":4},"end":{"line":32,"column":56}},"6":{"start":{"line":33,"column":4},"end":{"line":33,"column":81}},"7":{"start":{"line":37,"column":4},"end":{"line":37,"column":56}},"8":{"start":{"line":38,"column":4},"end":{"line":38,"column":78}},"9":{"start":{"line":42,"column":4},"end":{"line":42,"column":56}},"10":{"start":{"line":43,"column":4},"end":{"line":43,"column":52}},"11":{"start":{"line":44,"column":4},"end":{"line":44,"column":1641}},"12":{"start":{"line":54,"column":4},"end":{"line":54,"column":56}},"13":{"start":{"line":56,"column":4},"end":{"line":56,"column":54}},"14":{"start":{"line":57,"column":4},"end":{"line":57,"column":52}},"15":{"start":{"line":58,"column":4},"end":{"line":58,"column":2068}},"16":{"start":{"line":59,"column":6},"end":{"line":59,"column":14}},"17":{"start":{"line":62,"column":4},"end":{"line":62,"column":2199}},"18":{"start":{"line":64,"column":4},"end":{"line":64,"column":61}},"19":{"start":{"line":72,"column":4},"end":{"line":72,"column":50}},"20":{"start":{"line":73,"column":4},"end":{"line":73,"column":2483}},"21":{"start":{"line":75,"column":6},"end":{"line":75,"column":18}},"22":{"start":{"line":78,"column":6},"end":{"line":78,"column":56}},"23":{"start":{"line":80,"column":4},"end":{"line":80,"column":49}},"24":{"start":{"line":81,"column":4},"end":{"line":81,"column":37}},"25":{"start":{"line":85,"column":4},"end":{"line":85,"column":56}},"26":{"start":{"line":86,"column":4},"end":{"line":86,"column":62}},"27":{"start":{"line":88,"column":4},"end":{"line":88,"column":28}},"28":{"start":{"line":89,"column":4},"end":{"line":89,"column":2978}},"29":{"start":{"line":90,"column":6},"end":{"line":90,"column":86}},"30":{"start":{"line":93,"column":4},"end":{"line":93,"column":64}},"31":{"start":{"line":94,"column":4},"end":{"line":94,"column":49}},"32":{"start":{"line":102,"column":4},"end":{"line":102,"column":46}},"33":{"start":{"line":103,"column":4},"end":{"line":103,"column":74}},"34":{"start":{"line":111,"column":4},"end":{"line":111,"column":53}},"35":{"start":{"line":119,"column":4},"end":{"line":119,"column":47}}},"branchMap":{"1":{"line":24,"type":"if","locations":[{"start":{"line":24,"column":4},"end":{"line":24,"column":4}},{"start":{"line":24,"column":4},"end":{"line":24,"column":4}}]},"2":{"line":58,"type":"if","locations":[{"start":{"line":58,"column":4},"end":{"line":58,"column":4}},{"start":{"line":58,"column":4},"end":{"line":58,"column":4}}]},"3":{"line":73,"type":"if","locations":[{"start":{"line":73,"column":4},"end":{"line":73,"column":4}},{"start":{"line":73,"column":4},"end":{"line":73,"column":4}}]}}},"contracts/libraries/LibSherX.sol":{"l":{"19":100,"20":100,"26":3,"27":3,"28":3,"29":3,"33":5,"34":5,"35":5,"41":51,"42":51,"53":25,"55":25,"56":25,"58":25,"60":25,"61":56,"62":56,"64":56,"65":46,"66":46,"70":10,"76":70,"77":70,"78":70,"79":12,"84":1,"85":1,"90":108,"91":108,"92":108,"93":108,"94":108,"95":169,"97":108,"98":12,"101":108,"105":109,"107":109,"116":109,"117":109,"118":88,"120":21,"124":239,"125":239,"130":239,"131":239,"132":214,"134":25,"135":1,"137":24,"138":24},"path":"/home/evert/sherlock/sherlock-v1-core/contracts/libraries/LibSherX.sol","s":{"1":100,"2":100,"3":3,"4":3,"5":3,"6":3,"7":5,"8":5,"9":5,"10":51,"11":51,"12":25,"13":25,"14":25,"15":25,"16":25,"17":56,"18":56,"19":56,"20":46,"21":46,"22":10,"23":70,"24":70,"25":70,"26":12,"27":1,"28":1,"29":108,"30":108,"31":108,"32":108,"33":108,"34":169,"35":108,"36":12,"37":108,"38":109,"39":109,"40":109,"41":109,"42":88,"43":21,"44":239,"45":239,"46":239,"47":239,"48":214,"49":25,"50":1,"51":24,"52":24},"b":{"1":[46,10],"2":[12,58],"3":[12,96],"4":[88,21],"5":[214,25],"6":[1,24]},"f":{"1":100,"2":3,"3":5,"4":51,"5":25,"6":70,"7":1,"8":108,"9":109,"10":239},"fnMap":{"1":{"name":"viewAccrueUSDPool","line":18,"loc":{"start":{"line":18,"column":2},"end":{"line":23,"column":2}}},"2":{"name":"accrueUSDPool","line":25,"loc":{"start":{"line":25,"column":2},"end":{"line":30,"column":2}}},"3":{"name":"settleInternalSupply","line":32,"loc":{"start":{"line":32,"column":2},"end":{"line":36,"column":2}}},"4":{"name":"getTotalSherX","line":38,"loc":{"start":{"line":38,"column":2},"end":{"line":46,"column":2}}},"5":{"name":"calcUnderlying","line":48,"loc":{"start":{"line":48,"column":2},"end":{"line":73,"column":2}}},"6":{"name":"accrueSherX","line":75,"loc":{"start":{"line":75,"column":2},"end":{"line":81,"column":2}}},"7":{"name":"accrueSherXWatsons","line":83,"loc":{"start":{"line":83,"column":2},"end":{"line":86,"column":2}}},"8":{"name":"accrueSherX","line":88,"loc":{"start":{"line":88,"column":2},"end":{"line":102,"column":2}}},"9":{"name":"_accrueSherXWatsons","line":104,"loc":{"start":{"line":104,"column":2},"end":{"line":121,"column":2}}},"10":{"name":"_accrueSherX","line":123,"loc":{"start":{"line":123,"column":2},"end":{"line":140,"column":2}}}},"statementMap":{"1":{"start":{"line":19,"column":4},"end":{"line":19,"column":52}},"2":{"start":{"line":20,"column":4},"end":{"line":20,"column":663}},"3":{"start":{"line":26,"column":4},"end":{"line":26,"column":52}},"4":{"start":{"line":27,"column":4},"end":{"line":27,"column":37}},"5":{"start":{"line":28,"column":4},"end":{"line":28,"column":33}},"6":{"start":{"line":29,"column":4},"end":{"line":29,"column":40}},"7":{"start":{"line":33,"column":4},"end":{"line":33,"column":52}},"8":{"start":{"line":34,"column":4},"end":{"line":34,"column":56}},"9":{"start":{"line":35,"column":4},"end":{"line":35,"column":47}},"10":{"start":{"line":41,"column":4},"end":{"line":41,"column":52}},"11":{"start":{"line":42,"column":4},"end":{"line":42,"column":1532}},"12":{"start":{"line":53,"column":4},"end":{"line":53,"column":48}},"13":{"start":{"line":55,"column":4},"end":{"line":55,"column":47}},"14":{"start":{"line":56,"column":4},"end":{"line":56,"column":49}},"15":{"start":{"line":58,"column":4},"end":{"line":58,"column":35}},"16":{"start":{"line":60,"column":4},"end":{"line":60,"column":1990}},"17":{"start":{"line":61,"column":6},"end":{"line":61,"column":38}},"18":{"start":{"line":62,"column":6},"end":{"line":62,"column":22}},"19":{"start":{"line":64,"column":6},"end":{"line":64,"column":2114}},"20":{"start":{"line":65,"column":8},"end":{"line":65,"column":59}},"21":{"start":{"line":66,"column":8},"end":{"line":66,"column":2202}},"22":{"start":{"line":70,"column":8},"end":{"line":70,"column":21}},"23":{"start":{"line":76,"column":4},"end":{"line":76,"column":52}},"24":{"start":{"line":77,"column":4},"end":{"line":77,"column":58}},"25":{"start":{"line":78,"column":4},"end":{"line":78,"column":2538}},"26":{"start":{"line":79,"column":6},"end":{"line":79,"column":45}},"27":{"start":{"line":84,"column":4},"end":{"line":84,"column":52}},"28":{"start":{"line":85,"column":4},"end":{"line":85,"column":40}},"29":{"start":{"line":90,"column":4},"end":{"line":90,"column":52}},"30":{"start":{"line":91,"column":4},"end":{"line":91,"column":48}},"31":{"start":{"line":92,"column":4},"end":{"line":92,"column":44}},"32":{"start":{"line":93,"column":4},"end":{"line":93,"column":17}},"33":{"start":{"line":94,"column":4},"end":{"line":94,"column":3056}},"34":{"start":{"line":95,"column":6},"end":{"line":95,"column":71}},"35":{"start":{"line":97,"column":4},"end":{"line":97,"column":3191}},"36":{"start":{"line":98,"column":6},"end":{"line":98,"column":45}},"37":{"start":{"line":101,"column":4},"end":{"line":101,"column":37}},"38":{"start":{"line":105,"column":4},"end":{"line":105,"column":48}},"39":{"start":{"line":107,"column":4},"end":{"line":107,"column":3447}},"40":{"start":{"line":116,"column":4},"end":{"line":116,"column":52}},"41":{"start":{"line":117,"column":4},"end":{"line":117,"column":3823}},"42":{"start":{"line":118,"column":6},"end":{"line":118,"column":12}},"43":{"start":{"line":120,"column":4},"end":{"line":120,"column":47}},"44":{"start":{"line":124,"column":4},"end":{"line":124,"column":56}},"45":{"start":{"line":125,"column":4},"end":{"line":125,"column":4074}},"46":{"start":{"line":130,"column":4},"end":{"line":130,"column":45}},"47":{"start":{"line":131,"column":4},"end":{"line":131,"column":4402}},"48":{"start":{"line":132,"column":6},"end":{"line":132,"column":14}},"49":{"start":{"line":134,"column":4},"end":{"line":134,"column":4446}},"50":{"start":{"line":135,"column":6},"end":{"line":135,"column":49}},"51":{"start":{"line":137,"column":6},"end":{"line":137,"column":57}},"52":{"start":{"line":138,"column":6},"end":{"line":138,"column":39}}},"branchMap":{"1":{"line":64,"type":"if","locations":[{"start":{"line":64,"column":6},"end":{"line":64,"column":6}},{"start":{"line":64,"column":6},"end":{"line":64,"column":6}}]},"2":{"line":78,"type":"if","locations":[{"start":{"line":78,"column":4},"end":{"line":78,"column":4}},{"start":{"line":78,"column":4},"end":{"line":78,"column":4}}]},"3":{"line":97,"type":"if","locations":[{"start":{"line":97,"column":4},"end":{"line":97,"column":4}},{"start":{"line":97,"column":4},"end":{"line":97,"column":4}}]},"4":{"line":117,"type":"if","locations":[{"start":{"line":117,"column":4},"end":{"line":117,"column":4}},{"start":{"line":117,"column":4},"end":{"line":117,"column":4}}]},"5":{"line":131,"type":"if","locations":[{"start":{"line":131,"column":4},"end":{"line":131,"column":4}},{"start":{"line":131,"column":4},"end":{"line":131,"column":4}}]},"6":{"line":134,"type":"if","locations":[{"start":{"line":134,"column":4},"end":{"line":134,"column":4}},{"start":{"line":134,"column":4},"end":{"line":134,"column":4}}]}}},"contracts/libraries/LibSherXERC20.sol":{"l":{"22":45,"24":45,"25":45,"26":45,"30":6,"32":6,"33":5,"34":5,"42":5,"43":5},"path":"/home/evert/sherlock/sherlock-v1-core/contracts/libraries/LibSherXERC20.sol","s":{"1":45,"2":45,"3":45,"4":45,"5":6,"6":6,"7":5,"8":5,"9":5,"10":5},"b":{},"f":{"1":45,"2":6,"3":5},"fnMap":{"1":{"name":"mint","line":21,"loc":{"start":{"line":21,"column":2},"end":{"line":27,"column":2}}},"2":{"name":"burn","line":29,"loc":{"start":{"line":29,"column":2},"end":{"line":35,"column":2}}},"3":{"name":"approve","line":37,"loc":{"start":{"line":37,"column":2},"end":{"line":44,"column":2}}}},"statementMap":{"1":{"start":{"line":22,"column":4},"end":{"line":22,"column":66}},"2":{"start":{"line":24,"column":4},"end":{"line":24,"column":55}},"3":{"start":{"line":25,"column":4},"end":{"line":25,"column":51}},"4":{"start":{"line":26,"column":4},"end":{"line":26,"column":43}},"5":{"start":{"line":30,"column":4},"end":{"line":30,"column":66}},"6":{"start":{"line":32,"column":4},"end":{"line":32,"column":59}},"7":{"start":{"line":33,"column":4},"end":{"line":33,"column":51}},"8":{"start":{"line":34,"column":4},"end":{"line":34,"column":45}},"9":{"start":{"line":42,"column":4},"end":{"line":42,"column":60}},"10":{"start":{"line":43,"column":4},"end":{"line":43,"column":15}}},"branchMap":{}},"contracts/NativeLock.sol":{"l":{"21":126,"22":126,"26":57,"30":43,"34":14},"path":"/home/evert/sherlock/sherlock-v1-core/contracts/NativeLock.sol","s":{"1":126,"2":126,"3":57,"4":43,"5":14},"b":{},"f":{"1":126,"2":57,"3":43,"4":14},"fnMap":{"1":{"name":"constructor","line":20,"loc":{"start":{"line":16,"column":2},"end":{"line":23,"column":2}}},"2":{"name":"getOwner","line":25,"loc":{"start":{"line":25,"column":2},"end":{"line":27,"column":2}}},"3":{"name":"mint","line":29,"loc":{"start":{"line":29,"column":2},"end":{"line":31,"column":2}}},"4":{"name":"burn","line":33,"loc":{"start":{"line":33,"column":2},"end":{"line":35,"column":2}}}},"statementMap":{"1":{"start":{"line":21,"column":4},"end":{"line":21,"column":40}},"2":{"start":{"line":22,"column":4},"end":{"line":22,"column":25}},"3":{"start":{"line":26,"column":4},"end":{"line":26,"column":18}},"4":{"start":{"line":30,"column":4},"end":{"line":30,"column":27}},"5":{"start":{"line":34,"column":4},"end":{"line":34,"column":27}}},"branchMap":{}},"contracts/storage/GovStorage.sol":{"l":{"42":1321,"43":1321},"path":"/home/evert/sherlock/sherlock-v1-core/contracts/storage/GovStorage.sol","s":{"1":1321},"b":{},"f":{"1":1321},"fnMap":{"1":{"name":"gs","line":41,"loc":{"start":{"line":41,"column":2},"end":{"line":46,"column":2}}}},"statementMap":{"1":{"start":{"line":42,"column":4},"end":{"line":42,"column":43}}},"branchMap":{}},"contracts/storage/PayoutStorage.sol":{"l":{"17":39,"18":39},"path":"/home/evert/sherlock/sherlock-v1-core/contracts/storage/PayoutStorage.sol","s":{"1":39},"b":{},"f":{"1":39},"fnMap":{"1":{"name":"ps","line":16,"loc":{"start":{"line":16,"column":2},"end":{"line":21,"column":2}}}},"statementMap":{"1":{"start":{"line":17,"column":4},"end":{"line":17,"column":46}}},"branchMap":{}},"contracts/storage/PoolStorage.sol":{"l":{"87":1910,"88":1910},"path":"/home/evert/sherlock/sherlock-v1-core/contracts/storage/PoolStorage.sol","s":{"1":1910},"b":{},"f":{"1":1910},"fnMap":{"1":{"name":"ps","line":86,"loc":{"start":{"line":86,"column":2},"end":{"line":91,"column":2}}}},"statementMap":{"1":{"start":{"line":87,"column":4},"end":{"line":87,"column":73}}},"branchMap":{}},"contracts/storage/SherXERC20Storage.sol":{"l":{"23":287,"24":287},"path":"/home/evert/sherlock/sherlock-v1-core/contracts/storage/SherXERC20Storage.sol","s":{"1":287},"b":{},"f":{"1":287},"fnMap":{"1":{"name":"sx20","line":22,"loc":{"start":{"line":22,"column":2},"end":{"line":27,"column":2}}}},"statementMap":{"1":{"start":{"line":23,"column":4},"end":{"line":23,"column":51}}},"branchMap":{}},"contracts/storage/SherXStorage.sol":{"l":{"25":1010,"26":1010},"path":"/home/evert/sherlock/sherlock-v1-core/contracts/storage/SherXStorage.sol","s":{"1":1010},"b":{},"f":{"1":1010},"fnMap":{"1":{"name":"sx","line":24,"loc":{"start":{"line":24,"column":2},"end":{"line":29,"column":2}}}},"statementMap":{"1":{"start":{"line":25,"column":4},"end":{"line":25,"column":45}}},"branchMap":{}},"contracts/util/Import.sol":{"l":{},"path":"/home/evert/sherlock/sherlock-v1-core/contracts/util/Import.sol","s":{},"b":{},"f":{},"fnMap":{},"statementMap":{},"branchMap":{}}}