TN:
SF:script/CreateFakeBoredApeYachtClub.s.sol
FN:11,FakeBoredApeYachtClub.mint
FNDA:0,FakeBoredApeYachtClub.mint
DA:12,0
FN:15,FakeBoredApeYachtClub.tokenURI
FNDA:0,FakeBoredApeYachtClub.tokenURI
DA:16,0
FN:21,CreateFakeBoredApeYachtClubScript.setUp
FNDA:0,CreateFakeBoredApeYachtClubScript.setUp
FN:23,CreateFakeBoredApeYachtClubScript.run
FNDA:0,CreateFakeBoredApeYachtClubScript.run
DA:24,0
DA:26,0
DA:27,0
DA:29,0
DA:30,0
DA:31,0
DA:32,0
DA:33,0
DA:34,0
FNF:4
FNH:0
LF:11
LH:0
BRF:0
BRH:0
end_of_record
TN:
SF:script/CreateFakeWrappedPunks.s.sol
FN:21,CreateFakeWrappedPunksScript.setUp
FNDA:0,CreateFakeWrappedPunksScript.setUp
FN:23,CreateFakeWrappedPunksScript.run
FNDA:0,CreateFakeWrappedPunksScript.run
DA:24,0
DA:26,0
DA:27,0
DA:29,0
DA:30,0
DA:31,0
DA:32,0
DA:33,0
DA:34,0
FN:11,FakeWrappedPunks.mint
FNDA:0,FakeWrappedPunks.mint
DA:12,0
FN:15,FakeWrappedPunks.tokenURI
FNDA:0,FakeWrappedPunks.tokenURI
DA:16,0
FNF:4
FNH:0
LF:11
LH:0
BRF:0
BRH:0
end_of_record
TN:
SF:script/CreatePair.s.sol
FN:14,CreatePairScript.setUp
FNDA:0,CreatePairScript.setUp
FN:16,CreatePairScript.run
FNDA:0,CreatePairScript.run
DA:17,0
DA:19,0
DA:20,0
DA:22,0
FN:25,CreatePairScript.create
FNDA:4,CreatePairScript.create
DA:27,4
DA:30,4
DA:31,4
DA:32,4
DA:33,4
DA:35,4
FN:38,CreatePairScript.generateMerkleRoot
FNDA:0,CreatePairScript.generateMerkleRoot
DA:39,4
DA:41,4
DA:42,4
DA:43,4
DA:45,4
DA:46,4
DA:48,4
FN:51,CreatePairScript.generateMerkleProofs
FNDA:6,CreatePairScript.generateMerkleProofs
DA:55,6
DA:57,6
DA:58,6
DA:59,27
DA:60,27
DA:61,27
DA:62,27
DA:64,27
DA:65,27
DA:66,27
DA:69,6
FNF:5
FNH:2
LF:28
LH:24
BRF:0
BRH:0
end_of_record
TN:
SF:script/Deploy.s.sol
FN:12,DeployScript.setUp
FNDA:0,DeployScript.setUp
FN:14,DeployScript.run
FNDA:0,DeployScript.run
DA:15,0
DA:17,0
DA:19,0
FNF:2
FNH:0
LF:3
LH:0
BRF:0
BRH:0
end_of_record
TN:
SF:src/Caviar.sol
FN:36,Caviar.create
FNDA:266,Caviar.create
DA:38,266
BRDA:38,0,0,1
BRDA:38,0,1,265
DA:41,265
DA:42,265
DA:43,265
DA:44,265
DA:45,265
DA:48,265
DA:50,265
FN:57,Caviar.destroy
FNDA:265,Caviar.destroy
DA:59,265
BRDA:59,1,0,1
BRDA:59,1,1,264
DA:62,264
DA:64,264
FNF:2
FNH:2
LF:11
LH:11
BRF:4
BRH:4
end_of_record
TN:
SF:src/LpToken.sol
FN:19,LpToken.mint
FNDA:1044,LpToken.mint
DA:20,1044
FN:26,LpToken.burn
FNDA:523,LpToken.burn
DA:27,523
FNF:2
FNH:2
LF:2
LH:2
BRF:0
BRH:0
end_of_record
TN:
SF:src/Pair.sol
FN:66,Pair.add
FNDA:1043,Pair.add
DA:74,1052
BRDA:74,0,0,2
BRDA:74,0,1,1050
DA:77,1050
DA:80,1050
BRDA:80,1,0,4
BRDA:80,1,1,1046
DA:83,1046
BRDA:83,2,0,2
BRDA:83,2,1,1044
DA:88,1044
DA:93,1044
DA:96,1044
BRDA:96,3,0,1041
BRDA:96,3,1,1044
DA:98,1041
DA:101,1044
FN:110,Pair.remove
FNDA:520,Pair.remove
DA:115,527
DA:120,527
BRDA:120,4,0,2
BRDA:120,4,1,525
DA:123,525
BRDA:123,5,0,2
BRDA:123,5,1,523
DA:128,523
DA:133,523
DA:135,523
BRDA:135,6,0,1
BRDA:135,6,1,522
DA:137,1
DA:140,522
DA:143,523
FN:150,Pair.buy
FNDA:521,Pair.buy
DA:152,527
DA:157,527
BRDA:157,7,0,2
BRDA:157,7,1,525
DA:160,525
BRDA:160,8,0,2
BRDA:160,8,1,523
DA:165,523
DA:169,523
BRDA:169,9,0,1
BRDA:169,9,1,2
DA:171,2
DA:172,2
BRDA:172,10,0,1
BRDA:172,10,1,2
DA:175,521
DA:178,523
FN:185,Pair.sell
FNDA:262,Pair.sell
DA:187,268
DA:192,268
BRDA:192,11,0,2
BRDA:192,11,1,266
DA:197,266
DA:201,266
BRDA:201,12,0,1
BRDA:201,12,1,265
DA:203,1
DA:206,265
DA:209,266
FN:219,Pair.wrap
FNDA:3,Pair.wrap
DA:223,18
BRDA:223,13,0,-
BRDA:223,13,1,18
DA:228,18
DA:229,18
DA:234,18
DA:235,91
DA:238,18
FN:244,Pair.unwrap
FNDA:3,Pair.unwrap
DA:248,13
DA:249,13
DA:254,13
DA:255,45
DA:258,13
FN:271,Pair.nftAdd
FNDA:9,Pair.nftAdd
DA:277,9
DA:278,9
DA:279,9
FN:289,Pair.nftRemove
FNDA:7,Pair.nftRemove
DA:295,7
DA:296,7
DA:298,5
FN:306,Pair.nftBuy
FNDA:6,Pair.nftBuy
DA:311,6
DA:312,6
DA:313,5
FN:321,Pair.nftSell
FNDA:6,Pair.nftSell
DA:325,6
DA:326,6
DA:327,6
FN:337,Pair.close
FNDA:7,Pair.close
DA:338,7
BRDA:338,14,0,1
BRDA:338,14,1,6
DA:340,6
DA:343,6
DA:345,6
FN:353,Pair.withdraw
FNDA:5,Pair.withdraw
DA:354,5
BRDA:354,15,0,1
BRDA:354,15,1,4
DA:355,4
BRDA:355,16,0,1
BRDA:355,16,1,3
DA:356,3
BRDA:356,17,0,1
BRDA:356,17,1,2
DA:359,2
DA:361,2
FN:368,Pair.baseTokenReserves
FNDA:514,Pair.baseTokenReserves
DA:369,2614
FN:372,Pair.fractionalTokenReserves
FNDA:786,Pair.fractionalTokenReserves
DA:373,2887
FN:379,Pair.price
FNDA:1,Pair.price
DA:380,1
FN:387,Pair.buyQuote
FNDA:256,Pair.buyQuote
DA:388,783
FN:395,Pair.sellQuote
FNDA:0,Pair.sellQuote
DA:396,268
FN:405,Pair.addQuote
FNDA:0,Pair.addQuote
DA:406,1050
DA:407,1050
BRDA:407,18,0,261
BRDA:407,18,1,789
DA:408,261
DA:409,261
DA:412,261
DA:413,261
DA:414,261
DA:417,789
FN:426,Pair.removeQuote
FNDA:0,Pair.removeQuote
DA:427,527
DA:428,527
DA:429,527
DA:431,527
FN:438,Pair._transferFrom
FNDA:2356,Pair._transferFrom
DA:439,2356
DA:444,2356
DA:447,2356
DA:449,2356
FN:454,Pair._validateTokenIds
FNDA:28,Pair._validateTokenIds
DA:456,28
BRDA:456,19,0,6
BRDA:456,19,1,28
DA:459,6
DA:460,27
DA:461,27
BRDA:461,20,0,-
BRDA:461,20,1,27
FN:468,Pair._baseTokenReserves
FNDA:2615,Pair._baseTokenReserves
DA:469,2615
FNF:22
FNH:19
LF:92
LH:92
BRF:42
BRH:40
end_of_record
TN:
SF:src/lib/SafeERC20Namer.sol
FN:10,SafeERC20Namer.bytes32ToString
FNDA:0,SafeERC20Namer.bytes32ToString
DA:11,0
DA:12,0
DA:13,0
DA:14,0
DA:15,0
BRDA:15,0,0,-
BRDA:15,0,1,-
DA:16,0
DA:17,0
DA:21,0
DA:22,0
DA:23,0
DA:26,0
FN:30,SafeERC20Namer.parseStringData
FNDA:0,SafeERC20Namer.parseStringData
DA:31,0
DA:33,0
DA:34,0
DA:35,0
DA:38,0
DA:39,0
DA:40,0
DA:43,0
FN:48,SafeERC20Namer.addressToName
FNDA:0,SafeERC20Namer.addressToName
DA:49,0
FN:54,SafeERC20Namer.addressToSymbol
FNDA:0,SafeERC20Namer.addressToSymbol
DA:55,0
FN:59,SafeERC20Namer.callAndParseStringReturn
FNDA:0,SafeERC20Namer.callAndParseStringReturn
DA:60,0
DA:62,0
BRDA:62,1,0,-
BRDA:62,1,1,-
DA:63,0
DA:66,0
BRDA:66,2,0,-
BRDA:66,2,1,-
DA:67,0
DA:68,0
DA:69,0
BRDA:69,3,0,-
BRDA:69,3,1,-
DA:70,0
DA:72,0
FN:76,SafeERC20Namer.tokenSymbol
FNDA:0,SafeERC20Namer.tokenSymbol
DA:78,0
DA:79,0
BRDA:79,4,0,-
BRDA:79,4,1,-
DA:81,0
DA:83,0
FN:87,SafeERC20Namer.tokenName
FNDA:0,SafeERC20Namer.tokenName
DA:89,0
DA:90,0
BRDA:90,5,0,-
BRDA:90,5,1,-
DA:92,0
DA:95,0
FNF:7
FNH:0
LF:38
LH:0
BRF:12
BRH:0
end_of_record
TN:
SF:test/shared/mocks/MockERC721.sol
FN:11,MockERC721.mint
FNDA:16,MockERC721.mint
DA:12,16
FN:15,MockERC721.tokenURI
FNDA:0,MockERC721.tokenURI
DA:16,0
FNF:2
FNH:1
LF:2
LH:1
BRF:0
BRH:0
end_of_record
