{"contracts/core/AccountAccessController.sol":{"l":{"18":8,"22":4,"30":4,"31":4,"35":4,"36":4,"44":47,"45":190,"46":190,"55":6,"56":26,"57":26,"62":22,"66":21,"68":21,"69":11,"70":11,"74":11,"83":84,"92":60,"96":12,"97":12,"101":8,"102":8},"path":"/Users/mlohc137/Projects/prePO/prepo-core-private/contracts/core/AccountAccessController.sol","s":{"1":8,"2":4,"3":4,"4":4,"5":4,"6":47,"7":190,"8":190,"9":6,"10":26,"11":26,"12":22,"13":21,"14":21,"15":11,"16":11,"17":11,"18":84,"19":60,"20":12,"21":12,"22":8},"b":{"1":[21,1],"2":[11,10]},"f":{"1":237,"2":8,"3":4,"4":4,"5":4,"6":47,"7":6,"8":22,"9":11,"10":84,"11":60,"12":12,"13":8},"fnMap":{"1":{"name":"constructor","line":15,"loc":{"start":{"line":15,"column":4},"end":{"line":15,"column":19}}},"2":{"name":"setRoot","line":17,"loc":{"start":{"line":17,"column":4},"end":{"line":19,"column":4}}},"3":{"name":"clearAllowedAccounts","line":21,"loc":{"start":{"line":21,"column":4},"end":{"line":23,"column":4}}},"4":{"name":"setRootAndClearAllowedAccounts","line":28,"loc":{"start":{"line":25,"column":4},"end":{"line":32,"column":4}}},"5":{"name":"clearBlockedAccounts","line":34,"loc":{"start":{"line":34,"column":4},"end":{"line":37,"column":4}}},"6":{"name":"allowAccounts","line":42,"loc":{"start":{"line":39,"column":4},"end":{"line":48,"column":4}}},"7":{"name":"blockAccounts","line":53,"loc":{"start":{"line":50,"column":4},"end":{"line":59,"column":4}}},"8":{"name":"allowSelf","line":61,"loc":{"start":{"line":61,"column":4},"end":{"line":71,"column":4}}},"9":{"name":"getRoot","line":73,"loc":{"start":{"line":73,"column":4},"end":{"line":75,"column":4}}},"10":{"name":"isAccountAllowed","line":77,"loc":{"start":{"line":77,"column":4},"end":{"line":84,"column":4}}},"11":{"name":"isAccountBlocked","line":86,"loc":{"start":{"line":86,"column":4},"end":{"line":93,"column":4}}},"12":{"name":"_setRoot","line":95,"loc":{"start":{"line":95,"column":4},"end":{"line":98,"column":4}}},"13":{"name":"_clearAllowedAccounts","line":100,"loc":{"start":{"line":100,"column":4},"end":{"line":103,"column":4}}}},"statementMap":{"1":{"start":{"line":18,"column":8},"end":{"line":18,"column":25}},"2":{"start":{"line":22,"column":8},"end":{"line":22,"column":30}},"3":{"start":{"line":30,"column":8},"end":{"line":30,"column":25}},"4":{"start":{"line":31,"column":8},"end":{"line":31,"column":30}},"5":{"start":{"line":36,"column":8},"end":{"line":36,"column":58}},"6":{"start":{"line":44,"column":8},"end":{"line":44,"column":1291}},"7":{"start":{"line":45,"column":12},"end":{"line":45,"column":72}},"8":{"start":{"line":46,"column":12},"end":{"line":46,"column":46}},"9":{"start":{"line":55,"column":8},"end":{"line":55,"column":1606}},"10":{"start":{"line":56,"column":12},"end":{"line":56,"column":72}},"11":{"start":{"line":57,"column":12},"end":{"line":57,"column":46}},"12":{"start":{"line":62,"column":8},"end":{"line":62,"column":1876}},"13":{"start":{"line":66,"column":8},"end":{"line":66,"column":63}},"14":{"start":{"line":68,"column":8},"end":{"line":68,"column":73}},"15":{"start":{"line":69,"column":8},"end":{"line":69,"column":65}},"16":{"start":{"line":70,"column":8},"end":{"line":70,"column":39}},"17":{"start":{"line":74,"column":8},"end":{"line":74,"column":20}},"18":{"start":{"line":83,"column":8},"end":{"line":83,"column":64}},"19":{"start":{"line":92,"column":8},"end":{"line":92,"column":64}},"20":{"start":{"line":96,"column":8},"end":{"line":96,"column":23}},"21":{"start":{"line":97,"column":8},"end":{"line":97,"column":31}},"22":{"start":{"line":102,"column":8},"end":{"line":102,"column":58}}},"branchMap":{"1":{"line":62,"type":"if","locations":[{"start":{"line":62,"column":8},"end":{"line":62,"column":8}},{"start":{"line":62,"column":8},"end":{"line":62,"column":8}}]},"2":{"line":68,"type":"if","locations":[{"start":{"line":68,"column":8},"end":{"line":68,"column":8}},{"start":{"line":68,"column":8},"end":{"line":68,"column":8}}]}}},"contracts/core/Collateral.sol":{"l":{"42":252,"43":252,"44":252,"48":252,"49":252,"58":39,"59":38,"60":37,"62":36,"64":36,"65":26,"71":35,"72":35,"73":34,"74":34,"76":34,"77":34,"78":34,"79":34,"80":34,"82":34,"83":34,"84":32,"90":2,"92":34,"93":34,"102":20,"103":19,"104":19,"108":2,"109":2,"119":11,"123":9,"125":9,"129":8,"134":7,"135":7,"144":19,"145":17,"146":11,"148":13,"149":11,"151":11,"153":11,"154":11,"155":11,"157":11,"159":11,"160":9,"168":11,"171":11,"172":9,"173":9,"174":9,"175":9,"179":49,"180":49,"184":49,"185":49,"193":44,"194":43,"195":43,"203":24,"204":24,"212":48,"213":47,"214":47,"222":48,"223":47,"224":47,"232":31,"233":30,"234":30,"242":30,"243":29,"244":29,"248":8,"252":9,"256":1,"260":9,"264":11,"273":1,"282":1,"291":7,"300":18,"304":5,"308":6,"317":2,"318":1,"320":1,"329":2,"330":2,"337":1,"341":1,"345":6},"path":"/Users/mlohc137/Projects/prePO/prepo-core-private/contracts/core/Collateral.sol","s":{"1":252,"2":252,"3":252,"4":252,"5":252,"6":39,"7":38,"8":37,"9":36,"10":36,"11":26,"12":35,"13":35,"14":34,"15":34,"16":34,"17":34,"18":34,"19":34,"20":34,"21":34,"22":34,"23":32,"24":2,"25":34,"26":34,"27":20,"28":19,"29":19,"30":2,"31":2,"32":11,"33":9,"34":9,"35":8,"36":7,"37":7,"38":19,"39":17,"40":11,"41":13,"42":11,"43":11,"44":11,"45":11,"46":11,"47":11,"48":11,"49":9,"50":11,"51":11,"52":9,"53":9,"54":9,"55":9,"56":49,"57":49,"58":49,"59":49,"60":44,"61":43,"62":43,"63":24,"64":24,"65":48,"66":47,"67":47,"68":48,"69":47,"70":47,"71":31,"72":30,"73":30,"74":30,"75":29,"76":29,"77":8,"78":9,"79":1,"80":9,"81":11,"82":1,"83":1,"84":7,"85":18,"86":5,"87":6,"88":2,"89":1,"90":1,"91":2,"92":2,"93":1,"94":1,"95":6},"b":{"1":[38,1],"2":[37,1],"3":[26,10],"4":[34,1],"5":[32,2],"6":[19,1],"7":[9,2],"8":[8,1],"9":[7,1],"10":[17,2],"11":[11,6],"12":[11,2],"13":[9,2],"14":[9,2],"15":[43,1],"16":[47,1],"17":[47,1],"18":[30,1],"19":[29,1],"20":[1,1]},"f":{"1":252,"2":39,"3":20,"4":2,"5":11,"6":19,"7":49,"8":49,"9":44,"10":24,"11":48,"12":48,"13":31,"14":30,"15":8,"16":9,"17":1,"18":9,"19":11,"20":1,"21":1,"22":7,"23":18,"24":5,"25":6,"26":2,"27":2,"28":1,"29":1,"30":6},"fnMap":{"1":{"name":"initialize","line":40,"loc":{"start":{"line":38,"column":4},"end":{"line":50,"column":4}}},"2":{"name":"deposit","line":55,"loc":{"start":{"line":52,"column":4},"end":{"line":94,"column":4}}},"3":{"name":"initiateWithdrawal","line":96,"loc":{"start":{"line":96,"column":4},"end":{"line":105,"column":4}}},"4":{"name":"uninitiateWithdrawal","line":107,"loc":{"start":{"line":107,"column":4},"end":{"line":110,"column":4}}},"5":{"name":"_processDelayedWithdrawal","line":112,"loc":{"start":{"line":112,"column":4},"end":{"line":136,"column":4}}},"6":{"name":"withdraw","line":141,"loc":{"start":{"line":138,"column":4},"end":{"line":176,"column":4}}},"7":{"name":"setDepositsAllowed","line":178,"loc":{"start":{"line":178,"column":4},"end":{"line":181,"column":4}}},"8":{"name":"setWithdrawalsAllowed","line":183,"loc":{"start":{"line":183,"column":4},"end":{"line":186,"column":4}}},"9":{"name":"setStrategyController","line":191,"loc":{"start":{"line":188,"column":4},"end":{"line":196,"column":4}}},"10":{"name":"setDelayedWithdrawalExpiry","line":201,"loc":{"start":{"line":198,"column":4},"end":{"line":205,"column":4}}},"11":{"name":"setMintingFee","line":210,"loc":{"start":{"line":207,"column":4},"end":{"line":215,"column":4}}},"12":{"name":"setRedemptionFee","line":220,"loc":{"start":{"line":217,"column":4},"end":{"line":225,"column":4}}},"13":{"name":"setDepositHook","line":230,"loc":{"start":{"line":227,"column":4},"end":{"line":235,"column":4}}},"14":{"name":"setWithdrawHook","line":240,"loc":{"start":{"line":237,"column":4},"end":{"line":245,"column":4}}},"15":{"name":"getDepositsAllowed","line":247,"loc":{"start":{"line":247,"column":4},"end":{"line":249,"column":4}}},"16":{"name":"getWithdrawalsAllowed","line":251,"loc":{"start":{"line":251,"column":4},"end":{"line":253,"column":4}}},"17":{"name":"getTreasury","line":255,"loc":{"start":{"line":255,"column":4},"end":{"line":257,"column":4}}},"18":{"name":"getMintingFee","line":259,"loc":{"start":{"line":259,"column":4},"end":{"line":261,"column":4}}},"19":{"name":"getRedemptionFee","line":263,"loc":{"start":{"line":263,"column":4},"end":{"line":265,"column":4}}},"20":{"name":"getBaseToken","line":267,"loc":{"start":{"line":267,"column":4},"end":{"line":274,"column":4}}},"21":{"name":"getStrategyController","line":276,"loc":{"start":{"line":276,"column":4},"end":{"line":283,"column":4}}},"22":{"name":"getDelayedWithdrawalExpiry","line":285,"loc":{"start":{"line":285,"column":4},"end":{"line":292,"column":4}}},"23":{"name":"getWithdrawalRequest","line":294,"loc":{"start":{"line":294,"column":4},"end":{"line":301,"column":4}}},"24":{"name":"getDepositHook","line":303,"loc":{"start":{"line":303,"column":4},"end":{"line":305,"column":4}}},"25":{"name":"getWithdrawHook","line":307,"loc":{"start":{"line":307,"column":4},"end":{"line":309,"column":4}}},"26":{"name":"getAmountForShares","line":311,"loc":{"start":{"line":311,"column":4},"end":{"line":321,"column":4}}},"27":{"name":"getSharesForAmount","line":323,"loc":{"start":{"line":323,"column":4},"end":{"line":334,"column":4}}},"28":{"name":"getFeeDenominator","line":336,"loc":{"start":{"line":336,"column":4},"end":{"line":338,"column":4}}},"29":{"name":"getFeeLimit","line":340,"loc":{"start":{"line":340,"column":4},"end":{"line":342,"column":4}}},"30":{"name":"totalAssets","line":344,"loc":{"start":{"line":344,"column":4},"end":{"line":348,"column":4}}}},"statementMap":{"1":{"start":{"line":42,"column":8},"end":{"line":42,"column":33}},"2":{"start":{"line":43,"column":8},"end":{"line":43,"column":41}},"3":{"start":{"line":44,"column":8},"end":{"line":44,"column":1541}},"4":{"start":{"line":48,"column":8},"end":{"line":48,"column":52}},"5":{"start":{"line":49,"column":8},"end":{"line":49,"column":31}},"6":{"start":{"line":58,"column":8},"end":{"line":58,"column":56}},"7":{"start":{"line":59,"column":8},"end":{"line":59,"column":52}},"8":{"start":{"line":60,"column":8},"end":{"line":60,"column":70}},"9":{"start":{"line":62,"column":8},"end":{"line":62,"column":70}},"10":{"start":{"line":64,"column":8},"end":{"line":64,"column":2261}},"11":{"start":{"line":65,"column":12},"end":{"line":65,"column":67}},"12":{"start":{"line":71,"column":8},"end":{"line":71,"column":77}},"13":{"start":{"line":72,"column":8},"end":{"line":72,"column":67}},"14":{"start":{"line":73,"column":8},"end":{"line":73,"column":47}},"15":{"start":{"line":74,"column":8},"end":{"line":74,"column":31}},"16":{"start":{"line":76,"column":8},"end":{"line":76,"column":63}},"17":{"start":{"line":77,"column":8},"end":{"line":77,"column":73}},"18":{"start":{"line":78,"column":8},"end":{"line":78,"column":52}},"19":{"start":{"line":79,"column":8},"end":{"line":79,"column":62}},"20":{"start":{"line":80,"column":8},"end":{"line":80,"column":52}},"21":{"start":{"line":82,"column":8},"end":{"line":82,"column":27}},"22":{"start":{"line":83,"column":8},"end":{"line":83,"column":3130}},"23":{"start":{"line":84,"column":12},"end":{"line":84,"column":37}},"24":{"start":{"line":90,"column":12},"end":{"line":90,"column":72}},"25":{"start":{"line":92,"column":8},"end":{"line":92,"column":33}},"26":{"start":{"line":93,"column":8},"end":{"line":93,"column":22}},"27":{"start":{"line":102,"column":8},"end":{"line":102,"column":72}},"28":{"start":{"line":103,"column":8},"end":{"line":103,"column":63}},"29":{"start":{"line":104,"column":8},"end":{"line":104,"column":73}},"30":{"start":{"line":108,"column":8},"end":{"line":108,"column":57}},"31":{"start":{"line":109,"column":8},"end":{"line":109,"column":62}},"32":{"start":{"line":119,"column":8},"end":{"line":119,"column":4482}},"33":{"start":{"line":123,"column":8},"end":{"line":123,"column":4641}},"34":{"start":{"line":125,"column":8},"end":{"line":125,"column":4722}},"35":{"start":{"line":129,"column":8},"end":{"line":129,"column":4863}},"36":{"start":{"line":134,"column":8},"end":{"line":134,"column":55}},"37":{"start":{"line":135,"column":8},"end":{"line":135,"column":60}},"38":{"start":{"line":144,"column":8},"end":{"line":144,"column":62}},"39":{"start":{"line":145,"column":8},"end":{"line":145,"column":5351}},"40":{"start":{"line":146,"column":12},"end":{"line":146,"column":57}},"41":{"start":{"line":148,"column":8},"end":{"line":148,"column":52}},"42":{"start":{"line":149,"column":8},"end":{"line":149,"column":5538}},"43":{"start":{"line":151,"column":8},"end":{"line":151,"column":33}},"44":{"start":{"line":153,"column":8},"end":{"line":153,"column":68}},"45":{"start":{"line":154,"column":8},"end":{"line":154,"column":57}},"46":{"start":{"line":155,"column":8},"end":{"line":155,"column":67}},"47":{"start":{"line":157,"column":8},"end":{"line":157,"column":65}},"48":{"start":{"line":159,"column":8},"end":{"line":159,"column":5972}},"49":{"start":{"line":160,"column":12},"end":{"line":160,"column":68}},"50":{"start":{"line":168,"column":8},"end":{"line":168,"column":6331}},"51":{"start":{"line":171,"column":8},"end":{"line":171,"column":70}},"52":{"start":{"line":172,"column":8},"end":{"line":172,"column":47}},"53":{"start":{"line":173,"column":8},"end":{"line":173,"column":31}},"54":{"start":{"line":174,"column":8},"end":{"line":174,"column":60}},"55":{"start":{"line":175,"column":8},"end":{"line":175,"column":31}},"56":{"start":{"line":179,"column":8},"end":{"line":179,"column":34}},"57":{"start":{"line":180,"column":8},"end":{"line":180,"column":45}},"58":{"start":{"line":184,"column":8},"end":{"line":184,"column":37}},"59":{"start":{"line":185,"column":8},"end":{"line":185,"column":48}},"60":{"start":{"line":193,"column":8},"end":{"line":193,"column":77}},"61":{"start":{"line":194,"column":8},"end":{"line":194,"column":51}},"62":{"start":{"line":195,"column":8},"end":{"line":195,"column":68}},"63":{"start":{"line":203,"column":8},"end":{"line":203,"column":61}},"64":{"start":{"line":204,"column":8},"end":{"line":204,"column":69}},"65":{"start":{"line":212,"column":8},"end":{"line":212,"column":64}},"66":{"start":{"line":213,"column":8},"end":{"line":213,"column":35}},"67":{"start":{"line":214,"column":8},"end":{"line":214,"column":43}},"68":{"start":{"line":222,"column":8},"end":{"line":222,"column":67}},"69":{"start":{"line":223,"column":8},"end":{"line":223,"column":41}},"70":{"start":{"line":224,"column":8},"end":{"line":224,"column":49}},"71":{"start":{"line":232,"column":8},"end":{"line":232,"column":70}},"72":{"start":{"line":233,"column":8},"end":{"line":233,"column":37}},"73":{"start":{"line":234,"column":8},"end":{"line":234,"column":54}},"74":{"start":{"line":242,"column":8},"end":{"line":242,"column":71}},"75":{"start":{"line":243,"column":8},"end":{"line":243,"column":39}},"76":{"start":{"line":244,"column":8},"end":{"line":244,"column":56}},"77":{"start":{"line":248,"column":8},"end":{"line":248,"column":31}},"78":{"start":{"line":252,"column":8},"end":{"line":252,"column":34}},"79":{"start":{"line":256,"column":8},"end":{"line":256,"column":24}},"80":{"start":{"line":260,"column":8},"end":{"line":260,"column":26}},"81":{"start":{"line":264,"column":8},"end":{"line":264,"column":29}},"82":{"start":{"line":273,"column":8},"end":{"line":273,"column":25}},"83":{"start":{"line":282,"column":8},"end":{"line":282,"column":34}},"84":{"start":{"line":291,"column":8},"end":{"line":291,"column":39}},"85":{"start":{"line":300,"column":8},"end":{"line":300,"column":52}},"86":{"start":{"line":304,"column":8},"end":{"line":304,"column":27}},"87":{"start":{"line":308,"column":8},"end":{"line":308,"column":28}},"88":{"start":{"line":317,"column":8},"end":{"line":317,"column":10393}},"89":{"start":{"line":318,"column":12},"end":{"line":318,"column":26}},"90":{"start":{"line":320,"column":8},"end":{"line":320,"column":56}},"91":{"start":{"line":329,"column":8},"end":{"line":329,"column":44}},"92":{"start":{"line":330,"column":8},"end":{"line":330,"column":10715}},"93":{"start":{"line":337,"column":8},"end":{"line":337,"column":30}},"94":{"start":{"line":341,"column":8},"end":{"line":341,"column":24}},"95":{"start":{"line":345,"column":8},"end":{"line":345,"column":11161}}},"branchMap":{"1":{"line":58,"type":"if","locations":[{"start":{"line":58,"column":8},"end":{"line":58,"column":8}},{"start":{"line":58,"column":8},"end":{"line":58,"column":8}}]},"2":{"line":59,"type":"if","locations":[{"start":{"line":59,"column":8},"end":{"line":59,"column":8}},{"start":{"line":59,"column":8},"end":{"line":59,"column":8}}]},"3":{"line":64,"type":"if","locations":[{"start":{"line":64,"column":8},"end":{"line":64,"column":8}},{"start":{"line":64,"column":8},"end":{"line":64,"column":8}}]},"4":{"line":72,"type":"if","locations":[{"start":{"line":72,"column":8},"end":{"line":72,"column":8}},{"start":{"line":72,"column":8},"end":{"line":72,"column":8}}]},"5":{"line":83,"type":"if","locations":[{"start":{"line":83,"column":8},"end":{"line":83,"column":8}},{"start":{"line":83,"column":8},"end":{"line":83,"column":8}}]},"6":{"line":102,"type":"if","locations":[{"start":{"line":102,"column":8},"end":{"line":102,"column":8}},{"start":{"line":102,"column":8},"end":{"line":102,"column":8}}]},"7":{"line":119,"type":"if","locations":[{"start":{"line":119,"column":8},"end":{"line":119,"column":8}},{"start":{"line":119,"column":8},"end":{"line":119,"column":8}}]},"8":{"line":125,"type":"if","locations":[{"start":{"line":125,"column":8},"end":{"line":125,"column":8}},{"start":{"line":125,"column":8},"end":{"line":125,"column":8}}]},"9":{"line":129,"type":"if","locations":[{"start":{"line":129,"column":8},"end":{"line":129,"column":8}},{"start":{"line":129,"column":8},"end":{"line":129,"column":8}}]},"10":{"line":144,"type":"if","locations":[{"start":{"line":144,"column":8},"end":{"line":144,"column":8}},{"start":{"line":144,"column":8},"end":{"line":144,"column":8}}]},"11":{"line":145,"type":"if","locations":[{"start":{"line":145,"column":8},"end":{"line":145,"column":8}},{"start":{"line":145,"column":8},"end":{"line":145,"column":8}}]},"12":{"line":148,"type":"if","locations":[{"start":{"line":148,"column":8},"end":{"line":148,"column":8}},{"start":{"line":148,"column":8},"end":{"line":148,"column":8}}]},"13":{"line":159,"type":"if","locations":[{"start":{"line":159,"column":8},"end":{"line":159,"column":8}},{"start":{"line":159,"column":8},"end":{"line":159,"column":8}}]},"14":{"line":171,"type":"if","locations":[{"start":{"line":171,"column":8},"end":{"line":171,"column":8}},{"start":{"line":171,"column":8},"end":{"line":171,"column":8}}]},"15":{"line":193,"type":"if","locations":[{"start":{"line":193,"column":8},"end":{"line":193,"column":8}},{"start":{"line":193,"column":8},"end":{"line":193,"column":8}}]},"16":{"line":212,"type":"if","locations":[{"start":{"line":212,"column":8},"end":{"line":212,"column":8}},{"start":{"line":212,"column":8},"end":{"line":212,"column":8}}]},"17":{"line":222,"type":"if","locations":[{"start":{"line":222,"column":8},"end":{"line":222,"column":8}},{"start":{"line":222,"column":8},"end":{"line":222,"column":8}}]},"18":{"line":232,"type":"if","locations":[{"start":{"line":232,"column":8},"end":{"line":232,"column":8}},{"start":{"line":232,"column":8},"end":{"line":232,"column":8}}]},"19":{"line":242,"type":"if","locations":[{"start":{"line":242,"column":8},"end":{"line":242,"column":8}},{"start":{"line":242,"column":8},"end":{"line":242,"column":8}}]},"20":{"line":317,"type":"if","locations":[{"start":{"line":317,"column":8},"end":{"line":317,"column":8}},{"start":{"line":317,"column":8},"end":{"line":317,"column":8}}]}}},"contracts/core/CollateralDepositRecord.sol":{"l":{"15":59,"16":57,"20":234,"21":234,"29":43,"33":42,"37":41,"38":41,"46":14,"47":13,"49":1,"51":14,"52":13,"54":1,"63":5,"64":5,"72":5,"73":5,"81":130,"82":130,"86":8,"95":24,"99":7,"108":27,"117":10},"path":"/Users/mlohc137/Projects/prePO/prepo-core-private/contracts/core/CollateralDepositRecord.sol","s":{"1":59,"2":234,"3":234,"4":43,"5":42,"6":41,"7":41,"8":14,"9":13,"10":1,"11":14,"12":13,"13":1,"14":5,"15":5,"16":5,"17":5,"18":130,"19":130,"20":8,"21":24,"22":7,"23":27,"24":10},"b":{"1":[57,2],"2":[42,1],"3":[41,1],"4":[13,1],"5":[13,1]},"f":{"1":59,"2":234,"3":43,"4":14,"5":5,"6":5,"7":130,"8":8,"9":24,"10":7,"11":27,"12":10},"fnMap":{"1":{"name":"onlyAllowedHooks","line":14,"loc":{"start":{"line":14,"column":4},"end":{"line":17,"column":4}}},"2":{"name":"constructor","line":19,"loc":{"start":{"line":19,"column":4},"end":{"line":22,"column":4}}},"3":{"name":"recordDeposit","line":27,"loc":{"start":{"line":24,"column":4},"end":{"line":39,"column":4}}},"4":{"name":"recordWithdrawal","line":44,"loc":{"start":{"line":41,"column":4},"end":{"line":56,"column":4}}},"5":{"name":"setGlobalDepositCap","line":61,"loc":{"start":{"line":58,"column":4},"end":{"line":65,"column":4}}},"6":{"name":"setAccountDepositCap","line":70,"loc":{"start":{"line":67,"column":4},"end":{"line":74,"column":4}}},"7":{"name":"setAllowedHook","line":79,"loc":{"start":{"line":76,"column":4},"end":{"line":83,"column":4}}},"8":{"name":"getGlobalDepositCap","line":85,"loc":{"start":{"line":85,"column":4},"end":{"line":87,"column":4}}},"9":{"name":"getGlobalDepositAmount","line":89,"loc":{"start":{"line":89,"column":4},"end":{"line":96,"column":4}}},"10":{"name":"getAccountDepositCap","line":98,"loc":{"start":{"line":98,"column":4},"end":{"line":100,"column":4}}},"11":{"name":"getNetDeposit","line":102,"loc":{"start":{"line":102,"column":4},"end":{"line":109,"column":4}}},"12":{"name":"isHookAllowed","line":111,"loc":{"start":{"line":111,"column":4},"end":{"line":118,"column":4}}}},"statementMap":{"1":{"start":{"line":15,"column":8},"end":{"line":15,"column":63}},"2":{"start":{"line":20,"column":8},"end":{"line":20,"column":47}},"3":{"start":{"line":21,"column":8},"end":{"line":21,"column":49}},"4":{"start":{"line":29,"column":8},"end":{"line":29,"column":927}},"5":{"start":{"line":33,"column":8},"end":{"line":33,"column":1062}},"6":{"start":{"line":37,"column":8},"end":{"line":37,"column":38}},"7":{"start":{"line":38,"column":8},"end":{"line":38,"column":47}},"8":{"start":{"line":46,"column":8},"end":{"line":46,"column":1435}},"9":{"start":{"line":47,"column":12},"end":{"line":47,"column":42}},"10":{"start":{"line":49,"column":12},"end":{"line":49,"column":35}},"11":{"start":{"line":51,"column":8},"end":{"line":51,"column":1591}},"12":{"start":{"line":52,"column":12},"end":{"line":52,"column":51}},"13":{"start":{"line":54,"column":12},"end":{"line":54,"column":44}},"14":{"start":{"line":63,"column":8},"end":{"line":63,"column":47}},"15":{"start":{"line":64,"column":8},"end":{"line":64,"column":55}},"16":{"start":{"line":72,"column":8},"end":{"line":72,"column":49}},"17":{"start":{"line":73,"column":8},"end":{"line":73,"column":60}},"18":{"start":{"line":81,"column":8},"end":{"line":81,"column":38}},"19":{"start":{"line":82,"column":8},"end":{"line":82,"column":49}},"20":{"start":{"line":86,"column":8},"end":{"line":86,"column":32}},"21":{"start":{"line":95,"column":8},"end":{"line":95,"column":35}},"22":{"start":{"line":99,"column":8},"end":{"line":99,"column":33}},"23":{"start":{"line":108,"column":8},"end":{"line":108,"column":45}},"24":{"start":{"line":117,"column":8},"end":{"line":117,"column":35}}},"branchMap":{"1":{"line":15,"type":"if","locations":[{"start":{"line":15,"column":8},"end":{"line":15,"column":8}},{"start":{"line":15,"column":8},"end":{"line":15,"column":8}}]},"2":{"line":29,"type":"if","locations":[{"start":{"line":29,"column":8},"end":{"line":29,"column":8}},{"start":{"line":29,"column":8},"end":{"line":29,"column":8}}]},"3":{"line":33,"type":"if","locations":[{"start":{"line":33,"column":8},"end":{"line":33,"column":8}},{"start":{"line":33,"column":8},"end":{"line":33,"column":8}}]},"4":{"line":46,"type":"if","locations":[{"start":{"line":46,"column":8},"end":{"line":46,"column":8}},{"start":{"line":46,"column":8},"end":{"line":46,"column":8}}]},"5":{"line":51,"type":"if","locations":[{"start":{"line":51,"column":8},"end":{"line":51,"column":8}},{"start":{"line":51,"column":8},"end":{"line":51,"column":8}}]}}},"contracts/core/DepositHook.sol":{"l":{"18":144,"19":144,"22":144,"26":32,"27":31,"35":31,"40":27,"44":2,"52":1,"60":1},"path":"/Users/mlohc137/Projects/prePO/prepo-core-private/contracts/core/DepositHook.sol","s":{"1":144,"2":144,"3":144,"4":32,"5":31,"6":27,"7":2,"8":1,"9":1},"b":{"1":[31,1],"2":[27,4]},"f":{"1":144,"2":32,"3":31,"4":2,"5":1,"6":1},"fnMap":{"1":{"name":"constructor","line":13,"loc":{"start":{"line":13,"column":4},"end":{"line":23,"column":4}}},"2":{"name":"onlyVault","line":25,"loc":{"start":{"line":25,"column":4},"end":{"line":28,"column":4}}},"3":{"name":"hook","line":34,"loc":{"start":{"line":30,"column":4},"end":{"line":41,"column":4}}},"4":{"name":"getVault","line":43,"loc":{"start":{"line":43,"column":4},"end":{"line":45,"column":4}}},"5":{"name":"getAccountAccessController","line":47,"loc":{"start":{"line":47,"column":4},"end":{"line":53,"column":4}}},"6":{"name":"getDepositRecord","line":55,"loc":{"start":{"line":55,"column":4},"end":{"line":61,"column":4}}}},"statementMap":{"1":{"start":{"line":18,"column":8},"end":{"line":18,"column":25}},"2":{"start":{"line":19,"column":8},"end":{"line":19,"column":548}},"3":{"start":{"line":22,"column":8},"end":{"line":22,"column":67}},"4":{"start":{"line":26,"column":8},"end":{"line":26,"column":63}},"5":{"start":{"line":35,"column":8},"end":{"line":35,"column":982}},"6":{"start":{"line":40,"column":8},"end":{"line":40,"column":58}},"7":{"start":{"line":44,"column":8},"end":{"line":44,"column":21}},"8":{"start":{"line":52,"column":8},"end":{"line":52,"column":39}},"9":{"start":{"line":60,"column":8},"end":{"line":60,"column":29}}},"branchMap":{"1":{"line":26,"type":"if","locations":[{"start":{"line":26,"column":8},"end":{"line":26,"column":8}},{"start":{"line":26,"column":8},"end":{"line":26,"column":8}}]},"2":{"line":35,"type":"if","locations":[{"start":{"line":35,"column":8},"end":{"line":35,"column":8}},{"start":{"line":35,"column":8},"end":{"line":35,"column":8}}]}}},"contracts/core/LongShortToken.sol":{"l":{"14":32},"path":"/Users/mlohc137/Projects/prePO/prepo-core-private/contracts/core/LongShortToken.sol","s":{"1":32},"b":{},"f":{"1":139,"2":32},"fnMap":{"1":{"name":"constructor","line":10,"loc":{"start":{"line":9,"column":4},"end":{"line":11,"column":5}}},"2":{"name":"mint","line":13,"loc":{"start":{"line":13,"column":4},"end":{"line":15,"column":4}}}},"statementMap":{"1":{"start":{"line":14,"column":8},"end":{"line":14,"column":33}}},"branchMap":{}},"contracts/core/PrePOMarket.sol":{"l":{"49":62,"53":60,"54":58,"55":57,"56":56,"57":55,"58":55,"59":55,"60":55,"61":55,"62":55,"63":55,"64":55,"65":55,"66":55,"67":55,"68":55,"69":55,"70":55,"71":55,"90":19,"91":18,"93":18,"94":17,"99":16,"100":16,"101":15,"102":15,"103":15,"104":15,"105":15,"106":15,"107":15,"115":10,"119":9,"124":8,"125":8,"126":4,"127":4,"131":4,"135":3,"138":7,"139":7,"141":7,"144":7,"145":5,"146":5,"147":5,"149":5,"157":11,"161":10,"165":9,"166":9,"170":5,"171":4,"172":4,"180":7,"181":6,"182":6,"190":5,"191":4,"192":4,"196":21,"197":21,"201":2,"205":5,"209":14,"213":14,"217":3,"221":3,"225":12,"229":24,"233":12,"237":1,"241":1,"245":1,"249":4,"253":1,"257":1,"261":1},"path":"/Users/mlohc137/Projects/prePO/prepo-core-private/contracts/core/PrePOMarket.sol","s":{"1":62,"2":60,"3":58,"4":57,"5":56,"6":55,"7":55,"8":55,"9":55,"10":55,"11":55,"12":55,"13":55,"14":55,"15":55,"16":55,"17":55,"18":55,"19":55,"20":55,"21":19,"22":18,"23":18,"24":17,"25":16,"26":16,"27":15,"28":15,"29":15,"30":15,"31":15,"32":15,"33":15,"34":10,"35":9,"36":8,"37":8,"38":4,"39":4,"40":4,"41":3,"42":7,"43":7,"44":7,"45":7,"46":5,"47":5,"48":5,"49":5,"50":11,"51":10,"52":9,"53":9,"54":5,"55":4,"56":4,"57":7,"58":6,"59":6,"60":5,"61":4,"62":4,"63":21,"64":21,"65":2,"66":5,"67":14,"68":14,"69":3,"70":3,"71":12,"72":24,"73":12,"74":1,"75":1,"76":1,"77":4,"78":1,"79":1,"80":1},"b":{"1":[60,2],"2":[58,2],"3":[57,1],"4":[56,1],"5":[55,1],"6":[18,1],"7":[17,1],"8":[17,1],"9":[16,1],"10":[15,1],"11":[9,1],"12":[8,1],"13":[4,4],"14":[3,1],"15":[5,2],"16":[10,1],"17":[9,1],"18":[4,1],"19":[6,1],"20":[4,1]},"f":{"1":62,"2":19,"3":10,"4":11,"5":5,"6":7,"7":5,"8":21,"9":2,"10":5,"11":14,"12":14,"13":3,"14":3,"15":12,"16":24,"17":12,"18":1,"19":1,"20":1,"21":4,"22":1,"23":1,"24":1},"fnMap":{"1":{"name":"constructor","line":35,"loc":{"start":{"line":35,"column":4},"end":{"line":82,"column":4}}},"2":{"name":"mintLongShortTokens","line":87,"loc":{"start":{"line":84,"column":4},"end":{"line":108,"column":4}}},"3":{"name":"redeem","line":113,"loc":{"start":{"line":110,"column":4},"end":{"line":150,"column":4}}},"4":{"name":"setFinalLongPrice","line":155,"loc":{"start":{"line":152,"column":4},"end":{"line":167,"column":4}}},"5":{"name":"setTreasury","line":169,"loc":{"start":{"line":169,"column":4},"end":{"line":173,"column":4}}},"6":{"name":"setMintingFee","line":178,"loc":{"start":{"line":175,"column":4},"end":{"line":183,"column":4}}},"7":{"name":"setRedemptionFee","line":188,"loc":{"start":{"line":185,"column":4},"end":{"line":193,"column":4}}},"8":{"name":"setPublicMinting","line":195,"loc":{"start":{"line":195,"column":4},"end":{"line":198,"column":4}}},"9":{"name":"getCollateral","line":200,"loc":{"start":{"line":200,"column":4},"end":{"line":202,"column":4}}},"10":{"name":"getTreasury","line":204,"loc":{"start":{"line":204,"column":4},"end":{"line":206,"column":4}}},"11":{"name":"getLongToken","line":208,"loc":{"start":{"line":208,"column":4},"end":{"line":210,"column":4}}},"12":{"name":"getShortToken","line":212,"loc":{"start":{"line":212,"column":4},"end":{"line":214,"column":4}}},"13":{"name":"getFloorLongPrice","line":216,"loc":{"start":{"line":216,"column":4},"end":{"line":218,"column":4}}},"14":{"name":"getCeilingLongPrice","line":220,"loc":{"start":{"line":220,"column":4},"end":{"line":222,"column":4}}},"15":{"name":"getFinalLongPrice","line":224,"loc":{"start":{"line":224,"column":4},"end":{"line":226,"column":4}}},"16":{"name":"getMintingFee","line":228,"loc":{"start":{"line":228,"column":4},"end":{"line":230,"column":4}}},"17":{"name":"getRedemptionFee","line":232,"loc":{"start":{"line":232,"column":4},"end":{"line":234,"column":4}}},"18":{"name":"getFloorValuation","line":236,"loc":{"start":{"line":236,"column":4},"end":{"line":238,"column":4}}},"19":{"name":"getCeilingValuation","line":240,"loc":{"start":{"line":240,"column":4},"end":{"line":242,"column":4}}},"20":{"name":"getExpiryTime","line":244,"loc":{"start":{"line":244,"column":4},"end":{"line":246,"column":4}}},"21":{"name":"isPublicMintingAllowed","line":248,"loc":{"start":{"line":248,"column":4},"end":{"line":250,"column":4}}},"22":{"name":"getMaxPrice","line":252,"loc":{"start":{"line":252,"column":4},"end":{"line":254,"column":4}}},"23":{"name":"getFeeDenominator","line":256,"loc":{"start":{"line":256,"column":4},"end":{"line":258,"column":4}}},"24":{"name":"getFeeLimit","line":260,"loc":{"start":{"line":260,"column":4},"end":{"line":262,"column":4}}}},"statementMap":{"1":{"start":{"line":49,"column":8},"end":{"line":49,"column":1828}},"2":{"start":{"line":53,"column":8},"end":{"line":53,"column":66}},"3":{"start":{"line":54,"column":8},"end":{"line":54,"column":64}},"4":{"start":{"line":55,"column":8},"end":{"line":55,"column":67}},"5":{"start":{"line":56,"column":8},"end":{"line":56,"column":76}},"6":{"start":{"line":57,"column":8},"end":{"line":57,"column":37}},"7":{"start":{"line":58,"column":8},"end":{"line":58,"column":43}},"8":{"start":{"line":59,"column":8},"end":{"line":59,"column":30}},"9":{"start":{"line":60,"column":8},"end":{"line":60,"column":33}},"10":{"start":{"line":61,"column":8},"end":{"line":61,"column":35}},"11":{"start":{"line":62,"column":8},"end":{"line":62,"column":43}},"12":{"start":{"line":63,"column":8},"end":{"line":63,"column":47}},"13":{"start":{"line":64,"column":8},"end":{"line":64,"column":38}},"14":{"start":{"line":65,"column":8},"end":{"line":65,"column":35}},"15":{"start":{"line":66,"column":8},"end":{"line":66,"column":41}},"16":{"start":{"line":67,"column":8},"end":{"line":67,"column":32}},"17":{"start":{"line":68,"column":8},"end":{"line":68,"column":35}},"18":{"start":{"line":69,"column":8},"end":{"line":69,"column":43}},"19":{"start":{"line":70,"column":8},"end":{"line":70,"column":47}},"20":{"start":{"line":71,"column":8},"end":{"line":71,"column":2818}},"21":{"start":{"line":90,"column":8},"end":{"line":90,"column":3282}},"22":{"start":{"line":91,"column":12},"end":{"line":91,"column":61}},"23":{"start":{"line":93,"column":8},"end":{"line":93,"column":59}},"24":{"start":{"line":94,"column":8},"end":{"line":94,"column":3455}},"25":{"start":{"line":99,"column":8},"end":{"line":99,"column":68}},"26":{"start":{"line":100,"column":8},"end":{"line":100,"column":58}},"27":{"start":{"line":101,"column":8},"end":{"line":101,"column":60}},"28":{"start":{"line":102,"column":8},"end":{"line":102,"column":22}},"29":{"start":{"line":103,"column":8},"end":{"line":103,"column":67}},"30":{"start":{"line":104,"column":8},"end":{"line":104,"column":43}},"31":{"start":{"line":105,"column":8},"end":{"line":105,"column":44}},"32":{"start":{"line":106,"column":8},"end":{"line":106,"column":38}},"33":{"start":{"line":107,"column":8},"end":{"line":107,"column":22}},"34":{"start":{"line":115,"column":8},"end":{"line":115,"column":4268}},"35":{"start":{"line":119,"column":8},"end":{"line":119,"column":4396}},"36":{"start":{"line":124,"column":8},"end":{"line":124,"column":31}},"37":{"start":{"line":125,"column":8},"end":{"line":125,"column":4561}},"38":{"start":{"line":126,"column":12},"end":{"line":126,"column":61}},"39":{"start":{"line":127,"column":12},"end":{"line":127,"column":4688}},"40":{"start":{"line":131,"column":12},"end":{"line":131,"column":4829}},"41":{"start":{"line":135,"column":12},"end":{"line":135,"column":40}},"42":{"start":{"line":138,"column":8},"end":{"line":138,"column":51}},"43":{"start":{"line":139,"column":8},"end":{"line":139,"column":53}},"44":{"start":{"line":141,"column":8},"end":{"line":141,"column":5232}},"45":{"start":{"line":144,"column":8},"end":{"line":144,"column":69}},"46":{"start":{"line":145,"column":8},"end":{"line":145,"column":44}},"47":{"start":{"line":146,"column":8},"end":{"line":146,"column":30}},"48":{"start":{"line":147,"column":8},"end":{"line":147,"column":56}},"49":{"start":{"line":149,"column":8},"end":{"line":149,"column":52}},"50":{"start":{"line":157,"column":8},"end":{"line":157,"column":5722}},"51":{"start":{"line":161,"column":8},"end":{"line":161,"column":5843}},"52":{"start":{"line":165,"column":8},"end":{"line":165,"column":43}},"53":{"start":{"line":166,"column":8},"end":{"line":166,"column":50}},"54":{"start":{"line":170,"column":8},"end":{"line":170,"column":58}},"55":{"start":{"line":171,"column":8},"end":{"line":171,"column":31}},"56":{"start":{"line":172,"column":8},"end":{"line":172,"column":42}},"57":{"start":{"line":180,"column":8},"end":{"line":180,"column":64}},"58":{"start":{"line":181,"column":8},"end":{"line":181,"column":35}},"59":{"start":{"line":182,"column":8},"end":{"line":182,"column":46}},"60":{"start":{"line":190,"column":8},"end":{"line":190,"column":67}},"61":{"start":{"line":191,"column":8},"end":{"line":191,"column":41}},"62":{"start":{"line":192,"column":8},"end":{"line":192,"column":52}},"63":{"start":{"line":196,"column":8},"end":{"line":196,"column":32}},"64":{"start":{"line":197,"column":8},"end":{"line":197,"column":43}},"65":{"start":{"line":201,"column":8},"end":{"line":201,"column":26}},"66":{"start":{"line":205,"column":8},"end":{"line":205,"column":24}},"67":{"start":{"line":209,"column":8},"end":{"line":209,"column":25}},"68":{"start":{"line":213,"column":8},"end":{"line":213,"column":26}},"69":{"start":{"line":217,"column":8},"end":{"line":217,"column":30}},"70":{"start":{"line":221,"column":8},"end":{"line":221,"column":32}},"71":{"start":{"line":225,"column":8},"end":{"line":225,"column":30}},"72":{"start":{"line":229,"column":8},"end":{"line":229,"column":26}},"73":{"start":{"line":233,"column":8},"end":{"line":233,"column":29}},"74":{"start":{"line":237,"column":8},"end":{"line":237,"column":30}},"75":{"start":{"line":241,"column":8},"end":{"line":241,"column":32}},"76":{"start":{"line":245,"column":8},"end":{"line":245,"column":26}},"77":{"start":{"line":249,"column":8},"end":{"line":249,"column":29}},"78":{"start":{"line":253,"column":8},"end":{"line":253,"column":24}},"79":{"start":{"line":257,"column":8},"end":{"line":257,"column":30}},"80":{"start":{"line":261,"column":8},"end":{"line":261,"column":24}}},"branchMap":{"1":{"line":49,"type":"if","locations":[{"start":{"line":49,"column":8},"end":{"line":49,"column":8}},{"start":{"line":49,"column":8},"end":{"line":49,"column":8}}]},"2":{"line":53,"type":"if","locations":[{"start":{"line":53,"column":8},"end":{"line":53,"column":8}},{"start":{"line":53,"column":8},"end":{"line":53,"column":8}}]},"3":{"line":54,"type":"if","locations":[{"start":{"line":54,"column":8},"end":{"line":54,"column":8}},{"start":{"line":54,"column":8},"end":{"line":54,"column":8}}]},"4":{"line":55,"type":"if","locations":[{"start":{"line":55,"column":8},"end":{"line":55,"column":8}},{"start":{"line":55,"column":8},"end":{"line":55,"column":8}}]},"5":{"line":56,"type":"if","locations":[{"start":{"line":56,"column":8},"end":{"line":56,"column":8}},{"start":{"line":56,"column":8},"end":{"line":56,"column":8}}]},"6":{"line":90,"type":"if","locations":[{"start":{"line":90,"column":8},"end":{"line":90,"column":8}},{"start":{"line":90,"column":8},"end":{"line":90,"column":8}}]},"7":{"line":91,"type":"if","locations":[{"start":{"line":91,"column":12},"end":{"line":91,"column":12}},{"start":{"line":91,"column":12},"end":{"line":91,"column":12}}]},"8":{"line":93,"type":"if","locations":[{"start":{"line":93,"column":8},"end":{"line":93,"column":8}},{"start":{"line":93,"column":8},"end":{"line":93,"column":8}}]},"9":{"line":94,"type":"if","locations":[{"start":{"line":94,"column":8},"end":{"line":94,"column":8}},{"start":{"line":94,"column":8},"end":{"line":94,"column":8}}]},"10":{"line":100,"type":"if","locations":[{"start":{"line":100,"column":8},"end":{"line":100,"column":8}},{"start":{"line":100,"column":8},"end":{"line":100,"column":8}}]},"11":{"line":115,"type":"if","locations":[{"start":{"line":115,"column":8},"end":{"line":115,"column":8}},{"start":{"line":115,"column":8},"end":{"line":115,"column":8}}]},"12":{"line":119,"type":"if","locations":[{"start":{"line":119,"column":8},"end":{"line":119,"column":8}},{"start":{"line":119,"column":8},"end":{"line":119,"column":8}}]},"13":{"line":125,"type":"if","locations":[{"start":{"line":125,"column":8},"end":{"line":125,"column":8}},{"start":{"line":125,"column":8},"end":{"line":125,"column":8}}]},"14":{"line":131,"type":"if","locations":[{"start":{"line":131,"column":12},"end":{"line":131,"column":12}},{"start":{"line":131,"column":12},"end":{"line":131,"column":12}}]},"15":{"line":144,"type":"if","locations":[{"start":{"line":144,"column":8},"end":{"line":144,"column":8}},{"start":{"line":144,"column":8},"end":{"line":144,"column":8}}]},"16":{"line":157,"type":"if","locations":[{"start":{"line":157,"column":8},"end":{"line":157,"column":8}},{"start":{"line":157,"column":8},"end":{"line":157,"column":8}}]},"17":{"line":161,"type":"if","locations":[{"start":{"line":161,"column":8},"end":{"line":161,"column":8}},{"start":{"line":161,"column":8},"end":{"line":161,"column":8}}]},"18":{"line":170,"type":"if","locations":[{"start":{"line":170,"column":8},"end":{"line":170,"column":8}},{"start":{"line":170,"column":8},"end":{"line":170,"column":8}}]},"19":{"line":180,"type":"if","locations":[{"start":{"line":180,"column":8},"end":{"line":180,"column":8}},{"start":{"line":180,"column":8},"end":{"line":180,"column":8}}]},"20":{"line":190,"type":"if","locations":[{"start":{"line":190,"column":8},"end":{"line":190,"column":8}},{"start":{"line":190,"column":8},"end":{"line":190,"column":8}}]}}},"contracts/core/PrePOMarketFactory.sol":{"l":{"21":207,"30":4,"39":1,"55":63,"57":62,"61":62,"63":62,"77":55,"79":55,"80":55,"81":55,"89":67,"90":67,"100":62,"103":62,"106":62,"109":62,"112":62,"113":62,"117":62},"path":"/Users/mlohc137/Projects/prePO/prepo-core-private/contracts/core/PrePOMarketFactory.sol","s":{"1":207,"2":4,"3":1,"4":63,"5":62,"6":62,"7":62,"8":55,"9":55,"10":55,"11":55,"12":67,"13":67,"14":62,"15":62,"16":62,"17":62,"18":62,"19":62,"20":62},"b":{"1":[62,1]},"f":{"1":207,"2":4,"3":1,"4":63,"5":67,"6":62},"fnMap":{"1":{"name":"initialize","line":20,"loc":{"start":{"line":20,"column":4},"end":{"line":22,"column":4}}},"2":{"name":"isCollateralValid","line":24,"loc":{"start":{"line":24,"column":4},"end":{"line":31,"column":4}}},"3":{"name":"getMarket","line":33,"loc":{"start":{"line":33,"column":4},"end":{"line":40,"column":4}}},"4":{"name":"createMarket","line":54,"loc":{"start":{"line":42,"column":4},"end":{"line":82,"column":4}}},"5":{"name":"setCollateralValidity","line":87,"loc":{"start":{"line":84,"column":4},"end":{"line":91,"column":4}}},"6":{"name":"_createPairTokens","line":93,"loc":{"start":{"line":93,"column":4},"end":{"line":118,"column":4}}}},"statementMap":{"1":{"start":{"line":21,"column":8},"end":{"line":21,"column":42}},"2":{"start":{"line":30,"column":8},"end":{"line":30,"column":44}},"3":{"start":{"line":39,"column":8},"end":{"line":39,"column":61}},"4":{"start":{"line":55,"column":8},"end":{"line":55,"column":67}},"5":{"start":{"line":57,"column":8},"end":{"line":57,"column":1729}},"6":{"start":{"line":61,"column":8},"end":{"line":61,"column":76}},"7":{"start":{"line":63,"column":8},"end":{"line":63,"column":1907}},"8":{"start":{"line":77,"column":8},"end":{"line":77,"column":52}},"9":{"start":{"line":79,"column":8},"end":{"line":79,"column":56}},"10":{"start":{"line":80,"column":8},"end":{"line":80,"column":57}},"11":{"start":{"line":81,"column":8},"end":{"line":81,"column":52}},"12":{"start":{"line":89,"column":8},"end":{"line":89,"column":48}},"13":{"start":{"line":90,"column":8},"end":{"line":90,"column":62}},"14":{"start":{"line":100,"column":8},"end":{"line":100,"column":3056}},"15":{"start":{"line":103,"column":8},"end":{"line":103,"column":3174}},"16":{"start":{"line":106,"column":8},"end":{"line":106,"column":3294}},"17":{"start":{"line":109,"column":8},"end":{"line":109,"column":3413}},"18":{"start":{"line":112,"column":8},"end":{"line":112,"column":75}},"19":{"start":{"line":113,"column":8},"end":{"line":113,"column":3610}},"20":{"start":{"line":117,"column":8},"end":{"line":117,"column":46}}},"branchMap":{"1":{"line":55,"type":"if","locations":[{"start":{"line":55,"column":8},"end":{"line":55,"column":8}},{"start":{"line":55,"column":8},"end":{"line":55,"column":8}}]}}},"contracts/core/SingleStrategyController.sol":{"l":{"22":51,"23":49,"27":196,"28":195,"38":36,"39":36,"48":13,"57":65,"58":64,"59":64,"60":64,"61":64,"62":64,"63":6,"64":6,"65":6,"66":6,"68":64,"76":61,"77":60,"78":60,"82":87,"86":3,"90":1,"94":4},"path":"/Users/mlohc137/Projects/prePO/prepo-core-private/contracts/core/SingleStrategyController.sol","s":{"1":51,"2":196,"3":195,"4":36,"5":36,"6":13,"7":65,"8":64,"9":64,"10":64,"11":64,"12":64,"13":6,"14":6,"15":6,"16":6,"17":64,"18":61,"19":60,"20":60,"21":87,"22":3,"23":1,"24":4},"b":{"1":[49,2],"2":[195,1],"3":[64,1],"4":[6,58],"5":[60,1]},"f":{"1":51,"2":196,"3":36,"4":13,"5":65,"6":61,"7":87,"8":3,"9":1,"10":4},"fnMap":{"1":{"name":"onlyVault","line":21,"loc":{"start":{"line":21,"column":4},"end":{"line":24,"column":4}}},"2":{"name":"constructor","line":26,"loc":{"start":{"line":26,"column":4},"end":{"line":29,"column":4}}},"3":{"name":"deposit","line":36,"loc":{"start":{"line":32,"column":4},"end":{"line":40,"column":4}}},"4":{"name":"withdraw","line":46,"loc":{"start":{"line":42,"column":4},"end":{"line":49,"column":4}}},"5":{"name":"migrate","line":55,"loc":{"start":{"line":51,"column":4},"end":{"line":73,"column":4}}},"6":{"name":"setVault","line":75,"loc":{"start":{"line":75,"column":4},"end":{"line":79,"column":4}}},"7":{"name":"totalValue","line":81,"loc":{"start":{"line":81,"column":4},"end":{"line":83,"column":4}}},"8":{"name":"getVault","line":85,"loc":{"start":{"line":85,"column":4},"end":{"line":87,"column":4}}},"9":{"name":"getBaseToken","line":89,"loc":{"start":{"line":89,"column":4},"end":{"line":91,"column":4}}},"10":{"name":"getStrategy","line":93,"loc":{"start":{"line":93,"column":4},"end":{"line":95,"column":4}}}},"statementMap":{"1":{"start":{"line":22,"column":8},"end":{"line":22,"column":63}},"2":{"start":{"line":27,"column":8},"end":{"line":27,"column":61}},"3":{"start":{"line":28,"column":8},"end":{"line":28,"column":26}},"4":{"start":{"line":38,"column":8},"end":{"line":38,"column":66}},"5":{"start":{"line":39,"column":8},"end":{"line":39,"column":61}},"6":{"start":{"line":48,"column":8},"end":{"line":48,"column":46}},"7":{"start":{"line":57,"column":8},"end":{"line":57,"column":67}},"8":{"start":{"line":58,"column":8},"end":{"line":58,"column":35}},"9":{"start":{"line":59,"column":8},"end":{"line":59,"column":42}},"10":{"start":{"line":60,"column":8},"end":{"line":60,"column":31}},"11":{"start":{"line":61,"column":8},"end":{"line":61,"column":67}},"12":{"start":{"line":62,"column":8},"end":{"line":62,"column":1722}},"13":{"start":{"line":63,"column":12},"end":{"line":63,"column":55}},"14":{"start":{"line":64,"column":12},"end":{"line":64,"column":58}},"15":{"start":{"line":65,"column":12},"end":{"line":65,"column":68}},"16":{"start":{"line":66,"column":12},"end":{"line":66,"column":68}},"17":{"start":{"line":68,"column":8},"end":{"line":68,"column":2045}},"18":{"start":{"line":76,"column":8},"end":{"line":76,"column":55}},"19":{"start":{"line":77,"column":8},"end":{"line":77,"column":25}},"20":{"start":{"line":78,"column":8},"end":{"line":78,"column":36}},"21":{"start":{"line":82,"column":8},"end":{"line":82,"column":75}},"22":{"start":{"line":86,"column":8},"end":{"line":86,"column":21}},"23":{"start":{"line":90,"column":8},"end":{"line":90,"column":25}},"24":{"start":{"line":94,"column":8},"end":{"line":94,"column":24}}},"branchMap":{"1":{"line":22,"type":"if","locations":[{"start":{"line":22,"column":8},"end":{"line":22,"column":8}},{"start":{"line":22,"column":8},"end":{"line":22,"column":8}}]},"2":{"line":27,"type":"if","locations":[{"start":{"line":27,"column":8},"end":{"line":27,"column":8}},{"start":{"line":27,"column":8},"end":{"line":27,"column":8}}]},"3":{"line":57,"type":"if","locations":[{"start":{"line":57,"column":8},"end":{"line":57,"column":8}},{"start":{"line":57,"column":8},"end":{"line":57,"column":8}}]},"4":{"line":62,"type":"if","locations":[{"start":{"line":62,"column":8},"end":{"line":62,"column":8}},{"start":{"line":62,"column":8},"end":{"line":62,"column":8}}]},"5":{"line":76,"type":"if","locations":[{"start":{"line":76,"column":8},"end":{"line":76,"column":8}},{"start":{"line":76,"column":8},"end":{"line":76,"column":8}}]}}},"contracts/core/WithdrawHook.sol":{"l":{"12":132,"13":132,"17":11,"18":10,"26":10,"30":2,"38":1},"path":"/Users/mlohc137/Projects/prePO/prepo-core-private/contracts/core/WithdrawHook.sol","s":{"1":132,"2":132,"3":11,"4":10,"5":2,"6":1},"b":{"1":[10,1]},"f":{"1":132,"2":11,"3":10,"4":2,"5":1},"fnMap":{"1":{"name":"constructor","line":11,"loc":{"start":{"line":11,"column":4},"end":{"line":14,"column":4}}},"2":{"name":"onlyVault","line":16,"loc":{"start":{"line":16,"column":4},"end":{"line":19,"column":4}}},"3":{"name":"hook","line":25,"loc":{"start":{"line":21,"column":4},"end":{"line":27,"column":4}}},"4":{"name":"getVault","line":29,"loc":{"start":{"line":29,"column":4},"end":{"line":31,"column":4}}},"5":{"name":"getDepositRecord","line":33,"loc":{"start":{"line":33,"column":4},"end":{"line":39,"column":4}}}},"statementMap":{"1":{"start":{"line":12,"column":8},"end":{"line":12,"column":25}},"2":{"start":{"line":13,"column":8},"end":{"line":13,"column":67}},"3":{"start":{"line":17,"column":8},"end":{"line":17,"column":63}},"4":{"start":{"line":26,"column":8},"end":{"line":26,"column":61}},"5":{"start":{"line":30,"column":8},"end":{"line":30,"column":21}},"6":{"start":{"line":38,"column":8},"end":{"line":38,"column":29}}},"branchMap":{"1":{"line":17,"type":"if","locations":[{"start":{"line":17,"column":8},"end":{"line":17,"column":8}},{"start":{"line":17,"column":8},"end":{"line":17,"column":8}}]}}}}