{"contracts/base/ERC20.sol":{"l":{"11":0,"13":0,"21":0,"22":0,"24":0,"28":0,"30":0,"34":0,"36":0,"40":0,"42":0,"50":0,"52":0,"53":0,"55":0,"63":0,"65":0,"69":10,"71":10,"73":10,"77":0,"79":0},"path":"/home/vhawk19/timeswap/Timeswap-V1-Convenience/contracts/base/ERC20.sol","s":{"1":0,"2":0,"3":0,"4":0,"5":0,"6":0,"7":0,"8":0,"9":0,"10":0,"11":0,"12":0,"13":0,"14":0,"15":0,"16":0,"17":0,"18":10,"19":10,"20":10,"21":0,"22":0},"b":{"1":[0,0],"2":[10,0]},"f":{"1":0,"2":0,"3":0,"4":0,"5":0,"6":0,"7":0,"8":10,"9":0},"fnMap":{"1":{"name":"transfer","line":10,"loc":{"start":{"line":10,"column":4},"end":{"line":14,"column":4}}},"2":{"name":"transferFrom","line":16,"loc":{"start":{"line":16,"column":4},"end":{"line":25,"column":4}}},"3":{"name":"approve","line":27,"loc":{"start":{"line":27,"column":4},"end":{"line":31,"column":4}}},"4":{"name":"increaseAllowance","line":33,"loc":{"start":{"line":33,"column":4},"end":{"line":37,"column":4}}},"5":{"name":"decreaseAllowance","line":39,"loc":{"start":{"line":39,"column":4},"end":{"line":43,"column":4}}},"6":{"name":"_transfer","line":45,"loc":{"start":{"line":45,"column":4},"end":{"line":56,"column":4}}},"7":{"name":"_approve","line":58,"loc":{"start":{"line":58,"column":4},"end":{"line":66,"column":4}}},"8":{"name":"_mint","line":68,"loc":{"start":{"line":68,"column":4},"end":{"line":74,"column":4}}},"9":{"name":"_burn","line":76,"loc":{"start":{"line":76,"column":4},"end":{"line":80,"column":4}}}},"statementMap":{"1":{"start":{"line":11,"column":8},"end":{"line":11,"column":40}},"2":{"start":{"line":13,"column":8},"end":{"line":13,"column":19}},"3":{"start":{"line":21,"column":8},"end":{"line":21,"column":71}},"4":{"start":{"line":22,"column":8},"end":{"line":22,"column":34}},"5":{"start":{"line":24,"column":8},"end":{"line":24,"column":19}},"6":{"start":{"line":28,"column":8},"end":{"line":28,"column":44}},"7":{"start":{"line":30,"column":8},"end":{"line":30,"column":19}},"8":{"start":{"line":34,"column":8},"end":{"line":34,"column":77}},"9":{"start":{"line":36,"column":8},"end":{"line":36,"column":19}},"10":{"start":{"line":40,"column":8},"end":{"line":40,"column":77}},"11":{"start":{"line":42,"column":8},"end":{"line":42,"column":19}},"12":{"start":{"line":50,"column":8},"end":{"line":50,"column":40}},"13":{"start":{"line":52,"column":8},"end":{"line":52,"column":32}},"14":{"start":{"line":53,"column":8},"end":{"line":53,"column":30}},"15":{"start":{"line":55,"column":8},"end":{"line":55,"column":39}},"16":{"start":{"line":63,"column":8},"end":{"line":63,"column":41}},"17":{"start":{"line":65,"column":8},"end":{"line":65,"column":45}},"18":{"start":{"line":69,"column":8},"end":{"line":69,"column":40}},"19":{"start":{"line":71,"column":8},"end":{"line":71,"column":30}},"20":{"start":{"line":73,"column":8},"end":{"line":73,"column":45}},"21":{"start":{"line":77,"column":8},"end":{"line":77,"column":32}},"22":{"start":{"line":79,"column":8},"end":{"line":79,"column":47}}},"branchMap":{"1":{"line":50,"type":"if","locations":[{"start":{"line":50,"column":8},"end":{"line":50,"column":8}},{"start":{"line":50,"column":8},"end":{"line":50,"column":8}}]},"2":{"line":69,"type":"if","locations":[{"start":{"line":69,"column":8},"end":{"line":69,"column":8}},{"start":{"line":69,"column":8},"end":{"line":69,"column":8}}]}}},"contracts/base/ERC20Permit.sol":{"l":{"38":0,"40":0,"42":0,"44":0,"45":0,"47":0,"54":0,"62":0,"71":0,"72":0,"73":0},"path":"/home/vhawk19/timeswap/Timeswap-V1-Convenience/contracts/base/ERC20Permit.sol","s":{"1":0,"2":0,"3":0,"4":0,"5":0,"6":0,"7":0,"8":0,"9":0,"10":0,"11":0},"b":{"1":[0,0],"2":[0,0]},"f":{"1":30,"2":0,"3":0,"4":0,"5":0},"fnMap":{"1":{"name":"constructor","line":24,"loc":{"start":{"line":24,"column":4},"end":{"line":24,"column":55}}},"2":{"name":"permit","line":29,"loc":{"start":{"line":29,"column":4},"end":{"line":48,"column":4}}},"3":{"name":"nonces","line":53,"loc":{"start":{"line":53,"column":4},"end":{"line":55,"column":4}}},"4":{"name":"DOMAIN_SEPARATOR","line":61,"loc":{"start":{"line":61,"column":4},"end":{"line":63,"column":4}}},"5":{"name":"_useNonce","line":70,"loc":{"start":{"line":70,"column":4},"end":{"line":74,"column":4}}}},"statementMap":{"1":{"start":{"line":38,"column":8},"end":{"line":38,"column":51}},"2":{"start":{"line":40,"column":8},"end":{"line":40,"column":119}},"3":{"start":{"line":42,"column":8},"end":{"line":42,"column":51}},"4":{"start":{"line":44,"column":8},"end":{"line":44,"column":53}},"5":{"start":{"line":45,"column":8},"end":{"line":45,"column":39}},"6":{"start":{"line":47,"column":8},"end":{"line":47,"column":38}},"7":{"start":{"line":54,"column":8},"end":{"line":54,"column":39}},"8":{"start":{"line":62,"column":8},"end":{"line":62,"column":35}},"9":{"start":{"line":71,"column":8},"end":{"line":71,"column":55}},"10":{"start":{"line":72,"column":8},"end":{"line":72,"column":32}},"11":{"start":{"line":73,"column":8},"end":{"line":73,"column":24}}},"branchMap":{"1":{"line":38,"type":"if","locations":[{"start":{"line":38,"column":8},"end":{"line":38,"column":8}},{"start":{"line":38,"column":8},"end":{"line":38,"column":8}}]},"2":{"line":45,"type":"if","locations":[{"start":{"line":45,"column":8},"end":{"line":45,"column":8}},{"start":{"line":45,"column":8},"end":{"line":45,"column":8}}]}}},"contracts/base/ERC721.sol":{"l":{"17":0,"21":0,"25":0,"33":0,"42":0,"50":0,"54":0,"55":0,"59":0,"61":0,"65":0,"67":0,"76":0,"78":0,"82":0,"84":0,"88":0,"90":0,"94":10,"96":10,"103":10,"104":10,"106":10,"107":10,"109":10,"117":0,"119":0,"120":0,"121":0,"123":0,"125":0,"134":10,"135":10,"138":10,"139":10,"141":0,"142":0,"145":0,"146":0,"148":0,"153":0,"155":0,"156":0},"path":"/home/vhawk19/timeswap/Timeswap-V1-Convenience/contracts/base/ERC721.sol","s":{"1":0,"2":0,"3":0,"4":0,"5":0,"6":0,"7":0,"8":0,"9":0,"10":0,"11":0,"12":0,"13":0,"14":0,"15":0,"16":0,"17":0,"18":10,"19":10,"20":10,"21":10,"22":10,"23":10,"24":0,"25":0,"26":0,"27":0,"28":10,"29":10,"30":10,"31":0,"32":0,"33":0,"34":0,"35":0,"36":0,"37":0,"38":0},"b":{"1":[0,0],"2":[0,0],"3":[0,0],"4":[0,0],"5":[0,0],"6":[10,0],"7":[10,0],"8":[10,0],"9":[0,0],"10":[10,0],"11":[0,0],"12":[0,0]},"f":{"1":0,"2":0,"3":0,"4":0,"5":0,"6":0,"7":0,"8":0,"9":0,"10":0,"11":10,"12":10,"13":0,"14":10},"fnMap":{"1":{"name":"supportsInterface","line":16,"loc":{"start":{"line":16,"column":4},"end":{"line":18,"column":4}}},"2":{"name":"isApproved","line":20,"loc":{"start":{"line":20,"column":4},"end":{"line":26,"column":4}}},"3":{"name":"safeTransferFrom","line":32,"loc":{"start":{"line":28,"column":4},"end":{"line":34,"column":4}}},"4":{"name":"safeTransferFrom","line":41,"loc":{"start":{"line":36,"column":4},"end":{"line":43,"column":4}}},"5":{"name":"transferFrom","line":49,"loc":{"start":{"line":45,"column":4},"end":{"line":51,"column":4}}},"6":{"name":"approve","line":53,"loc":{"start":{"line":53,"column":4},"end":{"line":62,"column":4}}},"7":{"name":"setApprovalForAll","line":64,"loc":{"start":{"line":64,"column":4},"end":{"line":68,"column":4}}},"8":{"name":"_safeTransfer","line":70,"loc":{"start":{"line":70,"column":4},"end":{"line":79,"column":4}}},"9":{"name":"_approve","line":81,"loc":{"start":{"line":81,"column":4},"end":{"line":85,"column":4}}},"10":{"name":"_setApprovalForAll","line":87,"loc":{"start":{"line":87,"column":4},"end":{"line":91,"column":4}}},"11":{"name":"_safeMint","line":93,"loc":{"start":{"line":93,"column":4},"end":{"line":100,"column":4}}},"12":{"name":"_mint","line":102,"loc":{"start":{"line":102,"column":4},"end":{"line":110,"column":4}}},"13":{"name":"_transfer","line":112,"loc":{"start":{"line":112,"column":4},"end":{"line":126,"column":4}}},"14":{"name":"_checkOnERC721Received","line":128,"loc":{"start":{"line":128,"column":4},"end":{"line":158,"column":4}}}},"statementMap":{"1":{"start":{"line":17,"column":8},"end":{"line":17,"column":89}},"2":{"start":{"line":21,"column":8},"end":{"line":21,"column":908}},"3":{"start":{"line":33,"column":8},"end":{"line":33,"column":38}},"4":{"start":{"line":42,"column":8},"end":{"line":42,"column":40}},"5":{"start":{"line":50,"column":8},"end":{"line":50,"column":30}},"6":{"start":{"line":54,"column":8},"end":{"line":54,"column":35}},"7":{"start":{"line":55,"column":8},"end":{"line":55,"column":1764}},"8":{"start":{"line":59,"column":8},"end":{"line":59,"column":35}},"9":{"start":{"line":61,"column":8},"end":{"line":61,"column":23}},"10":{"start":{"line":65,"column":8},"end":{"line":65,"column":46}},"11":{"start":{"line":67,"column":8},"end":{"line":67,"column":45}},"12":{"start":{"line":76,"column":8},"end":{"line":76,"column":30}},"13":{"start":{"line":78,"column":8},"end":{"line":78,"column":66}},"14":{"start":{"line":82,"column":8},"end":{"line":82,"column":27}},"15":{"start":{"line":84,"column":8},"end":{"line":84,"column":42}},"16":{"start":{"line":88,"column":8},"end":{"line":88,"column":56}},"17":{"start":{"line":90,"column":8},"end":{"line":90,"column":59}},"18":{"start":{"line":94,"column":8},"end":{"line":94,"column":20}},"19":{"start":{"line":96,"column":8},"end":{"line":96,"column":2874}},"20":{"start":{"line":103,"column":8},"end":{"line":103,"column":40}},"21":{"start":{"line":104,"column":8},"end":{"line":104,"column":49}},"22":{"start":{"line":107,"column":8},"end":{"line":107,"column":23}},"23":{"start":{"line":109,"column":8},"end":{"line":109,"column":41}},"24":{"start":{"line":117,"column":8},"end":{"line":117,"column":40}},"25":{"start":{"line":119,"column":8},"end":{"line":119,"column":23}},"26":{"start":{"line":123,"column":8},"end":{"line":123,"column":31}},"27":{"start":{"line":125,"column":8},"end":{"line":125,"column":35}},"28":{"start":{"line":134,"column":8},"end":{"line":134,"column":20}},"29":{"start":{"line":138,"column":8},"end":{"line":138,"column":3845}},"30":{"start":{"line":139,"column":12},"end":{"line":139,"column":23}},"31":{"start":{"line":141,"column":12},"end":{"line":141,"column":35}},"32":{"start":{"line":142,"column":12},"end":{"line":142,"column":3958}},"33":{"start":{"line":145,"column":12},"end":{"line":145,"column":4146}},"34":{"start":{"line":146,"column":16},"end":{"line":146,"column":35}},"35":{"start":{"line":147,"column":19},"end":{"line":147,"column":4218}},"36":{"start":{"line":153,"column":16},"end":{"line":153,"column":102}},"37":{"start":{"line":155,"column":12},"end":{"line":155,"column":60}},"38":{"start":{"line":156,"column":12},"end":{"line":156,"column":41}}},"branchMap":{"1":{"line":21,"type":"if","locations":[{"start":{"line":21,"column":8},"end":{"line":21,"column":8}},{"start":{"line":21,"column":8},"end":{"line":21,"column":8}}]},"2":{"line":55,"type":"if","locations":[{"start":{"line":55,"column":8},"end":{"line":55,"column":8}},{"start":{"line":55,"column":8},"end":{"line":55,"column":8}}]},"3":{"line":59,"type":"if","locations":[{"start":{"line":59,"column":8},"end":{"line":59,"column":8}},{"start":{"line":59,"column":8},"end":{"line":59,"column":8}}]},"4":{"line":65,"type":"if","locations":[{"start":{"line":65,"column":8},"end":{"line":65,"column":8}},{"start":{"line":65,"column":8},"end":{"line":65,"column":8}}]},"5":{"line":78,"type":"if","locations":[{"start":{"line":78,"column":8},"end":{"line":78,"column":8}},{"start":{"line":78,"column":8},"end":{"line":78,"column":8}}]},"6":{"line":96,"type":"if","locations":[{"start":{"line":96,"column":8},"end":{"line":96,"column":8}},{"start":{"line":96,"column":8},"end":{"line":96,"column":8}}]},"7":{"line":103,"type":"if","locations":[{"start":{"line":103,"column":8},"end":{"line":103,"column":8}},{"start":{"line":103,"column":8},"end":{"line":103,"column":8}}]},"8":{"line":104,"type":"if","locations":[{"start":{"line":104,"column":8},"end":{"line":104,"column":8}},{"start":{"line":104,"column":8},"end":{"line":104,"column":8}}]},"9":{"line":117,"type":"if","locations":[{"start":{"line":117,"column":8},"end":{"line":117,"column":8}},{"start":{"line":117,"column":8},"end":{"line":117,"column":8}}]},"10":{"line":138,"type":"if","locations":[{"start":{"line":138,"column":8},"end":{"line":138,"column":8}},{"start":{"line":138,"column":8},"end":{"line":138,"column":8}}]},"11":{"line":145,"type":"if","locations":[{"start":{"line":145,"column":12},"end":{"line":145,"column":12}},{"start":{"line":145,"column":12},"end":{"line":145,"column":12}}]},"12":{"line":147,"type":"if","locations":[{"start":{"line":147,"column":19},"end":{"line":147,"column":19}},{"start":{"line":147,"column":19},"end":{"line":147,"column":19}}]}}},"contracts/base/ERC721Permit.sol":{"l":{"30":0,"32":0,"34":0,"36":0,"38":0,"39":0,"40":0,"41":0,"43":0,"47":0,"51":0,"55":0,"56":0,"57":0},"path":"/home/vhawk19/timeswap/Timeswap-V1-Convenience/contracts/base/ERC721Permit.sol","s":{"1":0,"2":0,"3":0,"4":0,"5":0,"6":0,"7":0,"8":0,"9":0,"10":0,"11":0,"12":0,"13":0,"14":0},"b":{"1":[0,0],"2":[0,0],"3":[0,0],"4":[0,0]},"f":{"1":10,"2":0,"3":0,"4":0,"5":0},"fnMap":{"1":{"name":"constructor","line":19,"loc":{"start":{"line":19,"column":4},"end":{"line":19,"column":55}}},"2":{"name":"permit","line":22,"loc":{"start":{"line":22,"column":4},"end":{"line":44,"column":4}}},"3":{"name":"nonces","line":46,"loc":{"start":{"line":46,"column":4},"end":{"line":48,"column":4}}},"4":{"name":"DOMAIN_SEPARATOR","line":50,"loc":{"start":{"line":50,"column":4},"end":{"line":52,"column":4}}},"5":{"name":"_useNonce","line":54,"loc":{"start":{"line":54,"column":4},"end":{"line":58,"column":4}}}},"statementMap":{"1":{"start":{"line":30,"column":8},"end":{"line":30,"column":40}},"2":{"start":{"line":32,"column":8},"end":{"line":32,"column":51}},"3":{"start":{"line":34,"column":8},"end":{"line":34,"column":116}},"4":{"start":{"line":36,"column":8},"end":{"line":36,"column":51}},"5":{"start":{"line":38,"column":8},"end":{"line":38,"column":53}},"6":{"start":{"line":39,"column":8},"end":{"line":39,"column":44}},"7":{"start":{"line":40,"column":8},"end":{"line":40,"column":39}},"8":{"start":{"line":41,"column":8},"end":{"line":41,"column":40}},"9":{"start":{"line":43,"column":8},"end":{"line":43,"column":33}},"10":{"start":{"line":47,"column":8},"end":{"line":47,"column":41}},"11":{"start":{"line":51,"column":8},"end":{"line":51,"column":35}},"12":{"start":{"line":55,"column":8},"end":{"line":55,"column":57}},"13":{"start":{"line":56,"column":8},"end":{"line":56,"column":32}},"14":{"start":{"line":57,"column":8},"end":{"line":57,"column":24}}},"branchMap":{"1":{"line":32,"type":"if","locations":[{"start":{"line":32,"column":8},"end":{"line":32,"column":8}},{"start":{"line":32,"column":8},"end":{"line":32,"column":8}}]},"2":{"line":39,"type":"if","locations":[{"start":{"line":39,"column":8},"end":{"line":39,"column":8}},{"start":{"line":39,"column":8},"end":{"line":39,"column":8}}]},"3":{"line":40,"type":"if","locations":[{"start":{"line":40,"column":8},"end":{"line":40,"column":8}},{"start":{"line":40,"column":8},"end":{"line":40,"column":8}}]},"4":{"line":41,"type":"if","locations":[{"start":{"line":41,"column":8},"end":{"line":41,"column":8}},{"start":{"line":41,"column":8},"end":{"line":41,"column":8}}]}}},"contracts/Bond.sol":{"l":{"21":0,"22":0,"23":0,"28":0,"29":0,"30":0,"34":0,"38":0,"46":10,"47":10,"48":10,"52":0,"53":0,"57":0,"65":0,"67":0},"path":"/home/vhawk19/timeswap/Timeswap-V1-Convenience/contracts/Bond.sol","s":{"1":0,"2":0,"3":0,"4":0,"5":0,"6":0,"7":0,"8":0,"9":10,"10":10,"11":10,"12":0,"13":0,"14":0,"15":0},"b":{"1":[0,0]},"f":{"1":0,"2":0,"3":0,"4":0,"5":10,"6":0,"7":0,"8":0},"fnMap":{"1":{"name":"name","line":20,"loc":{"start":{"line":20,"column":4},"end":{"line":25,"column":4}}},"2":{"name":"symbol","line":27,"loc":{"start":{"line":27,"column":4},"end":{"line":31,"column":4}}},"3":{"name":"decimals","line":33,"loc":{"start":{"line":33,"column":4},"end":{"line":35,"column":4}}},"4":{"name":"totalSupply","line":37,"loc":{"start":{"line":37,"column":4},"end":{"line":39,"column":4}}},"5":{"name":"constructor","line":45,"loc":{"start":{"line":41,"column":4},"end":{"line":49,"column":4}}},"6":{"name":"onlyConvenience","line":51,"loc":{"start":{"line":51,"column":4},"end":{"line":54,"column":4}}},"7":{"name":"mint","line":56,"loc":{"start":{"line":56,"column":4},"end":{"line":58,"column":4}}},"8":{"name":"burn","line":64,"loc":{"start":{"line":60,"column":4},"end":{"line":68,"column":4}}}},"statementMap":{"1":{"start":{"line":21,"column":8},"end":{"line":21,"column":57}},"2":{"start":{"line":22,"column":8},"end":{"line":22,"column":67}},"3":{"start":{"line":23,"column":8},"end":{"line":23,"column":1078}},"4":{"start":{"line":28,"column":8},"end":{"line":28,"column":61}},"5":{"start":{"line":29,"column":8},"end":{"line":29,"column":71}},"6":{"start":{"line":30,"column":8},"end":{"line":30,"column":112}},"7":{"start":{"line":34,"column":8},"end":{"line":34,"column":42}},"8":{"start":{"line":38,"column":8},"end":{"line":38,"column":58}},"9":{"start":{"line":46,"column":8},"end":{"line":46,"column":33}},"10":{"start":{"line":47,"column":8},"end":{"line":47,"column":19}},"11":{"start":{"line":48,"column":8},"end":{"line":48,"column":27}},"12":{"start":{"line":52,"column":8},"end":{"line":52,"column":58}},"13":{"start":{"line":57,"column":8},"end":{"line":57,"column":24}},"14":{"start":{"line":65,"column":8},"end":{"line":65,"column":26}},"15":{"start":{"line":67,"column":8},"end":{"line":67,"column":80}}},"branchMap":{"1":{"line":52,"type":"if","locations":[{"start":{"line":52,"column":8},"end":{"line":52,"column":8}},{"start":{"line":52,"column":8},"end":{"line":52,"column":8}}]}}},"contracts/CollateralizedDebt.sol":{"l":{"23":0,"24":0,"25":0,"39":0,"40":0,"41":0,"45":0,"46":0,"50":0,"54":0,"58":0,"66":10,"67":10,"68":10,"72":10,"73":10,"77":10,"87":0,"91":0,"93":0},"path":"/home/vhawk19/timeswap/Timeswap-V1-Convenience/contracts/CollateralizedDebt.sol","s":{"1":0,"2":0,"3":0,"4":0,"5":0,"6":0,"7":0,"8":0,"9":0,"10":0,"11":0,"12":10,"13":10,"14":10,"15":10,"16":10,"17":0,"18":0,"19":0},"b":{"1":[0,0],"2":[10,0],"3":[0,0]},"f":{"1":0,"2":0,"3":0,"4":0,"5":0,"6":0,"7":10,"8":10,"9":10,"10":0,"11":0},"fnMap":{"1":{"name":"name","line":22,"loc":{"start":{"line":22,"column":4},"end":{"line":36,"column":4}}},"2":{"name":"symbol","line":38,"loc":{"start":{"line":38,"column":4},"end":{"line":42,"column":4}}},"3":{"name":"tokenURI","line":44,"loc":{"start":{"line":44,"column":4},"end":{"line":47,"column":4}}},"4":{"name":"assetDecimals","line":49,"loc":{"start":{"line":49,"column":4},"end":{"line":51,"column":4}}},"5":{"name":"collateralDecimals","line":53,"loc":{"start":{"line":53,"column":4},"end":{"line":55,"column":4}}},"6":{"name":"dueOf","line":57,"loc":{"start":{"line":57,"column":4},"end":{"line":59,"column":4}}},"7":{"name":"constructor","line":65,"loc":{"start":{"line":61,"column":4},"end":{"line":69,"column":4}}},"8":{"name":"onlyConvenience","line":71,"loc":{"start":{"line":71,"column":4},"end":{"line":74,"column":4}}},"9":{"name":"mint","line":76,"loc":{"start":{"line":76,"column":4},"end":{"line":78,"column":4}}},"10":{"name":"burn","line":86,"loc":{"start":{"line":80,"column":4},"end":{"line":88,"column":4}}},"11":{"name":"timeswapPayCallback","line":90,"loc":{"start":{"line":90,"column":4},"end":{"line":94,"column":4}}}},"statementMap":{"1":{"start":{"line":23,"column":8},"end":{"line":23,"column":57}},"2":{"start":{"line":24,"column":8},"end":{"line":24,"column":67}},"3":{"start":{"line":25,"column":8},"end":{"line":25,"column":1147}},"4":{"start":{"line":39,"column":8},"end":{"line":39,"column":61}},"5":{"start":{"line":40,"column":8},"end":{"line":40,"column":71}},"6":{"start":{"line":41,"column":8},"end":{"line":41,"column":112}},"7":{"start":{"line":45,"column":8},"end":{"line":45,"column":49}},"8":{"start":{"line":46,"column":8},"end":{"line":46,"column":74}},"9":{"start":{"line":50,"column":8},"end":{"line":50,"column":42}},"10":{"start":{"line":54,"column":8},"end":{"line":54,"column":47}},"11":{"start":{"line":58,"column":8},"end":{"line":58,"column":55}},"12":{"start":{"line":66,"column":8},"end":{"line":66,"column":33}},"13":{"start":{"line":67,"column":8},"end":{"line":67,"column":19}},"14":{"start":{"line":68,"column":8},"end":{"line":68,"column":27}},"15":{"start":{"line":72,"column":8},"end":{"line":72,"column":58}},"16":{"start":{"line":77,"column":8},"end":{"line":77,"column":24}},"17":{"start":{"line":87,"column":8},"end":{"line":87,"column":108}},"18":{"start":{"line":91,"column":8},"end":{"line":91,"column":51}},"19":{"start":{"line":93,"column":8},"end":{"line":93,"column":76}}},"branchMap":{"1":{"line":45,"type":"if","locations":[{"start":{"line":45,"column":8},"end":{"line":45,"column":8}},{"start":{"line":45,"column":8},"end":{"line":45,"column":8}}]},"2":{"line":72,"type":"if","locations":[{"start":{"line":72,"column":8},"end":{"line":72,"column":8}},{"start":{"line":72,"column":8},"end":{"line":72,"column":8}}]},"3":{"line":91,"type":"if","locations":[{"start":{"line":91,"column":8},"end":{"line":91,"column":8}},{"start":{"line":91,"column":8},"end":{"line":91,"column":8}}]}}},"contracts/Insurance.sol":{"l":{"21":0,"22":0,"23":0,"30":0,"31":0,"32":0,"36":0,"40":0,"48":10,"49":10,"50":10,"54":0,"55":0,"59":0,"67":0,"69":0},"path":"/home/vhawk19/timeswap/Timeswap-V1-Convenience/contracts/Insurance.sol","s":{"1":0,"2":0,"3":0,"4":0,"5":0,"6":0,"7":0,"8":0,"9":10,"10":10,"11":10,"12":0,"13":0,"14":0,"15":0},"b":{"1":[0,0]},"f":{"1":0,"2":0,"3":0,"4":0,"5":10,"6":0,"7":0,"8":0},"fnMap":{"1":{"name":"name","line":20,"loc":{"start":{"line":20,"column":4},"end":{"line":27,"column":4}}},"2":{"name":"symbol","line":29,"loc":{"start":{"line":29,"column":4},"end":{"line":33,"column":4}}},"3":{"name":"decimals","line":35,"loc":{"start":{"line":35,"column":4},"end":{"line":37,"column":4}}},"4":{"name":"totalSupply","line":39,"loc":{"start":{"line":39,"column":4},"end":{"line":41,"column":4}}},"5":{"name":"constructor","line":47,"loc":{"start":{"line":43,"column":4},"end":{"line":51,"column":4}}},"6":{"name":"onlyConvenience","line":53,"loc":{"start":{"line":53,"column":4},"end":{"line":56,"column":4}}},"7":{"name":"mint","line":58,"loc":{"start":{"line":58,"column":4},"end":{"line":60,"column":4}}},"8":{"name":"burn","line":66,"loc":{"start":{"line":62,"column":4},"end":{"line":70,"column":4}}}},"statementMap":{"1":{"start":{"line":21,"column":8},"end":{"line":21,"column":57}},"2":{"start":{"line":22,"column":8},"end":{"line":22,"column":67}},"3":{"start":{"line":23,"column":8},"end":{"line":23,"column":978}},"4":{"start":{"line":30,"column":8},"end":{"line":30,"column":61}},"5":{"start":{"line":31,"column":8},"end":{"line":31,"column":71}},"6":{"start":{"line":32,"column":8},"end":{"line":32,"column":112}},"7":{"start":{"line":36,"column":8},"end":{"line":36,"column":47}},"8":{"start":{"line":40,"column":8},"end":{"line":40,"column":63}},"9":{"start":{"line":48,"column":8},"end":{"line":48,"column":33}},"10":{"start":{"line":49,"column":8},"end":{"line":49,"column":19}},"11":{"start":{"line":50,"column":8},"end":{"line":50,"column":27}},"12":{"start":{"line":54,"column":8},"end":{"line":54,"column":58}},"13":{"start":{"line":59,"column":8},"end":{"line":59,"column":24}},"14":{"start":{"line":67,"column":8},"end":{"line":67,"column":26}},"15":{"start":{"line":69,"column":8},"end":{"line":69,"column":85}}},"branchMap":{"1":{"line":54,"type":"if","locations":[{"start":{"line":54,"column":8},"end":{"line":54,"column":8}},{"start":{"line":54,"column":8},"end":{"line":54,"column":8}}]}}},"contracts/interfaces/IBorrow.sol":{"l":{},"path":"/home/vhawk19/timeswap/Timeswap-V1-Convenience/contracts/interfaces/IBorrow.sol","s":{},"b":{},"f":{},"fnMap":{},"statementMap":{},"branchMap":{}},"contracts/interfaces/IBurn.sol":{"l":{},"path":"/home/vhawk19/timeswap/Timeswap-V1-Convenience/contracts/interfaces/IBurn.sol","s":{},"b":{},"f":{},"fnMap":{},"statementMap":{},"branchMap":{}},"contracts/interfaces/IClaim.sol":{"l":{},"path":"/home/vhawk19/timeswap/Timeswap-V1-Convenience/contracts/interfaces/IClaim.sol","s":{},"b":{},"f":{},"fnMap":{},"statementMap":{},"branchMap":{}},"contracts/interfaces/IConvenience.sol":{"l":{},"path":"/home/vhawk19/timeswap/Timeswap-V1-Convenience/contracts/interfaces/IConvenience.sol","s":{},"b":{},"f":{},"fnMap":{},"statementMap":{},"branchMap":{}},"contracts/interfaces/IDeployNative.sol":{"l":{},"path":"/home/vhawk19/timeswap/Timeswap-V1-Convenience/contracts/interfaces/IDeployNative.sol","s":{},"b":{},"f":{},"fnMap":{},"statementMap":{},"branchMap":{}},"contracts/interfaces/IDue.sol":{"l":{},"path":"/home/vhawk19/timeswap/Timeswap-V1-Convenience/contracts/interfaces/IDue.sol","s":{},"b":{},"f":{},"fnMap":{},"statementMap":{},"branchMap":{}},"contracts/interfaces/IERC20Permit.sol":{"l":{},"path":"/home/vhawk19/timeswap/Timeswap-V1-Convenience/contracts/interfaces/IERC20Permit.sol","s":{},"b":{},"f":{},"fnMap":{},"statementMap":{},"branchMap":{}},"contracts/interfaces/IERC721Extended.sol":{"l":{},"path":"/home/vhawk19/timeswap/Timeswap-V1-Convenience/contracts/interfaces/IERC721Extended.sol","s":{},"b":{},"f":{},"fnMap":{},"statementMap":{},"branchMap":{}},"contracts/interfaces/IERC721Permit.sol":{"l":{},"path":"/home/vhawk19/timeswap/Timeswap-V1-Convenience/contracts/interfaces/IERC721Permit.sol","s":{},"b":{},"f":{},"fnMap":{},"statementMap":{},"branchMap":{}},"contracts/interfaces/ILend.sol":{"l":{},"path":"/home/vhawk19/timeswap/Timeswap-V1-Convenience/contracts/interfaces/ILend.sol","s":{},"b":{},"f":{},"fnMap":{},"statementMap":{},"branchMap":{}},"contracts/interfaces/ILiquidity.sol":{"l":{},"path":"/home/vhawk19/timeswap/Timeswap-V1-Convenience/contracts/interfaces/ILiquidity.sol","s":{},"b":{},"f":{},"fnMap":{},"statementMap":{},"branchMap":{}},"contracts/interfaces/IMint.sol":{"l":{},"path":"/home/vhawk19/timeswap/Timeswap-V1-Convenience/contracts/interfaces/IMint.sol","s":{},"b":{},"f":{},"fnMap":{},"statementMap":{},"branchMap":{}},"contracts/interfaces/IPay.sol":{"l":{},"path":"/home/vhawk19/timeswap/Timeswap-V1-Convenience/contracts/interfaces/IPay.sol","s":{},"b":{},"f":{},"fnMap":{},"statementMap":{},"branchMap":{}},"contracts/interfaces/IWETH.sol":{"l":{},"path":"/home/vhawk19/timeswap/Timeswap-V1-Convenience/contracts/interfaces/IWETH.sol","s":{},"b":{},"f":{},"fnMap":{},"statementMap":{},"branchMap":{}},"contracts/interfaces/IWithdraw.sol":{"l":{},"path":"/home/vhawk19/timeswap/Timeswap-V1-Convenience/contracts/interfaces/IWithdraw.sol","s":{},"b":{},"f":{},"fnMap":{},"statementMap":{},"branchMap":{}},"contracts/libraries/Base64.sol":{"l":{"11":0,"14":0,"17":0,"20":0,"22":0,"61":0},"path":"/home/vhawk19/timeswap/Timeswap-V1-Convenience/contracts/libraries/Base64.sol","s":{"1":0,"2":0,"3":0,"4":0,"5":0,"6":0},"b":{"1":[0,0]},"f":{"1":0},"fnMap":{"1":{"name":"encode","line":10,"loc":{"start":{"line":10,"column":4},"end":{"line":62,"column":4}}}},"statementMap":{"1":{"start":{"line":11,"column":8},"end":{"line":11,"column":39}},"2":{"start":{"line":11,"column":30},"end":{"line":11,"column":39}},"3":{"start":{"line":14,"column":8},"end":{"line":14,"column":35}},"4":{"start":{"line":17,"column":8},"end":{"line":17,"column":56}},"5":{"start":{"line":20,"column":8},"end":{"line":20,"column":58}},"6":{"start":{"line":61,"column":8},"end":{"line":61,"column":21}}},"branchMap":{"1":{"line":11,"type":"if","locations":[{"start":{"line":11,"column":8},"end":{"line":11,"column":8}},{"start":{"line":11,"column":8},"end":{"line":11,"column":8}}]}}},"contracts/libraries/Borrow.sol":{"l":{"25":0,"51":0,"69":0,"70":0,"80":0,"82":0,"100":0,"109":0,"135":0,"153":0,"154":0,"164":0,"166":0,"184":0,"193":0,"220":0,"239":0,"240":0,"250":0,"252":0,"271":0,"280":0,"281":0,"283":0,"285":0,"303":0,"312":0,"313":0,"315":0,"321":0,"339":0,"348":0,"350":0,"351":0,"353":0,"355":0,"373":0,"374":0,"383":0,"385":0,"386":0,"387":0,"389":0,"399":0},"path":"/home/vhawk19/timeswap/Timeswap-V1-Convenience/contracts/libraries/Borrow.sol","s":{"1":0,"2":0,"3":0,"4":0,"5":0,"6":0,"7":0,"8":0,"9":0,"10":0,"11":0,"12":0,"13":0,"14":0,"15":0,"16":0,"17":0,"18":0,"19":0,"20":0,"21":0,"22":0,"23":0,"24":0,"25":0,"26":0,"27":0,"28":0,"29":0,"30":0,"31":0,"32":0,"33":0,"34":0,"35":0,"36":0,"37":0,"38":0,"39":0,"40":0,"41":0,"42":0,"43":0,"44":0,"45":0,"46":0,"47":0},"b":{"1":[0,0],"2":[0,0],"3":[0,0],"4":[0,0],"5":[0,0],"6":[0,0],"7":[0,0],"8":[0,0],"9":[0,0],"10":[0,0],"11":[0,0],"12":[0,0],"13":[0,0]},"f":{"1":0,"2":0,"3":0,"4":0,"5":0,"6":0,"7":0,"8":0,"9":0,"10":0,"11":0,"12":0,"13":0},"fnMap":{"1":{"name":"borrowGivenDebt","line":19,"loc":{"start":{"line":19,"column":4},"end":{"line":42,"column":4}}},"2":{"name":"borrowGivenDebtETHAsset","line":44,"loc":{"start":{"line":44,"column":4},"end":{"line":71,"column":4}}},"3":{"name":"borrowGivenDebtETHCollateral","line":73,"loc":{"start":{"line":73,"column":4},"end":{"line":101,"column":4}}},"4":{"name":"borrowGivenCollateral","line":103,"loc":{"start":{"line":103,"column":4},"end":{"line":126,"column":4}}},"5":{"name":"borrowGivenCollateralETHAsset","line":128,"loc":{"start":{"line":128,"column":4},"end":{"line":155,"column":4}}},"6":{"name":"borrowGivenCollateralETHCollateral","line":157,"loc":{"start":{"line":157,"column":4},"end":{"line":185,"column":4}}},"7":{"name":"borrowGivenPercent","line":187,"loc":{"start":{"line":187,"column":4},"end":{"line":211,"column":4}}},"8":{"name":"borrowGivenPercentETHAsset","line":213,"loc":{"start":{"line":213,"column":4},"end":{"line":241,"column":4}}},"9":{"name":"borrowGivenPercentETHCollateral","line":243,"loc":{"start":{"line":243,"column":4},"end":{"line":272,"column":4}}},"10":{"name":"_borrowGivenDebt","line":274,"loc":{"start":{"line":274,"column":4},"end":{"line":304,"column":4}}},"11":{"name":"_borrowGivenCollateral","line":306,"loc":{"start":{"line":306,"column":4},"end":{"line":340,"column":4}}},"12":{"name":"_borrowGivenPercent","line":342,"loc":{"start":{"line":342,"column":4},"end":{"line":375,"column":4}}},"13":{"name":"_borrow","line":377,"loc":{"start":{"line":377,"column":4},"end":{"line":400,"column":4}}}},"statementMap":{"1":{"start":{"line":25,"column":8},"end":{"line":25,"column":1033}},"2":{"start":{"line":51,"column":8},"end":{"line":51,"column":1873}},"3":{"start":{"line":69,"column":8},"end":{"line":69,"column":37}},"4":{"start":{"line":70,"column":8},"end":{"line":70,"column":52}},"5":{"start":{"line":80,"column":8},"end":{"line":80,"column":53}},"6":{"start":{"line":82,"column":8},"end":{"line":82,"column":2866}},"7":{"start":{"line":100,"column":8},"end":{"line":100,"column":119}},"8":{"start":{"line":100,"column":51},"end":{"line":100,"column":118}},"9":{"start":{"line":109,"column":8},"end":{"line":109,"column":3787}},"10":{"start":{"line":135,"column":8},"end":{"line":135,"column":4651}},"11":{"start":{"line":153,"column":8},"end":{"line":153,"column":37}},"12":{"start":{"line":154,"column":8},"end":{"line":154,"column":61}},"13":{"start":{"line":164,"column":8},"end":{"line":164,"column":52}},"14":{"start":{"line":166,"column":8},"end":{"line":166,"column":5676}},"15":{"start":{"line":184,"column":8},"end":{"line":184,"column":117}},"16":{"start":{"line":184,"column":50},"end":{"line":184,"column":116}},"17":{"start":{"line":193,"column":8},"end":{"line":193,"column":6601}},"18":{"start":{"line":220,"column":8},"end":{"line":220,"column":7486}},"19":{"start":{"line":239,"column":8},"end":{"line":239,"column":37}},"20":{"start":{"line":240,"column":8},"end":{"line":240,"column":52}},"21":{"start":{"line":250,"column":8},"end":{"line":250,"column":53}},"22":{"start":{"line":252,"column":8},"end":{"line":252,"column":8524}},"23":{"start":{"line":271,"column":8},"end":{"line":271,"column":119}},"24":{"start":{"line":271,"column":51},"end":{"line":271,"column":118}},"25":{"start":{"line":280,"column":8},"end":{"line":280,"column":69}},"26":{"start":{"line":281,"column":8},"end":{"line":281,"column":51}},"27":{"start":{"line":283,"column":8},"end":{"line":283,"column":112}},"28":{"start":{"line":285,"column":8},"end":{"line":285,"column":9712}},"29":{"start":{"line":303,"column":8},"end":{"line":303,"column":65}},"30":{"start":{"line":312,"column":8},"end":{"line":312,"column":69}},"31":{"start":{"line":313,"column":8},"end":{"line":313,"column":51}},"32":{"start":{"line":315,"column":8},"end":{"line":315,"column":10688}},"33":{"start":{"line":321,"column":8},"end":{"line":321,"column":10860}},"34":{"start":{"line":339,"column":8},"end":{"line":339,"column":53}},"35":{"start":{"line":348,"column":8},"end":{"line":348,"column":53}},"36":{"start":{"line":350,"column":8},"end":{"line":350,"column":69}},"37":{"start":{"line":351,"column":8},"end":{"line":351,"column":51}},"38":{"start":{"line":353,"column":8},"end":{"line":353,"column":116}},"39":{"start":{"line":355,"column":8},"end":{"line":355,"column":11993}},"40":{"start":{"line":373,"column":8},"end":{"line":373,"column":53}},"41":{"start":{"line":374,"column":8},"end":{"line":374,"column":65}},"42":{"start":{"line":383,"column":8},"end":{"line":383,"column":58}},"43":{"start":{"line":385,"column":8},"end":{"line":385,"column":102}},"44":{"start":{"line":386,"column":8},"end":{"line":386,"column":13114}},"45":{"start":{"line":387,"column":12},"end":{"line":387,"column":93}},"46":{"start":{"line":389,"column":8},"end":{"line":389,"column":13178}},"47":{"start":{"line":399,"column":8},"end":{"line":399,"column":55}}},"branchMap":{"1":{"line":100,"type":"if","locations":[{"start":{"line":100,"column":8},"end":{"line":100,"column":8}},{"start":{"line":100,"column":8},"end":{"line":100,"column":8}}]},"2":{"line":184,"type":"if","locations":[{"start":{"line":184,"column":8},"end":{"line":184,"column":8}},{"start":{"line":184,"column":8},"end":{"line":184,"column":8}}]},"3":{"line":271,"type":"if","locations":[{"start":{"line":271,"column":8},"end":{"line":271,"column":8}},{"start":{"line":271,"column":8},"end":{"line":271,"column":8}}]},"4":{"line":281,"type":"if","locations":[{"start":{"line":281,"column":8},"end":{"line":281,"column":8}},{"start":{"line":281,"column":8},"end":{"line":281,"column":8}}]},"5":{"line":303,"type":"if","locations":[{"start":{"line":303,"column":8},"end":{"line":303,"column":8}},{"start":{"line":303,"column":8},"end":{"line":303,"column":8}}]},"6":{"line":313,"type":"if","locations":[{"start":{"line":313,"column":8},"end":{"line":313,"column":8}},{"start":{"line":313,"column":8},"end":{"line":313,"column":8}}]},"7":{"line":339,"type":"if","locations":[{"start":{"line":339,"column":8},"end":{"line":339,"column":8}},{"start":{"line":339,"column":8},"end":{"line":339,"column":8}}]},"8":{"line":348,"type":"if","locations":[{"start":{"line":348,"column":8},"end":{"line":348,"column":8}},{"start":{"line":348,"column":8},"end":{"line":348,"column":8}}]},"9":{"line":351,"type":"if","locations":[{"start":{"line":351,"column":8},"end":{"line":351,"column":8}},{"start":{"line":351,"column":8},"end":{"line":351,"column":8}}]},"10":{"line":373,"type":"if","locations":[{"start":{"line":373,"column":8},"end":{"line":373,"column":8}},{"start":{"line":373,"column":8},"end":{"line":373,"column":8}}]},"11":{"line":374,"type":"if","locations":[{"start":{"line":374,"column":8},"end":{"line":374,"column":8}},{"start":{"line":374,"column":8},"end":{"line":374,"column":8}}]},"12":{"line":383,"type":"if","locations":[{"start":{"line":383,"column":8},"end":{"line":383,"column":8}},{"start":{"line":383,"column":8},"end":{"line":383,"column":8}}]},"13":{"line":386,"type":"if","locations":[{"start":{"line":386,"column":8},"end":{"line":386,"column":8}},{"start":{"line":386,"column":8},"end":{"line":386,"column":8}}]}}},"contracts/libraries/BorrowMath.sol":{"l":{"23":0,"25":0,"27":0,"28":0,"29":0,"30":0,"31":0,"33":0,"34":0,"35":0,"37":0,"38":0,"40":0,"41":0,"42":0,"43":0,"44":0,"45":0,"46":0,"47":0,"48":0,"49":0,"50":0,"59":0,"61":0,"63":0,"64":0,"66":0,"67":0,"68":0,"69":0,"70":0,"71":0,"72":0,"73":0,"74":0,"75":0,"77":0,"78":0,"79":0,"81":0,"82":0,"83":0,"84":0,"85":0,"86":0,"87":0,"88":0,"89":0,"90":0,"91":0,"100":0,"102":0,"104":0,"105":0,"107":0,"108":0,"109":0,"110":0,"111":0,"112":0,"113":0,"114":0,"115":0,"117":0,"118":0,"119":0,"120":0,"121":0,"122":0,"124":0,"125":0,"126":0,"128":0,"129":0,"130":0,"131":0,"132":0,"133":0,"134":0,"135":0,"136":0,"137":0,"138":0},"path":"/home/vhawk19/timeswap/Timeswap-V1-Convenience/contracts/libraries/BorrowMath.sol","s":{"1":0,"2":0,"3":0,"4":0,"5":0,"6":0,"7":0,"8":0,"9":0,"10":0,"11":0,"12":0,"13":0,"14":0,"15":0,"16":0,"17":0,"18":0,"19":0,"20":0,"21":0,"22":0,"23":0,"24":0,"25":0,"26":0,"27":0,"28":0,"29":0,"30":0,"31":0,"32":0,"33":0,"34":0,"35":0,"36":0,"37":0,"38":0,"39":0,"40":0,"41":0,"42":0,"43":0,"44":0,"45":0,"46":0,"47":0,"48":0,"49":0,"50":0,"51":0,"52":0,"53":0,"54":0,"55":0,"56":0,"57":0,"58":0,"59":0,"60":0,"61":0,"62":0,"63":0,"64":0,"65":0,"66":0,"67":0,"68":0,"69":0,"70":0,"71":0,"72":0,"73":0,"74":0,"75":0,"76":0,"77":0,"78":0,"79":0,"80":0,"81":0,"82":0,"83":0,"84":0},"b":{},"f":{"1":0,"2":0,"3":0},"fnMap":{"1":{"name":"givenDebt","line":17,"loc":{"start":{"line":17,"column":4},"end":{"line":51,"column":4}}},"2":{"name":"givenCollateral","line":53,"loc":{"start":{"line":53,"column":4},"end":{"line":92,"column":4}}},"3":{"name":"givenPercent","line":94,"loc":{"start":{"line":94,"column":4},"end":{"line":139,"column":4}}}},"statementMap":{"1":{"start":{"line":23,"column":8},"end":{"line":23,"column":46}},"2":{"start":{"line":25,"column":8},"end":{"line":25,"column":57}},"3":{"start":{"line":27,"column":8},"end":{"line":27,"column":35}},"4":{"start":{"line":28,"column":8},"end":{"line":28,"column":29}},"5":{"start":{"line":29,"column":8},"end":{"line":29,"column":24}},"6":{"start":{"line":30,"column":8},"end":{"line":30,"column":47}},"7":{"start":{"line":31,"column":8},"end":{"line":31,"column":41}},"8":{"start":{"line":33,"column":8},"end":{"line":33,"column":30}},"9":{"start":{"line":34,"column":8},"end":{"line":34,"column":21}},"10":{"start":{"line":35,"column":8},"end":{"line":35,"column":38}},"11":{"start":{"line":37,"column":8},"end":{"line":37,"column":30}},"12":{"start":{"line":38,"column":8},"end":{"line":38,"column":26}},"13":{"start":{"line":40,"column":8},"end":{"line":40,"column":33}},"14":{"start":{"line":41,"column":8},"end":{"line":41,"column":25}},"15":{"start":{"line":42,"column":8},"end":{"line":42,"column":24}},"16":{"start":{"line":43,"column":8},"end":{"line":43,"column":36}},"17":{"start":{"line":44,"column":8},"end":{"line":44,"column":28}},"18":{"start":{"line":45,"column":8},"end":{"line":45,"column":31}},"19":{"start":{"line":46,"column":8},"end":{"line":46,"column":37}},"20":{"start":{"line":47,"column":8},"end":{"line":47,"column":29}},"21":{"start":{"line":48,"column":8},"end":{"line":48,"column":29}},"22":{"start":{"line":49,"column":8},"end":{"line":49,"column":73}},"23":{"start":{"line":50,"column":8},"end":{"line":50,"column":41}},"24":{"start":{"line":59,"column":8},"end":{"line":59,"column":46}},"25":{"start":{"line":61,"column":8},"end":{"line":61,"column":57}},"26":{"start":{"line":63,"column":8},"end":{"line":63,"column":30}},"27":{"start":{"line":64,"column":8},"end":{"line":64,"column":26}},"28":{"start":{"line":66,"column":8},"end":{"line":66,"column":41}},"29":{"start":{"line":67,"column":8},"end":{"line":67,"column":37}},"30":{"start":{"line":68,"column":8},"end":{"line":68,"column":36}},"31":{"start":{"line":69,"column":8},"end":{"line":69,"column":25}},"32":{"start":{"line":70,"column":8},"end":{"line":70,"column":40}},"33":{"start":{"line":71,"column":8},"end":{"line":71,"column":37}},"34":{"start":{"line":72,"column":8},"end":{"line":72,"column":41}},"35":{"start":{"line":73,"column":8},"end":{"line":73,"column":69}},"36":{"start":{"line":74,"column":8},"end":{"line":74,"column":31}},"37":{"start":{"line":75,"column":8},"end":{"line":75,"column":41}},"38":{"start":{"line":77,"column":8},"end":{"line":77,"column":30}},"39":{"start":{"line":78,"column":8},"end":{"line":78,"column":21}},"40":{"start":{"line":79,"column":8},"end":{"line":79,"column":38}},"41":{"start":{"line":81,"column":8},"end":{"line":81,"column":33}},"42":{"start":{"line":82,"column":8},"end":{"line":82,"column":25}},"43":{"start":{"line":83,"column":8},"end":{"line":83,"column":24}},"44":{"start":{"line":84,"column":8},"end":{"line":84,"column":27}},"45":{"start":{"line":85,"column":8},"end":{"line":85,"column":28}},"46":{"start":{"line":86,"column":8},"end":{"line":86,"column":31}},"47":{"start":{"line":87,"column":8},"end":{"line":87,"column":28}},"48":{"start":{"line":88,"column":8},"end":{"line":88,"column":29}},"49":{"start":{"line":89,"column":8},"end":{"line":89,"column":29}},"50":{"start":{"line":90,"column":8},"end":{"line":90,"column":73}},"51":{"start":{"line":91,"column":8},"end":{"line":91,"column":41}},"52":{"start":{"line":100,"column":8},"end":{"line":100,"column":46}},"53":{"start":{"line":102,"column":8},"end":{"line":102,"column":57}},"54":{"start":{"line":104,"column":8},"end":{"line":104,"column":30}},"55":{"start":{"line":105,"column":8},"end":{"line":105,"column":26}},"56":{"start":{"line":107,"column":8},"end":{"line":107,"column":34}},"57":{"start":{"line":108,"column":8},"end":{"line":108,"column":22}},"58":{"start":{"line":109,"column":8},"end":{"line":109,"column":21}},"59":{"start":{"line":110,"column":8},"end":{"line":110,"column":33}},"60":{"start":{"line":111,"column":8},"end":{"line":111,"column":20}},"61":{"start":{"line":112,"column":8},"end":{"line":112,"column":37}},"62":{"start":{"line":113,"column":8},"end":{"line":113,"column":29}},"63":{"start":{"line":114,"column":8},"end":{"line":114,"column":43}},"64":{"start":{"line":115,"column":8},"end":{"line":115,"column":29}},"65":{"start":{"line":117,"column":8},"end":{"line":117,"column":36}},"66":{"start":{"line":118,"column":8},"end":{"line":118,"column":28}},"67":{"start":{"line":119,"column":8},"end":{"line":119,"column":28}},"68":{"start":{"line":120,"column":8},"end":{"line":120,"column":24}},"69":{"start":{"line":121,"column":8},"end":{"line":121,"column":28}},"70":{"start":{"line":122,"column":8},"end":{"line":122,"column":41}},"71":{"start":{"line":124,"column":8},"end":{"line":124,"column":30}},"72":{"start":{"line":125,"column":8},"end":{"line":125,"column":21}},"73":{"start":{"line":126,"column":8},"end":{"line":126,"column":38}},"74":{"start":{"line":128,"column":8},"end":{"line":128,"column":33}},"75":{"start":{"line":129,"column":8},"end":{"line":129,"column":25}},"76":{"start":{"line":130,"column":8},"end":{"line":130,"column":24}},"77":{"start":{"line":131,"column":8},"end":{"line":131,"column":36}},"78":{"start":{"line":132,"column":8},"end":{"line":132,"column":28}},"79":{"start":{"line":133,"column":8},"end":{"line":133,"column":31}},"80":{"start":{"line":134,"column":8},"end":{"line":134,"column":28}},"81":{"start":{"line":135,"column":8},"end":{"line":135,"column":29}},"82":{"start":{"line":136,"column":8},"end":{"line":136,"column":29}},"83":{"start":{"line":137,"column":8},"end":{"line":137,"column":73}},"84":{"start":{"line":138,"column":8},"end":{"line":138,"column":41}}},"branchMap":{}},"contracts/libraries/Burn.sol":{"l":{"18":0,"27":0,"40":0,"41":0,"42":0,"52":0,"65":0,"66":0,"67":0,"76":0,"77":0,"79":0,"80":0,"82":0},"path":"/home/vhawk19/timeswap/Timeswap-V1-Convenience/contracts/libraries/Burn.sol","s":{"1":0,"2":0,"3":0,"4":0,"5":0,"6":0,"7":0,"8":0,"9":0,"10":0,"11":0,"12":0,"13":0,"14":0},"b":{"1":[0,0],"2":[0,0],"3":[0,0],"4":[0,0]},"f":{"1":0,"2":0,"3":0,"4":0},"fnMap":{"1":{"name":"removeLiquidity","line":13,"loc":{"start":{"line":13,"column":4},"end":{"line":19,"column":4}}},"2":{"name":"removeLiquidityETHAsset","line":21,"loc":{"start":{"line":21,"column":4},"end":{"line":44,"column":4}}},"3":{"name":"removeLiquidityETHCollateral","line":46,"loc":{"start":{"line":46,"column":4},"end":{"line":69,"column":4}}},"4":{"name":"_removeLiquidity","line":71,"loc":{"start":{"line":71,"column":4},"end":{"line":83,"column":4}}}},"statementMap":{"1":{"start":{"line":18,"column":8},"end":{"line":18,"column":61}},"2":{"start":{"line":27,"column":8},"end":{"line":27,"column":1156}},"3":{"start":{"line":40,"column":8},"end":{"line":40,"column":1490}},"4":{"start":{"line":41,"column":12},"end":{"line":41,"column":41}},"5":{"start":{"line":42,"column":12},"end":{"line":42,"column":56}},"6":{"start":{"line":52,"column":8},"end":{"line":52,"column":1953}},"7":{"start":{"line":65,"column":8},"end":{"line":65,"column":2277}},"8":{"start":{"line":66,"column":12},"end":{"line":66,"column":46}},"9":{"start":{"line":67,"column":12},"end":{"line":67,"column":66}},"10":{"start":{"line":76,"column":8},"end":{"line":76,"column":69}},"11":{"start":{"line":77,"column":8},"end":{"line":77,"column":51}},"12":{"start":{"line":79,"column":8},"end":{"line":79,"column":101}},"13":{"start":{"line":80,"column":8},"end":{"line":80,"column":63}},"14":{"start":{"line":82,"column":8},"end":{"line":82,"column":109}}},"branchMap":{"1":{"line":40,"type":"if","locations":[{"start":{"line":40,"column":8},"end":{"line":40,"column":8}},{"start":{"line":40,"column":8},"end":{"line":40,"column":8}}]},"2":{"line":65,"type":"if","locations":[{"start":{"line":65,"column":8},"end":{"line":65,"column":8}},{"start":{"line":65,"column":8},"end":{"line":65,"column":8}}]},"3":{"line":77,"type":"if","locations":[{"start":{"line":77,"column":8},"end":{"line":77,"column":8}},{"start":{"line":77,"column":8},"end":{"line":77,"column":8}}]},"4":{"line":80,"type":"if","locations":[{"start":{"line":80,"column":8},"end":{"line":80,"column":8}},{"start":{"line":80,"column":8},"end":{"line":80,"column":8}}]}}},"contracts/libraries/ConstantProduct.sol":{"l":{"14":10,"15":10},"path":"/home/vhawk19/timeswap/Timeswap-V1-Convenience/contracts/libraries/ConstantProduct.sol","s":{"1":10,"2":10},"b":{},"f":{"1":10},"fnMap":{"1":{"name":"get","line":13,"loc":{"start":{"line":13,"column":4},"end":{"line":16,"column":4}}}},"statementMap":{"1":{"start":{"line":14,"column":8},"end":{"line":14,"column":74}},"2":{"start":{"line":15,"column":8},"end":{"line":15,"column":23}}},"branchMap":{}},"contracts/libraries/DateTime.sol":{"l":{"58":0,"59":0,"60":0,"61":0,"63":0,"70":0,"91":0,"93":0,"94":0,"95":0,"96":0,"97":0,"98":0,"99":0,"100":0,"101":0,"102":0,"104":0,"105":0,"106":0,"110":0,"113":0,"116":0,"119":0,"120":0,"121":0,"122":0,"123":0,"124":0,"128":0,"129":0,"130":0,"131":0,"136":0,"137":0,"138":0,"143":0,"144":0,"147":0,"150":0,"153":0,"156":0,"157":0,"160":0,"161":0,"163":0,"165":0,"170":0,"171":0,"175":0,"178":0,"181":0,"184":0,"185":0,"188":0,"189":0,"192":0,"196":0,"197":0,"198":0,"199":0,"200":0,"202":0,"203":0,"206":0,"207":0,"208":0,"209":0,"210":0,"211":0,"212":0,"214":0,"215":0,"218":0,"219":0,"222":0,"223":0,"226":0,"227":0,"230":0,"231":0,"235":0,"236":0,"237":0,"238":0,"239":0,"241":0,"242":0,"245":0,"246":0,"247":0,"248":0,"249":0,"250":0,"251":0,"253":0,"254":0,"257":0,"258":0,"261":0,"262":0,"265":0,"266":0,"269":0,"270":0,"274":0,"275":0,"276":0,"277":0,"280":0,"281":0,"282":0,"283":0,"286":0,"287":0,"290":0,"291":0,"294":0,"295":0,"298":0,"299":0},"path":"/home/vhawk19/timeswap/Timeswap-V1-Convenience/contracts/libraries/DateTime.sol","s":{"1":0,"2":0,"3":0,"4":0,"5":0,"6":0,"7":0,"8":0,"9":0,"10":0,"11":0,"12":0,"13":0,"14":0,"15":0,"16":0,"17":0,"18":0,"19":0,"20":0,"21":0,"22":0,"23":0,"24":0,"25":0,"26":0,"27":0,"28":0,"29":0,"30":0,"31":0,"32":0,"33":0,"34":0,"35":0,"36":0,"37":0,"38":0,"39":0,"40":0,"41":0,"42":0,"43":0,"44":0,"45":0,"46":0,"47":0,"48":0,"49":0,"50":0,"51":0,"52":0,"53":0,"54":0,"55":0,"56":0,"57":0,"58":0,"59":0,"60":0,"61":0,"62":0,"63":0,"64":0,"65":0,"66":0,"67":0,"68":0,"69":0,"70":0,"71":0,"72":0,"73":0,"74":0,"75":0,"76":0,"77":0,"78":0,"79":0,"80":0,"81":0,"82":0,"83":0,"84":0,"85":0,"86":0,"87":0,"88":0,"89":0,"90":0,"91":0,"92":0,"93":0,"94":0,"95":0,"96":0,"97":0,"98":0,"99":0,"100":0,"101":0,"102":0,"103":0,"104":0,"105":0,"106":0,"107":0,"108":0,"109":0,"110":0,"111":0,"112":0,"113":0,"114":0,"115":0,"116":0,"117":0,"118":0,"119":0,"120":0,"121":0,"122":0},"b":{"1":[0,0],"2":[0,0],"3":[0,0],"4":[0,0],"5":[0,0],"6":[0,0],"7":[0,0],"8":[0,0],"9":[0,0],"10":[0,0],"11":[0,0],"12":[0,0],"13":[0,0],"14":[0,0],"15":[0,0],"16":[0,0],"17":[0,0],"18":[0,0],"19":[0,0],"20":[0,0],"21":[0,0],"22":[0,0],"23":[0,0],"24":[0,0],"25":[0,0],"26":[0,0],"27":[0,0],"28":[0,0],"29":[0,0]},"f":{"1":0,"2":0,"3":0,"4":0,"5":0,"6":0,"7":0,"8":0,"9":0,"10":0,"11":0,"12":0,"13":0,"14":0,"15":0,"16":0,"17":0,"18":0,"19":0,"20":0,"21":0,"22":0,"23":0,"24":0,"25":0,"26":0,"27":0,"28":0,"29":0,"30":0,"31":0,"32":0,"33":0,"34":0,"35":0,"36":0,"37":0,"38":0,"39":0},"fnMap":{"1":{"name":"_daysFromDate","line":57,"loc":{"start":{"line":57,"column":4},"end":{"line":71,"column":4}}},"2":{"name":"_daysToDate","line":90,"loc":{"start":{"line":90,"column":4},"end":{"line":107,"column":4}}},"3":{"name":"timestampFromDate","line":109,"loc":{"start":{"line":109,"column":4},"end":{"line":111,"column":4}}},"4":{"name":"timestampFromDateTime","line":112,"loc":{"start":{"line":112,"column":4},"end":{"line":114,"column":4}}},"5":{"name":"timestampToDate","line":115,"loc":{"start":{"line":115,"column":4},"end":{"line":117,"column":4}}},"6":{"name":"timestampToDateTime","line":118,"loc":{"start":{"line":118,"column":4},"end":{"line":125,"column":4}}},"7":{"name":"isValidDate","line":127,"loc":{"start":{"line":127,"column":4},"end":{"line":134,"column":4}}},"8":{"name":"isValidDateTime","line":135,"loc":{"start":{"line":135,"column":4},"end":{"line":141,"column":4}}},"9":{"name":"isLeapYear","line":142,"loc":{"start":{"line":142,"column":4},"end":{"line":145,"column":4}}},"10":{"name":"_isLeapYear","line":146,"loc":{"start":{"line":146,"column":4},"end":{"line":148,"column":4}}},"11":{"name":"isWeekDay","line":149,"loc":{"start":{"line":149,"column":4},"end":{"line":151,"column":4}}},"12":{"name":"isWeekEnd","line":152,"loc":{"start":{"line":152,"column":4},"end":{"line":154,"column":4}}},"13":{"name":"getDaysInMonth","line":155,"loc":{"start":{"line":155,"column":4},"end":{"line":158,"column":4}}},"14":{"name":"_getDaysInMonth","line":159,"loc":{"start":{"line":159,"column":4},"end":{"line":167,"column":4}}},"15":{"name":"getDayOfWeek","line":169,"loc":{"start":{"line":169,"column":4},"end":{"line":172,"column":4}}},"16":{"name":"getYear","line":174,"loc":{"start":{"line":174,"column":4},"end":{"line":176,"column":4}}},"17":{"name":"getMonth","line":177,"loc":{"start":{"line":177,"column":4},"end":{"line":179,"column":4}}},"18":{"name":"getDay","line":180,"loc":{"start":{"line":180,"column":4},"end":{"line":182,"column":4}}},"19":{"name":"getHour","line":183,"loc":{"start":{"line":183,"column":4},"end":{"line":186,"column":4}}},"20":{"name":"getMinute","line":187,"loc":{"start":{"line":187,"column":4},"end":{"line":190,"column":4}}},"21":{"name":"getSecond","line":191,"loc":{"start":{"line":191,"column":4},"end":{"line":193,"column":4}}},"22":{"name":"addYears","line":195,"loc":{"start":{"line":195,"column":4},"end":{"line":204,"column":4}}},"23":{"name":"addMonths","line":205,"loc":{"start":{"line":205,"column":4},"end":{"line":216,"column":4}}},"24":{"name":"addDays","line":217,"loc":{"start":{"line":217,"column":4},"end":{"line":220,"column":4}}},"25":{"name":"addHours","line":221,"loc":{"start":{"line":221,"column":4},"end":{"line":224,"column":4}}},"26":{"name":"addMinutes","line":225,"loc":{"start":{"line":225,"column":4},"end":{"line":228,"column":4}}},"27":{"name":"addSeconds","line":229,"loc":{"start":{"line":229,"column":4},"end":{"line":232,"column":4}}},"28":{"name":"subYears","line":234,"loc":{"start":{"line":234,"column":4},"end":{"line":243,"column":4}}},"29":{"name":"subMonths","line":244,"loc":{"start":{"line":244,"column":4},"end":{"line":255,"column":4}}},"30":{"name":"subDays","line":256,"loc":{"start":{"line":256,"column":4},"end":{"line":259,"column":4}}},"31":{"name":"subHours","line":260,"loc":{"start":{"line":260,"column":4},"end":{"line":263,"column":4}}},"32":{"name":"subMinutes","line":264,"loc":{"start":{"line":264,"column":4},"end":{"line":267,"column":4}}},"33":{"name":"subSeconds","line":268,"loc":{"start":{"line":268,"column":4},"end":{"line":271,"column":4}}},"34":{"name":"diffYears","line":273,"loc":{"start":{"line":273,"column":4},"end":{"line":278,"column":4}}},"35":{"name":"diffMonths","line":279,"loc":{"start":{"line":279,"column":4},"end":{"line":284,"column":4}}},"36":{"name":"diffDays","line":285,"loc":{"start":{"line":285,"column":4},"end":{"line":288,"column":4}}},"37":{"name":"diffHours","line":289,"loc":{"start":{"line":289,"column":4},"end":{"line":292,"column":4}}},"38":{"name":"diffMinutes","line":293,"loc":{"start":{"line":293,"column":4},"end":{"line":296,"column":4}}},"39":{"name":"diffSeconds","line":297,"loc":{"start":{"line":297,"column":4},"end":{"line":300,"column":4}}}},"statementMap":{"1":{"start":{"line":58,"column":8},"end":{"line":58,"column":28}},"2":{"start":{"line":59,"column":8},"end":{"line":59,"column":29}},"3":{"start":{"line":60,"column":8},"end":{"line":60,"column":31}},"4":{"start":{"line":61,"column":8},"end":{"line":61,"column":27}},"5":{"start":{"line":63,"column":8},"end":{"line":63,"column":2277}},"6":{"start":{"line":70,"column":8},"end":{"line":70,"column":27}},"7":{"start":{"line":91,"column":8},"end":{"line":91,"column":31}},"8":{"start":{"line":93,"column":8},"end":{"line":93,"column":47}},"9":{"start":{"line":94,"column":8},"end":{"line":94,"column":30}},"10":{"start":{"line":95,"column":8},"end":{"line":95,"column":35}},"11":{"start":{"line":96,"column":8},"end":{"line":96,"column":44}},"12":{"start":{"line":97,"column":8},"end":{"line":97,"column":36}},"13":{"start":{"line":98,"column":8},"end":{"line":98,"column":34}},"14":{"start":{"line":99,"column":8},"end":{"line":99,"column":41}},"15":{"start":{"line":100,"column":8},"end":{"line":100,"column":22}},"16":{"start":{"line":101,"column":8},"end":{"line":101,"column":35}},"17":{"start":{"line":102,"column":8},"end":{"line":102,"column":41}},"18":{"start":{"line":104,"column":8},"end":{"line":104,"column":25}},"19":{"start":{"line":105,"column":8},"end":{"line":105,"column":27}},"20":{"start":{"line":106,"column":8},"end":{"line":106,"column":23}},"21":{"start":{"line":110,"column":8},"end":{"line":110,"column":68}},"22":{"start":{"line":113,"column":8},"end":{"line":113,"column":133}},"23":{"start":{"line":116,"column":8},"end":{"line":116,"column":68}},"24":{"start":{"line":119,"column":8},"end":{"line":119,"column":68}},"25":{"start":{"line":120,"column":8},"end":{"line":120,"column":47}},"26":{"start":{"line":121,"column":8},"end":{"line":121,"column":37}},"27":{"start":{"line":122,"column":8},"end":{"line":122,"column":37}},"28":{"start":{"line":123,"column":8},"end":{"line":123,"column":41}},"29":{"start":{"line":124,"column":8},"end":{"line":124,"column":41}},"30":{"start":{"line":128,"column":8},"end":{"line":128,"column":5096}},"31":{"start":{"line":129,"column":12},"end":{"line":129,"column":59}},"32":{"start":{"line":130,"column":12},"end":{"line":130,"column":5221}},"33":{"start":{"line":131,"column":16},"end":{"line":131,"column":27}},"34":{"start":{"line":136,"column":8},"end":{"line":136,"column":5458}},"35":{"start":{"line":137,"column":12},"end":{"line":137,"column":5511}},"36":{"start":{"line":138,"column":16},"end":{"line":138,"column":27}},"37":{"start":{"line":143,"column":8},"end":{"line":143,"column":64}},"38":{"start":{"line":144,"column":8},"end":{"line":144,"column":35}},"39":{"start":{"line":147,"column":8},"end":{"line":147,"column":77}},"40":{"start":{"line":150,"column":8},"end":{"line":150,"column":51}},"41":{"start":{"line":153,"column":8},"end":{"line":153,"column":51}},"42":{"start":{"line":156,"column":8},"end":{"line":156,"column":75}},"43":{"start":{"line":157,"column":8},"end":{"line":157,"column":49}},"44":{"start":{"line":160,"column":8},"end":{"line":160,"column":6567}},"45":{"start":{"line":161,"column":12},"end":{"line":161,"column":27}},"46":{"start":{"line":162,"column":15},"end":{"line":162,"column":6716}},"47":{"start":{"line":163,"column":12},"end":{"line":163,"column":27}},"48":{"start":{"line":165,"column":12},"end":{"line":165,"column":52}},"49":{"start":{"line":170,"column":8},"end":{"line":170,"column":48}},"50":{"start":{"line":171,"column":8},"end":{"line":171,"column":38}},"51":{"start":{"line":175,"column":8},"end":{"line":175,"column":58}},"52":{"start":{"line":178,"column":8},"end":{"line":178,"column":59}},"53":{"start":{"line":181,"column":8},"end":{"line":181,"column":57}},"54":{"start":{"line":184,"column":8},"end":{"line":184,"column":47}},"55":{"start":{"line":185,"column":8},"end":{"line":185,"column":37}},"56":{"start":{"line":188,"column":8},"end":{"line":188,"column":48}},"57":{"start":{"line":189,"column":8},"end":{"line":189,"column":41}},"58":{"start":{"line":192,"column":8},"end":{"line":192,"column":46}},"59":{"start":{"line":196,"column":8},"end":{"line":196,"column":84}},"60":{"start":{"line":197,"column":8},"end":{"line":197,"column":21}},"61":{"start":{"line":198,"column":8},"end":{"line":198,"column":55}},"62":{"start":{"line":199,"column":8},"end":{"line":199,"column":8231}},"63":{"start":{"line":200,"column":12},"end":{"line":200,"column":28}},"64":{"start":{"line":202,"column":8},"end":{"line":202,"column":101}},"65":{"start":{"line":203,"column":8},"end":{"line":203,"column":41}},"66":{"start":{"line":206,"column":8},"end":{"line":206,"column":84}},"67":{"start":{"line":207,"column":8},"end":{"line":207,"column":23}},"68":{"start":{"line":208,"column":8},"end":{"line":208,"column":31}},"69":{"start":{"line":209,"column":8},"end":{"line":209,"column":35}},"70":{"start":{"line":210,"column":8},"end":{"line":210,"column":55}},"71":{"start":{"line":211,"column":8},"end":{"line":211,"column":8797}},"72":{"start":{"line":212,"column":12},"end":{"line":212,"column":28}},"73":{"start":{"line":214,"column":8},"end":{"line":214,"column":101}},"74":{"start":{"line":215,"column":8},"end":{"line":215,"column":41}},"75":{"start":{"line":218,"column":8},"end":{"line":218,"column":57}},"76":{"start":{"line":219,"column":8},"end":{"line":219,"column":41}},"77":{"start":{"line":222,"column":8},"end":{"line":222,"column":59}},"78":{"start":{"line":223,"column":8},"end":{"line":223,"column":41}},"79":{"start":{"line":226,"column":8},"end":{"line":226,"column":63}},"80":{"start":{"line":227,"column":8},"end":{"line":227,"column":41}},"81":{"start":{"line":230,"column":8},"end":{"line":230,"column":42}},"82":{"start":{"line":231,"column":8},"end":{"line":231,"column":41}},"83":{"start":{"line":235,"column":8},"end":{"line":235,"column":84}},"84":{"start":{"line":236,"column":8},"end":{"line":236,"column":21}},"85":{"start":{"line":237,"column":8},"end":{"line":237,"column":55}},"86":{"start":{"line":238,"column":8},"end":{"line":238,"column":10107}},"87":{"start":{"line":239,"column":12},"end":{"line":239,"column":28}},"88":{"start":{"line":241,"column":8},"end":{"line":241,"column":101}},"89":{"start":{"line":242,"column":8},"end":{"line":242,"column":41}},"90":{"start":{"line":245,"column":8},"end":{"line":245,"column":84}},"91":{"start":{"line":246,"column":8},"end":{"line":246,"column":58}},"92":{"start":{"line":247,"column":8},"end":{"line":247,"column":28}},"93":{"start":{"line":248,"column":8},"end":{"line":248,"column":33}},"94":{"start":{"line":249,"column":8},"end":{"line":249,"column":55}},"95":{"start":{"line":250,"column":8},"end":{"line":250,"column":10702}},"96":{"start":{"line":251,"column":12},"end":{"line":251,"column":28}},"97":{"start":{"line":253,"column":8},"end":{"line":253,"column":101}},"98":{"start":{"line":254,"column":8},"end":{"line":254,"column":41}},"99":{"start":{"line":257,"column":8},"end":{"line":257,"column":57}},"100":{"start":{"line":258,"column":8},"end":{"line":258,"column":41}},"101":{"start":{"line":261,"column":8},"end":{"line":261,"column":59}},"102":{"start":{"line":262,"column":8},"end":{"line":262,"column":41}},"103":{"start":{"line":265,"column":8},"end":{"line":265,"column":63}},"104":{"start":{"line":266,"column":8},"end":{"line":266,"column":41}},"105":{"start":{"line":269,"column":8},"end":{"line":269,"column":42}},"106":{"start":{"line":270,"column":8},"end":{"line":270,"column":41}},"107":{"start":{"line":274,"column":8},"end":{"line":274,"column":44}},"108":{"start":{"line":275,"column":8},"end":{"line":275,"column":72}},"109":{"start":{"line":276,"column":8},"end":{"line":276,"column":68}},"110":{"start":{"line":277,"column":8},"end":{"line":277,"column":33}},"111":{"start":{"line":280,"column":8},"end":{"line":280,"column":44}},"112":{"start":{"line":281,"column":8},"end":{"line":281,"column":87}},"113":{"start":{"line":282,"column":8},"end":{"line":282,"column":81}},"114":{"start":{"line":283,"column":8},"end":{"line":283,"column":66}},"115":{"start":{"line":286,"column":8},"end":{"line":286,"column":44}},"116":{"start":{"line":287,"column":8},"end":{"line":287,"column":62}},"117":{"start":{"line":290,"column":8},"end":{"line":290,"column":44}},"118":{"start":{"line":291,"column":8},"end":{"line":291,"column":64}},"119":{"start":{"line":294,"column":8},"end":{"line":294,"column":44}},"120":{"start":{"line":295,"column":8},"end":{"line":295,"column":68}},"121":{"start":{"line":298,"column":8},"end":{"line":298,"column":44}},"122":{"start":{"line":299,"column":8},"end":{"line":299,"column":45}}},"branchMap":{"1":{"line":58,"type":"if","locations":[{"start":{"line":58,"column":8},"end":{"line":58,"column":8}},{"start":{"line":58,"column":8},"end":{"line":58,"column":8}}]},"2":{"line":128,"type":"if","locations":[{"start":{"line":128,"column":8},"end":{"line":128,"column":8}},{"start":{"line":128,"column":8},"end":{"line":128,"column":8}}]},"3":{"line":130,"type":"if","locations":[{"start":{"line":130,"column":12},"end":{"line":130,"column":12}},{"start":{"line":130,"column":12},"end":{"line":130,"column":12}}]},"4":{"line":136,"type":"if","locations":[{"start":{"line":136,"column":8},"end":{"line":136,"column":8}},{"start":{"line":136,"column":8},"end":{"line":136,"column":8}}]},"5":{"line":137,"type":"if","locations":[{"start":{"line":137,"column":12},"end":{"line":137,"column":12}},{"start":{"line":137,"column":12},"end":{"line":137,"column":12}}]},"6":{"line":160,"type":"if","locations":[{"start":{"line":160,"column":8},"end":{"line":160,"column":8}},{"start":{"line":160,"column":8},"end":{"line":160,"column":8}}]},"7":{"line":162,"type":"if","locations":[{"start":{"line":162,"column":15},"end":{"line":162,"column":15}},{"start":{"line":162,"column":15},"end":{"line":162,"column":15}}]},"8":{"line":199,"type":"if","locations":[{"start":{"line":199,"column":8},"end":{"line":199,"column":8}},{"start":{"line":199,"column":8},"end":{"line":199,"column":8}}]},"9":{"line":203,"type":"if","locations":[{"start":{"line":203,"column":8},"end":{"line":203,"column":8}},{"start":{"line":203,"column":8},"end":{"line":203,"column":8}}]},"10":{"line":211,"type":"if","locations":[{"start":{"line":211,"column":8},"end":{"line":211,"column":8}},{"start":{"line":211,"column":8},"end":{"line":211,"column":8}}]},"11":{"line":215,"type":"if","locations":[{"start":{"line":215,"column":8},"end":{"line":215,"column":8}},{"start":{"line":215,"column":8},"end":{"line":215,"column":8}}]},"12":{"line":219,"type":"if","locations":[{"start":{"line":219,"column":8},"end":{"line":219,"column":8}},{"start":{"line":219,"column":8},"end":{"line":219,"column":8}}]},"13":{"line":223,"type":"if","locations":[{"start":{"line":223,"column":8},"end":{"line":223,"column":8}},{"start":{"line":223,"column":8},"end":{"line":223,"column":8}}]},"14":{"line":227,"type":"if","locations":[{"start":{"line":227,"column":8},"end":{"line":227,"column":8}},{"start":{"line":227,"column":8},"end":{"line":227,"column":8}}]},"15":{"line":231,"type":"if","locations":[{"start":{"line":231,"column":8},"end":{"line":231,"column":8}},{"start":{"line":231,"column":8},"end":{"line":231,"column":8}}]},"16":{"line":238,"type":"if","locations":[{"start":{"line":238,"column":8},"end":{"line":238,"column":8}},{"start":{"line":238,"column":8},"end":{"line":238,"column":8}}]},"17":{"line":242,"type":"if","locations":[{"start":{"line":242,"column":8},"end":{"line":242,"column":8}},{"start":{"line":242,"column":8},"end":{"line":242,"column":8}}]},"18":{"line":250,"type":"if","locations":[{"start":{"line":250,"column":8},"end":{"line":250,"column":8}},{"start":{"line":250,"column":8},"end":{"line":250,"column":8}}]},"19":{"line":254,"type":"if","locations":[{"start":{"line":254,"column":8},"end":{"line":254,"column":8}},{"start":{"line":254,"column":8},"end":{"line":254,"column":8}}]},"20":{"line":258,"type":"if","locations":[{"start":{"line":258,"column":8},"end":{"line":258,"column":8}},{"start":{"line":258,"column":8},"end":{"line":258,"column":8}}]},"21":{"line":262,"type":"if","locations":[{"start":{"line":262,"column":8},"end":{"line":262,"column":8}},{"start":{"line":262,"column":8},"end":{"line":262,"column":8}}]},"22":{"line":266,"type":"if","locations":[{"start":{"line":266,"column":8},"end":{"line":266,"column":8}},{"start":{"line":266,"column":8},"end":{"line":266,"column":8}}]},"23":{"line":270,"type":"if","locations":[{"start":{"line":270,"column":8},"end":{"line":270,"column":8}},{"start":{"line":270,"column":8},"end":{"line":270,"column":8}}]},"24":{"line":274,"type":"if","locations":[{"start":{"line":274,"column":8},"end":{"line":274,"column":8}},{"start":{"line":274,"column":8},"end":{"line":274,"column":8}}]},"25":{"line":280,"type":"if","locations":[{"start":{"line":280,"column":8},"end":{"line":280,"column":8}},{"start":{"line":280,"column":8},"end":{"line":280,"column":8}}]},"26":{"line":286,"type":"if","locations":[{"start":{"line":286,"column":8},"end":{"line":286,"column":8}},{"start":{"line":286,"column":8},"end":{"line":286,"column":8}}]},"27":{"line":290,"type":"if","locations":[{"start":{"line":290,"column":8},"end":{"line":290,"column":8}},{"start":{"line":290,"column":8},"end":{"line":290,"column":8}}]},"28":{"line":294,"type":"if","locations":[{"start":{"line":294,"column":8},"end":{"line":294,"column":8}},{"start":{"line":294,"column":8},"end":{"line":294,"column":8}}]},"29":{"line":298,"type":"if","locations":[{"start":{"line":298,"column":8},"end":{"line":298,"column":8}},{"start":{"line":298,"column":8},"end":{"line":298,"column":8}}]}}},"contracts/libraries/Deploy.sol":{"l":{"26":10,"27":10,"28":10,"30":10},"path":"/home/vhawk19/timeswap/Timeswap-V1-Convenience/contracts/libraries/Deploy.sol","s":{"1":10,"2":10,"3":10,"4":10},"b":{},"f":{"1":10},"fnMap":{"1":{"name":"deploy","line":18,"loc":{"start":{"line":18,"column":4},"end":{"line":31,"column":4}}}},"statementMap":{"1":{"start":{"line":26,"column":8},"end":{"line":26,"column":84}},"2":{"start":{"line":27,"column":8},"end":{"line":27,"column":60}},"3":{"start":{"line":28,"column":8},"end":{"line":28,"column":61}},"4":{"start":{"line":30,"column":8},"end":{"line":30,"column":62}}},"branchMap":{}},"contracts/libraries/DeployERC20.sol":{"l":{"18":10,"19":10,"20":10},"path":"/home/vhawk19/timeswap/Timeswap-V1-Convenience/contracts/libraries/DeployERC20.sol","s":{"1":10,"2":10,"3":10},"b":{},"f":{"1":10},"fnMap":{"1":{"name":"deployERC20","line":11,"loc":{"start":{"line":11,"column":4},"end":{"line":21,"column":4}}}},"statementMap":{"1":{"start":{"line":18,"column":8},"end":{"line":18,"column":80}},"2":{"start":{"line":19,"column":8},"end":{"line":19,"column":70}},"3":{"start":{"line":20,"column":8},"end":{"line":20,"column":80}}},"branchMap":{}},"contracts/libraries/DeployERC721.sol":{"l":{"16":10},"path":"/home/vhawk19/timeswap/Timeswap-V1-Convenience/contracts/libraries/DeployERC721.sol","s":{"1":10},"b":{},"f":{"1":10},"fnMap":{"1":{"name":"deployERC721","line":9,"loc":{"start":{"line":9,"column":4},"end":{"line":17,"column":4}}}},"statementMap":{"1":{"start":{"line":16,"column":8},"end":{"line":16,"column":98}}},"branchMap":{}},"contracts/libraries/DeployNative.sol":{"l":{"20":0,"22":0,"23":0,"25":0,"26":0,"28":0},"path":"/home/vhawk19/timeswap/Timeswap-V1-Convenience/contracts/libraries/DeployNative.sol","s":{"1":0,"2":0,"3":0,"4":0,"5":0,"6":0},"b":{"1":[0,0],"2":[0,0],"3":[0,0]},"f":{"1":0},"fnMap":{"1":{"name":"deploy","line":14,"loc":{"start":{"line":14,"column":4},"end":{"line":29,"column":4}}}},"statementMap":{"1":{"start":{"line":20,"column":8},"end":{"line":20,"column":58}},"2":{"start":{"line":22,"column":8},"end":{"line":22,"column":69}},"3":{"start":{"line":23,"column":8},"end":{"line":23,"column":51}},"4":{"start":{"line":25,"column":8},"end":{"line":25,"column":102}},"5":{"start":{"line":26,"column":8},"end":{"line":26,"column":63}},"6":{"start":{"line":28,"column":8},"end":{"line":28,"column":89}}},"branchMap":{"1":{"line":20,"type":"if","locations":[{"start":{"line":20,"column":8},"end":{"line":20,"column":8}},{"start":{"line":20,"column":8},"end":{"line":20,"column":8}}]},"2":{"line":23,"type":"if","locations":[{"start":{"line":23,"column":8},"end":{"line":23,"column":8}},{"start":{"line":23,"column":8},"end":{"line":23,"column":8}}]},"3":{"line":26,"type":"if","locations":[{"start":{"line":26,"column":8},"end":{"line":26,"column":8}},{"start":{"line":26,"column":8},"end":{"line":26,"column":8}}]}}},"contracts/libraries/ETH.sol":{"l":{"6":0,"7":0},"path":"/home/vhawk19/timeswap/Timeswap-V1-Convenience/contracts/libraries/ETH.sol","s":{"1":0,"2":0},"b":{"1":[0,0]},"f":{"1":0},"fnMap":{"1":{"name":"transfer","line":5,"loc":{"start":{"line":5,"column":4},"end":{"line":8,"column":4}}}},"statementMap":{"1":{"start":{"line":6,"column":8},"end":{"line":6,"column":53}},"2":{"start":{"line":7,"column":8},"end":{"line":7,"column":31}}},"branchMap":{"1":{"line":7,"type":"if","locations":[{"start":{"line":7,"column":8},"end":{"line":7,"column":8}},{"start":{"line":7,"column":8},"end":{"line":7,"column":8}}]}}},"contracts/libraries/Lend.sol":{"l":{"24":0,"50":0,"52":0,"78":0,"103":0,"129":0,"131":0,"157":0,"182":0,"209":0,"211":0,"238":0,"264":0,"265":0,"266":0,"267":0,"285":0,"294":0,"295":0,"297":0,"303":0,"321":0,"330":0,"332":0,"333":0,"335":0,"337":0,"355":0,"356":0,"365":0,"366":0,"367":0,"368":0,"369":0,"379":0,"380":0},"path":"/home/vhawk19/timeswap/Timeswap-V1-Convenience/contracts/libraries/Lend.sol","s":{"1":0,"2":0,"3":0,"4":0,"5":0,"6":0,"7":0,"8":0,"9":0,"10":0,"11":0,"12":0,"13":0,"14":0,"15":0,"16":0,"17":0,"18":0,"19":0,"20":0,"21":0,"22":0,"23":0,"24":0,"25":0,"26":0,"27":0,"28":0,"29":0,"30":0,"31":0,"32":0,"33":0,"34":0,"35":0,"36":0},"b":{"1":[0,0],"2":[0,0],"3":[0,0],"4":[0,0],"5":[0,0],"6":[0,0],"7":[0,0],"8":[0,0],"9":[0,0],"10":[0,0]},"f":{"1":0,"2":0,"3":0,"4":0,"5":0,"6":0,"7":0,"8":0,"9":0,"10":0,"11":0,"12":0,"13":0},"fnMap":{"1":{"name":"lendGivenBond","line":18,"loc":{"start":{"line":18,"column":4},"end":{"line":41,"column":4}}},"2":{"name":"lendGivenBondETHAsset","line":43,"loc":{"start":{"line":43,"column":4},"end":{"line":69,"column":4}}},"3":{"name":"lendGivenBondETHCollateral","line":71,"loc":{"start":{"line":71,"column":4},"end":{"line":95,"column":4}}},"4":{"name":"lendGivenInsurance","line":97,"loc":{"start":{"line":97,"column":4},"end":{"line":120,"column":4}}},"5":{"name":"lendGivenInsuranceETHAsset","line":122,"loc":{"start":{"line":122,"column":4},"end":{"line":148,"column":4}}},"6":{"name":"lendGivenInsuranceETHCollateral","line":150,"loc":{"start":{"line":150,"column":4},"end":{"line":174,"column":4}}},"7":{"name":"lendGivenPercent","line":176,"loc":{"start":{"line":176,"column":4},"end":{"line":200,"column":4}}},"8":{"name":"lendGivenPercentETHAsset","line":202,"loc":{"start":{"line":202,"column":4},"end":{"line":229,"column":4}}},"9":{"name":"lendGivenPercentETHCollateral","line":231,"loc":{"start":{"line":231,"column":4},"end":{"line":256,"column":4}}},"10":{"name":"_lendGivenBond","line":258,"loc":{"start":{"line":258,"column":4},"end":{"line":286,"column":4}}},"11":{"name":"_lendGivenInsurance","line":288,"loc":{"start":{"line":288,"column":4},"end":{"line":322,"column":4}}},"12":{"name":"_lendGivenPercent","line":324,"loc":{"start":{"line":324,"column":4},"end":{"line":357,"column":4}}},"13":{"name":"_lend","line":359,"loc":{"start":{"line":359,"column":4},"end":{"line":381,"column":4}}}},"statementMap":{"1":{"start":{"line":24,"column":8},"end":{"line":24,"column":978}},"2":{"start":{"line":50,"column":8},"end":{"line":50,"column":47}},"3":{"start":{"line":52,"column":8},"end":{"line":52,"column":1851}},"4":{"start":{"line":78,"column":8},"end":{"line":78,"column":2672}},"5":{"start":{"line":103,"column":8},"end":{"line":103,"column":3456}},"6":{"start":{"line":129,"column":8},"end":{"line":129,"column":47}},"7":{"start":{"line":131,"column":8},"end":{"line":131,"column":4349}},"8":{"start":{"line":157,"column":8},"end":{"line":157,"column":5190}},"9":{"start":{"line":182,"column":8},"end":{"line":182,"column":5980}},"10":{"start":{"line":209,"column":8},"end":{"line":209,"column":47}},"11":{"start":{"line":211,"column":8},"end":{"line":211,"column":6897}},"12":{"start":{"line":238,"column":8},"end":{"line":238,"column":7762}},"13":{"start":{"line":264,"column":8},"end":{"line":264,"column":69}},"14":{"start":{"line":265,"column":8},"end":{"line":265,"column":51}},"15":{"start":{"line":266,"column":8},"end":{"line":266,"column":112}},"16":{"start":{"line":267,"column":8},"end":{"line":267,"column":8812}},"17":{"start":{"line":285,"column":8},"end":{"line":285,"column":66}},"18":{"start":{"line":294,"column":8},"end":{"line":294,"column":69}},"19":{"start":{"line":295,"column":8},"end":{"line":295,"column":51}},"20":{"start":{"line":297,"column":8},"end":{"line":297,"column":9770}},"21":{"start":{"line":303,"column":8},"end":{"line":303,"column":9940}},"22":{"start":{"line":321,"column":8},"end":{"line":321,"column":56}},"23":{"start":{"line":330,"column":8},"end":{"line":330,"column":53}},"24":{"start":{"line":332,"column":8},"end":{"line":332,"column":69}},"25":{"start":{"line":333,"column":8},"end":{"line":333,"column":51}},"26":{"start":{"line":335,"column":8},"end":{"line":335,"column":115}},"27":{"start":{"line":337,"column":8},"end":{"line":337,"column":11058}},"28":{"start":{"line":355,"column":8},"end":{"line":355,"column":56}},"29":{"start":{"line":356,"column":8},"end":{"line":356,"column":66}},"30":{"start":{"line":365,"column":8},"end":{"line":365,"column":58}},"31":{"start":{"line":366,"column":8},"end":{"line":366,"column":102}},"32":{"start":{"line":367,"column":8},"end":{"line":367,"column":12165}},"33":{"start":{"line":368,"column":12},"end":{"line":368,"column":93}},"34":{"start":{"line":369,"column":8},"end":{"line":369,"column":12228}},"35":{"start":{"line":379,"column":8},"end":{"line":379,"column":54}},"36":{"start":{"line":380,"column":8},"end":{"line":380,"column":69}}},"branchMap":{"1":{"line":265,"type":"if","locations":[{"start":{"line":265,"column":8},"end":{"line":265,"column":8}},{"start":{"line":265,"column":8},"end":{"line":265,"column":8}}]},"2":{"line":285,"type":"if","locations":[{"start":{"line":285,"column":8},"end":{"line":285,"column":8}},{"start":{"line":285,"column":8},"end":{"line":285,"column":8}}]},"3":{"line":295,"type":"if","locations":[{"start":{"line":295,"column":8},"end":{"line":295,"column":8}},{"start":{"line":295,"column":8},"end":{"line":295,"column":8}}]},"4":{"line":321,"type":"if","locations":[{"start":{"line":321,"column":8},"end":{"line":321,"column":8}},{"start":{"line":321,"column":8},"end":{"line":321,"column":8}}]},"5":{"line":330,"type":"if","locations":[{"start":{"line":330,"column":8},"end":{"line":330,"column":8}},{"start":{"line":330,"column":8},"end":{"line":330,"column":8}}]},"6":{"line":333,"type":"if","locations":[{"start":{"line":333,"column":8},"end":{"line":333,"column":8}},{"start":{"line":333,"column":8},"end":{"line":333,"column":8}}]},"7":{"line":355,"type":"if","locations":[{"start":{"line":355,"column":8},"end":{"line":355,"column":8}},{"start":{"line":355,"column":8},"end":{"line":355,"column":8}}]},"8":{"line":356,"type":"if","locations":[{"start":{"line":356,"column":8},"end":{"line":356,"column":8}},{"start":{"line":356,"column":8},"end":{"line":356,"column":8}}]},"9":{"line":365,"type":"if","locations":[{"start":{"line":365,"column":8},"end":{"line":365,"column":8}},{"start":{"line":365,"column":8},"end":{"line":365,"column":8}}]},"10":{"line":367,"type":"if","locations":[{"start":{"line":367,"column":8},"end":{"line":367,"column":8}},{"start":{"line":367,"column":8},"end":{"line":367,"column":8}}]}}},"contracts/libraries/LendMath.sol":{"l":{"22":0,"23":0,"24":0,"25":0,"26":0,"27":0,"28":0,"29":0,"30":0,"31":0,"33":0,"34":0,"35":0,"36":0,"37":0,"38":0,"39":0,"40":0,"41":0,"42":0,"43":0,"44":0,"45":0,"55":0,"58":0,"60":0,"61":0,"64":0,"65":0,"66":0,"67":0,"68":0,"69":0,"70":0,"71":0,"72":0,"73":0,"76":0,"77":0,"78":0,"80":0,"81":0,"82":0,"83":0,"84":0,"85":0,"86":0,"87":0,"88":0,"89":0,"90":0,"99":0,"101":0,"103":0,"104":0,"106":0,"107":0,"108":0,"109":0,"110":0,"111":0,"112":0,"113":0,"114":0,"116":0,"117":0,"118":0,"119":0,"120":0,"121":0,"123":0,"124":0,"125":0,"127":0,"128":0,"129":0,"130":0,"131":0,"132":0,"133":0,"134":0,"135":0,"136":0,"137":0},"path":"/home/vhawk19/timeswap/Timeswap-V1-Convenience/contracts/libraries/LendMath.sol","s":{"1":0,"2":0,"3":0,"4":0,"5":0,"6":0,"7":0,"8":0,"9":0,"10":0,"11":0,"12":0,"13":0,"14":0,"15":0,"16":0,"17":0,"18":0,"19":0,"20":0,"21":0,"22":0,"23":0,"24":0,"25":0,"26":0,"27":0,"28":0,"29":0,"30":0,"31":0,"32":0,"33":0,"34":0,"35":0,"36":0,"37":0,"38":0,"39":0,"40":0,"41":0,"42":0,"43":0,"44":0,"45":0,"46":0,"47":0,"48":0,"49":0,"50":0,"51":0,"52":0,"53":0,"54":0,"55":0,"56":0,"57":0,"58":0,"59":0,"60":0,"61":0,"62":0,"63":0,"64":0,"65":0,"66":0,"67":0,"68":0,"69":0,"70":0,"71":0,"72":0,"73":0,"74":0,"75":0,"76":0,"77":0,"78":0,"79":0,"80":0,"81":0,"82":0,"83":0,"84":0},"b":{},"f":{"1":0,"2":0,"3":0},"fnMap":{"1":{"name":"givenBond","line":16,"loc":{"start":{"line":16,"column":4},"end":{"line":47,"column":4}}},"2":{"name":"givenInsurance","line":49,"loc":{"start":{"line":49,"column":4},"end":{"line":91,"column":4}}},"3":{"name":"givenPercent","line":93,"loc":{"start":{"line":93,"column":4},"end":{"line":138,"column":4}}}},"statementMap":{"1":{"start":{"line":22,"column":8},"end":{"line":22,"column":46}},"2":{"start":{"line":23,"column":8},"end":{"line":23,"column":57}},"3":{"start":{"line":24,"column":8},"end":{"line":24,"column":36}},"4":{"start":{"line":25,"column":8},"end":{"line":25,"column":28}},"5":{"start":{"line":26,"column":8},"end":{"line":26,"column":24}},"6":{"start":{"line":27,"column":8},"end":{"line":27,"column":64}},"7":{"start":{"line":28,"column":8},"end":{"line":28,"column":41}},"8":{"start":{"line":29,"column":8},"end":{"line":29,"column":30}},"9":{"start":{"line":30,"column":8},"end":{"line":30,"column":21}},"10":{"start":{"line":31,"column":8},"end":{"line":31,"column":38}},"11":{"start":{"line":33,"column":8},"end":{"line":33,"column":30}},"12":{"start":{"line":34,"column":8},"end":{"line":34,"column":25}},"13":{"start":{"line":35,"column":8},"end":{"line":35,"column":36}},"14":{"start":{"line":36,"column":8},"end":{"line":36,"column":28}},"15":{"start":{"line":37,"column":8},"end":{"line":37,"column":33}},"16":{"start":{"line":38,"column":8},"end":{"line":38,"column":25}},"17":{"start":{"line":39,"column":8},"end":{"line":39,"column":24}},"18":{"start":{"line":40,"column":8},"end":{"line":40,"column":31}},"19":{"start":{"line":41,"column":8},"end":{"line":41,"column":37}},"20":{"start":{"line":42,"column":8},"end":{"line":42,"column":29}},"21":{"start":{"line":43,"column":8},"end":{"line":43,"column":29}},"22":{"start":{"line":44,"column":8},"end":{"line":44,"column":71}},"23":{"start":{"line":45,"column":8},"end":{"line":45,"column":41}},"24":{"start":{"line":55,"column":8},"end":{"line":55,"column":46}},"25":{"start":{"line":58,"column":8},"end":{"line":58,"column":57}},"26":{"start":{"line":60,"column":8},"end":{"line":60,"column":30}},"27"
[...]
tions":[{"start":{"line":54,"column":12},"end":{"line":54,"column":12}},{"start":{"line":54,"column":12},"end":{"line":54,"column":12}}]}}},"contracts/test/DateTimeCallee.sol":{"l":{"19":0},"path":"/home/vhawk19/timeswap/Timeswap-V1-Convenience/contracts/test/DateTimeCallee.sol","s":{"1":0},"b":{},"f":{"1":0},"fnMap":{"1":{"name":"timestampToDateTime","line":7,"loc":{"start":{"line":7,"column":4},"end":{"line":20,"column":4}}}},"statementMap":{"1":{"start":{"line":19,"column":8},"end":{"line":19,"column":54}}},"branchMap":{}},"contracts/test/LendMathCallee.sol":{"l":{"14":0,"22":0,"30":0},"path":"/home/vhawk19/timeswap/Timeswap-V1-Convenience/contracts/test/LendMathCallee.sol","s":{"1":0,"2":0,"3":0},"b":{},"f":{"1":0,"2":0,"3":0},"fnMap":{"1":{"name":"givenBond","line":8,"loc":{"start":{"line":8,"column":5},"end":{"line":15,"column":4}}},"2":{"name":"givenInsurance","line":16,"loc":{"start":{"line":16,"column":5},"end":{"line":23,"column":4}}},"3":{"name":"givenPercent","line":24,"loc":{"start":{"line":24,"column":4},"end":{"line":31,"column":4}}}},"statementMap":{"1":{"start":{"line":14,"column":8},"end":{"line":14,"column":64}},"2":{"start":{"line":22,"column":8},"end":{"line":22,"column":74}},"3":{"start":{"line":30,"column":8},"end":{"line":30,"column":67}}},"branchMap":{}},"contracts/test/MintMathCallee.sol":{"l":{"14":0,"21":0},"path":"/home/vhawk19/timeswap/Timeswap-V1-Convenience/contracts/test/MintMathCallee.sol","s":{"1":0,"2":0},"b":{},"f":{"1":0,"2":0},"fnMap":{"1":{"name":"givenNew","line":8,"loc":{"start":{"line":8,"column":5},"end":{"line":15,"column":4}}},"2":{"name":"givenAdd","line":16,"loc":{"start":{"line":16,"column":5},"end":{"line":22,"column":4}}}},"statementMap":{"1":{"start":{"line":14,"column":8},"end":{"line":14,"column":70}},"2":{"start":{"line":21,"column":8},"end":{"line":21,"column":55}}},"branchMap":{}},"contracts/test/MsgValueCallee.sol":{"l":{"8":0},"path":"/home/vhawk19/timeswap/Timeswap-V1-Convenience/contracts/test/MsgValueCallee.sol","s":{"1":0},"b":{},"f":{"1":0},"fnMap":{"1":{"name":"getUint112","line":7,"loc":{"start":{"line":7,"column":4},"end":{"line":9,"column":4}}}},"statementMap":{"1":{"start":{"line":8,"column":8},"end":{"line":8,"column":28}}},"branchMap":{}},"contracts/test/SafeTransferCallee.sol":{"l":{"10":0,"16":0},"path":"/home/vhawk19/timeswap/Timeswap-V1-Convenience/contracts/test/SafeTransferCallee.sol","s":{"1":0,"2":0},"b":{},"f":{"1":0,"2":0},"fnMap":{"1":{"name":"safeTransfer","line":9,"loc":{"start":{"line":9,"column":4},"end":{"line":11,"column":4}}},"2":{"name":"safeTransferFrom","line":12,"loc":{"start":{"line":12,"column":4},"end":{"line":17,"column":8}}}},"statementMap":{"1":{"start":{"line":10,"column":8},"end":{"line":10,"column":59}},"2":{"start":{"line":16,"column":12},"end":{"line":16,"column":73}}},"branchMap":{}},"contracts/test/TestToken.sol":{"l":{"12":6},"path":"/home/vhawk19/timeswap/Timeswap-V1-Convenience/contracts/test/TestToken.sol","s":{"1":6},"b":{},"f":{"1":6},"fnMap":{"1":{"name":"constructor","line":11,"loc":{"start":{"line":7,"column":4},"end":{"line":13,"column":4}}}},"statementMap":{"1":{"start":{"line":12,"column":8},"end":{"line":12,"column":32}}},"branchMap":{}},"contracts/test/TimeswapPairCallee.sol":{"l":{"20":0,"21":0,"37":0,"41":0,"58":0,"76":0,"95":0,"114":0,"130":0,"134":0,"136":0,"137":0,"138":0,"142":0,"146":0,"148":0,"149":0,"153":0,"157":0,"159":0,"160":0,"167":0,"171":0,"172":0},"path":"/home/vhawk19/timeswap/Timeswap-V1-Convenience/contracts/test/TimeswapPairCallee.sol","s":{"1":0,"2":0,"3":0,"4":0,"5":0,"6":0,"7":0,"8":0,"9":0,"10":0,"11":0,"12":0,"13":0,"14":0,"15":0,"16":0,"17":0,"18":0,"19":0,"20":0,"21":0,"22":0,"23":0,"24":0},"b":{"1":[0,0],"2":[0,0],"3":[0,0]},"f":{"1":0,"2":0,"3":0,"4":0,"5":0,"6":0,"7":0,"8":0,"9":0,"10":0,"11":0},"fnMap":{"1":{"name":"constructor","line":19,"loc":{"start":{"line":19,"column":4},"end":{"line":22,"column":4}}},"2":{"name":"getData","line":36,"loc":{"start":{"line":36,"column":4},"end":{"line":38,"column":4}}},"3":{"name":"getDataMint","line":40,"loc":{"start":{"line":40,"column":4},"end":{"line":42,"column":4}}},"4":{"name":"mint","line":44,"loc":{"start":{"line":44,"column":4},"end":{"line":66,"column":4}}},"5":{"name":"lend","line":68,"loc":{"start":{"line":68,"column":4},"end":{"line":85,"column":4}}},"6":{"name":"borrow","line":87,"loc":{"start":{"line":87,"column":4},"end":{"line":104,"column":4}}},"7":{"name":"pay","line":106,"loc":{"start":{"line":106,"column":4},"end":{"line":123,"column":4}}},"8":{"name":"timeswapMintCallback","line":125,"loc":{"start":{"line":125,"column":4},"end":{"line":139,"column":4}}},"9":{"name":"timeswapLendCallback","line":141,"loc":{"start":{"line":141,"column":4},"end":{"line":150,"column":4}}},"10":{"name":"timeswapBorrowCallback","line":152,"loc":{"start":{"line":152,"column":4},"end":{"line":161,"column":4}}},"11":{"name":"timeswapPayCallback","line":163,"loc":{"start":{"line":163,"column":4},"end":{"line":174,"column":4}}}},"statementMap":{"1":{"start":{"line":20,"column":8},"end":{"line":20,"column":33}},"2":{"start":{"line":21,"column":8},"end":{"line":21,"column":46}},"3":{"start":{"line":37,"column":8},"end":{"line":37,"column":93}},"4":{"start":{"line":41,"column":8},"end":{"line":41,"column":103}},"5":{"start":{"line":58,"column":8},"end":{"line":58,"column":2047}},"6":{"start":{"line":76,"column":8},"end":{"line":76,"column":2499}},"7":{"start":{"line":95,"column":8},"end":{"line":95,"column":2956}},"8":{"start":{"line":114,"column":8},"end":{"line":114,"column":3430}},"9":{"start":{"line":130,"column":8},"end":{"line":130,"column":3772}},"10":{"start":{"line":134,"column":8},"end":{"line":134,"column":63}},"11":{"start":{"line":136,"column":8},"end":{"line":136,"column":61}},"12":{"start":{"line":137,"column":8},"end":{"line":137,"column":60}},"13":{"start":{"line":138,"column":8},"end":{"line":138,"column":75}},"14":{"start":{"line":142,"column":8},"end":{"line":142,"column":4308}},"15":{"start":{"line":146,"column":8},"end":{"line":146,"column":63}},"16":{"start":{"line":148,"column":8},"end":{"line":148,"column":61}},"17":{"start":{"line":149,"column":8},"end":{"line":149,"column":55}},"18":{"start":{"line":153,"column":8},"end":{"line":153,"column":4730}},"19":{"start":{"line":157,"column":8},"end":{"line":157,"column":63}},"20":{"start":{"line":159,"column":8},"end":{"line":159,"column":61}},"21":{"start":{"line":160,"column":8},"end":{"line":160,"column":65}},"22":{"start":{"line":167,"column":8},"end":{"line":167,"column":5180}},"23":{"start":{"line":171,"column":8},"end":{"line":171,"column":63}},"24":{"start":{"line":172,"column":8},"end":{"line":172,"column":55}}},"branchMap":{"1":{"line":136,"type":"if","locations":[{"start":{"line":136,"column":8},"end":{"line":136,"column":8}},{"start":{"line":136,"column":8},"end":{"line":136,"column":8}}]},"2":{"line":148,"type":"if","locations":[{"start":{"line":148,"column":8},"end":{"line":148,"column":8}},{"start":{"line":148,"column":8},"end":{"line":148,"column":8}}]},"3":{"line":159,"type":"if","locations":[{"start":{"line":159,"column":8},"end":{"line":159,"column":8}},{"start":{"line":159,"column":8},"end":{"line":159,"column":8}}]}}},"contracts/TimeswapConvenience.sol":{"l":{"55":0,"64":3,"65":3,"82":0,"96":0,"110":10,"123":0,"137":0,"151":10,"160":0,"169":0,"178":0,"183":0,"193":0,"203":0,"212":0,"222":0,"231":0,"240":0,"250":0,"259":0,"264":0,"273":0,"282":0,"291":0,"300":0,"310":0,"319":0,"328":0,"338":0,"347":0,"356":0,"366":0,"371":0,"381":0,"390":0,"395":0,"396":0,"405":11,"409":11,"411":11,"413":11,"414":0,"415":0,"417":11,"420":11,"421":11,"422":10,"424":0,"430":0,"431":0,"433":0,"435":0,"436":0,"437":0,"439":0,"445":0,"446":0,"448":0,"450":0,"451":0,"452":0,"454":0,"465":0,"467":0,"469":0,"471":0,"472":0,"473":0,"475":0},"path":"/home/vhawk19/timeswap/Timeswap-V1-Convenience/contracts/TimeswapConvenience.sol","s":{"1":0,"2":3,"3":3,"4":0,"5":0,"6":10,"7":0,"8":0,"9":10,"10":0,"11":0,"12":0,"13":0,"14":0,"15":0,"16":0,"17":0,"18":0,"19":0,"20":0,"21":0,"22":0,"23":0,"24":0,"25":0,"26":0,"27":0,"28":0,"29":0,"30":0,"31":0,"32":0,"33":0,"34":0,"35":0,"36":0,"37":0,"38":0,"39":11,"40":11,"41":11,"42":11,"43":0,"44":0,"45":11,"46":11,"47":11,"48":10,"49":0,"50":0,"51":0,"52":0,"53":0,"54":0,"55":0,"56":0,"57":0,"58":0,"59":0,"60":0,"61":0,"62":0,"63":0,"64":0,"65":0,"66":0,"67":0,"68":0,"69":0,"70":0},"b":{"1":[11,0],"2":[0,11],"3":[11,0],"4":[0,0],"5":[0,0],"6":[0,0],"7":[0,0],"8":[0,0],"9":[0,0]},"f":{"1":0,"2":3,"3":0,"4":0,"5":10,"6":0,"7":0,"8":10,"9":0,"10":0,"11":0,"12":0,"13":0,"14":0,"15":0,"16":0,"17":0,"18":0,"19":0,"20":0,"21":0,"22":0,"23":0,"24":0,"25":0,"26":0,"27":0,"28":0,"29":0,"30":0,"31":0,"32":0,"33":0,"34":0,"35":0,"36":0,"37":11,"38":0,"39":0,"40":0},"fnMap":{"1":{"name":"getNative","line":50,"loc":{"start":{"line":50,"column":4},"end":{"line":56,"column":4}}},"2":{"name":"constructor","line":63,"loc":{"start":{"line":63,"column":4},"end":{"line":66,"column":4}}},"3":{"name":"newLiquidity","line":73,"loc":{"start":{"line":73,"column":4},"end":{"line":83,"column":4}}},"4":{"name":"newLiquidityETHAsset","line":86,"loc":{"start":{"line":86,"column":4},"end":{"line":97,"column":4}}},"5":{"name":"newLiquidityETHCollateral","line":100,"loc":{"start":{"line":100,"column":4},"end":{"line":111,"column":4}}},"6":{"name":"addLiquidity","line":114,"loc":{"start":{"line":114,"column":4},"end":{"line":124,"column":4}}},"7":{"name":"addLiquidityETHAsset","line":127,"loc":{"start":{"line":127,"column":4},"end":{"line":138,"column":4}}},"8":{"name":"addLiquidityETHCollateral","line":141,"loc":{"start":{"line":141,"column":4},"end":{"line":152,"column":4}}},"9":{"name":"removeLiquidity","line":155,"loc":{"start":{"line":155,"column":4},"end":{"line":161,"column":4}}},"10":{"name":"removeLiquidityETHAsset","line":164,"loc":{"start":{"line":164,"column":4},"end":{"line":170,"column":4}}},"11":{"name":"removeLiquidityETHCollateral","line":173,"loc":{"start":{"line":173,"column":4},"end":{"line":179,"column":4}}},"12":{"name":"lendGivenBond","line":182,"loc":{"start":{"line":182,"column":4},"end":{"line":184,"column":4}}},"13":{"name":"lendGivenBondETHAsset","line":187,"loc":{"start":{"line":187,"column":4},"end":{"line":194,"column":4}}},"14":{"name":"lendGivenBondETHCollateral","line":197,"loc":{"start":{"line":197,"column":4},"end":{"line":204,"column":4}}},"15":{"name":"lendGivenInsurance","line":207,"loc":{"start":{"line":207,"column":4},"end":{"line":213,"column":4}}},"16":{"name":"lendGivenInsuranceETHAsset","line":216,"loc":{"start":{"line":216,"column":4},"end":{"line":223,"column":4}}},"17":{"name":"lendGivenInsuranceETHCollateral","line":226,"loc":{"start":{"line":226,"column":4},"end":{"line":232,"column":4}}},"18":{"name":"lendGivenPercent","line":235,"loc":{"start":{"line":235,"column":4},"end":{"line":241,"column":4}}},"19":{"name":"lendGivenPercentETHAsset","line":244,"loc":{"start":{"line":244,"column":4},"end":{"line":251,"column":4}}},"20":{"name":"lendGivenPercentETHCollateral","line":254,"loc":{"start":{"line":254,"column":4},"end":{"line":260,"column":4}}},"21":{"name":"collect","line":263,"loc":{"start":{"line":263,"column":4},"end":{"line":265,"column":4}}},"22":{"name":"collectETHAsset","line":268,"loc":{"start":{"line":268,"column":4},"end":{"line":274,"column":4}}},"23":{"name":"collectETHCollateral","line":277,"loc":{"start":{"line":277,"column":4},"end":{"line":283,"column":4}}},"24":{"name":"borrowGivenDebt","line":286,"loc":{"start":{"line":286,"column":4},"end":{"line":292,"column":4}}},"25":{"name":"borrowGivenDebtETHAsset","line":295,"loc":{"start":{"line":295,"column":4},"end":{"line":301,"column":4}}},"26":{"name":"borrowGivenDebtETHCollateral","line":304,"loc":{"start":{"line":304,"column":4},"end":{"line":311,"column":4}}},"27":{"name":"borrowGivenCollateral","line":314,"loc":{"start":{"line":314,"column":4},"end":{"line":320,"column":4}}},"28":{"name":"borrowGivenCollateralETHAsset","line":323,"loc":{"start":{"line":323,"column":4},"end":{"line":329,"column":4}}},"29":{"name":"borrowGivenCollateralETHCollateral","line":332,"loc":{"start":{"line":332,"column":4},"end":{"line":339,"column":4}}},"30":{"name":"borrowGivenPercent","line":342,"loc":{"start":{"line":342,"column":4},"end":{"line":348,"column":4}}},"31":{"name":"borrowGivenPercentETHAsset","line":351,"loc":{"start":{"line":351,"column":4},"end":{"line":357,"column":4}}},"32":{"name":"borrowGivenPercentETHCollateral","line":360,"loc":{"start":{"line":360,"column":4},"end":{"line":367,"column":4}}},"33":{"name":"repay","line":370,"loc":{"start":{"line":370,"column":4},"end":{"line":372,"column":4}}},"34":{"name":"repayETHAsset","line":375,"loc":{"start":{"line":375,"column":4},"end":{"line":382,"column":4}}},"35":{"name":"repayETHCollateral","line":385,"loc":{"start":{"line":385,"column":4},"end":{"line":391,"column":4}}},"36":{"name":"deployNative","line":394,"loc":{"start":{"line":394,"column":4},"end":{"line":397,"column":4}}},"37":{"name":"timeswapMintCallback","line":400,"loc":{"start":{"line":400,"column":4},"end":{"line":426,"column":4}}},"38":{"name":"timeswapLendCallback","line":429,"loc":{"start":{"line":429,"column":4},"end":{"line":441,"column":4}}},"39":{"name":"timeswapBorrowCallback","line":444,"loc":{"start":{"line":444,"column":4},"end":{"line":456,"column":4}}},"40":{"name":"collateralizedDebtCallback","line":459,"loc":{"start":{"line":459,"column":4},"end":{"line":477,"column":4}}}},"statementMap":{"1":{"start":{"line":55,"column":8},"end":{"line":55,"column":51}},"2":{"start":{"line":64,"column":8},"end":{"line":64,"column":25}},"3":{"start":{"line":65,"column":8},"end":{"line":65,"column":19}},"4":{"start":{"line":82,"column":8},"end":{"line":82,"column":79}},"5":{"start":{"line":96,"column":8},"end":{"line":96,"column":93}},"6":{"start":{"line":110,"column":8},"end":{"line":110,"column":98}},"7":{"start":{"line":123,"column":8},"end":{"line":123,"column":79}},"8":{"start":{"line":137,"column":8},"end":{"line":137,"column":93}},"9":{"start":{"line":151,"column":8},"end":{"line":151,"column":98}},"10":{"start":{"line":160,"column":8},"end":{"line":160,"column":59}},"11":{"start":{"line":169,"column":8},"end":{"line":169,"column":73}},"12":{"start":{"line":178,"column":8},"end":{"line":178,"column":78}},"13":{"start":{"line":183,"column":8},"end":{"line":183,"column":63}},"14":{"start":{"line":193,"column":8},"end":{"line":193,"column":77}},"15":{"start":{"line":203,"column":8},"end":{"line":203,"column":82}},"16":{"start":{"line":212,"column":8},"end":{"line":212,"column":68}},"17":{"start":{"line":222,"column":8},"end":{"line":222,"column":82}},"18":{"start":{"line":231,"column":8},"end":{"line":231,"column":87}},"19":{"start":{"line":240,"column":8},"end":{"line":240,"column":66}},"20":{"start":{"line":250,"column":8},"end":{"line":250,"column":80}},"21":{"start":{"line":259,"column":8},"end":{"line":259,"column":85}},"22":{"start":{"line":264,"column":8},"end":{"line":264,"column":51}},"23":{"start":{"line":273,"column":8},"end":{"line":273,"column":65}},"24":{"start":{"line":282,"column":8},"end":{"line":282,"column":70}},"25":{"start":{"line":291,"column":8},"end":{"line":291,"column":68}},"26":{"start":{"line":300,"column":8},"end":{"line":300,"column":82}},"27":{"start":{"line":310,"column":8},"end":{"line":310,"column":87}},"28":{"start":{"line":319,"column":8},"end":{"line":319,"column":74}},"29":{"start":{"line":328,"column":8},"end":{"line":328,"column":88}},"30":{"start":{"line":338,"column":8},"end":{"line":338,"column":93}},"31":{"start":{"line":347,"column":8},"end":{"line":347,"column":71}},"32":{"start":{"line":356,"column":8},"end":{"line":356,"column":85}},"33":{"start":{"line":366,"column":8},"end":{"line":366,"column":90}},"34":{"start":{"line":371,"column":8},"end":{"line":371,"column":62}},"35":{"start":{"line":381,"column":8},"end":{"line":381,"column":76}},"36":{"start":{"line":390,"column":8},"end":{"line":390,"column":81}},"37":{"start":{"line":395,"column":8},"end":{"line":395,"column":23}},"38":{"start":{"line":396,"column":8},"end":{"line":396,"column":44}},"39":{"start":{"line":405,"column":8},"end":{"line":405,"column":13576}},"40":{"start":{"line":409,"column":8},"end":{"line":409,"column":55}},"41":{"start":{"line":411,"column":8},"end":{"line":411,"column":61}},"42":{"start":{"line":413,"column":8},"end":{"line":413,"column":13873}},"43":{"start":{"line":414,"column":12},"end":{"line":414,"column":41}},"44":{"start":{"line":415,"column":12},"end":{"line":415,"column":44}},"45":{"start":{"line":417,"column":12},"end":{"line":417,"column":59}},"46":{"start":{"line":420,"column":8},"end":{"line":420,"column":14096}},"47":{"start":{"line":421,"column":12},"end":{"line":421,"column":46}},"48":{"start":{"line":422,"column":12},"end":{"line":422,"column":54}},"49":{"start":{"line":424,"column":12},"end":{"line":424,"column":74}},"50":{"start":{"line":430,"column":8},"end":{"line":430,"column":101}},"51":{"start":{"line":431,"column":8},"end":{"line":431,"column":55}},"52":{"start":{"line":433,"column":8},"end":{"line":433,"column":61}},"53":{"start":{"line":435,"column":8},"end":{"line":435,"column":14720}},"54":{"start":{"line":436,"column":12},"end":{"line":436,"column":41}},"55":{"start":{"line":437,"column":12},"end":{"line":437,"column":44}},"56":{"start":{"line":439,"column":12},"end":{"line":439,"column":54}},"57":{"start":{"line":445,"column":8},"end":{"line":445,"column":101}},"58":{"start":{"line":446,"column":8},"end":{"line":446,"column":55}},"59":{"start":{"line":448,"column":8},"end":{"line":448,"column":61}},"60":{"start":{"line":450,"column":8},"end":{"line":450,"column":15308}},"61":{"start":{"line":451,"column":12},"end":{"line":451,"column":46}},"62":{"start":{"line":452,"column":12},"end":{"line":452,"column":54}},"63":{"start":{"line":454,"column":12},"end":{"line":454,"column":64}},"64":{"start":{"line":465,"column":8},"end":{"line":465,"column":101}},"65":{"start":{"line":467,"column":8},"end":{"line":467,"column":89}},"66":{"start":{"line":469,"column":8},"end":{"line":469,"column":75}},"67":{"start":{"line":471,"column":8},"end":{"line":471,"column":16026}},"68":{"start":{"line":472,"column":12},"end":{"line":472,"column":41}},"69":{"start":{"line":473,"column":12},"end":{"line":473,"column":44}},"70":{"start":{"line":475,"column":12},"end":{"line":475,"column":54}}},"branchMap":{"1":{"line":411,"type":"if","locations":[{"start":{"line":411,"column":8},"end":{"line":411,"column":8}},{"start":{"line":411,"column":8},"end":{"line":411,"column":8}}]},"2":{"line":413,"type":"if","locations":[{"start":{"line":413,"column":8},"end":{"line":413,"column":8}},{"start":{"line":413,"column":8},"end":{"line":413,"column":8}}]},"3":{"line":420,"type":"if","locations":[{"start":{"line":420,"column":8},"end":{"line":420,"column":8}},{"start":{"line":420,"column":8},"end":{"line":420,"column":8}}]},"4":{"line":433,"type":"if","locations":[{"start":{"line":433,"column":8},"end":{"line":433,"column":8}},{"start":{"line":433,"column":8},"end":{"line":433,"column":8}}]},"5":{"line":435,"type":"if","locations":[{"start":{"line":435,"column":8},"end":{"line":435,"column":8}},{"start":{"line":435,"column":8},"end":{"line":435,"column":8}}]},"6":{"line":448,"type":"if","locations":[{"start":{"line":448,"column":8},"end":{"line":448,"column":8}},{"start":{"line":448,"column":8},"end":{"line":448,"column":8}}]},"7":{"line":450,"type":"if","locations":[{"start":{"line":450,"column":8},"end":{"line":450,"column":8}},{"start":{"line":450,"column":8},"end":{"line":450,"column":8}}]},"8":{"line":469,"type":"if","locations":[{"start":{"line":469,"column":8},"end":{"line":469,"column":8}},{"start":{"line":469,"column":8},"end":{"line":469,"column":8}}]},"9":{"line":471,"type":"if","locations":[{"start":{"line":471,"column":8},"end":{"line":471,"column":8}},{"start":{"line":471,"column":8},"end":{"line":471,"column":8}}]}}}}